2025-12-16T16:25:05.669307500Z-181909289116600-in3
2025-12-16T16:25:05.669307500Z-181909289386400-[]
2025-12-16T16:25:05.676158900Z-181909292539900-[I@30946e09
2025-12-16T16:25:05.676158900Z-181909292697400-in3
2025-12-16T16:25:05.676158900Z-181909292782700-0
2025-12-16T16:25:05.676158900Z-181909292868800-[1]
2025-12-16T16:25:05.676158900Z-181909292964500-[I@5cb0d902
2025-12-16T16:25:05.676158900Z-181909293056000-1
2025-12-16T16:25:05.676158900Z-181909293374300-in3
2025-12-16T16:25:05.676158900Z-181909293648800-0
2025-12-16T16:25:05.676158900Z-181909293993000-[1]
2025-12-16T16:25:05.676158900Z-181909294259500-[I@1698c449
2025-12-16T16:25:05.676158900Z-181909294388400-
2025-12-16T16:25:05.676158900Z-181909294488000-.
2025-12-16T16:25:06.240752500Z-181909856358800-false
2025-12-16T16:25:06.244753800Z-181909859601500-in
2025-12-16T16:25:06.247705300Z-181909863309800-0,[0, 1]
2025-12-16T16:25:06.247705300Z-181909863598400-1,[0, 1]
2025-12-16T16:25:06.247705300Z-181909863688600-0
2025-12-16T16:25:06.251717800Z-181909867183700-in
2025-12-16T16:25:06.251717800Z-181909867418100-0,[0, 1]
2025-12-16T16:25:06.251717800Z-181909867481700-1,[0, 1]
2025-12-16T16:25:06.251717800Z-181909867549100-2
2025-12-16T16:25:06.251717800Z-181909867731400-in
2025-12-16T16:25:06.251717800Z-181909867813000-0,[0, 1]
2025-12-16T16:25:06.251717800Z-181909867909500-1,[0, 1]
2025-12-16T16:25:06.251717800Z-181909867971700-4
2025-12-16T16:25:06.251717800Z-181909868098800-in
2025-12-16T16:25:06.251717800Z-181909868197400-0,[0, 1]
2025-12-16T16:25:06.251717800Z-181909868252700-1,[0, 1]
2025-12-16T16:25:06.251717800Z-181909868313900-1
2025-12-16T16:25:06.251717800Z-181909868415800-in
2025-12-16T16:25:06.251717800Z-181909868505600-0,[0, 1]
2025-12-16T16:25:06.251717800Z-181909868608100-1,[0, 1]
2025-12-16T16:25:06.254142100Z-181909868683600-3
2025-12-16T16:25:06.254142100Z-181909868886600-in
2025-12-16T16:25:06.254142100Z-181909868979100-0,[0, 1]
2025-12-16T16:25:06.254142100Z-181909869084900-1,[0, 1]
2025-12-16T16:25:06.254142100Z-181909869140500-5
2025-12-16T16:25:06.346448700Z-181909964433700-true
2025-12-16T16:25:06.561113600Z-181910177591300-false
2025-12-16T16:25:06.563408100Z-181910178081000-in
2025-12-16T16:25:06.563408100Z-181910178231700-0,[0, 1]
2025-12-16T16:25:06.563408100Z-181910178318700-1,[0, 1]
2025-12-16T16:25:06.563408100Z-181910178369700-0
2025-12-16T16:25:06.563408100Z-181910178596700-in
2025-12-16T16:25:06.563408100Z-181910178713900-0,[0, 1]
2025-12-16T16:25:06.563408100Z-181910178775800-1,[0, 1]
2025-12-16T16:25:06.563408100Z-181910178826700-2
2025-12-16T16:25:06.563408100Z-181910178953700-in
2025-12-16T16:25:06.563408100Z-181910179012900-0,[0, 1]
2025-12-16T16:25:06.563408100Z-181910179065500-1,[0, 1]
2025-12-16T16:25:06.563408100Z-181910179112200-4
2025-12-16T16:25:06.563408100Z-181910179267500-in
2025-12-16T16:25:06.563408100Z-181910179352500-0,[0, 1]
2025-12-16T16:25:06.563408100Z-181910179405100-1,[0, 1]
2025-12-16T16:25:06.563408100Z-181910179451900-1
2025-12-16T16:25:06.563408100Z-181910179561800-in
2025-12-16T16:25:06.563408100Z-181910179616100-0,[0, 1]
2025-12-16T16:25:06.563408100Z-181910179676700-1,[0, 1]
2025-12-16T16:25:06.563408100Z-181910179723500-3
2025-12-16T16:25:06.563408100Z-181910179817600-in
2025-12-16T16:25:06.563408100Z-181910179874800-0,[0, 1]
2025-12-16T16:25:06.563408100Z-181910179934800-1,[0, 1]
2025-12-16T16:25:06.563408100Z-181910179982400-5
2025-12-16T16:25:06.719204400Z-181910333872700-false
2025-12-16T16:25:06.719204400Z-181910334341700-in
2025-12-16T16:25:06.719914700Z-181910334424700-0,[0, 1]
2025-12-16T16:25:06.719914700Z-181910334488900-1,[0, 1]
2025-12-16T16:25:06.719914700Z-181910334536500-0
2025-12-16T16:25:06.719914700Z-181910334666800-in
2025-12-16T16:25:06.719914700Z-181910334723900-0,[0, 1]
2025-12-16T16:25:06.719914700Z-181910334803900-1,[0, 1]
2025-12-16T16:25:06.719914700Z-181910334849700-2
2025-12-16T16:25:06.719914700Z-181910334944500-in
2025-12-16T16:25:06.719914700Z-181910335002500-0,[0, 1]
2025-12-16T16:25:06.719914700Z-181910335072700-1,[0, 1]
2025-12-16T16:25:06.719914700Z-181910335230000-4
2025-12-16T16:25:06.719914700Z-181910335478700-in
2025-12-16T16:25:06.719914700Z-181910335570500-0,[0, 1]
2025-12-16T16:25:06.719914700Z-181910335852600-1,[0, 1]
2025-12-16T16:25:06.719914700Z-181910336260700-1
2025-12-16T16:25:06.719914700Z-181910336512800-in
2025-12-16T16:25:06.719914700Z-181910336605300-0,[0, 1]
2025-12-16T16:25:06.719914700Z-181910336667900-1,[0, 1]
2025-12-16T16:25:06.719914700Z-181910336719600-3
2025-12-16T16:25:06.719914700Z-181910336820400-in
2025-12-16T16:25:06.719914700Z-181910336883900-0,[0, 1]
2025-12-16T16:25:06.719914700Z-181910336940500-1,[0, 1]
2025-12-16T16:25:06.719914700Z-181910336983800-5
2025-12-16T16:25:16.353668400Z-181919968347400-in2
2025-12-16T16:25:16.354662500Z-181919969260600-0,[I@4f34a78
2025-12-16T16:25:16.354662500Z-181919969665800-1,[I@4f34a78
2025-12-16T16:25:16.354662500Z-181919969902700-2,[I@4f34a78
2025-12-16T16:25:16.355662200Z-181919970354700-2,[0, 1, 0]
2025-12-16T16:25:16.942678600Z-181920558021000-in2
2025-12-16T16:25:16.943677900Z-181920558308000-0,[I@4f34a78
2025-12-16T16:25:16.943677900Z-181920558511100-1,[I@4f34a78
2025-12-16T16:25:16.943677900Z-181920558582600-2,[I@4f34a78
2025-12-16T16:25:16.943677900Z-181920558646100-2,[0, 1, 0]
2025-12-16T16:25:18.676278600Z-181922290932500-in2
2025-12-16T16:25:18.676278600Z-181922291211000-0,[I@4f34a78
2025-12-16T16:25:18.676278600Z-181922291313200-1,[I@4f34a78
2025-12-16T16:25:18.676278600Z-181922291369300-2,[I@4f34a78
2025-12-16T16:25:18.676278600Z-181922291438500-5,[1, 2, 0]
2025-12-16T16:25:18.760119500Z-181922375158700-false
2025-12-16T16:25:18.761116600Z-181922375673800-in
2025-12-16T16:25:18.761116600Z-181922375762200-0,[0, 1]
2025-12-16T16:25:18.761116600Z-181922375823700-1,[0, 1]
2025-12-16T16:25:18.761116600Z-181922375869100-0
2025-12-16T16:25:18.761116600Z-181922376019900-in
2025-12-16T16:25:18.761116600Z-181922376091400-0,[0, 1]
2025-12-16T16:25:18.761116600Z-181922376143100-1,[0, 1]
2025-12-16T16:25:18.761116600Z-181922376186300-2
2025-12-16T16:25:18.761116600Z-181922376285100-in
2025-12-16T16:25:18.761116600Z-181922376352000-0,[0, 1]
2025-12-16T16:25:18.761116600Z-181922376397100-1,[0, 1]
2025-12-16T16:25:18.761116600Z-181922376439800-4
2025-12-16T16:25:18.761116600Z-181922376569000-in
2025-12-16T16:25:18.762119800Z-181922376622300-0,[0, 1]
2025-12-16T16:25:18.762119800Z-181922376669500-1,[0, 1]
2025-12-16T16:25:18.762119800Z-181922376711500-1
2025-12-16T16:25:18.762119800Z-181922376819500-in
2025-12-16T16:25:18.762119800Z-181922376906000-0,[0, 1]
2025-12-16T16:25:18.762119800Z-181922376954600-1,[0, 1]
2025-12-16T16:25:18.762119800Z-181922376999600-3
2025-12-16T16:25:18.762119800Z-181922377157800-in
2025-12-16T16:25:18.762119800Z-181922377230300-0,[0, 1]
2025-12-16T16:25:18.762119800Z-181922377283200-1,[0, 1]
2025-12-16T16:25:18.762119800Z-181922377325600-5
2025-12-16T16:25:18.967585900Z-181922582213000-in2
2025-12-16T16:25:18.967585900Z-181922582464600-0,[I@4f34a78
2025-12-16T16:25:18.967585900Z-181922582520300-1,[I@4f34a78
2025-12-16T16:25:18.967585900Z-181922582564200-2,[I@4f34a78
2025-12-16T16:25:18.967585900Z-181922582608300-5,[1, 2, 0]
2025-12-16T16:25:19.704622700Z-181923319484700-in2
2025-12-16T16:25:19.704622700Z-181923319741300-0,[I@4f34a78
2025-12-16T16:25:19.704622700Z-181923319800000-1,[I@4f34a78
2025-12-16T16:25:19.704622700Z-181923319844000-2,[I@4f34a78
2025-12-16T16:25:19.704622700Z-181923319899400-3,[1, 1, 0]
2025-12-16T16:25:19.817180200Z-181923432146200-false
2025-12-16T16:25:19.817180200Z-181923432615400-in
2025-12-16T16:25:19.818180300Z-181923432710300-0,[0, 1]
2025-12-16T16:25:19.818180300Z-181923432766400-1,[0, 1]
2025-12-16T16:25:19.818180300Z-181923432827200-0
2025-12-16T16:25:19.818180300Z-181923432988800-in
2025-12-16T16:25:19.818180300Z-181923433049800-0,[0, 1]
2025-12-16T16:25:19.818180300Z-181923433120000-1,[0, 1]
2025-12-16T16:25:19.818180300Z-181923433162100-2
2025-12-16T16:25:19.818180300Z-181923433265700-in
2025-12-16T16:25:19.818180300Z-181923433313500-0,[0, 1]
2025-12-16T16:25:19.818180300Z-181923433483200-1,[0, 1]
2025-12-16T16:25:19.818180300Z-181923433531500-4
2025-12-16T16:25:19.818180300Z-181923433641400-in
2025-12-16T16:25:19.819180200Z-181923433800100-0,[0, 1]
2025-12-16T16:25:19.819180200Z-181923433910600-1,[0, 1]
2025-12-16T16:25:19.819180200Z-181923433960300-1
2025-12-16T16:25:19.819180200Z-181923434109800-in
2025-12-16T16:25:19.819180200Z-181923434183600-0,[0, 1]
2025-12-16T16:25:19.819180200Z-181923434229700-1,[0, 1]
2025-12-16T16:25:19.819180200Z-181923434269200-3
2025-12-16T16:25:19.819180200Z-181923434380200-in
2025-12-16T16:25:19.819180200Z-181923434449600-0,[0, 1]
2025-12-16T16:25:19.819180200Z-181923434533200-1,[0, 1]
2025-12-16T16:25:19.819180200Z-181923434575400-5
2025-12-16T16:25:20.017948700Z-181923632951600-in2
2025-12-16T16:25:20.017948700Z-181923633194100-0,[I@4f34a78
2025-12-16T16:25:20.017948700Z-181923633250100-1,[I@4f34a78
2025-12-16T16:25:20.017948700Z-181923633296100-2,[I@4f34a78
2025-12-16T16:25:20.017948700Z-181923633338100-3,[1, 1, 0]
2025-12-16T16:25:20.508087Z-181924123301700-in2
2025-12-16T16:25:20.508087Z-181924123572900-0,[I@4f34a78
2025-12-16T16:25:20.509086100Z-181924123643200-1,[I@4f34a78
2025-12-16T16:25:20.509086100Z-181924123683300-2,[I@4f34a78
2025-12-16T16:25:20.509086100Z-181924123731600-0,[0, 0, 0]
2025-12-16T16:25:20.609162600Z-181924224534900-false
2025-12-16T16:25:20.610164Z-181924224996100-in
2025-12-16T16:25:20.610164Z-181924225088600-0,[0, 1]
2025-12-16T16:25:20.610164Z-181924225138000-1,[0, 1]
2025-12-16T16:25:20.610164Z-181924225178000-0
2025-12-16T16:25:20.610164Z-181924225330000-in
2025-12-16T16:25:20.610164Z-181924225383100-0,[0, 1]
2025-12-16T16:25:20.610164Z-181924225428400-1,[0, 1]
2025-12-16T16:25:20.610164Z-181924225465800-2
2025-12-16T16:25:20.610164Z-181924225625900-in
2025-12-16T16:25:20.611164700Z-181924225681700-0,[0, 1]
2025-12-16T16:25:20.611164700Z-181924225724500-1,[0, 1]
2025-12-16T16:25:20.611164700Z-181924225762200-4
2025-12-16T16:25:20.611164700Z-181924225859700-in
2025-12-16T16:25:20.611164700Z-181924225906300-0,[0, 1]
2025-12-16T16:25:20.611164700Z-181924225968000-1,[0, 1]
2025-12-16T16:25:20.611164700Z-181924226008700-1
2025-12-16T16:25:20.611164700Z-181924226121500-in
2025-12-16T16:25:20.611164700Z-181924226170300-0,[0, 1]
2025-12-16T16:25:20.611164700Z-181924226220000-1,[0, 1]
2025-12-16T16:25:20.611164700Z-181924226258000-3
2025-12-16T16:25:20.611164700Z-181924226349400-in
2025-12-16T16:25:20.611164700Z-181924226401100-0,[0, 1]
2025-12-16T16:25:20.611164700Z-181924226442500-1,[0, 1]
2025-12-16T16:25:20.611164700Z-181924226478800-5
2025-12-16T16:25:20.820097100Z-181924435045900-in2
2025-12-16T16:25:20.820097100Z-181924435346200-0,[I@4f34a78
2025-12-16T16:25:20.820097100Z-181924435425800-1,[I@4f34a78
2025-12-16T16:25:20.820097100Z-181924435485000-2,[I@4f34a78
2025-12-16T16:25:20.820097100Z-181924435540200-0,[0, 0, 0]
2025-12-16T16:25:22.433921100Z-181926049411700-in2
2025-12-16T16:25:22.434918Z-181926049745800-0,[I@4f34a78
2025-12-16T16:25:22.434918Z-181926049809800-1,[I@4f34a78
2025-12-16T16:25:22.434918Z-181926049857000-2,[I@4f34a78
2025-12-16T16:25:22.434918Z-181926049916300-3,[1, 1, 0]
2025-12-16T16:25:28.090196300Z-181931705453000-in2
2025-12-16T16:25:28.091194200Z-181931705744300-0,[I@4f34a78
2025-12-16T16:25:28.091194200Z-181931705841600-1,[I@4f34a78
2025-12-16T16:25:28.091194200Z-181931705894600-2,[I@4f34a78
2025-12-16T16:25:28.091194200Z-181931705942200-3,[1, 1, 0]
2025-12-16T16:25:40.783887800Z-181944398889400-in2
2025-12-16T16:25:40.783887800Z-181944399243800-0,[I@4f34a78
2025-12-16T16:25:40.783887800Z-181944399352900-1,[I@4f34a78
2025-12-16T16:25:40.784886300Z-181944399415300-2,[I@4f34a78
2025-12-16T16:25:40.784886300Z-181944399474300-1,[1, 0, 0]
2025-12-16T16:25:41.078402400Z-181944693694500-in2
2025-12-16T16:25:41.079401900Z-181944693945800-0,[I@4f34a78
2025-12-16T16:25:41.079401900Z-181944694018200-1,[I@4f34a78
2025-12-16T16:25:41.079401900Z-181944694292100-2,[I@4f34a78
2025-12-16T16:25:41.079401900Z-181944694510300-4,[0, 2, 0]
2025-12-16T16:25:41.458605400Z-181945073247800-in2
2025-12-16T16:25:41.458605400Z-181945073582700-0,[I@4f34a78
2025-12-16T16:25:41.458605400Z-181945073659900-1,[I@4f34a78
2025-12-16T16:25:41.458605400Z-181945073705200-2,[I@4f34a78
2025-12-16T16:25:41.458605400Z-181945073743200-4,[0, 2, 0]
2025-12-16T16:25:41.708205500Z-181945323401500-in2
2025-12-16T16:25:41.708205500Z-181945323660800-0,[I@4f34a78
2025-12-16T16:25:41.708205500Z-181945323737500-1,[I@4f34a78
2025-12-16T16:25:41.709211600Z-181945323783300-2,[I@4f34a78
2025-12-16T16:25:41.709211600Z-181945323821600-4,[0, 2, 0]
2025-12-16T16:25:41.733601600Z-181945349061300-in2
2025-12-16T16:25:41.734601600Z-181945349306100-0,[I@4f34a78
2025-12-16T16:25:41.734601600Z-181945349358500-1,[I@4f34a78
2025-12-16T16:25:41.734601600Z-181945349420900-2,[I@4f34a78
2025-12-16T16:25:41.734601600Z-181945349460700-5,[1, 2, 0]
2025-12-16T16:25:41.785913800Z-181945400757600-in2
2025-12-16T16:25:41.785913800Z-181945401027900-0,[I@4f34a78
2025-12-16T16:25:41.785913800Z-181945401095800-1,[I@4f34a78
2025-12-16T16:25:41.785913800Z-181945401131300-2,[I@4f34a78
2025-12-16T16:25:41.785913800Z-181945401166200-3,[1, 1, 0]
2025-12-16T16:25:44.110134800Z-181947725032000-in
2025-12-16T16:25:44.110134800Z-181947725281400-0,[0, 1]
2025-12-16T16:25:44.110134800Z-181947725327500-1,[0, 1]
2025-12-16T16:25:44.185285Z-181947800122900-false
2025-12-16T16:25:44.185285Z-181947800740900-in
2025-12-16T16:25:44.186284500Z-181947800866400-0,[0, 1]
2025-12-16T16:25:44.186284500Z-181947800937600-1,[0, 1]
2025-12-16T16:25:44.186284500Z-181947800974900-0
2025-12-16T16:25:44.186284500Z-181947801162600-in
2025-12-16T16:25:44.186284500Z-181947801219700-0,[0, 1]
2025-12-16T16:25:44.186284500Z-181947801274900-1,[0, 1]
2025-12-16T16:25:44.186284500Z-181947801306500-2
2025-12-16T16:25:44.186284500Z-181947801400500-in
2025-12-16T16:25:44.186284500Z-181947801440300-0,[0, 1]
2025-12-16T16:25:44.186284500Z-181947801473900-1,[0, 1]
2025-12-16T16:25:44.186284500Z-181947801503100-4
2025-12-16T16:25:44.186284500Z-181947801596400-in
2025-12-16T16:25:44.186284500Z-181947801635100-0,[0, 1]
2025-12-16T16:25:44.186284500Z-181947801669800-1,[0, 1]
2025-12-16T16:25:44.186284500Z-181947801699100-1
2025-12-16T16:25:44.186284500Z-181947801779000-in
2025-12-16T16:25:44.187285500Z-181947801824800-0,[0, 1]
2025-12-16T16:25:44.187285500Z-181947801858100-1,[0, 1]
2025-12-16T16:25:44.187285500Z-181947801893100-3
2025-12-16T16:25:44.187285500Z-181947802147700-in
2025-12-16T16:25:44.187285500Z-181947802215600-0,[0, 1]
2025-12-16T16:25:44.187285500Z-181947802252600-1,[0, 1]
2025-12-16T16:25:44.187285500Z-181947802303800-5
2025-12-16T16:26:05.092093900Z-181968707226500-in2
2025-12-16T16:26:05.092093900Z-181968707560100-0,[I@4f34a78
2025-12-16T16:26:05.093094Z-181968707599500-1,[I@4f34a78
2025-12-16T16:26:05.093094Z-181968707627100-2,[I@4f34a78
2025-12-16T16:26:05.093094Z-181968707652300-3,[1, 1, 0]
2025-12-16T16:26:06.483531700Z-181970098360500-in2
2025-12-16T16:26:06.483531700Z-181970098563100-0,[I@4f34a78
2025-12-16T16:26:06.483531700Z-181970098604900-1,[I@4f34a78
2025-12-16T16:26:06.483531700Z-181970098631900-2,[I@4f34a78
2025-12-16T16:26:06.483531700Z-181970098658200-5,[1, 2, 0]
2025-12-16T16:26:06.693186600Z-181970308169800-false
2025-12-16T16:26:06.693186600Z-181970308587000-in
2025-12-16T16:26:06.694187100Z-181970308685100-0,[0, 1]
2025-12-16T16:26:06.694187100Z-181970308719100-1,[0, 1]
2025-12-16T16:26:06.694187100Z-181970308772300-0
2025-12-16T16:26:06.694187100Z-181970308903100-in
2025-12-16T16:26:06.694187100Z-181970308938900-0,[0, 1]
2025-12-16T16:26:06.694187100Z-181970308967900-1,[0, 1]
2025-12-16T16:26:06.694187100Z-181970308990700-2
2025-12-16T16:26:06.694187100Z-181970309072300-in
2025-12-16T16:26:06.694187100Z-181970309105500-0,[0, 1]
2025-12-16T16:26:06.694187100Z-181970309134900-1,[0, 1]
2025-12-16T16:26:06.694187100Z-181970309157700-4
2025-12-16T16:26:06.694187100Z-181970309259100-in
2025-12-16T16:26:06.694187100Z-181970309295500-0,[0, 1]
2025-12-16T16:26:06.694187100Z-181970309411000-1,[0, 1]
2025-12-16T16:26:06.694187100Z-181970309443000-1
2025-12-16T16:26:06.694187100Z-181970309552200-in
2025-12-16T16:26:06.694187100Z-181970309590800-0,[0, 1]
2025-12-16T16:26:06.694187100Z-181970309618500-1,[0, 1]
2025-12-16T16:26:06.694187100Z-181970309642300-3
2025-12-16T16:26:06.695185800Z-181970309721600-in
2025-12-16T16:26:06.695185800Z-181970309753900-0,[0, 1]
2025-12-16T16:26:06.695185800Z-181970309781400-1,[0, 1]
2025-12-16T16:26:06.695185800Z-181970309805600-5
2025-12-16T16:26:07.103633100Z-181970718566000-in2
2025-12-16T16:26:07.103633100Z-181970718766500-0,[I@4f34a78
2025-12-16T16:26:07.103633100Z-181970718808900-1,[I@4f34a78
2025-12-16T16:26:07.103633100Z-181970718836300-2,[I@4f34a78
2025-12-16T16:26:07.103633100Z-181970718863400-5,[1, 2, 0]
2025-12-16T16:26:08.472927700Z-181972088453000-in2
2025-12-16T16:26:08.473928400Z-181972088648800-0,[I@4f34a78
2025-12-16T16:26:08.473928400Z-181972088693000-1,[I@4f34a78
2025-12-16T16:26:08.473928400Z-181972088721400-2,[I@4f34a78
2025-12-16T16:26:08.473928400Z-181972088747300-2,[0, 1, 0]
2025-12-16T16:26:09.703270700Z-181973318369900-in
2025-12-16T16:26:09.703270700Z-181973318566400-0,[0, 1]
2025-12-16T16:26:09.703270700Z-181973318632700-1,[0, 1]
2025-12-16T16:26:09.801323100Z-181973416658400-false
2025-12-16T16:26:09.802322500Z-181973417219200-in
2025-12-16T16:26:09.802322500Z-181973417368100-0,[0, 1]
2025-12-16T16:26:09.802322500Z-181973417427100-1,[0, 1]
2025-12-16T16:26:09.802322500Z-181973417454300-0
2025-12-16T16:26:09.802322500Z-181973417760500-in
2025-12-16T16:26:09.803322Z-181973417940200-0,[0, 1]
2025-12-16T16:26:09.803322Z-181973418020000-1,[0, 1]
2025-12-16T16:26:09.803322Z-181973418053200-2
2025-12-16T16:26:09.803322Z-181973418200600-in
2025-12-16T16:26:09.803322Z-181973418238000-0,[0, 1]
2025-12-16T16:26:09.803322Z-181973418265000-1,[0, 1]
2025-12-16T16:26:09.803322Z-181973418287700-4
2025-12-16T16:26:09.803322Z-181973418369100-in
2025-12-16T16:26:09.803322Z-181973418404900-0,[0, 1]
2025-12-16T16:26:09.803322Z-181973418434100-1,[0, 1]
2025-12-16T16:26:09.803322Z-181973418456800-1
2025-12-16T16:26:09.803322Z-181973418535200-in
2025-12-16T16:26:09.803322Z-181973418569000-0,[0, 1]
2025-12-16T16:26:09.803322Z-181973418596300-1,[0, 1]
2025-12-16T16:26:09.803322Z-181973418618100-3
2025-12-16T16:26:09.803322Z-181973418692600-in
2025-12-16T16:26:09.803322Z-181973418722800-0,[0, 1]
2025-12-16T16:26:09.803322Z-181973418748600-1,[0, 1]
2025-12-16T16:26:09.803322Z-181973418780600-5
2025-12-16T16:26:09.992931500Z-181973607666100-in2
2025-12-16T16:26:09.992931500Z-181973607858600-0,[I@4f34a78
2025-12-16T16:26:09.992931500Z-181973607924000-1,[I@4f34a78
2025-12-16T16:26:09.992931500Z-181973607954400-2,[I@4f34a78
2025-12-16T16:26:09.992931500Z-181973607981000-3,[1, 1, 0]
2025-12-16T16:26:11.188348600Z-181974803117900-false
2025-12-16T16:26:11.188348600Z-181974803654500-in
2025-12-16T16:26:11.188348600Z-181974803824000-0,[0, 1]
2025-12-16T16:26:11.189351200Z-181974803889500-1,[0, 1]
2025-12-16T16:26:11.189351200Z-181974803930600-0
2025-12-16T16:26:11.189351200Z-181974804343300-in
2025-12-16T16:26:11.189351200Z-181974804587200-0,[0, 1]
2025-12-16T16:26:11.189351200Z-181974804669100-1,[0, 1]
2025-12-16T16:26:11.189351200Z-181974804708400-2
2025-12-16T16:26:11.190349200Z-181974804941600-in
2025-12-16T16:26:11.190349200Z-181974804991400-0,[0, 1]
2025-12-16T16:26:11.190349200Z-181974805056000-1,[0, 1]
2025-12-16T16:26:11.190349200Z-181974805079700-4
2025-12-16T16:26:11.190349200Z-181974805169400-in
2025-12-16T16:26:11.190349200Z-181974805202800-0,[0, 1]
2025-12-16T16:26:11.190349200Z-181974805229600-1,[0, 1]
2025-12-16T16:26:11.190349200Z-181974805270300-1
2025-12-16T16:26:11.190349200Z-181974805348400-in
2025-12-16T16:26:11.190349200Z-181974805379900-0,[0, 1]
2025-12-16T16:26:11.190349200Z-181974805406700-1,[0, 1]
2025-12-16T16:26:11.190349200Z-181974805428500-3
2025-12-16T16:26:11.190349200Z-181974805520200-in
2025-12-16T16:26:11.190349200Z-181974805551400-0,[0, 1]
2025-12-16T16:26:11.190349200Z-181974805586800-1,[0, 1]
2025-12-16T16:26:11.190349200Z-181974805637700-5
2025-12-16T16:26:11.536991400Z-181975151993300-false
2025-12-16T16:26:12.330300600Z-181975945676300-in2
2025-12-16T16:26:12.331299600Z-181975945932700-0,[I@4f34a78
2025-12-16T16:26:12.331299600Z-181975945988800-1,[I@4f34a78
2025-12-16T16:26:12.331299600Z-181975946019200-2,[I@4f34a78
2025-12-16T16:26:12.331299600Z-181975946059800-5,[1, 2, 0]
2025-12-16T16:26:12.435449900Z-181976050411800-false
2025-12-16T16:26:12.436449800Z-181976050997900-in
2025-12-16T16:26:12.436449800Z-181976051074500-0,[0, 1]
2025-12-16T16:26:12.436449800Z-181976051100000-1,[0, 1]
2025-12-16T16:26:12.436449800Z-181976051157700-0
2025-12-16T16:26:12.436449800Z-181976051476200-in
2025-12-16T16:26:12.436449800Z-181976051668700-0,[0, 1]
2025-12-16T16:26:12.436449800Z-181976051699100-1,[0, 1]
2025-12-16T16:26:12.436449800Z-181976051714600-2
2025-12-16T16:26:12.436449800Z-181976051935300-in
2025-12-16T16:26:12.437449600Z-181976051988600-0,[0, 1]
2025-12-16T16:26:12.437449600Z-181976052014000-1,[0, 1]
2025-12-16T16:26:12.437449600Z-181976052026600-4
2025-12-16T16:26:12.437449600Z-181976052112500-in
2025-12-16T16:26:12.437449600Z-181976052135400-0,[0, 1]
2025-12-16T16:26:12.437449600Z-181976052151900-1,[0, 1]
2025-12-16T16:26:12.437449600Z-181976052164500-1
2025-12-16T16:26:12.437449600Z-181976052228100-in
2025-12-16T16:26:12.437449600Z-181976052261100-0,[0, 1]
2025-12-16T16:26:12.437449600Z-181976052484600-1,[0, 1]
2025-12-16T16:26:12.437449600Z-181976052536700-3
2025-12-16T16:26:12.437449600Z-181976052720700-in
2025-12-16T16:26:12.437449600Z-181976052762900-0,[0, 1]
2025-12-16T16:26:12.437449600Z-181976052781900-1,[0, 1]
2025-12-16T16:26:12.437449600Z-181976052796400-5
2025-12-16T16:26:12.586350200Z-181976201058100-false
2025-12-16T16:26:12.643990200Z-181976258598700-in2
2025-12-16T16:26:12.643990200Z-181976258808900-0,[I@4f34a78
2025-12-16T16:26:12.643990200Z-181976258834800-1,[I@4f34a78
2025-12-16T16:26:12.643990200Z-181976258851300-2,[I@4f34a78
2025-12-16T16:26:12.643990200Z-181976258875200-5,[1, 2, 0]
2025-12-16T16:26:13.287305500Z-181976902772700-end