2025-12-14T16:56:56.565776400Z-10993590834100-in3
2025-12-14T16:56:56.565776400Z-10993591108100-[]
2025-12-14T16:56:56.567710Z-10993596685200-[I@30946e09
2025-12-14T16:56:56.567710Z-10993596887800-in3
2025-12-14T16:56:56.567710Z-10993596990900-0
2025-12-14T16:56:56.567710Z-10993597096200-[1]
2025-12-14T16:56:56.567710Z-10993597208400-[I@5cb0d902
2025-12-14T16:56:56.567710Z-10993597324100-1
2025-12-14T16:56:56.567710Z-10993597809200-in3
2025-12-14T16:56:56.567710Z-10993597938600-0
2025-12-14T16:56:56.567710Z-10993598077300-[1]
2025-12-14T16:56:56.567710Z-10993598216600-[I@1698c449
2025-12-14T16:56:56.567710Z-10993598324800-
2025-12-14T16:56:56.567710Z-10993598403700-.
2025-12-14T16:56:57.578206600Z-10994604478000-false
2025-12-14T16:56:57.585222900Z-10994609748000-in
2025-12-14T16:56:57.585222900Z-10994614810700-0,[0, 1]
2025-12-14T16:56:57.585222900Z-10994615142800-1,[0, 1]
2025-12-14T16:56:57.585222900Z-10994615258200-0
2025-12-14T16:56:57.594208800Z-10994619804900-in
2025-12-14T16:56:57.594208800Z-10994620050200-0,[0, 1]
2025-12-14T16:56:57.594208800Z-10994620108000-1,[0, 1]
2025-12-14T16:56:57.594208800Z-10994620161600-2
2025-12-14T16:56:57.594208800Z-10994620412600-in
2025-12-14T16:56:57.594208800Z-10994620498800-0,[0, 1]
2025-12-14T16:56:57.594208800Z-10994620568000-1,[0, 1]
2025-12-14T16:56:57.594208800Z-10994620637200-4
2025-12-14T16:56:57.594208800Z-10994620775400-in
2025-12-14T16:56:57.594208800Z-10994620995300-0,[0, 1]
2025-12-14T16:56:57.594208800Z-10994621064100-1,[0, 1]
2025-12-14T16:56:57.594208800Z-10994621114200-1
2025-12-14T16:56:57.594208800Z-10994621252300-in
2025-12-14T16:56:57.594208800Z-10994621316400-0,[0, 1]
2025-12-14T16:56:57.594208800Z-10994621370200-1,[0, 1]
2025-12-14T16:56:57.594208800Z-10994621417100-3
2025-12-14T16:56:57.594208800Z-10994621546800-in
2025-12-14T16:56:57.594208800Z-10994621618400-0,[0, 1]
2025-12-14T16:56:57.594208800Z-10994621689200-1,[0, 1]
2025-12-14T16:56:57.594208800Z-10994621739000-5
2025-12-14T16:56:57.645698600Z-10994674276700-true
2025-12-14T16:56:58.035648800Z-10995064581700-false
2025-12-14T16:56:58.035648800Z-10995065110400-in
2025-12-14T16:56:58.035648800Z-10995065291300-0,[0, 1]
2025-12-14T16:56:58.035648800Z-10995065363600-1,[0, 1]
2025-12-14T16:56:58.035648800Z-10995065410000-0
2025-12-14T16:56:58.035648800Z-10995065585400-in
2025-12-14T16:56:58.035648800Z-10995065656500-0,[0, 1]
2025-12-14T16:56:58.035648800Z-10995065711100-1,[0, 1]
2025-12-14T16:56:58.035648800Z-10995065748900-2
2025-12-14T16:56:58.035648800Z-10995065839000-in
2025-12-14T16:56:58.035648800Z-10995065892000-0,[0, 1]
2025-12-14T16:56:58.035648800Z-10995065938000-1,[0, 1]
2025-12-14T16:56:58.035648800Z-10995065975000-4
2025-12-14T16:56:58.035648800Z-10995066131800-in
2025-12-14T16:56:58.035648800Z-10995066214200-0,[0, 1]
2025-12-14T16:56:58.035648800Z-10995066276200-1,[0, 1]
2025-12-14T16:56:58.035648800Z-10995066327100-1
2025-12-14T16:56:58.035648800Z-10995066447400-in
2025-12-14T16:56:58.035648800Z-10995066508800-0,[0, 1]
2025-12-14T16:56:58.035648800Z-10995066556600-1,[0, 1]
2025-12-14T16:56:58.035648800Z-10995066594300-3
2025-12-14T16:56:58.035648800Z-10995066685100-in
2025-12-14T16:56:58.035648800Z-10995066744400-0,[0, 1]
2025-12-14T16:56:58.035648800Z-10995066790900-1,[0, 1]
2025-12-14T16:56:58.035648800Z-10995066849600-5
2025-12-14T16:56:58.319342700Z-10995349557700-false
2025-12-14T16:56:58.319342700Z-10995349959100-in
2025-12-14T16:56:58.319342700Z-10995350027600-0,[0, 1]
2025-12-14T16:56:58.319342700Z-10995350081200-1,[0, 1]
2025-12-14T16:56:58.319342700Z-10995350121700-0
2025-12-14T16:56:58.319342700Z-10995350269100-in
2025-12-14T16:56:58.319342700Z-10995350344200-0,[0, 1]
2025-12-14T16:56:58.319342700Z-10995350424100-1,[0, 1]
2025-12-14T16:56:58.319342700Z-10995350463400-2
2025-12-14T16:56:58.319342700Z-10995350562000-in
2025-12-14T16:56:58.319342700Z-10995350615600-0,[0, 1]
2025-12-14T16:56:58.319342700Z-10995350671600-1,[0, 1]
2025-12-14T16:56:58.319342700Z-10995350710700-4
2025-12-14T16:56:58.319342700Z-10995350798200-in
2025-12-14T16:56:58.319342700Z-10995350984900-0,[0, 1]
2025-12-14T16:56:58.319342700Z-10995351080000-1,[0, 1]
2025-12-14T16:56:58.319342700Z-10995351129700-1
2025-12-14T16:56:58.319342700Z-10995351309600-in
2025-12-14T16:56:58.319342700Z-10995351399700-0,[0, 1]
2025-12-14T16:56:58.319342700Z-10995351458300-1,[0, 1]
2025-12-14T16:56:58.319342700Z-10995351517800-3
2025-12-14T16:56:58.319342700Z-10995351795000-in
2025-12-14T16:56:58.319342700Z-10995351911700-0,[0, 1]
2025-12-14T16:56:58.319342700Z-10995351988200-1,[0, 1]
2025-12-14T16:56:58.319342700Z-10995352082500-5
2025-12-14T16:57:03.092944100Z-11000117329200-in2
2025-12-14T16:57:03.092944100Z-11000117989800-0,[I@73180b
2025-12-14T16:57:03.093941800Z-11000118213800-1,[I@73180b
2025-12-14T16:57:03.093941800Z-11000118305600-2,[I@73180b
2025-12-14T16:57:03.093941800Z-11000118573200-2,[0, 1, 0]
2025-12-14T16:57:03.255136900Z-11000280201400-in2
2025-12-14T16:57:03.256134300Z-11000280515600-0,[I@73180b
2025-12-14T16:57:03.256134300Z-11000280647300-1,[I@73180b
2025-12-14T16:57:03.256134300Z-11000281206400-2,[I@73180b
2025-12-14T16:57:03.256134300Z-11000281289200-4,[0, 2, 0]
2025-12-14T16:57:03.922244600Z-11000947449300-false
2025-12-14T16:57:03.923273400Z-11000947944800-in
2025-12-14T16:57:03.923273400Z-11000948153500-0,[0, 1]
2025-12-14T16:57:03.923273400Z-11000948233100-1,[0, 1]
2025-12-14T16:57:03.923273400Z-11000948276500-0
2025-12-14T16:57:03.923273400Z-11000948415500-in
2025-12-14T16:57:03.923273400Z-11000948469600-0,[0, 1]
2025-12-14T16:57:03.924273600Z-11000948508900-1,[0, 1]
2025-12-14T16:57:03.924273600Z-11000948543400-2
2025-12-14T16:57:03.924273600Z-11000948631900-in
2025-12-14T16:57:03.924273600Z-11000948694800-0,[0, 1]
2025-12-14T16:57:03.924273600Z-11000948743300-1,[0, 1]
2025-12-14T16:57:03.924273600Z-11000948780400-4
2025-12-14T16:57:03.924273600Z-11000948857500-in
2025-12-14T16:57:03.924273600Z-11000948906900-0,[0, 1]
2025-12-14T16:57:03.924273600Z-11000949094600-1,[0, 1]
2025-12-14T16:57:03.924273600Z-11000949176200-1
2025-12-14T16:57:03.924273600Z-11000949317100-in
2025-12-14T16:57:03.924273600Z-11000949437100-0,[0, 1]
2025-12-14T16:57:03.924273600Z-11000949488700-1,[0, 1]
2025-12-14T16:57:03.925261300Z-11000949533100-3
2025-12-14T16:57:03.925261300Z-11000949639000-in
2025-12-14T16:57:03.925261300Z-11000949692800-0,[0, 1]
2025-12-14T16:57:03.925261300Z-11000949786200-1,[0, 1]
2025-12-14T16:57:03.925261300Z-11000949825300-5
2025-12-14T16:57:04.063434Z-11001088487100-false
2025-12-14T16:57:04.097433700Z-11001122165600-in2
2025-12-14T16:57:04.097433700Z-11001122602300-0,[I@73180b
2025-12-14T16:57:04.098433500Z-11001122715700-1,[I@73180b
2025-12-14T16:57:04.098433500Z-11001122771800-2,[I@73180b
2025-12-14T16:57:04.098433500Z-11001122822600-5,[1, 2, 0]
2025-12-14T16:57:04.122973500Z-11001148268800-in2
2025-12-14T16:57:04.122973500Z-11001148479700-0,[I@73180b
2025-12-14T16:57:04.122973500Z-11001148525700-1,[I@73180b
2025-12-14T16:57:04.124308200Z-11001148567600-2,[I@73180b
2025-12-14T16:57:04.124308200Z-11001148601600-4,[0, 2, 0]
2025-12-14T16:57:04.151001900Z-11001176057500-in2
2025-12-14T16:57:04.151984Z-11001176368200-0,[I@73180b
2025-12-14T16:57:04.151984Z-11001176448600-1,[I@73180b
2025-12-14T16:57:04.151984Z-11001176491200-2,[I@73180b
2025-12-14T16:57:04.151984Z-11001176531500-5,[1, 2, 0]
2025-12-14T16:57:04.621181100Z-11001646063000-in2
2025-12-14T16:57:04.621181100Z-11001646419400-0,[I@73180b
2025-12-14T16:57:04.622180600Z-11001646486200-1,[I@73180b
2025-12-14T16:57:04.622180600Z-11001646536500-2,[I@73180b
2025-12-14T16:57:04.622180600Z-11001646588600-5,[1, 2, 0]
2025-12-14T16:57:04.796855500Z-11001821390000-false
2025-12-14T16:57:04.796855500Z-11001821806600-in
2025-12-14T16:57:04.796855500Z-11001821871400-0,[0, 1]
2025-12-14T16:57:04.796855500Z-11001821930900-1,[0, 1]
2025-12-14T16:57:04.796855500Z-11001821963500-0
2025-12-14T16:57:04.796855500Z-11001822081800-in
2025-12-14T16:57:04.797855400Z-11001822121600-0,[0, 1]
2025-12-14T16:57:04.797855400Z-11001822155900-1,[0, 1]
2025-12-14T16:57:04.797855400Z-11001822248600-2
2025-12-14T16:57:04.797855400Z-11001822382500-in
2025-12-14T16:57:04.797855400Z-11001822433800-0,[0, 1]
2025-12-14T16:57:04.797855400Z-11001822470900-1,[0, 1]
2025-12-14T16:57:04.797855400Z-11001822509900-4
2025-12-14T16:57:04.797855400Z-11001822584400-in
2025-12-14T16:57:04.797855400Z-11001822628100-0,[0, 1]
2025-12-14T16:57:04.797855400Z-11001822661200-1,[0, 1]
2025-12-14T16:57:04.797855400Z-11001822690300-1
2025-12-14T16:57:04.797855400Z-11001822774400-in
2025-12-14T16:57:04.797855400Z-11001822826700-0,[0, 1]
2025-12-14T16:57:04.797855400Z-11001822860600-1,[0, 1]
2025-12-14T16:57:04.797855400Z-11001822890400-3
2025-12-14T16:57:04.797855400Z-11001822973100-in
2025-12-14T16:57:04.797855400Z-11001823028400-0,[0, 1]
2025-12-14T16:57:04.797855400Z-11001823069700-1,[0, 1]
2025-12-14T16:57:04.798855500Z-11001823104900-5
2025-12-14T16:57:04.903086800Z-11001927997500-false
2025-12-14T16:57:04.942097200Z-11001966914400-in2
2025-12-14T16:57:04.942097200Z-11001967126800-0,[I@73180b
2025-12-14T16:57:04.942097200Z-11001967183100-1,[I@73180b
2025-12-14T16:57:04.942097200Z-11001967228400-2,[I@73180b
2025-12-14T16:57:04.942097200Z-11001967270200-5,[1, 2, 0]
2025-12-14T16:57:05.260698400Z-11002285123000-in2
2025-12-14T16:57:05.260698400Z-11002285367000-0,[I@73180b
2025-12-14T16:57:05.260698400Z-11002285460000-1,[I@73180b
2025-12-14T16:57:05.260698400Z-11002285512800-2,[I@73180b
2025-12-14T16:57:05.260698400Z-11002285555700-4,[0, 2, 0]
2025-12-14T16:57:06.112300400Z-11003137412700-in2
2025-12-14T16:57:06.113300400Z-11003137644300-0,[I@73180b
2025-12-14T16:57:06.113300400Z-11003137684800-1,[I@73180b
2025-12-14T16:57:06.113300400Z-11003137716600-2,[I@73180b
2025-12-14T16:57:06.113300400Z-11003137748100-4,[0, 2, 0]
2025-12-14T16:57:06.147262200Z-11003172846900-in2
2025-12-14T16:57:06.148834300Z-11003173358000-0,[I@73180b
2025-12-14T16:57:06.148834300Z-11003173497500-1,[I@73180b
2025-12-14T16:57:06.148834300Z-11003173548700-2,[I@73180b
2025-12-14T16:57:06.148834300Z-11003173592000-5,[1, 2, 0]
2025-12-14T16:57:06.187086100Z-11003211927300-in2
2025-12-14T16:57:06.187086100Z-11003212160500-0,[I@73180b
2025-12-14T16:57:06.187086100Z-11003212229100-1,[I@73180b
2025-12-14T16:57:06.187086100Z-11003212264400-2,[I@73180b
2025-12-14T16:57:06.188085200Z-11003212334900-3,[1, 1, 0]
2025-12-14T16:57:06.223651700Z-11003248286400-in2
2025-12-14T16:57:06.223651700Z-11003248545600-0,[I@73180b
2025-12-14T16:57:06.223651700Z-11003248620100-1,[I@73180b
2025-12-14T16:57:06.223651700Z-11003248661900-2,[I@73180b
2025-12-14T16:57:06.223651700Z-11003248693300-2,[0, 1, 0]
2025-12-14T16:57:06.250208800Z-11003274833300-in2
2025-12-14T16:57:06.250208800Z-11003275018000-0,[I@73180b
2025-12-14T16:57:06.250208800Z-11003275061000-1,[I@73180b
2025-12-14T16:57:06.250208800Z-11003275092100-2,[I@73180b
2025-12-14T16:57:06.250208800Z-11003275149700-0,[0, 0, 0]
2025-12-14T16:57:06.616698300Z-11003641882400-in2
2025-12-14T16:57:06.617702900Z-11003642298300-0,[I@73180b
2025-12-14T16:57:06.617702900Z-11003642399400-1,[I@73180b
2025-12-14T16:57:06.617702900Z-11003642454600-2,[I@73180b
2025-12-14T16:57:06.617702900Z-11003642495800-5,[1, 2, 0]
2025-12-14T16:57:06.921567100Z-11003946769500-in2
2025-12-14T16:57:06.922565Z-11003947006500-0,[I@73180b
2025-12-14T16:57:06.922565Z-11003947065100-1,[I@73180b
2025-12-14T16:57:06.922565Z-11003947148000-2,[I@73180b
2025-12-14T16:57:06.922565Z-11003947202600-4,[0, 2, 0]
2025-12-14T16:57:07.842955400Z-11004868021300-false
2025-12-14T16:57:07.843965700Z-11004868750300-in
2025-12-14T16:57:07.843965700Z-11004868906300-0,[0, 1]
2025-12-14T16:57:07.843965700Z-11004868992700-1,[0, 1]
2025-12-14T16:57:07.843965700Z-11004869123900-0
2025-12-14T16:57:07.844957Z-11004869417500-in
2025-12-14T16:57:07.844957Z-11004869649600-0,[0, 1]
2025-12-14T16:57:07.844957Z-11004869711200-1,[0, 1]
2025-12-14T16:57:07.844957Z-11004869773600-2
2025-12-14T16:57:07.844957Z-11004870024700-in
2025-12-14T16:57:07.844957Z-11004870135600-0,[0, 1]
2025-12-14T16:57:07.845955400Z-11004870195400-1,[0, 1]
2025-12-14T16:57:07.845955400Z-11004870244700-4
2025-12-14T16:57:07.845955400Z-11004870379500-in
2025-12-14T16:57:07.845955400Z-11004870440100-0,[0, 1]
2025-12-14T16:57:07.845955400Z-11004870502200-1,[0, 1]
2025-12-14T16:57:07.845955400Z-11004870535600-1
2025-12-14T16:57:07.845955400Z-11004870647500-in
2025-12-14T16:57:07.845955400Z-11004870697200-0,[0, 1]
2025-12-14T16:57:07.845955400Z-11004870736200-1,[0, 1]
2025-12-14T16:57:07.845955400Z-11004870771700-3
2025-12-14T16:57:07.845955400Z-11004870965800-in
2025-12-14T16:57:07.845955400Z-11004871087400-0,[0, 1]
2025-12-14T16:57:07.846958600Z-11004871375400-1,[0, 1]
2025-12-14T16:57:07.846958600Z-11004871606800-5
2025-12-14T16:57:08.461426100Z-11005485916600-in2
2025-12-14T16:57:08.461426100Z-11005486130400-0,[I@73180b
2025-12-14T16:57:08.461426100Z-11005486190700-1,[I@73180b
2025-12-14T16:57:08.461426100Z-11005486224800-2,[I@73180b
2025-12-14T16:57:08.461426100Z-11005486259400-5,[1, 2, 0]
2025-12-14T16:57:08.828740400Z-11005853223200-in2
2025-12-14T16:57:08.828740400Z-11005853570600-0,[I@73180b
2025-12-14T16:57:08.828740400Z-11005853876400-1,[I@73180b
2025-12-14T16:57:08.829739400Z-11005854035200-2,[I@73180b
2025-12-14T16:57:08.829739400Z-11005854084600-4,[0, 2, 0]
2025-12-14T16:57:09.196500200Z-11006221036300-false
2025-12-14T16:57:09.196500200Z-11006221519400-in
2025-12-14T16:57:09.196500200Z-11006221661400-0,[0, 1]
2025-12-14T16:57:09.196500200Z-11006221718000-1,[0, 1]
2025-12-14T16:57:09.196500200Z-11006221746400-0
2025-12-14T16:57:09.196500200Z-11006221932600-in
2025-12-14T16:57:09.196500200Z-11006222037600-0,[0, 1]
2025-12-14T16:57:09.196500200Z-11006222082800-1,[0, 1]
2025-12-14T16:57:09.196500200Z-11006222127500-2
2025-12-14T16:57:09.197903600Z-11006222278200-in
2025-12-14T16:57:09.197903600Z-11006222360800-0,[0, 1]
2025-12-14T16:57:09.197903600Z-11006222395500-1,[0, 1]
2025-12-14T16:57:09.197903600Z-11006222420800-4
2025-12-14T16:57:09.197903600Z-11006222543300-in
2025-12-14T16:57:09.197903600Z-11006222583200-0,[0, 1]
2025-12-14T16:57:09.197903600Z-11006222614100-1,[0, 1]
2025-12-14T16:57:09.197903600Z-11006222638700-1
2025-12-14T16:57:09.197903600Z-11006222728600-in
2025-12-14T16:57:09.197903600Z-11006222765200-0,[0, 1]
2025-12-14T16:57:09.197903600Z-11006222793500-1,[0, 1]
2025-12-14T16:57:09.197903600Z-11006222817500-3
2025-12-14T16:57:09.197903600Z-11006222892400-in
2025-12-14T16:57:09.197903600Z-11006222930700-0,[0, 1]
2025-12-14T16:57:09.197903600Z-11006222960300-1,[0, 1]
2025-12-14T16:57:09.197903600Z-11006222984700-5
2025-12-14T16:57:09.331677800Z-11006356153200-in2
2025-12-14T16:57:09.331677800Z-11006356548200-0,[I@73180b
2025-12-14T16:57:09.331677800Z-11006356625200-1,[I@73180b
2025-12-14T16:57:09.331677800Z-11006356669200-2,[I@73180b
2025-12-14T16:57:09.331677800Z-11006356710000-4,[0, 2, 0]
2025-12-14T16:57:09.591255900Z-11006616676500-in2
2025-12-14T16:57:09.591255900Z-11006616852800-0,[I@73180b
2025-12-14T16:57:09.591255900Z-11006616903800-1,[I@73180b
2025-12-14T16:57:09.591255900Z-11006616930700-2,[I@73180b
2025-12-14T16:57:09.592715700Z-11006617358600-5,[1, 2, 0]
2025-12-14T16:57:09.649111400Z-11006674804100-in2
2025-12-14T16:57:09.649111400Z-11006675037300-0,[I@73180b
2025-12-14T16:57:09.649111400Z-11006675134800-1,[I@73180b
2025-12-14T16:57:09.649111400Z-11006675262100-2,[I@73180b
2025-12-14T16:57:09.649111400Z-11006675328100-5,[1, 2, 0]
2025-12-14T16:57:10.329966600Z-11007354412700-in2
2025-12-14T16:57:10.329966600Z-11007354585800-0,[I@73180b
2025-12-14T16:57:10.329966600Z-11007354620800-1,[I@73180b
2025-12-14T16:57:10.329966600Z-11007354652900-2,[I@73180b
2025-12-14T16:57:10.329966600Z-11007354677800-5,[1, 2, 0]
2025-12-14T16:57:10.709071Z-11007734210200-false
2025-12-14T16:57:10.710068900Z-11007734581600-in
2025-12-14T16:57:10.710068900Z-11007734686800-0,[0, 1]
2025-12-14T16:57:10.710068900Z-11007734731700-1,[0, 1]
2025-12-14T16:57:10.710068900Z-11007734761900-0
2025-12-14T16:57:10.710068900Z-11007734960100-in
2025-12-14T16:57:10.710068900Z-11007735026800-0,[0, 1]
2025-12-14T16:57:10.710068900Z-11007735163600-1,[0, 1]
2025-12-14T16:57:10.710068900Z-11007735222700-2
2025-12-14T16:57:10.711069200Z-11007735347000-in
2025-12-14T16:57:10.711069200Z-11007735391000-0,[0, 1]
2025-12-14T16:57:10.711069200Z-11007735431500-1,[0, 1]
2025-12-14T16:57:10.711069200Z-11007735459700-4
2025-12-14T16:57:10.711069200Z-11007735561500-in
2025-12-14T16:57:10.711069200Z-11007735603800-0,[0, 1]
2025-12-14T16:57:10.711069200Z-11007735635900-1,[0, 1]
2025-12-14T16:57:10.711069200Z-11007735663200-1
2025-12-14T16:57:10.711069200Z-11007735747800-in
2025-12-14T16:57:10.711069200Z-11007735783900-0,[0, 1]
2025-12-14T16:57:10.711069200Z-11007735815400-1,[0, 1]
2025-12-14T16:57:10.711069200Z-11007735842100-3
2025-12-14T16:57:10.711069200Z-11007735921000-in
2025-12-14T16:57:10.711069200Z-11007735957400-0,[0, 1]
2025-12-14T16:57:10.711069200Z-11007736042100-1,[0, 1]
2025-12-14T16:57:10.711069200Z-11007736093700-5
2025-12-14T16:57:10.844565300Z-11007868936400-in2
2025-12-14T16:57:10.844565300Z-11007869129500-0,[I@73180b
2025-12-14T16:57:10.844565300Z-11007869187400-1,[I@73180b
2025-12-14T16:57:10.844565300Z-11007869227200-2,[I@73180b
2025-12-14T16:57:10.844565300Z-11007869261200-5,[1, 2, 0]
2025-12-14T16:57:11.596691700Z-11008621967500-false
2025-12-14T16:57:11.596691700Z-11008622349000-in
2025-12-14T16:57:11.596691700Z-11008622447500-0,[0, 1]
2025-12-14T16:57:11.596691700Z-11008622487500-1,[0, 1]
2025-12-14T16:57:11.596691700Z-11008622512300-0
2025-12-14T16:57:11.596691700Z-11008622707200-in
2025-12-14T16:57:11.596691700Z-11008622754300-0,[0, 1]
2025-12-14T16:57:11.596691700Z-11008622801300-1,[0, 1]
2025-12-14T16:57:11.596691700Z-11008622858000-2
2025-12-14T16:57:11.596691700Z-11008622977200-in
2025-12-14T16:57:11.596691700Z-11008623036800-0,[0, 1]
2025-12-14T16:57:11.596691700Z-11008623074400-1,[0, 1]
2025-12-14T16:57:11.596691700Z-11008623100600-4
2025-12-14T16:57:11.596691700Z-11008623196000-in
2025-12-14T16:57:11.596691700Z-11008623236200-0,[0, 1]
2025-12-14T16:57:11.596691700Z-11008623266900-1,[0, 1]
2025-12-14T16:57:11.596691700Z-11008623293500-1
2025-12-14T16:57:11.596691700Z-11008623429900-in
2025-12-14T16:57:11.596691700Z-11008623516100-0,[0, 1]
2025-12-14T16:57:11.596691700Z-11008623548600-1,[0, 1]
2025-12-14T16:57:11.596691700Z-11008623583100-3
2025-12-14T16:57:11.596691700Z-11008623697900-in
2025-12-14T16:57:11.596691700Z-11008623745500-0,[0, 1]
2025-12-14T16:57:11.596691700Z-11008623817300-1,[0, 1]
2025-12-14T16:57:11.596691700Z-11008623861100-5
2025-12-14T16:57:11.678743600Z-11008704746800-false
2025-12-14T16:57:11.914242900Z-11008938842000-in2
2025-12-14T16:57:11.914242900Z-11008939073500-0,[I@73180b
2025-12-14T16:57:11.914242900Z-11008939127600-1,[I@73180b
2025-12-14T16:57:11.914242900Z-11008939161900-2,[I@73180b
2025-12-14T16:57:11.914242900Z-11008939194400-5,[1, 2, 0]
2025-12-14T16:57:12.352982600Z-11009377397400-false
2025-12-14T16:57:12.352982600Z-11009378004700-in
2025-12-14T16:57:12.352982600Z-11009378104900-0,[0, 1]
2025-12-14T16:57:12.352982600Z-11009378144100-1,[0, 1]
2025-12-14T16:57:12.352982600Z-11009378168100-0
2025-12-14T16:57:12.352982600Z-11009378332300-in
2025-12-14T16:57:12.352982600Z-11009378372500-0,[0, 1]
2025-12-14T16:57:12.352982600Z-11009378413400-1,[0, 1]
2025-12-14T16:57:12.352982600Z-11009378433900-2
2025-12-14T16:57:12.352982600Z-11009378530200-in
2025-12-14T16:57:12.354335200Z-11009378565800-0,[0, 1]
2025-12-14T16:57:12.354335200Z-11009378591900-1,[0, 1]
2025-12-14T16:57:12.354335200Z-11009378612500-4
2025-12-14T16:57:12.354335200Z-11009378811300-in
2025-12-14T16:57:12.354335200Z-11009378878600-0,[0, 1]
2025-12-14T16:57:12.354335200Z-11009378911100-1,[0, 1]
2025-12-14T16:57:12.354335200Z-11009378934500-1
2025-12-14T16:57:12.354335200Z-11009379077100-in
2025-12-14T16:57:12.354335200Z-11009379125300-0,[0, 1]
2025-12-14T16:57:12.354335200Z-11009379168200-1,[0, 1]
2025-12-14T16:57:12.354335200Z-11009379191700-3
2025-12-14T16:57:12.354335200Z-11009379309800-in
2025-12-14T16:57:12.354335200Z-11009379357400-0,[0, 1]
2025-12-14T16:57:12.354335200Z-11009379408300-1,[0, 1]
2025-12-14T16:57:12.354335200Z-11009379450100-5
2025-12-14T16:57:12.512253900Z-11009536902300-in2
2025-12-14T16:57:12.512253900Z-11009537220200-0,[I@73180b
2025-12-14T16:57:12.512253900Z-11009537252600-1,[I@73180b
2025-12-14T16:57:12.512253900Z-11009537267300-2,[I@73180b
2025-12-14T16:57:12.512253900Z-11009537281700-5,[1, 2, 0]
2025-12-14T16:57:12.526948200Z-11009552203500-in2
2025-12-14T16:57:12.526948200Z-11009552333200-0,[I@73180b
2025-12-14T16:57:12.526948200Z-11009552353500-1,[I@73180b
2025-12-14T16:57:12.526948200Z-11009552366800-2,[I@73180b
2025-12-14T16:57:12.526948200Z-11009552380800-5,[1, 2, 0]
2025-12-14T16:57:14.399216800Z-11011423756800-in
2025-12-14T16:57:14.399216800Z-11011423925300-0,[0, 1]
2025-12-14T16:57:14.399216800Z-11011423996000-1,[0, 1]
2025-12-14T16:57:14.450271200Z-11011475035600-false
2025-12-14T16:57:14.450271200Z-11011475400700-in
2025-12-14T16:57:14.450271200Z-11011475474800-0,[0, 1]
2025-12-14T16:57:14.450271200Z-11011475494300-1,[0, 1]
2025-12-14T16:57:14.450271200Z-11011475530400-0
2025-12-14T16:57:14.450271200Z-11011475681400-in
2025-12-14T16:57:14.451662300Z-11011476358200-0,[0, 1]
2025-12-14T16:57:14.451662300Z-11011476422700-1,[0, 1]
2025-12-14T16:57:14.451662300Z-11011476446300-2
2025-12-14T16:57:14.451662300Z-11011476853400-in
2025-12-14T16:57:14.452663400Z-11011476941100-0,[0, 1]
2025-12-14T16:57:14.452663400Z-11011476964700-1,[0, 1]
2025-12-14T16:57:14.452663400Z-11011476977100-4
2025-12-14T16:57:14.452663400Z-11011477059400-in
2025-12-14T16:57:14.452663400Z-11011477077200-0,[0, 1]
2025-12-14T16:57:14.452663400Z-11011477089800-1,[0, 1]
2025-12-14T16:57:14.452663400Z-11011477100100-1
2025-12-14T16:57:14.452663400Z-11011477156200-in
2025-12-14T16:57:14.452663400Z-11011477176600-0,[0, 1]
2025-12-14T16:57:14.452663400Z-11011477242500-1,[0, 1]
2025-12-14T16:57:14.452663400Z-11011477281900-3
2025-12-14T16:57:14.452663400Z-11011477405500-in
2025-12-14T16:57:14.452663400Z-11011477466100-0,[0, 1]
2025-12-14T16:57:14.452663400Z-11011477488300-1,[0, 1]
2025-12-14T16:57:14.452663400Z-11011477504700-5
2025-12-14T16:57:14.588091700Z-11011613450300-in2
2025-12-14T16:57:14.589300Z-11011613650700-0,[I@73180b
2025-12-14T16:57:14.589300Z-11011613679800-1,[I@73180b
2025-12-14T16:57:14.589300Z-11011613694200-2,[I@73180b
2025-12-14T16:57:14.589300Z-11011613709400-5,[1, 2, 0]
2025-12-14T16:57:14.641907400Z-11011666490300-in2
2025-12-14T16:57:14.641907400Z-11011666632300-0,[I@73180b
2025-12-14T16:57:14.641907400Z-11011666655600-1,[I@73180b
2025-12-14T16:57:14.641907400Z-11011666673400-2,[I@73180b
2025-12-14T16:57:14.641907400Z-11011666686600-4,[0, 2, 0]
2025-12-14T16:57:14.775429800Z-11011800321500-in2
2025-12-14T16:57:14.775429800Z-11011800480400-0,[I@73180b
2025-12-14T16:57:14.775429800Z-11011800507500-1,[I@73180b
2025-12-14T16:57:14.775429800Z-11011800524500-2,[I@73180b
2025-12-14T16:57:14.775429800Z-11011800541200-2,[0, 1, 0]
2025-12-14T16:57:14.968124200Z-11011992573200-in2
2025-12-14T16:57:14.968124200Z-11011993100500-0,[I@73180b
2025-12-14T16:57:14.968124200Z-11011993243300-1,[I@73180b
2025-12-14T16:57:14.968124200Z-11011993272700-2,[I@73180b
2025-12-14T16:57:14.968124200Z-11011993314200-3,[1, 1, 0]
2025-12-14T16:57:16.825738200Z-11013852279100-in
2025-12-14T16:57:16.825738200Z-11013852418300-0,[0, 1]
2025-12-14T16:57:16.825738200Z-11013852439400-1,[0, 1]
2025-12-14T16:57:16.880047500Z-11013904537700-false
2025-12-14T16:57:16.880047500Z-11013904935400-in
2025-12-14T16:57:16.880047500Z-11013905016800-0,[0, 1]
2025-12-14T16:57:16.880047500Z-11013905037700-1,[0, 1]
2025-12-14T16:57:16.880047500Z-11013905050100-0
2025-12-14T16:57:16.880047500Z-11013905206800-in
2025-12-14T16:57:16.880047500Z-11013905267000-0,[0, 1]
2025-12-14T16:57:16.880047500Z-11013905303200-1,[0, 1]
2025-12-14T16:57:16.880047500Z-11013905320800-2
2025-12-14T16:57:16.881189400Z-11013905487200-in
2025-12-14T16:57:16.881189400Z-11013905550500-0,[0, 1]
2025-12-14T16:57:16.881189400Z-11013905603100-1,[0, 1]
2025-12-14T16:57:16.881189400Z-11013905627300-4
2025-12-14T16:57:16.881189400Z-11013905743200-in
2025-12-14T16:57:16.881189400Z-11013905773200-0,[0, 1]
2025-12-14T16:57:16.881189400Z-11013905793800-1,[0, 1]
2025-12-14T16:57:16.881189400Z-11013905808800-1
2025-12-14T16:57:16.881189400Z-11013905892400-in
2025-12-14T16:57:16.881189400Z-11013905918000-0,[0, 1]
2025-12-14T16:57:16.881189400Z-11013905956700-1,[0, 1]
2025-12-14T16:57:16.881189400Z-11013905975500-3
2025-12-14T16:57:16.881189400Z-11013906067500-in
2025-12-14T16:57:16.881189400Z-11013906094000-0,[0, 1]
2025-12-14T16:57:16.881189400Z-11013906120300-1,[0, 1]
2025-12-14T16:57:16.881189400Z-11013906134500-5
2025-12-14T16:57:17.757638700Z-11014782666600-false
2025-12-14T16:57:17.757638700Z-11014782988900-in
2025-12-14T16:57:17.757638700Z-11014783047000-0,[0, 1]
2025-12-14T16:57:17.757638700Z-11014783062600-1,[0, 1]
2025-12-14T16:57:17.757638700Z-11014783074700-0
2025-12-14T16:57:17.757638700Z-11014783240000-in
2025-12-14T16:57:17.757638700Z-11014783296800-0,[0, 1]
2025-12-14T16:57:17.757638700Z-11014783333700-1,[0, 1]
2025-12-14T16:57:17.759121500Z-11014783351900-2
2025-12-14T16:57:17.759121500Z-11014783468600-in
2025-12-14T16:57:17.759121500Z-11014783500200-0,[0, 1]
2025-12-14T16:57:17.759121500Z-11014783517900-1,[0, 1]
2025-12-14T16:57:17.759121500Z-11014783531300-4
2025-12-14T16:57:17.759121500Z-11014783636700-in
2025-12-14T16:57:17.759121500Z-11014783694100-0,[0, 1]
2025-12-14T16:57:17.759121500Z-11014783708600-1,[0, 1]
2025-12-14T16:57:17.759121500Z-11014783719000-1
2025-12-14T16:57:17.759121500Z-11014783793400-in
2025-12-14T16:57:17.759121500Z-11014783850000-0,[0, 1]
2025-12-14T16:57:17.759121500Z-11014783862400-1,[0, 1]
2025-12-14T16:57:17.759121500Z-11014783874600-3
2025-12-14T16:57:17.759121500Z-11014783937100-in
2025-12-14T16:57:17.759121500Z-11014783954000-0,[0, 1]
2025-12-14T16:57:17.759121500Z-11014783964900-1,[0, 1]
2025-12-14T16:57:17.759121500Z-11014783991800-5
2025-12-14T16:57:17.861444200Z-11014887057800-false
2025-12-14T16:57:18.282058200Z-11015308006500-in2
2025-12-14T16:57:18.282058200Z-11015308178100-0,[I@73180b
2025-12-14T16:57:18.282058200Z-11015308212900-1,[I@73180b
2025-12-14T16:57:18.282058200Z-11015308232000-2,[I@73180b
2025-12-14T16:57:18.282058200Z-11015308249600-2,[0, 1, 0]
2025-12-14T16:57:18.719052500Z-11015743709700-false
2025-12-14T16:57:18.719052500Z-11015744108500-in
2025-12-14T16:57:18.719052500Z-11015744211200-0,[0, 1]
2025-12-14T16:57:18.719052500Z-11015744239200-1,[0, 1]
2025-12-14T16:57:18.719052500Z-11015744255000-0
2025-12-14T16:57:18.719052500Z-11015744461000-in
2025-12-14T16:57:18.719052500Z-11015744490000-0,[0, 1]
2025-12-14T16:57:18.719052500Z-11015744501100-1,[0, 1]
2025-12-14T16:57:18.719052500Z-11015744510900-2
2025-12-14T16:57:18.719052500Z-11015744650900-in
2025-12-14T16:57:18.720546500Z-11015744874700-0,[0, 1]
2025-12-14T16:57:18.720546500Z-11015744917500-1,[0, 1]
2025-12-14T16:57:18.720546500Z-11015744935200-4
2025-12-14T16:57:18.720546500Z-11015745086600-in
2025-12-14T16:57:18.720546500Z-11015745120300-0,[0, 1]
2025-12-14T16:57:18.720546500Z-11015745136600-1,[0, 1]
2025-12-14T16:57:18.720546500Z-11015745149700-1
2025-12-14T16:57:18.720546500Z-11015745234000-in
2025-12-14T16:57:18.720546500Z-11015745256900-0,[0, 1]
2025-12-14T16:57:18.720546500Z-11015745271800-1,[0, 1]
2025-12-14T16:57:18.720546500Z-11015745283800-3
2025-12-14T16:57:18.720546500Z-11015745357000-in
2025-12-14T16:57:18.720546500Z-11015745398400-0,[0, 1]
2025-12-14T16:57:18.720546500Z-11015745437400-1,[0, 1]
2025-12-14T16:57:18.720546500Z-11015745450400-5
2025-12-14T16:57:19.337725300Z-11016362521900-false
2025-12-14T16:57:19.799977200Z-11016824726400-in2
2025-12-14T16:57:19.799977200Z-11016825025300-0,[I@73180b
2025-12-14T16:57:19.799977200Z-11016825052700-1,[I@73180b
2025-12-14T16:57:19.799977200Z-11016825079000-2,[I@73180b
2025-12-14T16:57:19.799977200Z-11016825099500-5,[1, 2, 0]
2025-12-14T16:57:19.909889200Z-11016935382200-in2
2025-12-14T16:57:19.909889200Z-11016935505800-0,[I@73180b
2025-12-14T16:57:19.909889200Z-11016935523700-1,[I@73180b
2025-12-14T16:57:19.909889200Z-11016935535200-2,[I@73180b
2025-12-14T16:57:19.909889200Z-11016935545700-4,[0, 2, 0]
2025-12-14T16:57:20.450163500Z-11017475963500-false
2025-12-14T16:57:20.450163500Z-11017476291400-in
2025-12-14T16:57:20.450163500Z-11017476341100-0,[0, 1]
2025-12-14T16:57:20.450163500Z-11017476361400-1,[0, 1]
2025-12-14T16:57:20.450163500Z-11017476371400-0
2025-12-14T16:57:20.452171400Z-11017476588400-in
2025-12-14T16:57:20.452171400Z-11017476613500-0,[0, 1]
2025-12-14T16:57:20.452171400Z-11017476623600-1,[0, 1]
2025-12-14T16:57:20.452171400Z-11017476632500-2
2025-12-14T16:57:20.452171400Z-11017476869000-in
2025-12-14T16:57:20.452171400Z-11017476906000-0,[0, 1]
2025-12-14T16:57:20.452171400Z-11017476918100-1,[0, 1]
2025-12-14T16:57:20.452171400Z-11017476927600-4
2025-12-14T16:57:20.452171400Z-11017477025300-in
2025-12-14T16:57:20.452171400Z-11017477110400-0,[0, 1]
2025-12-14T16:57:20.452171400Z-11017477125900-1,[0, 1]
2025-12-14T16:57:20.452171400Z-11017477149200-1
2025-12-14T16:57:20.452171400Z-11017477242600-in
2025-12-14T16:57:20.452171400Z-11017477256800-0,[0, 1]
2025-12-14T16:57:20.452171400Z-11017477266600-1,[0, 1]
2025-12-14T16:57:20.452171400Z-11017477275400-3
2025-12-14T16:57:20.452171400Z-11017477329700-in
2025-12-14T16:57:20.452171400Z-11017477341500-0,[0, 1]
2025-12-14T16:57:20.452171400Z-11017477351100-1,[0, 1]
2025-12-14T16:57:20.452171400Z-11017477359700-5
2025-12-14T16:57:20.540769800Z-11017565734000-false
2025-12-14T16:57:20.564759400Z-11017589233600-in2
2025-12-14T16:57:20.564759400Z-11017589356100-0,[I@73180b
2025-12-14T16:57:20.564759400Z-11017589375500-1,[I@73180b
2025-12-14T16:57:20.564759400Z-11017589386400-2,[I@73180b
2025-12-14T16:57:20.564759400Z-11017589403300-5,[1, 2, 0]
2025-12-14T16:57:20.580864100Z-11017605430400-in2
2025-12-14T16:57:20.580864100Z-11017605539000-0,[I@73180b
2025-12-14T16:57:20.580864100Z-11017605584100-1,[I@73180b
2025-12-14T16:57:20.580864100Z-11017605596200-2,[I@73180b
2025-12-14T16:57:20.580864100Z-11017605606700-4,[0, 2, 0]
2025-12-14T16:57:21.314024400Z-11018338501300-end