2025-12-11T15:09:04.614281100Z-701654675489200-in3
2025-12-11T15:09:04.614281100Z-701654675869000-[]
2025-12-11T15:09:04.617270600Z-701654678998000-[I@2cdf8d8a
2025-12-11T15:09:04.617270600Z-701654679156500-in3
2025-12-11T15:09:04.617270600Z-701654679215400-0
2025-12-11T15:09:04.617270600Z-701654679274500-[1]
2025-12-11T15:09:04.617270600Z-701654679341600-[I@30946e09
2025-12-11T15:09:04.618274100Z-701654679442200-1
2025-12-11T15:09:04.618274100Z-701654679739300-in3
2025-12-11T15:09:04.618274100Z-701654679809800-0
2025-12-11T15:09:04.618274100Z-701654679928500-[1]
2025-12-11T15:09:04.618274100Z-701654680012800-[I@46fbb2c1
2025-12-11T15:09:04.618274100Z-701654680092000-
2025-12-11T15:09:04.618274100Z-701654680157300-.
2025-12-11T15:09:05.142249700Z-701655204399100-false
2025-12-11T15:09:05.144270700Z-701655206239400-in
2025-12-11T15:09:05.146249100Z-701655208232600-0,[0, 1]
2025-12-11T15:09:05.147261800Z-701655208401900-1,[0, 1]
2025-12-11T15:09:05.147261800Z-701655208454000-0
2025-12-11T15:09:05.148250400Z-701655210358900-in
2025-12-11T15:09:05.149249Z-701655210487100-0,[0, 1]
2025-12-11T15:09:05.149249Z-701655210528300-1,[0, 1]
2025-12-11T15:09:05.149249Z-701655210562600-2
2025-12-11T15:09:05.149249Z-701655210668300-in
2025-12-11T15:09:05.149249Z-701655210729600-0,[0, 1]
2025-12-11T15:09:05.149249Z-701655210770900-1,[0, 1]
2025-12-11T15:09:05.149249Z-701655210808300-4
2025-12-11T15:09:05.149249Z-701655210863800-in
2025-12-11T15:09:05.149249Z-701655210927300-0,[0, 1]
2025-12-11T15:09:05.149249Z-701655210971900-1,[0, 1]
2025-12-11T15:09:05.149249Z-701655211006000-1
2025-12-11T15:09:05.149249Z-701655211262500-in
2025-12-11T15:09:05.149249Z-701655211349600-0,[0, 1]
2025-12-11T15:09:05.150250100Z-701655211391500-1,[0, 1]
2025-12-11T15:09:05.150250100Z-701655211425400-3
2025-12-11T15:09:05.150250100Z-701655211494800-in
2025-12-11T15:09:05.150250100Z-701655211537100-0,[0, 1]
2025-12-11T15:09:05.150250100Z-701655211604700-1,[0, 1]
2025-12-11T15:09:05.150250100Z-701655211639600-5
2025-12-11T15:09:05.220308Z-701655281888800-true
2025-12-11T15:09:05.540591Z-701655601783400-false
2025-12-11T15:09:05.540591Z-701655602230100-in
2025-12-11T15:09:05.540591Z-701655602461400-0,[0, 1]
2025-12-11T15:09:05.540591Z-701655602561600-1,[0, 1]
2025-12-11T15:09:05.540591Z-701655602617500-0
2025-12-11T15:09:05.541590200Z-701655602808800-in
2025-12-11T15:09:05.541590200Z-701655602879600-0,[0, 1]
2025-12-11T15:09:05.541590200Z-701655603013400-1,[0, 1]
2025-12-11T15:09:05.541590200Z-701655603078900-2
2025-12-11T15:09:05.541590200Z-701655603186800-in
2025-12-11T15:09:05.541590200Z-701655603226300-0,[0, 1]
2025-12-11T15:09:05.541590200Z-701655603258400-1,[0, 1]
2025-12-11T15:09:05.541590200Z-701655603288500-4
2025-12-11T15:09:05.541590200Z-701655603375300-in
2025-12-11T15:09:05.541590200Z-701655603453500-0,[0, 1]
2025-12-11T15:09:05.541590200Z-701655603513600-1,[0, 1]
2025-12-11T15:09:05.541590200Z-701655603550700-1
2025-12-11T15:09:05.541590200Z-701655603650800-in
2025-12-11T15:09:05.542589400Z-701655603732900-0,[0, 1]
2025-12-11T15:09:05.542589400Z-701655603826400-1,[0, 1]
2025-12-11T15:09:05.542589400Z-701655603873200-3
2025-12-11T15:09:05.542589400Z-701655604007700-in
2025-12-11T15:09:05.542589400Z-701655604073900-0,[0, 1]
2025-12-11T15:09:05.542589400Z-701655604127000-1,[0, 1]
2025-12-11T15:09:05.542589400Z-701655604163900-5
2025-12-11T15:09:06.213962Z-701656275680500-false
2025-12-11T15:09:06.214831900Z-701656276057300-in
2025-12-11T15:09:06.214831900Z-701656276148600-0,[0, 1]
2025-12-11T15:09:06.214831900Z-701656276201900-1,[0, 1]
2025-12-11T15:09:06.214831900Z-701656276242100-0
2025-12-11T15:09:06.214831900Z-701656276354200-in
2025-12-11T15:09:06.214831900Z-701656276406700-0,[0, 1]
2025-12-11T15:09:06.214831900Z-701656276567500-1,[0, 1]
2025-12-11T15:09:06.214831900Z-701656276708400-2
2025-12-11T15:09:06.214831900Z-701656276853300-in
2025-12-11T15:09:06.214831900Z-701656276897700-0,[0, 1]
2025-12-11T15:09:06.214831900Z-701656276954000-1,[0, 1]
2025-12-11T15:09:06.214831900Z-701656276982100-4
2025-12-11T15:09:06.215945800Z-701656277142300-in
2025-12-11T15:09:06.215945800Z-701656277212600-0,[0, 1]
2025-12-11T15:09:06.215945800Z-701656277302900-1,[0, 1]
2025-12-11T15:09:06.215945800Z-701656277431700-1
2025-12-11T15:09:06.215945800Z-701656277595500-in
2025-12-11T15:09:06.215945800Z-701656277663000-0,[0, 1]
2025-12-11T15:09:06.215945800Z-701656277720500-1,[0, 1]
2025-12-11T15:09:06.215945800Z-701656277785800-3
2025-12-11T15:09:06.215945800Z-701656277865200-in
2025-12-11T15:09:06.215945800Z-701656277919700-0,[0, 1]
2025-12-11T15:09:06.216829700Z-701656277962000-1,[0, 1]
2025-12-11T15:09:06.216829700Z-701656277990900-5
2025-12-11T15:09:07.833880Z-701657895808800-in2
2025-12-11T15:09:07.834879700Z-701657896339100-0,[I@4958e091
2025-12-11T15:09:07.834879700Z-701657896473400-1,[I@4958e091
2025-12-11T15:09:07.834879700Z-701657896518900-2,[I@4958e091
2025-12-11T15:09:07.834879700Z-701657896668600-4,[0, 2, 0]
2025-12-11T15:09:09.168700200Z-701659230043500-in2
2025-12-11T15:09:09.168700200Z-701659230261600-0,[I@4958e091
2025-12-11T15:09:09.168700200Z-701659230344800-1,[I@4958e091
2025-12-11T15:09:09.168700200Z-701659230391100-2,[I@4958e091
2025-12-11T15:09:09.168700200Z-701659230423700-2,[0, 1, 0]
2025-12-11T15:09:09.266215500Z-701659327786200-in2
2025-12-11T15:09:09.266215500Z-701659327969300-0,[I@4958e091
2025-12-11T15:09:09.266215500Z-701659328020200-1,[I@4958e091
2025-12-11T15:09:09.266215500Z-701659328049800-2,[I@4958e091
2025-12-11T15:09:09.266215500Z-701659328079200-2,[0, 1, 0]
2025-12-11T15:09:09.349239200Z-701659411361100-in2
2025-12-11T15:09:09.350239400Z-701659411730500-0,[I@4958e091
2025-12-11T15:09:09.350239400Z-701659411817700-1,[I@4958e091
2025-12-11T15:09:09.350239400Z-701659411863600-2,[I@4958e091
2025-12-11T15:09:09.350239400Z-701659411903400-3,[1, 1, 0]
2025-12-11T15:09:09.583843400Z-701659645946700-false
2025-12-11T15:09:09.584839500Z-701659646301300-in
2025-12-11T15:09:09.584839500Z-701659646402600-0,[0, 1]
2025-12-11T15:09:09.584839500Z-701659646434500-1,[0, 1]
2025-12-11T15:09:09.584839500Z-701659646461200-0
2025-12-11T15:09:09.584839500Z-701659646557300-in
2025-12-11T15:09:09.584839500Z-701659646590300-0,[0, 1]
2025-12-11T15:09:09.584839500Z-701659646618800-1,[0, 1]
2025-12-11T15:09:09.584839500Z-701659646644600-2
2025-12-11T15:09:09.584839500Z-701659646688400-in
2025-12-11T15:09:09.584839500Z-701659646745400-0,[0, 1]
2025-12-11T15:09:09.584839500Z-701659646775200-1,[0, 1]
2025-12-11T15:09:09.584839500Z-701659646799200-4
2025-12-11T15:09:09.584839500Z-701659646868100-in
2025-12-11T15:09:09.584839500Z-701659646899500-0,[0, 1]
2025-12-11T15:09:09.584839500Z-701659646929600-1,[0, 1]
2025-12-11T15:09:09.585839700Z-701659646972900-1
2025-12-11T15:09:09.585839700Z-701659647018900-in
2025-12-11T15:09:09.585839700Z-701659647048800-0,[0, 1]
2025-12-11T15:09:09.585839700Z-701659647074400-1,[0, 1]
2025-12-11T15:09:09.585839700Z-701659647097000-3
2025-12-11T15:09:09.585839700Z-701659647140100-in
2025-12-11T15:09:09.585839700Z-701659647167300-0,[0, 1]
2025-12-11T15:09:09.585839700Z-701659647192300-1,[0, 1]
2025-12-11T15:09:09.585839700Z-701659647215000-5
2025-12-11T15:09:09.650839300Z-701659712816300-false
2025-12-11T15:09:09.671844900Z-701659733978500-in2
2025-12-11T15:09:09.672844Z-701659734195200-0,[I@4958e091
2025-12-11T15:09:09.672844Z-701659734232600-1,[I@4958e091
2025-12-11T15:09:09.672844Z-701659734259800-2,[I@4958e091
2025-12-11T15:09:09.672844Z-701659734287800-3,[1, 1, 0]
2025-12-11T15:09:10.148728600Z-701660210243900-in2
2025-12-11T15:09:10.148728600Z-701660210425000-0,[I@4958e091
2025-12-11T15:09:10.148728600Z-701660210454400-1,[I@4958e091
2025-12-11T15:09:10.148728600Z-701660210495800-2,[I@4958e091
2025-12-11T15:09:10.148728600Z-701660210521200-5,[1, 2, 0]
2025-12-11T15:09:10.700949400Z-701660762879300-in2
2025-12-11T15:09:10.701949500Z-701660763063500-0,[I@4958e091
2025-12-11T15:09:10.701949500Z-701660763096000-1,[I@4958e091
2025-12-11T15:09:10.701949500Z-701660763119400-2,[I@4958e091
2025-12-11T15:09:10.701949500Z-701660763153200-5,[1, 2, 0]
2025-12-11T15:09:11.044188200Z-701661106119300-false
2025-12-11T15:09:11.045187Z-701661106437500-in
2025-12-11T15:09:11.045187Z-701661106503300-0,[0, 1]
2025-12-11T15:09:11.045187Z-701661106533200-1,[0, 1]
2025-12-11T15:09:11.045187Z-701661106556200-0
2025-12-11T15:09:11.045187Z-701661106634600-in
2025-12-11T15:09:11.045187Z-701661106663800-0,[0, 1]
2025-12-11T15:09:11.045187Z-701661106693100-1,[0, 1]
2025-12-11T15:09:11.045187Z-701661106714700-2
2025-12-11T15:09:11.045187Z-701661106777100-in
2025-12-11T15:09:11.045187Z-701661106808400-0,[0, 1]
2025-12-11T15:09:11.045187Z-701661106847800-1,[0, 1]
2025-12-11T15:09:11.045187Z-701661106869600-4
2025-12-11T15:09:11.045187Z-701661106911500-in
2025-12-11T15:09:11.045187Z-701661106937500-0,[0, 1]
2025-12-11T15:09:11.045187Z-701661106962300-1,[0, 1]
2025-12-11T15:09:11.045187Z-701661106997200-1
2025-12-11T15:09:11.045187Z-701661107036300-in
2025-12-11T15:09:11.045187Z-701661107061000-0,[0, 1]
2025-12-11T15:09:11.045187Z-701661107086200-1,[0, 1]
2025-12-11T15:09:11.045187Z-701661107110700-3
2025-12-11T15:09:11.045187Z-701661107147600-in
2025-12-11T15:09:11.045187Z-701661107174000-0,[0, 1]
2025-12-11T15:09:11.045187Z-701661107196900-1,[0, 1]
2025-12-11T15:09:11.045187Z-701661107217500-5
2025-12-11T15:09:11.156709500Z-701661218250600-false
2025-12-11T15:09:11.183228100Z-701661244754400-in2
2025-12-11T15:09:11.183228100Z-701661244947600-0,[I@4958e091
2025-12-11T15:09:11.183228100Z-701661244980600-1,[I@4958e091
2025-12-11T15:09:11.183228100Z-701661245005100-2,[I@4958e091
2025-12-11T15:09:11.183228100Z-701661245031100-5,[1, 2, 0]
2025-12-11T15:09:11.740242900Z-701661801408600-false
2025-12-11T15:09:11.740242900Z-701661801721300-in
2025-12-11T15:09:11.740242900Z-701661801834000-0,[0, 1]
2025-12-11T15:09:11.740242900Z-701661801877300-1,[0, 1]
2025-12-11T15:09:11.740242900Z-701661801906800-0
2025-12-11T15:09:11.740242900Z-701661802025600-in
2025-12-11T15:09:11.740242900Z-701661802064500-0,[0, 1]
2025-12-11T15:09:11.740242900Z-701661802093500-1,[0, 1]
2025-12-11T15:09:11.740242900Z-701661802137100-2
2025-12-11T15:09:11.740242900Z-701661802235300-in
2025-12-11T15:09:11.740242900Z-701661802273300-0,[0, 1]
2025-12-11T15:09:11.740242900Z-701661802301700-1,[0, 1]
2025-12-11T15:09:11.740242900Z-701661802324300-4
2025-12-11T15:09:11.741245200Z-701661802369200-in
2025-12-11T15:09:11.741245200Z-701661802394600-0,[0, 1]
2025-12-11T15:09:11.741245200Z-701661802430000-1,[0, 1]
2025-12-11T15:09:11.741245200Z-701661802716600-1
2025-12-11T15:09:11.741245200Z-701661802816300-in
2025-12-11T15:09:11.741245200Z-701661802854200-0,[0, 1]
2025-12-11T15:09:11.741245200Z-701661802880600-1,[0, 1]
2025-12-11T15:09:11.741245200Z-701661802904300-3
2025-12-11T15:09:11.741245200Z-701661803166200-in
2025-12-11T15:09:11.742247800Z-701661803426200-0,[0, 1]
2025-12-11T15:09:11.742247800Z-701661803489500-1,[0, 1]
2025-12-11T15:09:11.742247800Z-701661803536700-5
2025-12-11T15:09:11.840812600Z-701661902343400-false
2025-12-11T15:09:11.879813Z-701661941183500-in2
2025-12-11T15:09:11.879813Z-701661941401400-0,[I@4958e091
2025-12-11T15:09:11.879813Z-701661941440200-1,[I@4958e091
2025-12-11T15:09:11.879813Z-701661941464400-2,[I@4958e091
2025-12-11T15:09:11.879813Z-701661941489200-5,[1, 2, 0]
2025-12-11T15:09:12.055642700Z-701662117142200-in2
2025-12-11T15:09:12.055642700Z-701662117317900-0,[I@4958e091
2025-12-11T15:09:12.055642700Z-701662117366200-1,[I@4958e091
2025-12-11T15:09:12.055642700Z-701662117392500-2,[I@4958e091
2025-12-11T15:09:12.055642700Z-701662117415800-4,[0, 2, 0]
2025-12-11T15:09:12.326722300Z-701662388458900-false
2025-12-11T15:09:12.326722300Z-701662388787400-in
2025-12-11T15:09:12.327723200Z-701662388837600-0,[0, 1]
2025-12-11T15:09:12.327723200Z-701662388862500-1,[0, 1]
2025-12-11T15:09:12.327723200Z-701662388885900-0
2025-12-11T15:09:12.327723200Z-701662388968700-in
2025-12-11T15:09:12.327723200Z-701662388994000-0,[0, 1]
2025-12-11T15:09:12.327723200Z-701662389020300-1,[0, 1]
2025-12-11T15:09:12.327723200Z-701662389049700-2
2025-12-11T15:09:12.327723200Z-701662389096600-in
2025-12-11T15:09:12.327723200Z-701662389122900-0,[0, 1]
2025-12-11T15:09:12.327723200Z-701662389145600-1,[0, 1]
2025-12-11T15:09:12.327723200Z-701662389166900-4
2025-12-11T15:09:12.327723200Z-701662389203300-in
2025-12-11T15:09:12.327723200Z-701662389226100-0,[0, 1]
2025-12-11T15:09:12.327723200Z-701662389247400-1,[0, 1]
2025-12-11T15:09:12.327723200Z-701662389266800-1
2025-12-11T15:09:12.327723200Z-701662389309700-in
2025-12-11T15:09:12.327723200Z-701662389332200-0,[0, 1]
2025-12-11T15:09:12.327723200Z-701662389363300-1,[0, 1]
2025-12-11T15:09:12.327723200Z-701662389383200-3
2025-12-11T15:09:12.327723200Z-701662389418500-in
2025-12-11T15:09:12.327723200Z-701662389440700-0,[0, 1]
2025-12-11T15:09:12.327723200Z-701662389462400-1,[0, 1]
2025-12-11T15:09:12.327723200Z-701662389481400-5
2025-12-11T15:09:12.392159700Z-701662454120600-false
2025-12-11T15:09:12.417160300Z-701662479301200-in2
2025-12-11T15:09:12.418160300Z-701662479536300-0,[I@4958e091
2025-12-11T15:09:12.418160300Z-701662479585800-1,[I@4958e091
2025-12-11T15:09:12.418160300Z-701662479623800-2,[I@4958e091
2025-12-11T15:09:12.418160300Z-701662479692500-5,[1, 2, 0]
2025-12-11T15:09:12.434158700Z-701662495981200-in2
2025-12-11T15:09:12.434158700Z-701662496184400-0,[I@4958e091
2025-12-11T15:09:12.434158700Z-701662496240300-1,[I@4958e091
2025-12-11T15:09:12.435159900Z-701662496265000-2,[I@4958e091
2025-12-11T15:09:12.435159900Z-701662496292000-4,[0, 2, 0]
2025-12-11T15:09:12.521717400Z-701662582898200-in2
2025-12-11T15:09:12.521717400Z-701662583099800-0,[I@4958e091
2025-12-11T15:09:12.521717400Z-701662583126600-1,[I@4958e091
2025-12-11T15:09:12.521717400Z-701662583146600-2,[I@4958e091
2025-12-11T15:09:12.521717400Z-701662583169000-2,[0, 1, 0]
2025-12-11T15:09:12.536718500Z-701662598164900-in2
2025-12-11T15:09:12.536718500Z-701662598350800-0,[I@4958e091
2025-12-11T15:09:12.536718500Z-701662598377700-1,[I@4958e091
2025-12-11T15:09:12.536718500Z-701662598398600-2,[I@4958e091
2025-12-11T15:09:12.536718500Z-701662598419100-3,[1, 1, 0]
2025-12-11T15:09:12.924585100Z-701662985755900-false
2025-12-11T15:09:12.924585100Z-701662986262900-in
2025-12-11T15:09:12.924585100Z-701662986417700-0,[0, 1]
2025-12-11T15:09:12.924585100Z-701662986453900-1,[0, 1]
2025-12-11T15:09:12.924585100Z-701662986476500-0
2025-12-11T15:09:12.924585100Z-701662986603900-in
2025-12-11T15:09:12.924585100Z-701662986646000-0,[0, 1]
2025-12-11T15:09:12.924585100Z-701662986665400-1,[0, 1]
2025-12-11T15:09:12.924585100Z-701662986682600-2
2025-12-11T15:09:12.925588800Z-701662986728200-in
2025-12-11T15:09:12.925588800Z-701662986748800-0,[0, 1]
2025-12-11T15:09:12.925588800Z-701662986767300-1,[0, 1]
2025-12-11T15:09:12.925588800Z-701662986783600-4
2025-12-11T15:09:12.925588800Z-701662986817300-in
2025-12-11T15:09:12.925588800Z-701662986837700-0,[0, 1]
2025-12-11T15:09:12.925588800Z-701662986856200-1,[0, 1]
2025-12-11T15:09:12.925588800Z-701662986872600-1
2025-12-11T15:09:12.925588800Z-701662986903900-in
2025-12-11T15:09:12.925588800Z-701662986924200-0,[0, 1]
2025-12-11T15:09:12.925588800Z-701662986965900-1,[0, 1]
2025-12-11T15:09:12.925588800Z-701662986983500-3
2025-12-11T15:09:12.925588800Z-701662987017000-in
2025-12-11T15:09:12.925588800Z-701662987037500-0,[0, 1]
2025-12-11T15:09:12.925588800Z-701662987056900-1,[0, 1]
2025-12-11T15:09:12.925588800Z-701662987073500-5
2025-12-11T15:09:13.016171600Z-701663077827300-false
2025-12-11T15:09:13.043172100Z-701663104726200-in2
2025-12-11T15:09:13.043172100Z-701663104898100-0,[I@4958e091
2025-12-11T15:09:13.043172100Z-701663104929000-1,[I@4958e091
2025-12-11T15:09:13.043172100Z-701663104954500-2,[I@4958e091
2025-12-11T15:09:13.043172100Z-701663104977000-3,[1, 1, 0]
2025-12-11T15:09:13.120697100Z-701663182085200-in2
2025-12-11T15:09:13.120697100Z-701663182270100-0,[I@4958e091
2025-12-11T15:09:13.120697100Z-701663182301700-1,[I@4958e091
2025-12-11T15:09:13.120697100Z-701663182321900-2,[I@4958e091
2025-12-11T15:09:13.120697100Z-701663182342300-1,[1, 0, 0]
2025-12-11T15:09:13.461255700Z-701663523277100-false
2025-12-11T15:09:13.462258100Z-701663523569900-in
2025-12-11T15:09:13.462258100Z-701663523620000-0,[0, 1]
2025-12-11T15:09:13.462258100Z-701663523643700-1,[0, 1]
2025-12-11T15:09:13.462258100Z-701663523668200-0
2025-12-11T15:09:13.462258100Z-701663523750000-in
2025-12-11T15:09:13.462258100Z-701663523774400-0,[0, 1]
2025-12-11T15:09:13.462258100Z-701663523793700-1,[0, 1]
2025-12-11T15:09:13.462258100Z-701663523810500-2
2025-12-11T15:09:13.462258100Z-701663523862100-in
2025-12-11T15:09:13.462258100Z-701663523889600-0,[0, 1]
2025-12-11T15:09:13.462258100Z-701663523908600-1,[0, 1]
2025-12-11T15:09:13.462258100Z-701663523925000-4
2025-12-11T15:09:13.462258100Z-701663523961100-in
2025-12-11T15:09:13.462258100Z-701663523981200-0,[0, 1]
2025-12-11T15:09:13.462258100Z-701663523999400-1,[0, 1]
2025-12-11T15:09:13.462258100Z-701663524015600-1
2025-12-11T15:09:13.462258100Z-701663524046900-in
2025-12-11T15:09:13.462258100Z-701663524066300-0,[0, 1]
2025-12-11T15:09:13.462258100Z-701663524084600-1,[0, 1]
2025-12-11T15:09:13.462258100Z-701663524105400-3
2025-12-11T15:09:13.462258100Z-701663524137100-in
2025-12-11T15:09:13.462258100Z-701663524157100-0,[0, 1]
2025-12-11T15:09:13.462258100Z-701663524176000-1,[0, 1]
2025-12-11T15:09:13.462258100Z-701663524195300-5
2025-12-11T15:09:13.531935500Z-701663594026900-false
2025-12-11T15:09:13.551935400Z-701663613937600-in2
2025-12-11T15:09:13.552936200Z-701663614187100-0,[I@4958e091
2025-12-11T15:09:13.552936200Z-701663614257800-1,[I@4958e091
2025-12-11T15:09:13.552936200Z-701663614279500-2,[I@4958e091
2025-12-11T15:09:13.552936200Z-701663614304500-1,[1, 0, 0]
2025-12-11T15:09:13.708792500Z-701663770148800-in2
2025-12-11T15:09:13.708792500Z-701663770358500-0,[I@4958e091
2025-12-11T15:09:13.708792500Z-701663770389100-1,[I@4958e091
2025-12-11T15:09:13.708792500Z-701663770408700-2,[I@4958e091
2025-12-11T15:09:13.708792500Z-701663770428600-1,[1, 0, 0]
2025-12-11T15:09:13.725790300Z-701663787811900-in2
2025-12-11T15:09:13.726791900Z-701663787973800-0,[I@4958e091
2025-12-11T15:09:13.726791900Z-701663788001600-1,[I@4958e091
2025-12-11T15:09:13.726791900Z-701663788025500-2,[I@4958e091
2025-12-11T15:09:13.726791900Z-701663788044100-3,[1, 1, 0]
2025-12-11T15:09:14.366867600Z-701664428756700-in2
2025-12-11T15:09:14.366867600Z-701664428916400-0,[I@4958e091
2025-12-11T15:09:14.366867600Z-701664428941400-1,[I@4958e091
2025-12-11T15:09:14.366867600Z-701664428959900-2,[I@4958e091
2025-12-11T15:09:14.367863700Z-701664429002600-1,[1, 0, 0]
2025-12-11T15:09:14.387311100Z-701664449167200-in2
2025-12-11T15:09:14.387311100Z-701664449322600-0,[I@4958e091
2025-12-11T15:09:14.387311100Z-701664449366600-1,[I@4958e091
2025-12-11T15:09:14.387311100Z-701664449386600-2,[I@4958e091
2025-12-11T15:09:14.388307700Z-701664449405900-0,[0, 0, 0]
2025-12-11T15:09:17.378895400Z-701667440189300-true
2025-12-11T15:09:17.379895300Z-701667441569900-in
2025-12-11T15:09:17.379895300Z-701667441797000-0,[1]
2025-12-11T15:09:17.382893200Z-701667444067600-in
2025-12-11T15:09:17.382893200Z-701667444211900-0,[1]
2025-12-11T15:09:17.382893200Z-701667444311400-in
2025-12-11T15:09:17.382893200Z-701667444344300-0,[1]
2025-12-11T15:09:17.545970300Z-701667607604100-false
2025-12-11T15:09:18.896713200Z-701668958095200-in2
2025-12-11T15:09:18.896713200Z-701668958282400-0,[I@4958e091
2025-12-11T15:09:18.896713200Z-701668958316000-1,[I@4958e091
2025-12-11T15:09:18.896713200Z-701668958338900-2,[I@4958e091
2025-12-11T15:09:18.896713200Z-701668958361300-3,[1, 1, 0]
2025-12-11T15:09:19.355751600Z-701669416975500-in2
2025-12-11T15:09:19.355751600Z-701669417114100-0,[I@4958e091
2025-12-11T15:09:19.355751600Z-701669417135000-1,[I@4958e091
2025-12-11T15:09:19.355751600Z-701669417150200-2,[I@4958e091
2025-12-11T15:09:19.355751600Z-701669417165600-3,[1, 1, 0]
2025-12-11T15:09:19.869905700Z-701669931229700-in2
2025-12-11T15:09:19.869905700Z-701669931594400-0,[I@4958e091
2025-12-11T15:09:19.869905700Z-701669931723800-1,[I@4958e091
2025-12-11T15:09:19.869905700Z-701669931768200-2,[I@4958e091
2025-12-11T15:09:19.869905700Z-701669931797900-3,[1, 1, 0]
2025-12-11T15:09:19.979100800Z-701670040383600-true
2025-12-11T15:09:19.979100800Z-701670040640500-in
2025-12-11T15:09:19.979100800Z-701670040687600-0,[1]
2025-12-11T15:09:19.979100800Z-701670040766700-in
2025-12-11T15:09:19.979100800Z-701670040792000-0,[1]
2025-12-11T15:09:19.979100800Z-701670040862700-in
2025-12-11T15:09:19.979100800Z-701670040881700-0,[1]
2025-12-11T15:09:20.054489700Z-701670116134700-false
2025-12-11T15:09:20.078495500Z-701670140467900-in2
2025-12-11T15:09:20.079497300Z-701670140898700-0,[I@4958e091
2025-12-11T15:09:20.079497300Z-701670140938200-1,[I@4958e091
2025-12-11T15:09:20.079497300Z-701670140948500-2,[I@4958e091
2025-12-11T15:09:20.079497300Z-701670140960700-3,[1, 1, 0]
2025-12-11T15:09:20.354645800Z-701670415980400-in2
2025-12-11T15:09:20.354645800Z-701670416112700-0,[I@4958e091
2025-12-11T15:09:20.354645800Z-701670416129000-1,[I@4958e091
2025-12-11T15:09:20.354645800Z-701670416138400-2,[I@4958e091
2025-12-11T15:09:20.354645800Z-701670416149000-5,[1, 2, 0]
2025-12-11T15:09:20.970902900Z-701671032348200-in2
2025-12-11T15:09:20.970902900Z-701671032494700-0,[I@4958e091
2025-12-11T15:09:20.970902900Z-701671032512200-1,[I@4958e091
2025-12-11T15:09:20.970902900Z-701671032522300-2,[I@4958e091
2025-12-11T15:09:20.970902900Z-701671032533400-3,[1, 1, 0]
2025-12-11T15:09:20.988428100Z-701671050095200-in2
2025-12-11T15:09:20.988428100Z-701671050221200-0,[I@4958e091
2025-12-11T15:09:20.988428100Z-701671050242200-1,[I@4958e091
2025-12-11T15:09:20.988428100Z-701671050251700-2,[I@4958e091
2025-12-11T15:09:20.988428100Z-701671050263700-1,[1, 0, 0]
2025-12-11T15:09:22.747561100Z-701672809081600-in2
2025-12-11T15:09:22.747561100Z-701672809201000-0,[I@4958e091
2025-12-11T15:09:22.747561100Z-701672809216300-1,[I@4958e091
2025-12-11T15:09:22.747561100Z-701672809230600-2,[I@4958e091
2025-12-11T15:09:22.747561100Z-701672809246200-5,[1, 2, 0]
2025-12-11T15:09:23.909041300Z-701673971001800-in2
2025-12-11T15:09:23.910041900Z-701673971145300-0,[I@4958e091
2025-12-11T15:09:23.910041900Z-701673971168300-1,[I@4958e091
2025-12-11T15:09:23.910041900Z-701673971221300-2,[I@4958e091
2025-12-11T15:09:23.910041900Z-701673971236500-5,[1, 2, 0]
2025-12-11T15:09:23.971039800Z-701674032784100-in2
2025-12-11T15:09:23.971039800Z-701674032969400-0,[I@4958e091
2025-12-11T15:09:23.971039800Z-701674032991600-1,[I@4958e091
2025-12-11T15:09:23.971039800Z-701674033000800-2,[I@4958e091
2025-12-11T15:09:23.971039800Z-701674033011400-3,[1, 1, 0]
2025-12-11T15:09:24.018168600Z-701674079756400-in2
2025-12-11T15:09:24.018168600Z-701674079900200-0,[I@4958e091
2025-12-11T15:09:24.018168600Z-701674079917400-1,[I@4958e091
2025-12-11T15:09:24.018168600Z-701674079928200-2,[I@4958e091
2025-12-11T15:09:24.018168600Z-701674079939300-2,[0, 1, 0]
2025-12-11T15:09:24.472651200Z-701674534792900-in2
2025-12-11T15:09:24.473650300Z-701674534928400-0,[I@4958e091
2025-12-11T15:09:24.473650300Z-701674534944700-1,[I@4958e091
2025-12-11T15:09:24.473650300Z-701674534954300-2,[I@4958e091
2025-12-11T15:09:24.473650300Z-701674534964800-2,[0, 1, 0]
2025-12-11T15:09:24.996809400Z-701675058831000-in2
2025-12-11T15:09:24.997806300Z-701675058981300-0,[I@4958e091
2025-12-11T15:09:24.997806300Z-701675058998500-1,[I@4958e091
2025-12-11T15:09:24.997806300Z-701675059008400-2,[I@4958e091
2025-12-11T15:09:24.997806300Z-701675059020800-2,[0, 1, 0]
2025-12-11T15:09:25.043809400Z-701675105613500-in2
2025-12-11T15:09:25.043809400Z-701675105773700-0,[I@4958e091
2025-12-11T15:09:25.043809400Z-701675105790500-1,[I@4958e091
2025-12-11T15:09:25.043809400Z-701675105800000-2,[I@4958e091
2025-12-11T15:09:25.043809400Z-701675105813100-2,[0, 1, 0]
2025-12-11T15:09:25.111335200Z-701675173104600-in2
2025-12-11T15:09:25.111335200Z-701675173232200-0,[I@4958e091
2025-12-11T15:09:25.111335200Z-701675173275500-1,[I@4958e091
2025-12-11T15:09:25.111335200Z-701675173284400-2,[I@4958e091
2025-12-11T15:09:25.111335200Z-701675173294300-3,[1, 1, 0]
2025-12-11T15:09:25.153338200Z-701675214542900-in2
2025-12-11T15:09:25.153338200Z-701675214822300-0,[I@4958e091
2025-12-11T15:09:25.153338200Z-701675214920100-1,[I@4958e091
2025-12-11T15:09:25.153338200Z-701675214947600-2,[I@4958e091
2025-12-11T15:09:25.153338200Z-701675214973900-2,[0, 1, 0]
2025-12-11T15:09:26.581884700Z-701676643893900-in2
2025-12-11T15:09:26.582884700Z-701676644020200-0,[I@4958e091
2025-12-11T15:09:26.582884700Z-701676644035600-1,[I@4958e091
2025-12-11T15:09:26.582884700Z-701676644044200-2,[I@4958e091
2025-12-11T15:09:26.582884700Z-701676644054800-3,[1, 1, 0]
2025-12-11T15:09:26.593397200Z-701676655472000-in
2025-12-11T15:09:26.594396900Z-701676655590200-0,[0, 1]
2025-12-11T15:09:26.594396900Z-701676655602600-1,[0, 1]
2025-12-11T15:09:26.624396800Z-701676685740700-false
2025-12-11T15:09:26.624396800Z-701676685952700-in
2025-12-11T15:09:26.624396800Z-701676685997500-0,[0, 1]
2025-12-11T15:09:26.624396800Z-701676686033000-1,[0, 1]
2025-12-11T15:09:26.624396800Z-701676686041000-0
2025-12-11T15:09:26.624396800Z-701676686104200-in
2025-12-11T15:09:26.624396800Z-701676686114200-0,[0, 1]
2025-12-11T15:09:26.624396800Z-701676686121200-1,[0, 1]
2025-12-11T15:09:26.624396800Z-701676686127800-2
2025-12-11T15:09:26.624396800Z-701676686152300-in
2025-12-11T15:09:26.624396800Z-701676686161500-0,[0, 1]
2025-12-11T15:09:26.624396800Z-701676686168900-1,[0, 1]
2025-12-11T15:09:26.624396800Z-701676686175300-4
2025-12-11T15:09:26.624396800Z-701676686195900-in
2025-12-11T15:09:26.624396800Z-701676686204500-0,[0, 1]
2025-12-11T15:09:26.624396800Z-701676686211500-1,[0, 1]
2025-12-11T15:09:26.624396800Z-701676686220200-1
2025-12-11T15:09:26.624396800Z-701676686240900-in
2025-12-11T15:09:26.624396800Z-701676686250600-0,[0, 1]
2025-12-11T15:09:26.624396800Z-701676686257800-1,[0, 1]
2025-12-11T15:09:26.624396800Z-701676686264400-3
2025-12-11T15:09:26.624396800Z-701676686287700-in
2025-12-11T15:09:26.624396800Z-701676686295900-0,[0, 1]
2025-12-11T15:09:26.624396800Z-701676686302900-1,[0, 1]
2025-12-11T15:09:26.624396800Z-701676686309600-5
2025-12-11T15:09:26.722483700Z-701676784104600-in2
2025-12-11T15:09:26.722483700Z-701676784223400-0,[I@4958e091
2025-12-11T15:09:26.722483700Z-701676784236700-1,[I@4958e091
2025-12-11T15:09:26.722483700Z-701676784263100-2,[I@4958e091
2025-12-11T15:09:26.722483700Z-701676784290500-3,[1, 1, 0]
2025-12-11T15:09:27.282042100Z-701677343617000-false
2025-12-11T15:09:27.282042100Z-701677343852900-in
2025-12-11T15:09:27.282042100Z-701677343892400-0,[0, 1]
2025-12-11T15:09:27.282042100Z-701677343908000-1,[0, 1]
2025-12-11T15:09:27.282042100Z-701677343916900-0
2025-12-11T15:09:27.282042100Z-701677343980400-in
2025-12-11T15:09:27.282042100Z-701677343998200-0,[0, 1]
2025-12-11T15:09:27.282042100Z-701677344006800-1,[0, 1]
2025-12-11T15:09:27.282042100Z-701677344014000-2
2025-12-11T15:09:27.282042100Z-701677344038000-in
2025-12-11T15:09:27.282042100Z-701677344047700-0,[0, 1]
2025-12-11T15:09:27.282042100Z-701677344056100-1,[0, 1]
2025-12-11T15:09:27.282042100Z-701677344063200-4
2025-12-11T15:09:27.282042100Z-701677344083500-in
2025-12-11T15:09:27.282042100Z-701677344093300-0,[0, 1]
2025-12-11T15:09:27.282042100Z-701677344100600-1,[0, 1]
2025-12-11T15:09:27.282042100Z-701677344107600-1
2025-12-11T15:09:27.282042100Z-701677344127600-in
2025-12-11T15:09:27.282042100Z-701677344136300-0,[0, 1]
2025-12-11T15:09:27.283046300Z-701677344144900-1,[0, 1]
2025-12-11T15:09:27.283046300Z-701677344152500-3
2025-12-11T15:09:27.283046300Z-701677344172100-in
2025-12-11T15:09:27.283046300Z-701677344180900-0,[0, 1]
2025-12-11T15:09:27.283046300Z-701677344188200-1,[0, 1]
2025-12-11T15:09:27.283046300Z-701677344217400-5
2025-12-11T15:09:27.389148700Z-701677450926200-in2
2025-12-11T15:09:27.389148700Z-701677451189000-0,[I@4958e091
2025-12-11T15:09:27.389148700Z-701677451217800-1,[I@4958e091
2025-12-11T15:09:27.389148700Z-701677451224200-2,[I@4958e091
2025-12-11T15:09:27.389148700Z-701677451231100-3,[1, 1, 0]
2025-12-11T15:09:28.977480600Z-701679038791500-in
2025-12-11T15:09:28.977480600Z-701679038901500-0,[0, 1]
2025-12-11T15:09:28.977480600Z-701679038925700-1,[0, 1]
2025-12-11T15:09:29.023592800Z-701679084856900-false
2025-12-11T15:09:29.023592800Z-701679085250100-in
2025-12-11T15:09:29.023592800Z-701679085314300-0,[0, 1]
2025-12-11T15:09:29.023592800Z-701679085326400-1,[0, 1]
2025-12-11T15:09:29.023592800Z-701679085342500-0
2025-12-11T15:09:29.023592800Z-701679085487900-in
2025-12-11T15:09:29.023592800Z-701679085518200-0,[0, 1]
2025-12-11T15:09:29.023592800Z-701679085526700-1,[0, 1]
2025-12-11T15:09:29.023592800Z-701679085533800-2
2025-12-11T15:09:29.023592800Z-701679085572400-in
2025-12-11T15:09:29.023592800Z-701679085583200-0,[0, 1]
2025-12-11T15:09:29.023592800Z-701679085590800-1,[0, 1]
2025-12-11T15:09:29.023592800Z-701679085597500-4
2025-12-11T15:09:29.023592800Z-701679085620700-in
2025-12-11T15:09:29.023592800Z-701679085628000-0,[0, 1]
2025-12-11T15:09:29.023592800Z-701679085634700-1,[0, 1]
2025-12-11T15:09:29.023592800Z-701679085641600-1
2025-12-11T15:09:29.023592800Z-701679085661300-in
2025-12-11T15:09:29.023592800Z-701679085669500-0,[0, 1]
2025-12-11T15:09:29.023592800Z-701679085676500-1,[0, 1]
2025-12-11T15:09:29.023592800Z-701679085683000-3
2025-12-11T15:09:29.024593600Z-701679085701900-in
2025-12-11T15:09:29.024593600Z-701679085709600-0,[0, 1]
2025-12-11T15:09:29.024593600Z-701679085716400-1,[0, 1]
2025-12-11T15:09:29.024593600Z-701679085722600-5
2025-12-11T15:09:29.520174600Z-701679581702700-in2
2025-12-11T15:09:29.520174600Z-701679581813500-0,[I@4958e091
2025-12-11T15:09:29.520174600Z-701679581823100-1,[I@4958e091
2025-12-11T15:09:29.520174600Z-701679581828600-2,[I@4958e091
2025-12-11T15:09:29.520174600Z-701679581836900-3,[1, 1, 0]
2025-12-11T15:09:31.046621400Z-701681108662500-in
2025-12-11T15:09:31.047621600Z-701681108767100-0,[0, 1]
2025-12-11T15:09:31.047621600Z-701681108813200-1,[0, 1]
2025-12-11T15:09:31.083626200Z-701681145205200-false
2025-12-11T15:09:31.083626200Z-701681145457800-in
2025-12-11T15:09:31.083626200Z-701681145501000-0,[0, 1]
2025-12-11T15:09:31.083626200Z-701681145507600-1,[0, 1]
2025-12-11T15:09:31.083626200Z-701681145513400-0
2025-12-11T15:09:31.083626200Z-701681145580000-in
2025-12-11T15:09:31.083626200Z-701681145587000-0,[0, 1]
2025-12-11T15:09:31.083626200Z-701681145592300-1,[0, 1]
2025-12-11T15:09:31.083626200Z-701681145597100-2
2025-12-11T15:09:31.083626200Z-701681145616400-in
2025-12-11T15:09:31.083626200Z-701681145625500-0,[0, 1]
2025-12-11T15:09:31.083626200Z-701681145630500-1,[0, 1]
2025-12-11T15:09:31.083626200Z-701681145635200-4
2025-12-11T15:09:31.083626200Z-701681145653300-in
2025-12-11T15:09:31.083626200Z-701681145659300-0,[0, 1]
2025-12-11T15:09:31.083626200Z-701681145665100-1,[0, 1]
2025-12-11T15:09:31.083626200Z-701681145669700-1
2025-12-11T15:09:31.083626200Z-701681145706900-in
2025-12-11T15:09:31.083626200Z-701681145712500-0,[0, 1]
2025-12-11T15:09:31.083626200Z-701681145717500-1,[0, 1]
2025-12-11T15:09:31.084627300Z-701681145722400-3
2025-12-11T15:09:31.084627300Z-701681145881000-in
2025-12-11T15:09:31.084627300Z-701681145934100-0,[0, 1]
2025-12-11T15:09:31.084627300Z-701681145942800-1,[0, 1]
2025-12-11T15:09:31.084627300Z-701681145948200-5
2025-12-11T15:09:33.296962700Z-701683358755400-true
2025-12-11T15:09:33.296962700Z-701683358959600-in
2025-12-11T15:09:33.296962700Z-701683358992600-0,[1]
2025-12-11T15:09:33.296962700Z-701683359053500-in
2025-12-11T15:09:33.297964500Z-701683359060900-0,[1]
2025-12-11T15:09:33.297964500Z-701683359089600-in
2025-12-11T15:09:33.297964500Z-701683359095100-0,[1]
2025-12-11T15:09:33.349962500Z-701683411401600-false
2025-12-11T15:09:33.691347300Z-701683753088900-in2
2025-12-11T15:09:33.691347300Z-701683753201800-0,[I@4958e091
2025-12-11T15:09:33.691347300Z-701683753211600-1,[I@4958e091
2025-12-11T15:09:33.691347300Z-701683753217300-2,[I@4958e091
2025-12-11T15:09:33.691347300Z-701683753226000-3,[1, 1, 0]
2025-12-11T15:09:33.718858500Z-701683780131300-in2
2025-12-11T15:09:33.718858500Z-701683780323200-0,[I@4958e091
2025-12-11T15:09:33.718858500Z-701683780511900-1,[I@4958e091
2025-12-11T15:09:33.718858500Z-701683780536900-2,[I@4958e091
2025-12-11T15:09:33.718858500Z-701683780553600-5,[1, 2, 0]
2025-12-11T15:09:34.315472100Z-701684376950600-true
2025-12-11T15:09:34.315472100Z-701684377129400-in
2025-12-11T15:09:34.315472100Z-701684377163100-0,[1]
2025-12-11T15:09:34.315472100Z-701684377226700-in
2025-12-11T15:09:34.315472100Z-701684377234600-0,[1]
2025-12-11T15:09:34.315472100Z-701684377255800-in
2025-12-11T15:09:34.315472100Z-701684377262400-0,[1]
2025-12-11T15:09:34.365471800Z-701684427335200-false
2025-12-11T15:09:34.399987900Z-701684461164800-in2
2025-12-11T15:09:34.399987900Z-701684461284900-0,[I@4958e091
2025-12-11T15:09:34.399987900Z-701684461311800-1,[I@4958e091
2025-12-11T15:09:34.399987900Z-701684461318600-2,[I@4958e091
2025-12-11T15:09:34.399987900Z-701684461330200-5,[1, 2, 0]
2025-12-11T15:09:34.965136600Z-701685026434900-in2
2025-12-11T15:09:34.965136600Z-701685026554000-0,[I@4958e091
2025-12-11T15:09:34.965136600Z-701685026565100-1,[I@4958e091
2025-12-11T15:09:34.965136600Z-701685026575400-2,[I@4958e091
2025-12-11T15:09:34.965136600Z-701685026583700-5,[1, 2, 0]
2025-12-11T15:09:35.146170200Z-701685207933500-in2
2025-12-11T15:09:35.146170200Z-701685208030900-0,[I@4958e091
2025-12-11T15:09:35.146170200Z-701685208040500-1,[I@4958e091
2025-12-11T15:09:35.146170200Z-701685208050700-2,[I@4958e091
2025-12-11T15:09:35.146170200Z-701685208060500-4,[0, 2, 0]
2025-12-11T15:09:36.742340400Z-701686804438600-in
2025-12-11T15:09:36.743342500Z-701686804571500-0,[0, 1]
2025-12-11T15:09:36.743342500Z-701686804592800-1,[0, 1]
2025-12-11T15:09:36.779344100Z-701686840884100-false
2025-12-11T15:09:36.779344100Z-701686841084000-in
2025-12-11T15:09:36.779344100Z-701686841116600-0,[0, 1]
2025-12-11T15:09:36.779344100Z-701686841124300-1,[0, 1]
2025-12-11T15:09:36.779344100Z-701686841130300-0
2025-12-11T15:09:36.779344100Z-701686841192400-in
2025-12-11T15:09:36.779344100Z-701686841199900-0,[0, 1]
2025-12-11T15:09:36.779344100Z-701686841205500-1,[0, 1]
2025-12-11T15:09:36.779344100Z-701686841210800-2
2025-12-11T15:09:36.779344100Z-701686841235100-in
2025-12-11T15:09:36.779344100Z-701686841241500-0,[0, 1]
2025-12-11T15:09:36.779344100Z-701686841247000-1,[0, 1]
2025-12-11T15:09:36.779344100Z-701686841252000-4
2025-12-11T15:09:36.779344100Z-701686841269200-in
2025-12-11T15:09:36.779344100Z-701686841275400-0,[0, 1]
2025-12-11T15:09:36.779344100Z-701686841281700-1,[0, 1]
2025-12-11T15:09:36.779344100Z-701686841287100-1
2025-12-11T15:09:36.779344100Z-701686841319700-in
2025-12-11T15:09:36.779344100Z-701686841326300-0,[0, 1]
2025-12-11T15:09:36.779344100Z-701686841331800-1,[0, 1]
2025-12-11T15:09:36.779344100Z-701686841336700-3
2025-12-11T15:09:36.779344100Z-701686841356600-in
2025-12-11T15:09:36.779344100Z-701686841363300-0,[0, 1]
2025-12-11T15:09:36.779344100Z-701686841368800-1,[0, 1]
2025-12-11T15:09:36.779344100Z-701686841373500-5
2025-12-11T15:09:36.964884600Z-701687026618500-in2
2025-12-11T15:09:36.964884600Z-701687026722300-0,[I@4958e091
2025-12-11T15:09:36.964884600Z-701687026736900-1,[I@4958e091
2025-12-11T15:09:36.964884600Z-701687026755900-2,[I@4958e091
2025-12-11T15:09:36.964884600Z-701687026764200-3,[1, 1, 0]
2025-12-11T15:09:37.013400100Z-701687074955600-in2
2025-12-11T15:09:37.013400100Z-701687075068900-0,[I@4958e091
2025-12-11T15:09:37.013400100Z-701687075078100-1,[I@4958e091
2025-12-11T15:09:37.013400100Z-701687075084200-2,[I@4958e091
2025-12-11T15:09:37.013400100Z-701687075092600-3,[1, 1, 0]
2025-12-11T15:09:37.251312100Z-701687312489500-in2
2025-12-11T15:09:37.251312100Z-701687312595400-0,[I@4958e091
2025-12-11T15:09:37.251312100Z-701687312603700-1,[I@4958e091
2025-12-11T15:09:37.251312100Z-701687312609400-2,[I@4958e091
2025-12-11T15:09:37.251312100Z-701687312617700-3,[1, 1, 0]
2025-12-11T15:09:37.856506500Z-701687917928700-true
2025-12-11T15:09:37.856506500Z-701687918126100-in
2025-12-11T15:09:37.856506500Z-701687918167600-0,[1]
2025-12-11T15:09:37.856506500Z-701687918234200-in
2025-12-11T15:09:37.856506500Z-701687918248700-0,[1]
2025-12-11T15:09:37.856506500Z-701687918269400-in
2025-12-11T15:09:37.856506500Z-701687918275500-0,[1]
2025-12-11T15:09:37.903618900Z-701687965489700-false
2025-12-11T15:09:38.406367600Z-701688467924700-in2
2025-12-11T15:09:38.406367600Z-701688468035100-0,[I@4958e091
2025-12-11T15:09:38.406367600Z-701688468045900-1,[I@4958e091
2025-12-11T15:09:38.406367600Z-701688468051400-2,[I@4958e091
2025-12-11T15:09:38.406367600Z-701688468060900-5,[1, 2, 0]
2025-12-11T15:09:38.433366500Z-701688494894500-in2
2025-12-11T15:09:38.433366500Z-701688495007300-0,[I@4958e091
2025-12-11T15:09:38.433366500Z-701688495016900-1,[I@4958e091
2025-12-11T15:09:38.433366500Z-701688495022400-2,[I@4958e091
2025-12-11T15:09:38.433366500Z-701688495031200-5,[1, 2, 0]
2025-12-11T15:09:38.568890500Z-701688630396400-in2
2025-12-11T15:09:38.568890500Z-701688630494300-0,[I@4958e091
2025-12-11T15:09:38.568890500Z-701688630503600-1,[I@4958e091
2025-12-11T15:09:38.568890500Z-701688630509000-2,[I@4958e091
2025-12-11T15:09:38.568890500Z-701688630517400-5,[1, 2, 0]
2025-12-11T15:09:38.876851700Z-701688938510600-in2
2025-12-11T15:09:38.876851700Z-701688938617200-0,[I@4958e091
2025-12-11T15:09:38.876851700Z-701688938627300-1,[I@4958e091
2025-12-11T15:09:38.876851700Z-701688938632800-2,[I@4958e091
2025-12-11T15:09:38.876851700Z-701688938640800-5,[1, 2, 0]
2025-12-11T15:09:38.919357700Z-701688981046700-in2
2025-12-11T15:09:38.919357700Z-701688981174900-0,[I@4958e091
2025-12-11T15:09:38.919357700Z-701688981191600-1,[I@4958e091
2025-12-11T15:09:38.919357700Z-701688981197900-2,[I@4958e091
2025-12-11T15:09:38.919357700Z-701688981210200-5,[1, 2, 0]
2025-12-11T15:09:39.080881300Z-701689142450200-in2
2025-12-11T15:09:39.080881300Z-701689142552700-0,[I@4958e091
2025-12-11T15:09:39.080881300Z-701689142562200-1,[I@4958e091
2025-12-11T15:09:39.080881300Z-701689142571300-2,[I@4958e091
2025-12-11T15:09:39.080881300Z-701689142587900-3,[1, 1, 0]
2025-12-11T15:09:39.986752700Z-701690048169300-in2
2025-12-11T15:09:39.986752700Z-701690048270800-0,[I@4958e091
2025-12-11T15:09:39.986752700Z-701690048279300-1,[I@4958e091
2025-12-11T15:09:39.986752700Z-701690048285100-2,[I@4958e091
2025-12-11T15:09:39.986752700Z-701690048293600-3,[1, 1, 0]
2025-12-11T15:09:40.010014200Z-701690071340200-in2
2025-12-11T15:09:40.010014200Z-701690071437300-0,[I@4958e091
2025-12-11T15:09:40.010014200Z-701690071446100-1,[I@4958e091
2025-12-11T15:09:40.010014200Z-701690071451600-2,[I@4958e091
2025-12-11T15:09:40.010014200Z-701690071459900-1,[1, 0, 0]
2025-12-11T15:09:40.084879800Z-701690146067200-in2
2025-12-11T15:09:40.084879800Z-701690146197800-0,[I@4958e091
2025-12-11T15:09:40.084879800Z-701690146211800-1,[I@4958e091
2025-12-11T15:09:40.084879800Z-701690146219600-2,[I@4958e091
2025-12-11T15:09:40.084879800Z-701690146229900-2,[0, 1, 0]
2025-12-11T15:09:43.309479Z-701693371483800-false
2025-12-11T15:09:43.310481200Z-701693371989000-in
2025-12-11T15:09:43.310481200Z-701693372047200-0,[0, 1]
2025-12-11T15:09:43.310481200Z-701693372054200-1,[0, 1]
2025-12-11T15:09:43.310481200Z-701693372060600-0
2025-12-11T15:09:43.310481200Z-701693372131800-in
2025-12-11T15:09:43.310481200Z-701693372138400-0,[0, 1]
2025-12-11T15:09:43.310481200Z-701693372144100-1,[0, 1]
2025-12-11T15:09:43.310481200Z-701693372148800-2
2025-12-11T15:09:43.310481200Z-701693372207400-in
2025-12-11T15:09:43.310481200Z-701693372214800-0,[0, 1]
2025-12-11T15:09:43.310481200Z-701693372219900-1,[0, 1]
2025-12-11T15:09:43.310481200Z-701693372224600-4
2025-12-11T15:09:43.310481200Z-701693372293900-in
2025-12-11T15:09:43.310481200Z-701693372328000-0,[0, 1]
2025-12-11T15:09:43.310481200Z-701693372335500-1,[0, 1]
2025-12-11T15:09:43.310481200Z-701693372343400-1
2025-12-11T15:09:43.310481200Z-701693372388100-in
2025-12-11T15:09:43.310481200Z-701693372396100-0,[0, 1]
2025-12-11T15:09:43.310481200Z-701693372401400-1,[0, 1]
2025-12-11T15:09:43.310481200Z-701693372406200-3
2025-12-11T15:09:43.310481200Z-701693372425400-in
2025-12-11T15:09:43.310481200Z-701693372437700-0,[0, 1]
2025-12-11T15:09:43.310481200Z-701693372446600-1,[0, 1]
2025-12-11T15:09:43.310481200Z-701693372451300-5
2025-12-11T15:09:43.404648100Z-701693466176400-false
2025-12-11T15:09:43.888161700Z-701693950053900-in2
2025-12-11T15:09:43.888161700Z-701693950193400-0,[I@4958e091
2025-12-11T15:09:43.888161700Z-701693950204700-1,[I@4958e091
2025-12-11T15:09:43.888161700Z-701693950210400-2,[I@4958e091
2025-12-11T15:09:43.888161700Z-701693950219500-0,[0, 0, 0]
2025-12-11T15:09:43.949683200Z-701694011070300-in2
2025-12-11T15:09:43.949683200Z-701694011165400-0,[I@4958e091
2025-12-11T15:09:43.949683200Z-701694011174900-1,[I@4958e091
2025-12-11T15:09:43.949683200Z-701694011214900-2,[I@4958e091
2025-12-11T15:09:43.949683200Z-701694011242500-1,[1, 0, 0]
2025-12-11T15:09:44.021208900Z-701694083349800-in2
2025-12-11T15:09:44.022211400Z-701694083497100-0,[I@4958e091
2025-12-11T15:09:44.022211400Z-701694083512600-1,[I@4958e091
2025-12-11T15:09:44.022211400Z-701694083519900-2,[I@4958e091
2025-12-11T15:09:44.022211400Z-701694083539100-3,[1, 1, 0]
2025-12-11T15:09:44.679169200Z-701694741017400-in2
2025-12-11T15:09:44.679169200Z-701694741119300-0,[I@4958e091
2025-12-11T15:09:44.679169200Z-701694741128700-1,[I@4958e091
2025-12-11T15:09:44.679169200Z-701694741134100-2,[I@4958e091
2025-12-11T15:09:44.679169200Z-701694741142100-1,[1, 0, 0]
2025-12-11T15:09:44.736695Z-701694797852400-in2
2025-12-11T15:09:44.736695Z-701694797971400-0,[I@4958e091
2025-12-11T15:09:44.736695Z-701694797985800-1,[I@4958e091
2025-12-11T15:09:44.736695Z-701694797991200-2,[I@4958e091
2025-12-11T15:09:44.736695Z-701694798001600-3,[1, 1, 0]
2025-12-11T15:09:44.796233300Z-701694857561200-in2
2025-12-11T15:09:44.796233300Z-701694857657400-0,[I@4958e091
2025-12-11T15:09:44.796233300Z-701694857666400-1,[I@4958e091
2025-12-11T15:09:44.796233300Z-701694857671700-2,[I@4958e091
2025-12-11T15:09:44.796233300Z-701694857679700-2,[0, 1, 0]
2025-12-11T15:09:45.086046700Z-701695147848500-in2
2025-12-11T15:09:45.086046700Z-701695147950800-0,[I@4958e091
2025-12-11T15:09:45.086046700Z-701695147959700-1,[I@4958e091
2025-12-11T15:09:45.086046700Z-701695147965200-2,[I@4958e091
2025-12-11T15:09:45.086046700Z-701695147973400-4,[0, 2, 0]
2025-12-11T15:09:45.704799100Z-701695766525200-end