2025-12-10T19:40:53.631976700Z-631525353791600-in3
2025-12-10T19:40:53.632981600Z-631525354183000-[]
2025-12-10T19:40:53.637976900Z-631525359672200-[I@2cdf8d8a
2025-12-10T19:40:53.638978800Z-631525359995100-in3
2025-12-10T19:40:53.638978800Z-631525360179900-0
2025-12-10T19:40:53.638978800Z-631525360333300-[1]
2025-12-10T19:40:53.638978800Z-631525360536400-[I@30946e09
2025-12-10T19:40:53.638978800Z-631525360682300-1
2025-12-10T19:40:53.639979300Z-631525361167200-in3
2025-12-10T19:40:53.640980400Z-631525362568400-0
2025-12-10T19:40:53.641997600Z-631525362971500-[1]
2025-12-10T19:40:53.641997600Z-631525363590200-[I@46fbb2c1
2025-12-10T19:40:53.641997600Z-631525363780000-
2025-12-10T19:40:53.642979500Z-631525363890100-.
2025-12-10T19:40:54.225359500Z-631525948684800-false
2025-12-10T19:40:54.228357200Z-631525949244600-in
2025-12-10T19:40:54.232358900Z-631525954135000-0,[I@32d992b2
2025-12-10T19:40:54.233352900Z-631525954446400-1,[I@32d992b2
2025-12-10T19:40:54.233352900Z-631525954543400-0
2025-12-10T19:40:54.235357400Z-631525956613700-in
2025-12-10T19:40:54.235357400Z-631525956773200-0,[I@9629756
2025-12-10T19:40:54.235357400Z-631525956920500-1,[I@9629756
2025-12-10T19:40:54.235357400Z-631525957027700-2
2025-12-10T19:40:54.236355300Z-631525957197200-in
2025-12-10T19:40:54.236355300Z-631525957285800-0,[I@62ee68d8
2025-12-10T19:40:54.236355300Z-631525957407200-1,[I@62ee68d8
2025-12-10T19:40:54.236355300Z-631525957481200-4
2025-12-10T19:40:54.236355300Z-631525957559200-in
2025-12-10T19:40:54.236355300Z-631525957795800-0,[I@735b5592
2025-12-10T19:40:54.236355300Z-631525957892500-1,[I@735b5592
2025-12-10T19:40:54.236355300Z-631525958039000-1
2025-12-10T19:40:54.236355300Z-631525958139900-in
2025-12-10T19:40:54.237355800Z-631525958232600-0,[I@58651fd0
2025-12-10T19:40:54.237355800Z-631525958312200-1,[I@58651fd0
2025-12-10T19:40:54.237355800Z-631525958373300-3
2025-12-10T19:40:54.237355800Z-631525958495500-in
2025-12-10T19:40:54.237355800Z-631525958589300-0,[I@4520ebad
2025-12-10T19:40:54.237355800Z-631525958748000-1,[I@4520ebad
2025-12-10T19:40:54.237355800Z-631525958862100-5
2025-12-10T19:40:54.445747400Z-631526167269200-true
2025-12-10T19:40:55.308090800Z-631527029387000-false
2025-12-10T19:40:55.308090800Z-631527029793400-in
2025-12-10T19:40:55.309080400Z-631527029978200-0,[I@490ab905
2025-12-10T19:40:55.309080400Z-631527030115400-1,[I@490ab905
2025-12-10T19:40:55.309080400Z-631527030182300-0
2025-12-10T19:40:55.309080400Z-631527030334200-in
2025-12-10T19:40:55.309080400Z-631527030773000-0,[I@56ac3a89
2025-12-10T19:40:55.310091100Z-631527030997100-1,[I@56ac3a89
2025-12-10T19:40:55.310091100Z-631527031125000-2
2025-12-10T19:40:55.310091100Z-631527031338100-in
2025-12-10T19:40:55.310091100Z-631527031446900-0,[I@27c20538
2025-12-10T19:40:55.310091100Z-631527031513900-1,[I@27c20538
2025-12-10T19:40:55.310091100Z-631527031564100-4
2025-12-10T19:40:55.310091100Z-631527031644100-in
2025-12-10T19:40:55.310091100Z-631527031711400-0,[I@72d818d1
2025-12-10T19:40:55.310091100Z-631527031840100-1,[I@72d818d1
2025-12-10T19:40:55.311074300Z-631527031949100-1
2025-12-10T19:40:55.311074300Z-631527032044900-in
2025-12-10T19:40:55.311074300Z-631527032112900-0,[I@6e06451e
2025-12-10T19:40:55.311074300Z-631527032176900-1,[I@6e06451e
2025-12-10T19:40:55.311074300Z-631527032226500-3
2025-12-10T19:40:55.311074300Z-631527032283800-in
2025-12-10T19:40:55.311074300Z-631527032345900-0,[I@59494225
2025-12-10T19:40:55.311074300Z-631527032419400-1,[I@59494225
2025-12-10T19:40:55.311074300Z-631527032733100-5
2025-12-10T19:40:56.324123900Z-631528045404000-false
2025-12-10T19:40:56.324123900Z-631528045687800-in
2025-12-10T19:40:56.324123900Z-631528045820400-0,[I@6325a3ee
2025-12-10T19:40:56.325108800Z-631528045904900-1,[I@6325a3ee
2025-12-10T19:40:56.325108800Z-631528045955400-0
2025-12-10T19:40:56.325108800Z-631528046061300-in
2025-12-10T19:40:56.325108800Z-631528046197200-0,[I@1d16f93d
2025-12-10T19:40:56.325108800Z-631528046325000-1,[I@1d16f93d
2025-12-10T19:40:56.325108800Z-631528046425500-2
2025-12-10T19:40:56.325108800Z-631528046653200-in
2025-12-10T19:40:56.325108800Z-631528046749700-0,[I@67b92f0a
2025-12-10T19:40:56.325108800Z-631528046875000-1,[I@67b92f0a
2025-12-10T19:40:56.326108600Z-631528046936500-4
2025-12-10T19:40:56.326108600Z-631528047152300-in
2025-12-10T19:40:56.326108600Z-631528047326900-0,[I@2b9627bc
2025-12-10T19:40:56.326108600Z-631528047401700-1,[I@2b9627bc
2025-12-10T19:40:56.326108600Z-631528047588600-1
2025-12-10T19:40:56.326108600Z-631528047759600-in
2025-12-10T19:40:56.326108600Z-631528047818400-0,[I@65e2dbf3
2025-12-10T19:40:56.326108600Z-631528047884800-1,[I@65e2dbf3
2025-12-10T19:40:56.327110200Z-631528048005700-3
2025-12-10T19:40:56.327110200Z-631528048051800-in
2025-12-10T19:40:56.327110200Z-631528048157900-0,[I@4f970963
2025-12-10T19:40:56.327110200Z-631528048216600-1,[I@4f970963
2025-12-10T19:40:56.327110200Z-631528048260900-5
2025-12-10T19:40:59.026384Z-631530747650500-in2
2025-12-10T19:40:59.027364700Z-631530748246500-0,[I@3fb23586
2025-12-10T19:40:59.027364700Z-631530748429000-1,[I@3fb23586
2025-12-10T19:40:59.027364700Z-631530748530800-2,[I@3fb23586
2025-12-10T19:40:59.027364700Z-631530748745800-3,[1, 1, 0]
2025-12-10T19:40:59.083415700Z-631530804829800-in2
2025-12-10T19:40:59.083415700Z-631530805072000-0,[I@3fb23586
2025-12-10T19:40:59.084416Z-631530805234600-1,[I@3fb23586
2025-12-10T19:40:59.084416Z-631530805381200-2,[I@3fb23586
2025-12-10T19:40:59.084416Z-631530805489900-2,[0, 1, 0]
2025-12-10T19:41:00.599020300Z-631532320375300-in2
2025-12-10T19:41:00.599020300Z-631532320611400-0,[I@3fb23586
2025-12-10T19:41:00.599020300Z-631532320687500-1,[I@3fb23586
2025-12-10T19:41:00.599020300Z-631532320730800-2,[I@3fb23586
2025-12-10T19:41:00.599020300Z-631532320769900-2,[0, 1, 0]
2025-12-10T19:41:00.677713700Z-631532399480900-in2
2025-12-10T19:41:00.678721900Z-631532399699600-0,[I@3fb23586
2025-12-10T19:41:00.678721900Z-631532399746700-1,[I@3fb23586
2025-12-10T19:41:00.678721900Z-631532399786300-2,[I@3fb23586
2025-12-10T19:41:00.678721900Z-631532399823600-2,[0, 1, 0]
2025-12-10T19:41:01.445140Z-631533166143300-false
2025-12-10T19:41:01.445140Z-631533166508100-in
2025-12-10T19:41:01.445140Z-631533166625200-0,[I@12e5310b
2025-12-10T19:41:01.445140Z-631533166674900-1,[I@12e5310b
2025-12-10T19:41:01.445140Z-631533166710700-0
2025-12-10T19:41:01.445140Z-631533166786400-in
2025-12-10T19:41:01.445140Z-631533166823800-0,[I@22c00359
2025-12-10T19:41:01.445140Z-631533166859400-1,[I@22c00359
2025-12-10T19:41:01.445140Z-631533166891600-2
2025-12-10T19:41:01.445140Z-631533166931100-in
2025-12-10T19:41:01.445140Z-631533167025800-0,[I@486d14e2
2025-12-10T19:41:01.445140Z-631533167067500-1,[I@486d14e2
2025-12-10T19:41:01.445140Z-631533167100500-4
2025-12-10T19:41:01.445140Z-631533167194400-in
2025-12-10T19:41:01.445140Z-631533167250900-0,[I@20dbd763
2025-12-10T19:41:01.445140Z-631533167306800-1,[I@20dbd763
2025-12-10T19:41:01.445140Z-631533167371600-1
2025-12-10T19:41:01.446600Z-631533167436000-in
2025-12-10T19:41:01.446600Z-631533167484200-0,[I@1b0dc71a
2025-12-10T19:41:01.446600Z-631533167533600-1,[I@1b0dc71a
2025-12-10T19:41:01.446600Z-631533167618000-3
2025-12-10T19:41:01.446600Z-631533167747500-in
2025-12-10T19:41:01.446600Z-631533167831700-0,[I@39f5d5e9
2025-12-10T19:41:01.446600Z-631533167874200-1,[I@39f5d5e9
2025-12-10T19:41:01.446600Z-631533167915400-5
2025-12-10T19:41:01.585997800Z-631533307400200-false
2025-12-10T19:41:01.644241800Z-631533365679400-in2
2025-12-10T19:41:01.644241800Z-631533365972700-0,[I@3fb23586
2025-12-10T19:41:01.644241800Z-631533366025700-1,[I@3fb23586
2025-12-10T19:41:01.645255100Z-631533366065100-2,[I@3fb23586
2025-12-10T19:41:01.645255100Z-631533366103200-3,[1, 1, 0]
2025-12-10T19:41:01.691273700Z-631533412747100-in2
2025-12-10T19:41:01.691273700Z-631533412998300-0,[I@3fb23586
2025-12-10T19:41:01.691273700Z-631533413088900-1,[I@3fb23586
2025-12-10T19:41:01.692375700Z-631533413217700-2,[I@3fb23586
2025-12-10T19:41:01.692375700Z-631533413295000-5,[1, 2, 0]
2025-12-10T19:41:01.730189700Z-631533452251000-in2
2025-12-10T19:41:01.731683500Z-631533452594600-0,[I@3fb23586
2025-12-10T19:41:01.731683500Z-631533452663800-1,[I@3fb23586
2025-12-10T19:41:01.731683500Z-631533452711800-2,[I@3fb23586
2025-12-10T19:41:01.731683500Z-631533452763500-4,[0, 2, 0]
2025-12-10T19:41:02.900770Z-631534622057900-in2
2025-12-10T19:41:02.900770Z-631534622365500-0,[I@3fb23586
2025-12-10T19:41:02.900770Z-631534622470200-1,[I@3fb23586
2025-12-10T19:41:02.900770Z-631534622514500-2,[I@3fb23586
2025-12-10T19:41:02.900770Z-631534622555400-3,[1, 1, 0]
2025-12-10T19:41:02.956349400Z-631534678168700-in2
2025-12-10T19:41:02.956349400Z-631534678383800-0,[I@3fb23586
2025-12-10T19:41:02.956349400Z-631534678448700-1,[I@3fb23586
2025-12-10T19:41:02.956349400Z-631534678494300-2,[I@3fb23586
2025-12-10T19:41:02.956349400Z-631534678529000-2,[0, 1, 0]
2025-12-10T19:41:03.228930400Z-631534950296500-in2
2025-12-10T19:41:03.228930400Z-631534950514600-0,[I@3fb23586
2025-12-10T19:41:03.228930400Z-631534950561900-1,[I@3fb23586
2025-12-10T19:41:03.228930400Z-631534950595800-2,[I@3fb23586
2025-12-10T19:41:03.228930400Z-631534950631300-2,[0, 1, 0]
2025-12-10T19:41:03.379264400Z-631535101179000-in2
2025-12-10T19:41:03.379264400Z-631535101403400-0,[I@3fb23586
2025-12-10T19:41:03.379264400Z-631535101457300-1,[I@3fb23586
2025-12-10T19:41:03.380675Z-631535101501400-2,[I@3fb23586
2025-12-10T19:41:03.380675Z-631535101539300-2,[0, 1, 0]
2025-12-10T19:41:03.683428700Z-631535405588800-false
2025-12-10T19:41:03.684803Z-631535405938600-in
2025-12-10T19:41:03.684803Z-631535406116500-0,[I@2e1a3115
2025-12-10T19:41:03.684803Z-631535406234700-1,[I@2e1a3115
2025-12-10T19:41:03.684803Z-631535406401200-0
2025-12-10T19:41:03.684803Z-631535406550900-in
2025-12-10T19:41:03.685804200Z-631535406618300-0,[I@6f3a9ae3
2025-12-10T19:41:03.685804200Z-631535406760400-1,[I@6f3a9ae3
2025-12-10T19:41:03.685804200Z-631535406830000-2
2025-12-10T19:41:03.685804200Z-631535406945600-in
2025-12-10T19:41:03.685804200Z-631535407035500-0,[I@66a26589
2025-12-10T19:41:03.685804200Z-631535407141900-1,[I@66a26589
2025-12-10T19:41:03.685804200Z-631535407197300-4
2025-12-10T19:41:03.685804200Z-631535407305300-in
2025-12-10T19:41:03.685804200Z-631535407388400-0,[I@3c35e1f9
2025-12-10T19:41:03.685804200Z-631535407451100-1,[I@3c35e1f9
2025-12-10T19:41:03.685804200Z-631535407561700-1
2025-12-10T19:41:03.685804200Z-631535407658700-in
2025-12-10T19:41:03.686946100Z-631535407762200-0,[I@43d8edf3
2025-12-10T19:41:03.686946100Z-631535407899400-1,[I@43d8edf3
2025-12-10T19:41:03.686946100Z-631535407984900-3
2025-12-10T19:41:03.686946100Z-631535408088800-in
2025-12-10T19:41:03.686946100Z-631535408151600-0,[I@788e8ae9
2025-12-10T19:41:03.686946100Z-631535408201000-1,[I@788e8ae9
2025-12-10T19:41:03.686946100Z-631535408243000-5
2025-12-10T19:41:04.358649900Z-631536080044900-in2
2025-12-10T19:41:04.358649900Z-631536080315400-0,[I@3fb23586
2025-12-10T19:41:04.358649900Z-631536080366700-1,[I@3fb23586
2025-12-10T19:41:04.358649900Z-631536080407100-2,[I@3fb23586
2025-12-10T19:41:04.359645200Z-631536080510600-4,[0, 2, 0]
2025-12-10T19:41:07.514327Z-631539235226900-end