2026-01-16T16:43:17.959137400Z-1553043564161200-in3
2026-01-16T16:43:17.960135200Z-1553043564635200-tic_tac_toc$game$kit_with_logger$$Lambda/0x0000021ee800b430@67424e82
2026-01-16T16:43:17.960135200Z-1553043564832300-1732398722
2026-01-16T16:43:17.960135200Z-1553043564954700-[]
2026-01-16T16:43:17.966135400Z-1553043570894800-[I@443b7951
2026-01-16T16:43:17.966135400Z-1553043571241000-in3
2026-01-16T16:43:17.966135400Z-1553043571433800-tic_tac_toc$game$kit_with_logger$$Lambda/0x0000021ee800b430@14514713
2026-01-16T16:43:17.967135400Z-1553043571627700-340870931
2026-01-16T16:43:17.967135400Z-1553043571762000-0
2026-01-16T16:43:17.967135400Z-1553043571892400-[]
2026-01-16T16:43:17.968135500Z-1553043572956900-before:[]
2026-01-16T16:43:17.969135300Z-1553043573631200-1
2026-01-16T16:43:17.969135300Z-1553043573822700-0
2026-01-16T16:43:17.969135300Z-1553043574072600-[1]
2026-01-16T16:43:17.969135300Z-1553043574309200-after:[1]
2026-01-16T16:43:17.970135600Z-1553043574533000-1
2026-01-16T16:43:17.970135600Z-1553043574756900-1
2026-01-16T16:43:17.970135600Z-1553043574851300-[1]
2026-01-16T16:43:17.970135600Z-1553043575007800-[I@5b37e0d2
2026-01-16T16:43:17.970135600Z-1553043575168900-1
2026-01-16T16:43:17.971135400Z-1553043575857700-in3
2026-01-16T16:43:17.971135400Z-1553043576020500-tic_tac_toc$game$kit_with_logger$$Lambda/0x0000021ee800b878@5a2e4553
2026-01-16T16:43:17.971135400Z-1553043576144100-1512981843
2026-01-16T16:43:17.971135400Z-1553043576241600-0
2026-01-16T16:43:17.971135400Z-1553043576333800-[]
2026-01-16T16:43:17.971135400Z-1553043576512900-before:[]
2026-01-16T16:43:17.972135300Z-1553043576632600-1
2026-01-16T16:43:17.972135300Z-1553043576734600-0
2026-01-16T16:43:17.972135300Z-1553043576905400-[1]
2026-01-16T16:43:17.972135300Z-1553043577117300-after:[1]
2026-01-16T16:43:17.972135300Z-1553043577362200-1
2026-01-16T16:43:17.972135300Z-1553043577499400-1
2026-01-16T16:43:17.973135700Z-1553043577643900-[1]
2026-01-16T16:43:17.973135700Z-1553043577791400-[I@28c97a5
2026-01-16T16:43:17.973135700Z-1553043577936700-
2026-01-16T16:43:17.973135700Z-1553043578038200-.
2026-01-16T16:43:19.755967500Z-1553045360652600-false
2026-01-16T16:43:19.761190500Z-1553045367207200-in
2026-01-16T16:43:19.767761200Z-1553045373037400-0,[0, 1]
2026-01-16T16:43:19.767761200Z-1553045373330100-1,[0, 1]
2026-01-16T16:43:19.767761200Z-1553045373519000-0
2026-01-16T16:43:19.772568600Z-1553045378136300-in
2026-01-16T16:43:19.772568600Z-1553045378450300-0,[0, 1]
2026-01-16T16:43:19.774160600Z-1553045378578000-1,[0, 1]
2026-01-16T16:43:19.774160600Z-1553045378779800-2
2026-01-16T16:43:19.774160600Z-1553045379102500-in
2026-01-16T16:43:19.774160600Z-1553045379412600-0,[0, 1]
2026-01-16T16:43:19.775192300Z-1553045379585700-1,[0, 1]
2026-01-16T16:43:19.775192300Z-1553045379732200-4
2026-01-16T16:43:19.775192300Z-1553045379960200-in
2026-01-16T16:43:19.775192300Z-1553045380081200-0,[0, 1]
2026-01-16T16:43:19.775192300Z-1553045380161600-1,[0, 1]
2026-01-16T16:43:19.775192300Z-1553045380226000-1
2026-01-16T16:43:19.775192300Z-1553045380420900-in
2026-01-16T16:43:19.776187900Z-1553045380593000-0,[0, 1]
2026-01-16T16:43:19.776187900Z-1553045380699600-1,[0, 1]
2026-01-16T16:43:19.776187900Z-1553045381215800-3
2026-01-16T16:43:19.777171200Z-1553045382216400-in
2026-01-16T16:43:19.777171200Z-1553045382377600-0,[0, 1]
2026-01-16T16:43:19.777171200Z-1553045382478600-1,[0, 1]
2026-01-16T16:43:19.778168700Z-1553045382561900-5
2026-01-16T16:43:20.077586500Z-1553045682456100-true
2026-01-16T16:43:21.609869900Z-1553047214418000-false
2026-01-16T16:43:21.609869900Z-1553047215059600-in
2026-01-16T16:43:21.610870200Z-1553047215272500-0,[0, 1]
2026-01-16T16:43:21.610870200Z-1553047215357600-1,[0, 1]
2026-01-16T16:43:21.610870200Z-1553047215428700-0
2026-01-16T16:43:21.610870200Z-1553047215668800-in
2026-01-16T16:43:21.610870200Z-1553047215795800-0,[0, 1]
2026-01-16T16:43:21.610870200Z-1553047215902700-1,[0, 1]
2026-01-16T16:43:21.610870200Z-1553047215988400-2
2026-01-16T16:43:21.610870200Z-1553047216190200-in
2026-01-16T16:43:21.611871300Z-1553047216455100-0,[0, 1]
2026-01-16T16:43:21.611871300Z-1553047216557100-1,[0, 1]
2026-01-16T16:43:21.611871300Z-1553047216635100-4
2026-01-16T16:43:21.611871300Z-1553047217112700-in
2026-01-16T16:43:21.612871700Z-1553047217336400-0,[0, 1]
2026-01-16T16:43:21.612871700Z-1553047217468300-1,[0, 1]
2026-01-16T16:43:21.612871700Z-1553047217597400-1
2026-01-16T16:43:21.612871700Z-1553047217851600-in
2026-01-16T16:43:21.612871700Z-1553047218177000-0,[0, 1]
2026-01-16T16:43:21.613870200Z-1553047218432600-1,[0, 1]
2026-01-16T16:43:21.613870200Z-1553047218573900-3
2026-01-16T16:43:21.613870200Z-1553047218795900-in
2026-01-16T16:43:21.613870200Z-1553047219062300-0,[0, 1]
2026-01-16T16:43:21.613870200Z-1553047219203500-1,[0, 1]
2026-01-16T16:43:21.614892800Z-1553047219290200-5
2026-01-16T16:43:22.598378700Z-1553048203477500-false
2026-01-16T16:43:22.599378900Z-1553048204423700-in
2026-01-16T16:43:22.599378900Z-1553048204695300-0,[0, 1]
2026-01-16T16:43:22.600378700Z-1553048204874200-1,[0, 1]
2026-01-16T16:43:22.600378700Z-1553048204993100-0
2026-01-16T16:43:22.600378700Z-1553048205587400-in
2026-01-16T16:43:22.601378700Z-1553048205772500-0,[0, 1]
2026-01-16T16:43:22.601378700Z-1553048206068900-1,[0, 1]
2026-01-16T16:43:22.601378700Z-1553048206209500-2
2026-01-16T16:43:22.601378700Z-1553048206525600-in
2026-01-16T16:43:22.602374500Z-1553048206892500-0,[0, 1]
2026-01-16T16:43:22.602374500Z-1553048207066200-1,[0, 1]
2026-01-16T16:43:22.602374500Z-1553048207194800-4
2026-01-16T16:43:22.602374500Z-1553048207412300-in
2026-01-16T16:43:22.602374500Z-1553048207504000-0,[0, 1]
2026-01-16T16:43:22.603374600Z-1553048207845800-1,[0, 1]
2026-01-16T16:43:22.603374600Z-1553048208000000-1
2026-01-16T16:43:22.603374600Z-1553048208301800-in
2026-01-16T16:43:22.603374600Z-1553048208423700-0,[0, 1]
2026-01-16T16:43:22.603374600Z-1553048208688400-1,[0, 1]
2026-01-16T16:43:22.604378500Z-1553048208917600-3
2026-01-16T16:43:22.604378500Z-1553048209231500-in
2026-01-16T16:43:22.604378500Z-1553048209392500-0,[0, 1]
2026-01-16T16:43:22.604378500Z-1553048209545800-1,[0, 1]
2026-01-16T16:43:22.604378500Z-1553048209680900-5
2026-01-16T16:43:24.420022500Z-1553050024578400-in2
2026-01-16T16:43:24.420022500Z-1553050025143100-0,[I@4829d230
2026-01-16T16:43:24.420022500Z-1553050025257600-1,[I@4829d230
2026-01-16T16:43:24.420022500Z-1553050025335100-2,[I@4829d230
2026-01-16T16:43:24.421021Z-1553050025518600-3,[1, 1, 0]
2026-01-16T16:43:24.529339Z-1553050134421600-in2
2026-01-16T16:43:24.530320300Z-1553050134827000-0,[I@4829d230
2026-01-16T16:43:24.530320300Z-1553050135009800-1,[I@4829d230
2026-01-16T16:43:24.530320300Z-1553050135107100-2,[I@4829d230
2026-01-16T16:43:24.530320300Z-1553050135271500-2,[0, 1, 0]
2026-01-16T16:43:26.561436200Z-1553052166445400-in2
2026-01-16T16:43:26.562436200Z-1553052167190700-0,[I@4829d230
2026-01-16T16:43:26.562436200Z-1553052167508600-1,[I@4829d230
2026-01-16T16:43:26.562436200Z-1553052167675800-2,[I@4829d230
2026-01-16T16:43:26.563435900Z-1553052167961600-2,[0, 1, 0]
2026-01-16T16:43:26.632462900Z-1553052237613100-in2
2026-01-16T16:43:26.633463Z-1553052238068400-0,[I@4829d230
2026-01-16T16:43:26.633463Z-1553052238249500-1,[I@4829d230
2026-01-16T16:43:26.633463Z-1553052238421700-2,[I@4829d230
2026-01-16T16:43:26.633463Z-1553052238565400-4,[0, 2, 0]
2026-01-16T16:43:27.605774600Z-1553053210807200-in2
2026-01-16T16:43:27.606774400Z-1553053211278600-0,[I@4829d230
2026-01-16T16:43:27.606774400Z-1553053211597900-1,[I@4829d230
2026-01-16T16:43:27.606774400Z-1553053211748700-2,[I@4829d230
2026-01-16T16:43:27.606774400Z-1553053211935000-5,[1, 2, 0]
2026-01-16T16:43:27.697667800Z-1553053302609600-in2
2026-01-16T16:43:27.697667800Z-1553053302937400-0,[I@4829d230
2026-01-16T16:43:27.698668100Z-1553053303031900-1,[I@4829d230
2026-01-16T16:43:27.698668100Z-1553053303239400-2,[I@4829d230
2026-01-16T16:43:27.698668100Z-1553053303407500-3,[1, 1, 0]
2026-01-16T16:43:27.740690800Z-1553053345407200-in2
2026-01-16T16:43:27.741203Z-1553053345842500-0,[I@4829d230
2026-01-16T16:43:27.741203Z-1553053346159200-1,[I@4829d230
2026-01-16T16:43:27.741203Z-1553053346273400-2,[I@4829d230
2026-01-16T16:43:27.741203Z-1553053346353800-2,[0, 1, 0]
2026-01-16T16:43:28.370811900Z-1553053975808800-in2
2026-01-16T16:43:28.370811900Z-1553053976178100-0,[I@4829d230
2026-01-16T16:43:28.371812300Z-1553053976339900-1,[I@4829d230
2026-01-16T16:43:28.371812300Z-1553053976464300-2,[I@4829d230
2026-01-16T16:43:28.371812300Z-1553053976539400-2,[0, 1, 0]
2026-01-16T16:43:28.609692600Z-1553054214732900-in2
2026-01-16T16:43:28.609692600Z-1553054215016200-0,[I@4829d230
2026-01-16T16:43:28.610680900Z-1553054215113800-1,[I@4829d230
2026-01-16T16:43:28.610680900Z-1553054215394400-2,[I@4829d230
2026-01-16T16:43:28.610680900Z-1553054215526600-0,[0, 0, 0]
2026-01-16T16:43:28.818639800Z-1553054423787200-in2
2026-01-16T16:43:28.819638600Z-1553054424149800-0,[I@4829d230
2026-01-16T16:43:28.819638600Z-1553054424307000-1,[I@4829d230
2026-01-16T16:43:28.819638600Z-1553054424402300-2,[I@4829d230
2026-01-16T16:43:28.819638600Z-1553054424482300-0,[0, 0, 0]
2026-01-16T16:43:28.871651100Z-1553054476180400-in2
2026-01-16T16:43:28.871651100Z-1553054476432800-0,[I@4829d230
2026-01-16T16:43:28.871651100Z-1553054476505900-1,[I@4829d230
2026-01-16T16:43:28.871651100Z-1553054476563200-2,[I@4829d230
2026-01-16T16:43:28.871651100Z-1553054476618200-0,[0, 0, 0]
2026-01-16T16:43:28.955521900Z-1553054560467800-in2
2026-01-16T16:43:28.955521900Z-1553054560773200-0,[I@4829d230
2026-01-16T16:43:28.956521400Z-1553054560937700-1,[I@4829d230
2026-01-16T16:43:28.956521400Z-1553054561057000-2,[I@4829d230
2026-01-16T16:43:28.956521400Z-1553054561168900-0,[0, 0, 0]
2026-01-16T16:43:29.015572500Z-1553054620590100-in2
2026-01-16T16:43:29.015572500Z-1553054620871100-0,[I@4829d230
2026-01-16T16:43:29.016572600Z-1553054620943400-1,[I@4829d230
2026-01-16T16:43:29.016572600Z-1553054621071400-2,[I@4829d230
2026-01-16T16:43:29.016572600Z-1553054621269900-1,[1, 0, 0]
2026-01-16T16:43:29.179785500Z-1553054784981200-in2
2026-01-16T16:43:29.180785300Z-1553054785262200-0,[I@4829d230
2026-01-16T16:43:29.180785300Z-1553054785365100-1,[I@4829d230
2026-01-16T16:43:29.180785300Z-1553054785438300-2,[I@4829d230
2026-01-16T16:43:29.180785300Z-1553054785510700-2,[0, 1, 0]
2026-01-16T16:43:29.252353600Z-1553054857214400-in2
2026-01-16T16:43:29.252353600Z-1553054857528400-0,[I@4829d230
2026-01-16T16:43:29.252353600Z-1553054857621400-1,[I@4829d230
2026-01-16T16:43:29.252353600Z-1553054857698900-2,[I@4829d230
2026-01-16T16:43:29.253350100Z-1553054857772000-3,[1, 1, 0]
2026-01-16T16:43:29.366368Z-1553054971725100-in2
2026-01-16T16:43:29.367363800Z-1553054972184800-0,[I@4829d230
2026-01-16T16:43:29.367363800Z-1553054972273600-1,[I@4829d230
2026-01-16T16:43:29.367363800Z-1553054972409300-2,[I@4829d230
2026-01-16T16:43:29.367363800Z-1553054972486400-5,[1, 2, 0]
2026-01-16T16:43:31.244498300Z-1553056849119000-in2
2026-01-16T16:43:31.244498300Z-1553056849416900-0,[I@4829d230
2026-01-16T16:43:31.244498300Z-1553056849499400-1,[I@4829d230
2026-01-16T16:43:31.244498300Z-1553056849556400-2,[I@4829d230
2026-01-16T16:43:31.244498300Z-1553056849634200-5,[1, 2, 0]
2026-01-16T16:43:31.332685900Z-1553056937120100-in2
2026-01-16T16:43:31.332685900Z-1553056937546100-0,[I@4829d230
2026-01-16T16:43:31.332685900Z-1553056937730600-1,[I@4829d230
2026-01-16T16:43:31.332685900Z-1553056937844700-2,[I@4829d230
2026-01-16T16:43:31.332685900Z-1553056937982700-3,[1, 1, 0]
2026-01-16T16:43:31.407916400Z-1553057012797500-in2
2026-01-16T16:43:31.407916400Z-1553057013121500-0,[I@4829d230
2026-01-16T16:43:31.407916400Z-1553057013227700-1,[I@4829d230
2026-01-16T16:43:31.408919500Z-1553057013317200-2,[I@4829d230
2026-01-16T16:43:31.408919500Z-1553057013451500-2,[0, 1, 0]
