in3-2025-12-10T17:21:48.691734600Z-623151529338400
0-2025-12-10T17:21:48.693027200Z-623151529991200
[0]-2025-12-10T17:21:48.693027200Z-623151530418900
[I@2cdf8d8a-2025-12-10T17:21:48.702394200Z-623151539823200
0-2025-12-10T17:21:48.703676800Z-623151540205300
in3-2025-12-10T17:21:48.703676800Z-623151540916800
0-2025-12-10T17:21:48.703676800Z-623151541079900
[0]-2025-12-10T17:21:48.704687Z-623151541350000
[I@5cb0d902-2025-12-10T17:21:48.704687Z-623151541668600
-2025-12-10T17:21:48.704687Z-623151541852200
﻿--2025-12-10T17:21:48.704687Z-623151542024900
false-2025-12-10T17:21:51.842890Z-623154680311900
in-2025-12-10T17:21:51.843888300Z-623154680828500
0,[I@1810399e-2025-12-10T17:21:51.849194800Z-623154686657800
1,[I@1810399e-2025-12-10T17:21:51.850564400Z-623154687443600
0-2025-12-10T17:21:51.850564400Z-623154687648500
in-2025-12-10T17:21:51.854105Z-623154691180000
0,[I@7f9a81e8-2025-12-10T17:21:51.854105Z-623154691428700
1,[I@7f9a81e8-2025-12-10T17:21:51.855108Z-623154691566300
2-2025-12-10T17:21:51.855108Z-623154691680700
in-2025-12-10T17:21:51.855108Z-623154691856900
0,[I@9629756-2025-12-10T17:21:51.855108Z-623154692060000
1,[I@9629756-2025-12-10T17:21:51.855108Z-623154692160500
4-2025-12-10T17:21:51.855108Z-623154692284100
in-2025-12-10T17:21:51.855108Z-623154692483700
0,[I@62ee68d8-2025-12-10T17:21:51.856105900Z-623154692621300
1,[I@62ee68d8-2025-12-10T17:21:51.856105900Z-623154692713700
1-2025-12-10T17:21:51.856105900Z-623154693030200
in-2025-12-10T17:21:51.856105900Z-623154693293800
0,[I@735b5592-2025-12-10T17:21:51.856105900Z-623154693486600
1,[I@735b5592-2025-12-10T17:21:51.857109600Z-623154693708000
3-2025-12-10T17:21:51.857109600Z-623154693876400
in-2025-12-10T17:21:51.857109600Z-623154694063300
0,[I@58651fd0-2025-12-10T17:21:51.857109600Z-623154694191300
1,[I@58651fd0-2025-12-10T17:21:51.857109600Z-623154694379100
5-2025-12-10T17:21:51.857983900Z-623154694602700
true-2025-12-10T17:21:52.426512800Z-623155263049400
false-2025-12-10T17:21:54.739113600Z-623157576592700
in-2025-12-10T17:21:54.739113600Z-623157577195900
0,[I@1e397ed7-2025-12-10T17:21:54.739113600Z-623157577458300
1,[I@1e397ed7-2025-12-10T17:21:54.739113600Z-623157577568000
0-2025-12-10T17:21:54.739113600Z-623157577687900
in-2025-12-10T17:21:54.739113600Z-623157577980500
0,[I@490ab905-2025-12-10T17:21:54.739113600Z-623157578492600
1,[I@490ab905-2025-12-10T17:21:54.739113600Z-623157578750300
2-2025-12-10T17:21:54.739113600Z-623157578857300
in-2025-12-10T17:21:54.739113600Z-623157579089500
0,[I@56ac3a89-2025-12-10T17:21:54.739113600Z-623157579275700
1,[I@56ac3a89-2025-12-10T17:21:54.739113600Z-623157579359000
4-2025-12-10T17:21:54.739113600Z-623157579432300
in-2025-12-10T17:21:54.739113600Z-623157579555900
0,[I@27c20538-2025-12-10T17:21:54.743195700Z-623157579682100
1,[I@27c20538-2025-12-10T17:21:54.743195700Z-623157579764300
1-2025-12-10T17:21:54.743195700Z-623157579847800
in-2025-12-10T17:21:54.743195700Z-623157579951800
0,[I@72d818d1-2025-12-10T17:21:54.743195700Z-623157580041700
1,[I@72d818d1-2025-12-10T17:21:54.743195700Z-623157580128700
3-2025-12-10T17:21:54.743195700Z-623157580233900
in-2025-12-10T17:21:54.743195700Z-623157580335300
0,[I@6e06451e-2025-12-10T17:21:54.743195700Z-623157580432200
1,[I@6e06451e-2025-12-10T17:21:54.743195700Z-623157580543700
5-2025-12-10T17:21:54.743195700Z-623157580684500
false-2025-12-10T17:21:55.882901300Z-623158720577300
in-2025-12-10T17:21:55.882901300Z-623158721040000
0,[I@3a5ed7a6-2025-12-10T17:21:55.882901300Z-623158721225300
1,[I@3a5ed7a6-2025-12-10T17:21:55.882901300Z-623158721610700
0-2025-12-10T17:21:55.882901300Z-623158721774700
in-2025-12-10T17:21:55.882901300Z-623158721947300
0,[I@6325a3ee-2025-12-10T17:21:55.882901300Z-623158722058200
1,[I@6325a3ee-2025-12-10T17:21:55.882901300Z-623158722144000
2-2025-12-10T17:21:55.882901300Z-623158722216900
in-2025-12-10T17:21:55.882901300Z-623158722332800
0,[I@1d16f93d-2025-12-10T17:21:55.882901300Z-623158722512000
1,[I@1d16f93d-2025-12-10T17:21:55.882901300Z-623158722753700
4-2025-12-10T17:21:55.882901300Z-623158722852700
in-2025-12-10T17:21:55.882901300Z-623158723056000
0,[I@67b92f0a-2025-12-10T17:21:55.882901300Z-623158723189700
1,[I@67b92f0a-2025-12-10T17:21:55.882901300Z-623158723279400
1-2025-12-10T17:21:55.882901300Z-623158723357000
in-2025-12-10T17:21:55.882901300Z-623158723443300
0,[I@2b9627bc-2025-12-10T17:21:55.882901300Z-623158723550400
1,[I@2b9627bc-2025-12-10T17:21:55.882901300Z-623158723710500
3-2025-12-10T17:21:55.882901300Z-623158723849200
in-2025-12-10T17:21:55.882901300Z-623158723962700
0,[I@65e2dbf3-2025-12-10T17:21:55.882901300Z-623158724038200
1,[I@65e2dbf3-2025-12-10T17:21:55.882901300Z-623158724103500
5-2025-12-10T17:21:55.887724400Z-623158724189500
in2-2025-12-10T17:21:58.026313300Z-623160863458000
0,[I@30af76bc-2025-12-10T17:21:58.027503200Z-623160864230200
1,[I@30af76bc-2025-12-10T17:21:58.027503200Z-623160864489900
2,[I@30af76bc-2025-12-10T17:21:58.027503200Z-623160864625000
3,[1, 1, 0]-2025-12-10T17:21:58.027503200Z-623160865114300
in2-2025-12-10T17:21:58.225507600Z-623161062824800
0,[I@30af76bc-2025-12-10T17:21:58.226506700Z-623161063213500
1,[I@30af76bc-2025-12-10T17:21:58.226506700Z-623161063332800
2,[I@30af76bc-2025-12-10T17:21:58.226506700Z-623161063464200
2,[0, 1, 0]-2025-12-10T17:21:58.226506700Z-623161063540900
in2-2025-12-10T17:22:01.147120100Z-623163984684100
0,[I@30af76bc-2025-12-10T17:22:01.148165700Z-623163985041500
1,[I@30af76bc-2025-12-10T17:22:01.148165700Z-623163985151700
2,[I@30af76bc-2025-12-10T17:22:01.148165700Z-623163985230900
3,[1, 1, 0]-2025-12-10T17:22:01.148165700Z-623163985375400
in2-2025-12-10T17:22:01.400192300Z-623164237204600
0,[I@30af76bc-2025-12-10T17:22:01.400192300Z-623164237761800
1,[I@30af76bc-2025-12-10T17:22:01.401311700Z-623164237880600
2,[I@30af76bc-2025-12-10T17:22:01.401311700Z-623164237960200
2,[0, 1, 0]-2025-12-10T17:22:01.401311700Z-623164238067300
in2-2025-12-10T17:22:01.988842500Z-623164825540200
0,[I@30af76bc-2025-12-10T17:22:01.988842500Z-623164825836400
1,[I@30af76bc-2025-12-10T17:22:01.988842500Z-623164825991100
2,[I@30af76bc-2025-12-10T17:22:01.988842500Z-623164826081800
2,[0, 1, 0]-2025-12-10T17:22:01.988842500Z-623164826171000
in2-2025-12-10T17:22:02.132750100Z-623164970453000
0,[I@30af76bc-2025-12-10T17:22:02.133990200Z-623164970824800
1,[I@30af76bc-2025-12-10T17:22:02.133990200Z-623164970927800
2,[I@30af76bc-2025-12-10T17:22:02.133990200Z-623164970991800
3,[1, 1, 0]-2025-12-10T17:22:02.133990200Z-623164971056200
in2-2025-12-10T17:22:02.246416Z-623165082941100
0,[I@30af76bc-2025-12-10T17:22:02.246416Z-623165083202400
1,[I@30af76bc-2025-12-10T17:22:02.246416Z-623165083287000
2,[I@30af76bc-2025-12-10T17:22:02.246416Z-623165083454500
2,[0, 1, 0]-2025-12-10T17:22:02.246416Z-623165083535500
in2-2025-12-10T17:22:02.738569300Z-623165575966300
0,[I@30af76bc-2025-12-10T17:22:02.738569300Z-623165576504200
1,[I@30af76bc-2025-12-10T17:22:02.740104800Z-623165576645500
2,[I@30af76bc-2025-12-10T17:22:02.740104800Z-623165576737900
2,[0, 1, 0]-2025-12-10T17:22:02.740104800Z-623165576900700
in2-2025-12-10T17:22:02.915963900Z-623165753003200
0,[I@30af76bc-2025-12-10T17:22:02.915963900Z-623165753349600
1,[I@30af76bc-2025-12-10T17:22:02.915963900Z-623165753448900
2,[I@30af76bc-2025-12-10T17:22:02.915963900Z-623165753558900
4,[0, 2, 0]-2025-12-10T17:22:02.915963900Z-623165753637200
false-2025-12-10T17:22:03.178013800Z-623166015982000
in-2025-12-10T17:22:03.179666200Z-623166016422000
0,[I@44ad8a24-2025-12-10T17:22:03.179666200Z-623166016563300
1,[I@44ad8a24-2025-12-10T17:22:03.179666200Z-623166016645100
0-2025-12-10T17:22:03.179666200Z-623166016839900
in-2025-12-10T17:22:03.179666200Z-623166017010200
0,[I@395802b2-2025-12-10T17:22:03.179666200Z-623166017083500
1,[I@395802b2-2025-12-10T17:22:03.179666200Z-623166017141300
2-2025-12-10T17:22:03.179666200Z-623166017193800
in-2025-12-10T17:22:03.179666200Z-623166017258800
0,[I@5575d9de-2025-12-10T17:22:03.179666200Z-623166017314900
1,[I@5575d9de-2025-12-10T17:22:03.179666200Z-623166017383400
4-2025-12-10T17:22:03.179666200Z-623166017478200
in-2025-12-10T17:22:03.179666200Z-623166017681500
0,[I@2c595b35-2025-12-10T17:22:03.179666200Z-623166017774400
1,[I@2c595b35-2025-12-10T17:22:03.179666200Z-623166017842100
1-2025-12-10T17:22:03.181457Z-623166017923800
in-2025-12-10T17:22:03.181457Z-623166018270700
0,[I@48d0830-2025-12-10T17:22:03.181457Z-623166018429800
1,[I@48d0830-2025-12-10T17:22:03.181457Z-623166018511500
3-2025-12-10T17:22:03.181457Z-623166018566600
in-2025-12-10T17:22:03.181457Z-623166018653700
0,[I@7d39d781-2025-12-10T17:22:03.181457Z-623166018715800
1,[I@7d39d781-2025-12-10T17:22:03.181457Z-623166018774100
5-2025-12-10T17:22:03.181457Z-623166018822600
in2-2025-12-10T17:22:03.534786600Z-623166371322200
0,[I@30af76bc-2025-12-10T17:22:03.534786600Z-623166371698600
1,[I@30af76bc-2025-12-10T17:22:03.534786600Z-623166371971200
2,[I@30af76bc-2025-12-10T17:22:03.534786600Z-623166372117900
4,[0, 2, 0]-2025-12-10T17:22:03.534786600Z-623166372214700
in2-2025-12-10T17:22:03.658628700Z-623166495882700
0,[I@30af76bc-2025-12-10T17:22:03.658628700Z-623166496411900
1,[I@30af76bc-2025-12-10T17:22:03.658628700Z-623166496579600
2,[I@30af76bc-2025-12-10T17:22:03.658628700Z-623166496708100
5,[1, 2, 0]-2025-12-10T17:22:03.658628700Z-623166496913000
in2-2025-12-10T17:22:03.728911700Z-623166565834200
0,[I@30af76bc-2025-12-10T17:22:03.728911700Z-623166566154100
1,[I@30af76bc-2025-12-10T17:22:03.728911700Z-623166566235400
2,[I@30af76bc-2025-12-10T17:22:03.728911700Z-623166566292000
5,[1, 2, 0]-2025-12-10T17:22:03.728911700Z-623166566455500
in2-2025-12-10T17:22:03.954747900Z-623166796997000
0,[I@30af76bc-2025-12-10T17:22:03.954747900Z-623166797293800
1,[I@30af76bc-2025-12-10T17:22:03.954747900Z-623166797380900
2,[I@30af76bc-2025-12-10T17:22:03.954747900Z-623166797497400
5,[1, 2, 0]-2025-12-10T17:22:03.954747900Z-623166797569500
in2-2025-12-10T17:22:04.226327200Z-623167063434700
0,[I@30af76bc-2025-12-10T17:22:04.226327200Z-623167063665800
1,[I@30af76bc-2025-12-10T17:22:04.226327200Z-623167063735800
2,[I@30af76bc-2025-12-10T17:22:04.226327200Z-623167063791600
5,[1, 2, 0]-2025-12-10T17:22:04.226327200Z-623167063847300
in2-2025-12-10T17:22:04.277017600Z-623167114330500
0,[I@30af76bc-2025-12-10T17:22:04.278015400Z-623167114729600
1,[I@30af76bc-2025-12-10T17:22:04.278015400Z-623167114906900
2,[I@30af76bc-2025-12-10T17:22:04.278015400Z-623167115056200
4,[0, 2, 0]-2025-12-10T17:22:04.278015400Z-623167115131200
