2025-12-13T06:18:35.257557300Z-842652470661500-in3
2025-12-13T06:18:35.258562500Z-842652471210500-[]
2025-12-13T06:18:35.265652200Z-842652478611000-[I@30946e09
2025-12-13T06:18:35.266653400Z-842652478905400-in3
2025-12-13T06:18:35.266653400Z-842652478994500-0
2025-12-13T06:18:35.266653400Z-842652479080600-[1]
2025-12-13T06:18:35.266653400Z-842652479171500-[I@5cb0d902
2025-12-13T06:18:35.266653400Z-842652479310400-1
2025-12-13T06:18:35.267161900Z-842652479917600-in3
2025-12-13T06:18:35.267161900Z-842652480025300-0
2025-12-13T06:18:35.267161900Z-842652480212300-[1]
2025-12-13T06:18:35.267161900Z-842652480359000-[I@1698c449
2025-12-13T06:18:35.267161900Z-842652480447900-
2025-12-13T06:18:35.267161900Z-842652480500900-.
2025-12-13T06:18:36.026677700Z-842653239132400-false
2025-12-13T06:18:36.030961900Z-842653243355600-in
2025-12-13T06:18:36.034990100Z-842653247418800-0,[0, 1]
2025-12-13T06:18:36.034990100Z-842653247694800-1,[0, 1]
2025-12-13T06:18:36.034990100Z-842653247797500-0
2025-12-13T06:18:36.037988700Z-842653250547900-in
2025-12-13T06:18:36.037988700Z-842653250823200-0,[0, 1]
2025-12-13T06:18:36.037988700Z-842653250889500-1,[0, 1]
2025-12-13T06:18:36.037988700Z-842653250949700-2
2025-12-13T06:18:36.038991400Z-842653251265700-in
2025-12-13T06:18:36.038991400Z-842653251453400-0,[0, 1]
2025-12-13T06:18:36.038991400Z-842653251557600-1,[0, 1]
2025-12-13T06:18:36.038991400Z-842653251631000-4
2025-12-13T06:18:36.038991400Z-842653251815100-in
2025-12-13T06:18:36.038991400Z-842653251959000-0,[0, 1]
2025-12-13T06:18:36.038991400Z-842653252023400-1,[0, 1]
2025-12-13T06:18:36.038991400Z-842653252075500-1
2025-12-13T06:18:36.038991400Z-842653252215800-in
2025-12-13T06:18:36.040089Z-842653252272200-0,[0, 1]
2025-12-13T06:18:36.040089Z-842653252335900-1,[0, 1]
2025-12-13T06:18:36.040089Z-842653252414400-3
2025-12-13T06:18:36.040089Z-842653252538200-in
2025-12-13T06:18:36.040089Z-842653252589300-0,[0, 1]
2025-12-13T06:18:36.040089Z-842653252702600-1,[0, 1]
2025-12-13T06:18:36.040089Z-842653252798600-5
2025-12-13T06:18:36.222591100Z-842653435948900-true
2025-12-13T06:18:36.590399700Z-842653802847200-false
2025-12-13T06:18:36.590399700Z-842653803270300-in
2025-12-13T06:18:36.590399700Z-842653803377000-0,[0, 1]
2025-12-13T06:18:36.590399700Z-842653803438800-1,[0, 1]
2025-12-13T06:18:36.590399700Z-842653803501300-0
2025-12-13T06:18:36.591430400Z-842653803645600-in
2025-12-13T06:18:36.591430400Z-842653803698100-0,[0, 1]
2025-12-13T06:18:36.591430400Z-842653803741500-1,[0, 1]
2025-12-13T06:18:36.591430400Z-842653803781200-2
2025-12-13T06:18:36.591430400Z-842653803864700-in
2025-12-13T06:18:36.591430400Z-842653803913800-0,[0, 1]
2025-12-13T06:18:36.591430400Z-842653803955700-1,[0, 1]
2025-12-13T06:18:36.591430400Z-842653803995900-4
2025-12-13T06:18:36.591430400Z-842653804082600-in
2025-12-13T06:18:36.591430400Z-842653804132500-0,[0, 1]
2025-12-13T06:18:36.591430400Z-842653804183000-1,[0, 1]
2025-12-13T06:18:36.591430400Z-842653804222000-1
2025-12-13T06:18:36.591430400Z-842653804353200-in
2025-12-13T06:18:36.591430400Z-842653804403200-0,[0, 1]
2025-12-13T06:18:36.591430400Z-842653804448100-1,[0, 1]
2025-12-13T06:18:36.591430400Z-842653804485800-3
2025-12-13T06:18:36.591430400Z-842653804569200-in
2025-12-13T06:18:36.591430400Z-842653804620100-0,[0, 1]
2025-12-13T06:18:36.591430400Z-842653804709000-1,[0, 1]
2025-12-13T06:18:36.591430400Z-842653804754300-5
2025-12-13T06:18:36.806772900Z-842654019760400-false
2025-12-13T06:18:36.807786600Z-842654020254000-in
2025-12-13T06:18:36.807786600Z-842654020402900-0,[0, 1]
2025-12-13T06:18:36.807786600Z-842654020465800-1,[0, 1]
2025-12-13T06:18:36.807786600Z-842654020508000-0
2025-12-13T06:18:36.807786600Z-842654020673200-in
2025-12-13T06:18:36.807786600Z-842654020733800-0,[0, 1]
2025-12-13T06:18:36.807786600Z-842654020803500-1,[0, 1]
2025-12-13T06:18:36.807786600Z-842654020845000-2
2025-12-13T06:18:36.808784900Z-842654020963100-in
2025-12-13T06:18:36.808784900Z-842654021015700-0,[0, 1]
2025-12-13T06:18:36.808784900Z-842654021072100-1,[0, 1]
2025-12-13T06:18:36.808784900Z-842654021187200-4
2025-12-13T06:18:36.808784900Z-842654021340100-in
2025-12-13T06:18:36.808784900Z-842654021407700-0,[0, 1]
2025-12-13T06:18:36.808784900Z-842654021473100-1,[0, 1]
2025-12-13T06:18:36.808784900Z-842654021666100-1
2025-12-13T06:18:36.808784900Z-842654021898400-in
2025-12-13T06:18:36.809786300Z-842654022036900-0,[0, 1]
2025-12-13T06:18:36.809786300Z-842654022183300-1,[0, 1]
2025-12-13T06:18:36.809786300Z-842654022255700-3
2025-12-13T06:18:36.809786300Z-842654022383200-in
2025-12-13T06:18:36.809786300Z-842654022453200-0,[0, 1]
2025-12-13T06:18:36.809786300Z-842654022508800-1,[0, 1]
2025-12-13T06:18:36.809786300Z-842654022553200-5
2025-12-13T06:18:41.537514100Z-842658749928600-in2
2025-12-13T06:18:41.537514100Z-842658750647600-0,[I@797b112f
2025-12-13T06:18:41.538513500Z-842658750885100-1,[I@797b112f
2025-12-13T06:18:41.538513500Z-842658751023800-2,[I@797b112f
2025-12-13T06:18:41.538513500Z-842658751388800-2,[0, 1, 0]
2025-12-13T06:18:42.857415200Z-842660069743200-in2
2025-12-13T06:18:42.857415200Z-842660069983100-0,[I@797b112f
2025-12-13T06:18:42.857415200Z-842660070093100-1,[I@797b112f
2025-12-13T06:18:42.857415200Z-842660070173500-2,[I@797b112f
2025-12-13T06:18:42.857415200Z-842660070228800-2,[0, 1, 0]
2025-12-13T06:18:42.913757600Z-842660127383100-in2
2025-12-13T06:18:42.915250600Z-842660127679400-0,[I@797b112f
2025-12-13T06:18:42.915250600Z-842660127848700-1,[I@797b112f
2025-12-13T06:18:42.915250600Z-842660127915500-2,[I@797b112f
2025-12-13T06:18:42.915250600Z-842660127966400-2,[0, 1, 0]
2025-12-13T06:18:42.986112400Z-842660199230500-in2
2025-12-13T06:18:42.986112400Z-842660199554100-0,[I@797b112f
2025-12-13T06:18:42.986112400Z-842660199629700-1,[I@797b112f
2025-12-13T06:18:42.987478Z-842660199716500-2,[I@797b112f
2025-12-13T06:18:42.987478Z-842660199811200-3,[1, 1, 0]
2025-12-13T06:18:43.047446400Z-842660259899900-in2
2025-12-13T06:18:43.047446400Z-842660260159500-0,[I@797b112f
2025-12-13T06:18:43.047446400Z-842660260217500-1,[I@797b112f
2025-12-13T06:18:43.047446400Z-842660260259900-2,[I@797b112f
2025-12-13T06:18:43.047446400Z-842660260303900-3,[1, 1, 0]
2025-12-13T06:18:43.096269200Z-842660309111700-in2
2025-12-13T06:18:43.096269200Z-842660309393700-0,[I@797b112f
2025-12-13T06:18:43.096269200Z-842660309489300-1,[I@797b112f
2025-12-13T06:18:43.096269200Z-842660309656300-2,[I@797b112f
2025-12-13T06:18:43.097517800Z-842660309746300-3,[1, 1, 0]
2025-12-13T06:18:43.649533900Z-842660862154200-in2
2025-12-13T06:18:43.649533900Z-842660862498400-0,[I@797b112f
2025-12-13T06:18:43.649533900Z-842660862553300-1,[I@797b112f
2025-12-13T06:18:43.649533900Z-842660862686000-2,[I@797b112f
2025-12-13T06:18:43.649533900Z-842660862734000-2,[0, 1, 0]
2025-12-13T06:18:44.260239700Z-842661473546400-in2
2025-12-13T06:18:44.261334700Z-842661473876600-0,[I@797b112f
2025-12-13T06:18:44.261334700Z-842661473948100-1,[I@797b112f
2025-12-13T06:18:44.261334700Z-842661473995800-2,[I@797b112f
2025-12-13T06:18:44.261334700Z-842661474041700-0,[0, 0, 0]
2025-12-13T06:18:44.699378Z-842661912442700-in2
2025-12-13T06:18:44.699378Z-842661912847700-0,[I@797b112f
2025-12-13T06:18:44.699378Z-842661912998200-1,[I@797b112f
2025-12-13T06:18:44.700851600Z-842661913078000-2,[I@797b112f
2025-12-13T06:18:44.700851600Z-842661913136400-3,[1, 1, 0]
2025-12-13T06:18:45.041620100Z-842662254660200-in2
2025-12-13T06:18:45.042769900Z-842662254981600-0,[I@797b112f
2025-12-13T06:18:45.042769900Z-842662255046100-1,[I@797b112f
2025-12-13T06:18:45.042769900Z-842662255087900-2,[I@797b112f
2025-12-13T06:18:45.042769900Z-842662255128100-5,[1, 2, 0]
2025-12-13T06:18:45.565153100Z-842662782138200-false
2025-12-13T06:18:45.565153100Z-842662782539100-in
2025-12-13T06:18:45.565153100Z-842662782623700-0,[0, 1]
2025-12-13T06:18:45.565153100Z-842662782664300-1,[0, 1]
2025-12-13T06:18:45.565153100Z-842662782715200-0
2025-12-13T06:18:45.565153100Z-842662782835000-in
2025-12-13T06:18:45.565153100Z-842662782876700-0,[0, 1]
2025-12-13T06:18:45.565153100Z-842662782912100-1,[0, 1]
2025-12-13T06:18:45.565153100Z-842662783024500-2
2025-12-13T06:18:45.565153100Z-842662783117400-in
2025-12-13T06:18:45.565153100Z-842662783157700-0,[0, 1]
2025-12-13T06:18:45.565153100Z-842662783200900-1,[0, 1]
2025-12-13T06:18:45.565153100Z-842662783232400-4
2025-12-13T06:18:45.565153100Z-842662783306800-in
2025-12-13T06:18:45.565153100Z-842662783345100-0,[0, 1]
2025-12-13T06:18:45.565153100Z-842662783386400-1,[0, 1]
2025-12-13T06:18:45.565153100Z-842662783424000-1
2025-12-13T06:18:45.565153100Z-842662783506900-in
2025-12-13T06:18:45.565153100Z-842662783559900-0,[0, 1]
2025-12-13T06:18:45.565153100Z-842662783607100-1,[0, 1]
2025-12-13T06:18:45.565153100Z-842662783650700-3
2025-12-13T06:18:45.565153100Z-842662783726600-in
2025-12-13T06:18:45.565153100Z-842662783781500-0,[0, 1]
2025-12-13T06:18:45.565153100Z-842662783818400-1,[0, 1]
2025-12-13T06:18:45.565153100Z-842662783849300-5
2025-12-13T06:18:45.701236100Z-842662913951000-false
2025-12-13T06:18:45.736343100Z-842662949831200-in2
2025-12-13T06:18:45.736343100Z-842662950423500-0,[I@797b112f
2025-12-13T06:18:45.736343100Z-842662950569400-1,[I@797b112f
2025-12-13T06:18:45.738530100Z-842662950812600-2,[I@797b112f
2025-12-13T06:18:45.738530100Z-842662951056800-5,[1, 2, 0]
2025-12-13T06:18:46.016441500Z-842663229572000-in2
2025-12-13T06:18:46.017585600Z-842663229859000-0,[I@797b112f
2025-12-13T06:18:46.017585600Z-842663229922900-1,[I@797b112f
2025-12-13T06:18:46.017585600Z-842663229967200-2,[I@797b112f
2025-12-13T06:18:46.017585600Z-842663230008200-5,[1, 2, 0]
2025-12-13T06:18:46.544941300Z-842663757407100-false
2025-12-13T06:18:46.544941300Z-842663757845700-in
2025-12-13T06:18:46.544941300Z-842663757944500-0,[0, 1]
2025-12-13T06:18:46.544941300Z-842663757987200-1,[0, 1]
2025-12-13T06:18:46.544941300Z-842663758019800-0
2025-12-13T06:18:46.544941300Z-842663758155300-in
2025-12-13T06:18:46.544941300Z-842663758197300-0,[0, 1]
2025-12-13T06:18:46.544941300Z-842663758231900-1,[0, 1]
2025-12-13T06:18:46.546077400Z-842663758444700-2
2025-12-13T06:18:46.546077400Z-842663758643500-in
2025-12-13T06:18:46.546077400Z-842663758709500-0,[0, 1]
2025-12-13T06:18:46.546077400Z-842663758750400-1,[0, 1]
2025-12-13T06:18:46.546077400Z-842663758785200-4
2025-12-13T06:18:46.546077400Z-842663758885300-in
2025-12-13T06:18:46.546077400Z-842663758929900-0,[0, 1]
2025-12-13T06:18:46.546077400Z-842663758968800-1,[0, 1]
2025-12-13T06:18:46.546077400Z-842663759046600-1
2025-12-13T06:18:46.546077400Z-842663759149500-in
2025-12-13T06:18:46.546077400Z-842663759203500-0,[0, 1]
2025-12-13T06:18:46.546077400Z-842663759254600-1,[0, 1]
2025-12-13T06:18:46.547079Z-842663759291900-3
2025-12-13T06:18:46.547079Z-842663759404500-in
2025-12-13T06:18:46.547079Z-842663759453800-0,[0, 1]
2025-12-13T06:18:46.547079Z-842663759494400-1,[0, 1]
2025-12-13T06:18:46.547079Z-842663759530100-5
2025-12-13T06:18:46.659497900Z-842663872214600-false
2025-12-13T06:18:46.699005400Z-842663911759600-in2
2025-12-13T06:18:46.699005400Z-842663911962900-0,[I@797b112f
2025-12-13T06:18:46.699005400Z-842663912030700-1,[I@797b112f
2025-12-13T06:18:46.699005400Z-842663912100200-2,[I@797b112f
2025-12-13T06:18:46.699005400Z-842663912143400-5,[1, 2, 0]
2025-12-13T06:18:46.757751400Z-842663970960000-in2
2025-12-13T06:18:46.758749100Z-842663971253500-0,[I@797b112f
2025-12-13T06:18:46.758749100Z-842663971412300-1,[I@797b112f
2025-12-13T06:18:46.758749100Z-842663971521400-2,[I@797b112f
2025-12-13T06:18:46.758749100Z-842663971589600-4,[0, 2, 0]
2025-12-13T06:18:47.141434300Z-842664355781000-false
2025-12-13T06:18:47.141434300Z-842664356156200-in
2025-12-13T06:18:47.141434300Z-842664356229600-0,[0, 1]
2025-12-13T06:18:47.144102500Z-842664356288300-1,[0, 1]
2025-12-13T06:18:47.144102500Z-842664356322900-0
2025-12-13T06:18:47.144102500Z-842664356467900-in
2025-12-13T06:18:47.144102500Z-842664356518100-0,[0, 1]
2025-12-13T06:18:47.144102500Z-842664356556200-1,[0, 1]
2025-12-13T06:18:47.144102500Z-842664356586900-2
2025-12-13T06:18:47.144102500Z-842664356687700-in
2025-12-13T06:18:47.144102500Z-842664356745800-0,[0, 1]
2025-12-13T06:18:47.144102500Z-842664356786600-1,[0, 1]
2025-12-13T06:18:47.144102500Z-842664356826800-4
2025-12-13T06:18:47.144102500Z-842664356909200-in
2025-12-13T06:18:47.144102500Z-842664356951300-0,[0, 1]
2025-12-13T06:18:47.144102500Z-842664356985500-1,[0, 1]
2025-12-13T06:18:47.144102500Z-842664357017500-1
2025-12-13T06:18:47.144102500Z-842664357090800-in
2025-12-13T06:18:47.144102500Z-842664357134900-0,[0, 1]
2025-12-13T06:18:47.144102500Z-842664357168300-1,[0, 1]
2025-12-13T06:18:47.144102500Z-842664357200400-3
2025-12-13T06:18:47.144102500Z-842664357282100-in
2025-12-13T06:18:47.144102500Z-842664357319100-0,[0, 1]
2025-12-13T06:18:47.144102500Z-842664357353200-1,[0, 1]
2025-12-13T06:18:47.144102500Z-842664357382900-5
2025-12-13T06:18:47.274740Z-842664487912500-false
2025-12-13T06:18:47.308700300Z-842664522184300-in2
2025-12-13T06:18:47.308700300Z-842664522427100-0,[I@797b112f
2025-12-13T06:18:47.308700300Z-842664522519700-1,[I@797b112f
2025-12-13T06:18:47.308700300Z-842664522557600-2,[I@797b112f
2025-12-13T06:18:47.308700300Z-842664522609300-5,[1, 2, 0]
2025-12-13T06:18:47.334306900Z-842664547144500-in2
2025-12-13T06:18:47.334306900Z-842664547366500-0,[I@797b112f
2025-12-13T06:18:47.334306900Z-842664547411800-1,[I@797b112f
2025-12-13T06:18:47.334306900Z-842664547443300-2,[I@797b112f
2025-12-13T06:18:47.334306900Z-842664547473700-4,[0, 2, 0]
2025-12-13T06:18:48.522813200Z-842665736375400-in2
2025-12-13T06:18:48.524125100Z-842665736641700-0,[I@797b112f
2025-12-13T06:18:48.524125100Z-842665736770800-1,[I@797b112f
2025-12-13T06:18:48.524125100Z-842665736890400-2,[I@797b112f
2025-12-13T06:18:48.524125100Z-842665736986400-5,[1, 2, 0]
2025-12-13T06:18:48.588987800Z-842665801892700-in2
2025-12-13T06:18:48.588987800Z-842665802157100-0,[I@797b112f
2025-12-13T06:18:48.589990300Z-842665802218000-1,[I@797b112f
2025-12-13T06:18:48.589990300Z-842665802249300-2,[I@797b112f
2025-12-13T06:18:48.589990300Z-842665802281600-4,[0, 2, 0]
2025-12-13T06:18:48.719286400Z-842665931878500-in2
2025-12-13T06:18:48.719286400Z-842665932159000-0,[I@797b112f
2025-12-13T06:18:48.719286400Z-842665932195500-1,[I@797b112f
2025-12-13T06:18:48.719286400Z-842665932220600-2,[I@797b112f
2025-12-13T06:18:48.719286400Z-842665932244500-4,[0, 2, 0]
2025-12-13T06:18:48.844979500Z-842666058254700-in2
2025-12-13T06:18:48.846114200Z-842666058462900-0,[I@797b112f
2025-12-13T06:18:48.846114200Z-842666058507900-1,[I@797b112f
2025-12-13T06:18:48.846114200Z-842666058534800-2,[I@797b112f
2025-12-13T06:18:48.846114200Z-842666058565300-4,[0, 2, 0]
2025-12-13T06:18:48.927692500Z-842666140130900-in2
2025-12-13T06:18:48.927692500Z-842666140405900-0,[I@797b112f
2025-12-13T06:18:48.927692500Z-842666140482200-1,[I@797b112f
2025-12-13T06:18:48.927692500Z-842666140538700-2,[I@797b112f
2025-12-13T06:18:48.927692500Z-842666140591400-5,[1, 2, 0]
2025-12-13T06:18:49.210276400Z-842666423495300-false
2025-12-13T06:18:49.211279200Z-842666423841600-in
2025-12-13T06:18:49.211279200Z-842666423914100-0,[0, 1]
2025-12-13T06:18:49.211279200Z-842666423978400-1,[0, 1]
2025-12-13T06:18:49.211279200Z-842666424003200-0
2025-12-13T06:18:49.211279200Z-842666424123700-in
2025-12-13T06:18:49.211279200Z-842666424157000-0,[0, 1]
2025-12-13T06:18:49.211279200Z-842666424183900-1,[0, 1]
2025-12-13T06:18:49.211279200Z-842666424207700-2
2025-12-13T06:18:49.211279200Z-842666424275600-in
2025-12-13T06:18:49.211279200Z-842666424304400-0,[0, 1]
2025-12-13T06:18:49.211279200Z-842666424365600-1,[0, 1]
2025-12-13T06:18:49.211279200Z-842666424460500-4
2025-12-13T06:18:49.212278Z-842666424635300-in
2025-12-13T06:18:49.212278Z-842666424680500-0,[0, 1]
2025-12-13T06:18:49.212278Z-842666424707700-1,[0, 1]
2025-12-13T06:18:49.212278Z-842666424729500-1
2025-12-13T06:18:49.212278Z-842666424842700-in
2025-12-13T06:18:49.212278Z-842666424882300-0,[0, 1]
2025-12-13T06:18:49.212278Z-842666424915000-1,[0, 1]
2025-12-13T06:18:49.212278Z-842666424945700-3
2025-12-13T06:18:49.212278Z-842666425068800-in
2025-12-13T06:18:49.212278Z-842666425116600-0,[0, 1]
2025-12-13T06:18:49.212278Z-842666425228200-1,[0, 1]
2025-12-13T06:18:49.212278Z-842666425264300-5
2025-12-13T06:18:49.494855300Z-842666707829100-in2
2025-12-13T06:18:49.494855300Z-842666708006900-0,[I@797b112f
2025-12-13T06:18:49.494855300Z-842666708043300-1,[I@797b112f
2025-12-13T06:18:49.494855300Z-842666708069100-2,[I@797b112f
2025-12-13T06:18:49.494855300Z-842666708093800-5,[1, 2, 0]
2025-12-13T06:18:50.209818200Z-842667422130300-false
2025-12-13T06:18:50.209818200Z-842667422714600-in
2025-12-13T06:18:50.209818200Z-842667422860100-0,[0, 1]
2025-12-13T06:18:50.209818200Z-842667422893700-1,[0, 1]
2025-12-13T06:18:50.209818200Z-842667422924400-0
2025-12-13T06:18:50.210818600Z-842667423114000-in
2025-12-13T06:18:50.210818600Z-842667423192300-0,[0, 1]
2025-12-13T06:18:50.210818600Z-842667423236700-1,[0, 1]
2025-12-13T06:18:50.210818600Z-842667423264800-2
2025-12-13T06:18:50.210818600Z-842667423387000-in
2025-12-13T06:18:50.210818600Z-842667423427600-0,[0, 1]
2025-12-13T06:18:50.210818600Z-842667423457800-1,[0, 1]
2025-12-13T06:18:50.210818600Z-842667423483600-4
2025-12-13T06:18:50.210818600Z-842667423571700-in
2025-12-13T06:18:50.210818600Z-842667423608300-0,[0, 1]
2025-12-13T06:18:50.210818600Z-842667423639400-1,[0, 1]
2025-12-13T06:18:50.210818600Z-842667423663800-1
2025-12-13T06:18:50.210818600Z-842667423972600-in
2025-12-13T06:18:50.211820Z-842667424059700-0,[0, 1]
2025-12-13T06:18:50.211820Z-842667424103200-1,[0, 1]
2025-12-13T06:18:50.211820Z-842667424137600-3
2025-12-13T06:18:50.211820Z-842667424524600-in
2025-12-13T06:18:50.211820Z-842667424602800-0,[0, 1]
2025-12-13T06:18:50.211820Z-842667424649400-1,[0, 1]
2025-12-13T06:18:50.211820Z-842667424676700-5
2025-12-13T06:18:50.451730100Z-842667664325800-false
2025-12-13T06:18:50.537401100Z-842667750431200-in2
2025-12-13T06:18:50.537401100Z-842667750639800-0,[I@797b112f
2025-12-13T06:18:50.537401100Z-842667750687700-1,[I@797b112f
2025-12-13T06:18:50.537401100Z-842667750861000-2,[I@797b112f
2025-12-13T06:18:50.537401100Z-842667750899800-5,[1, 2, 0]
2025-12-13T06:18:50.627768700Z-842667840816000-in2
2025-12-13T06:18:50.627768700Z-842667841066100-0,[I@797b112f
2025-12-13T06:18:50.628905300Z-842667841124900-1,[I@797b112f
2025-12-13T06:18:50.628905300Z-842667841166900-2,[I@797b112f
2025-12-13T06:18:50.628905300Z-842667841198600-3,[1, 1, 0]
2025-12-13T06:18:51.046358400Z-842668258919200-false
2025-12-13T06:18:51.047007900Z-842668259531800-in
2025-12-13T06:18:51.047007900Z-842668259683900-0,[0, 1]
2025-12-13T06:18:51.047007900Z-842668259728900-1,[0, 1]
2025-12-13T06:18:51.047007900Z-842668259754900-0
2025-12-13T06:18:51.047007900Z-842668259910200-in
2025-12-13T06:18:51.047007900Z-842668259982800-0,[0, 1]
2025-12-13T06:18:51.047007900Z-842668260037900-1,[0, 1]
2025-12-13T06:18:51.047007900Z-842668260063000-2
2025-12-13T06:18:51.047007900Z-842668260155400-in
2025-12-13T06:18:51.047007900Z-842668260210700-0,[0, 1]
2025-12-13T06:18:51.048054600Z-842668260254800-1,[0, 1]
2025-12-13T06:18:51.048054600Z-842668260277600-4
2025-12-13T06:18:51.048054600Z-842668260403100-in
2025-12-13T06:18:51.048054600Z-842668260451200-0,[0, 1]
2025-12-13T06:18:51.048054600Z-842668260493200-1,[0, 1]
2025-12-13T06:18:51.048054600Z-842668260517600-1
2025-12-13T06:18:51.048054600Z-842668260597200-in
2025-12-13T06:18:51.048054600Z-842668260626600-0,[0, 1]
2025-12-13T06:18:51.048054600Z-842668260672000-1,[0, 1]
2025-12-13T06:18:51.048054600Z-842668260696500-3
2025-12-13T06:18:51.048054600Z-842668260762400-in
2025-12-13T06:18:51.048054600Z-842668260833000-0,[0, 1]
2025-12-13T06:18:51.048054600Z-842668260896700-1,[0, 1]
2025-12-13T06:18:51.048054600Z-842668260920500-5
2025-12-13T06:18:51.337183500Z-842668550146400-in2
2025-12-13T06:18:51.338199300Z-842668550381100-0,[I@797b112f
2025-12-13T06:18:51.338199300Z-842668550408800-1,[I@797b112f
2025-12-13T06:18:51.338199300Z-842668550428200-2,[I@797b112f
2025-12-13T06:18:51.338199300Z-842668550447300-5,[1, 2, 0]
2025-12-13T06:18:51.354788800Z-842668568791900-in2
2025-12-13T06:18:51.354788800Z-842668569035800-0,[I@797b112f
2025-12-13T06:18:51.354788800Z-842668569067900-1,[I@797b112f
2025-12-13T06:18:51.354788800Z-842668569086700-2,[I@797b112f
2025-12-13T06:18:51.354788800Z-842668569105000-3,[1, 1, 0]
2025-12-13T06:18:51.838663900Z-842669051316000-false
2025-12-13T06:18:51.838663900Z-842669051725000-in
2025-12-13T06:18:51.838663900Z-842669051832800-0,[0, 1]
2025-12-13T06:18:51.838663900Z-842669051866400-1,[0, 1]
2025-12-13T06:18:51.839702800Z-842669051887700-0
2025-12-13T06:18:51.839702800Z-842669052159400-in
2025-12-13T06:18:51.839702800Z-842669052238900-0,[0, 1]
2025-12-13T06:18:51.839702800Z-842669052288600-1,[0, 1]
2025-12-13T06:18:51.839702800Z-842669052320700-2
2025-12-13T06:18:51.839702800Z-842669052700800-in
2025-12-13T06:18:51.839702800Z-842669052792600-0,[0, 1]
2025-12-13T06:18:51.839702800Z-842669052820800-1,[0, 1]
2025-12-13T06:18:51.839702800Z-842669052840000-4
2025-12-13T06:18:51.839702800Z-842669053204600-in
2025-12-13T06:18:51.839702800Z-842669053381400-0,[0, 1]
2025-12-13T06:18:51.839702800Z-842669053454100-1,[0, 1]
2025-12-13T06:18:51.839702800Z-842669053476500-1
2025-12-13T06:18:51.841454300Z-842669053689700-in
2025-12-13T06:18:51.841454300Z-842669053777300-0,[0, 1]
2025-12-13T06:18:51.841454300Z-842669053835900-1,[0, 1]
2025-12-13T06:18:51.841454300Z-842669053859900-3
2025-12-13T06:18:51.841454300Z-842669053969300-in
2025-12-13T06:18:51.841454300Z-842669054003300-0,[0, 1]
2025-12-13T06:18:51.841454300Z-842669054041100-1,[0, 1]
2025-12-13T06:18:51.841454300Z-842669054059100-5
2025-12-13T06:18:52.085208700Z-842669298365300-in2
2025-12-13T06:18:52.086215800Z-842669298594800-0,[I@797b112f
2025-12-13T06:18:52.086215800Z-842669298682400-1,[I@797b112f
2025-12-13T06:18:52.086215800Z-842669298697000-2,[I@797b112f
2025-12-13T06:18:52.086215800Z-842669298712300-5,[1, 2, 0]
2025-12-13T06:18:52.104170700Z-842669317151400-in2
2025-12-13T06:18:52.104170700Z-842669317328100-0,[I@797b112f
2025-12-13T06:18:52.104170700Z-842669317353000-1,[I@797b112f
2025-12-13T06:18:52.104170700Z-842669317387500-2,[I@797b112f
2025-12-13T06:18:52.105265Z-842669317500000-3,[1, 1, 0]
2025-12-13T06:18:53.266747900Z-842670479398900-in
2025-12-13T06:18:53.266747900Z-842670479766400-0,[0, 1]
2025-12-13T06:18:53.266747900Z-842670479871900-1,[0, 1]
2025-12-13T06:18:53.371459900Z-842670584567400-false
2025-12-13T06:18:53.371459900Z-842670585056900-in
2025-12-13T06:18:53.372911200Z-842670585272100-0,[0, 1]
2025-12-13T06:18:53.372911200Z-842670585336700-1,[0, 1]
2025-12-13T06:18:53.372911200Z-842670585356300-0
2025-12-13T06:18:53.372911200Z-842670585495200-in
2025-12-13T06:18:53.372911200Z-842670585523500-0,[0, 1]
2025-12-13T06:18:53.372911200Z-842670585540800-1,[0, 1]
2025-12-13T06:18:53.372911200Z-842670585553100-2
2025-12-13T06:18:53.372911200Z-842670585705700-in
2025-12-13T06:18:53.372911200Z-842670585793800-0,[0, 1]
2025-12-13T06:18:53.372911200Z-842670585820700-1,[0, 1]
2025-12-13T06:18:53.372911200Z-842670585837100-4
2025-12-13T06:18:53.372911200Z-842670585934100-in
2025-12-13T06:18:53.372911200Z-842670586004800-0,[0, 1]
2025-12-13T06:18:53.372911200Z-842670586031400-1,[0, 1]
2025-12-13T06:18:53.372911200Z-842670586047200-1
2025-12-13T06:18:53.373911900Z-842670586168600-in
2025-12-13T06:18:53.373911900Z-842670586222400-0,[0, 1]
2025-12-13T06:18:53.373911900Z-842670586267400-1,[0, 1]
2025-12-13T06:18:53.373911900Z-842670586308600-3
2025-12-13T06:18:53.373911900Z-842670586420500-in
2025-12-13T06:18:53.373911900Z-842670586470600-0,[0, 1]
2025-12-13T06:18:53.373911900Z-842670586496300-1,[0, 1]
2025-12-13T06:18:53.373911900Z-842670586507800-5
2025-12-13T06:18:53.697462600Z-842670912843700-in2
2025-12-13T06:18:53.697462600Z-842670913101800-0,[I@797b112f
2025-12-13T06:18:53.697462600Z-842670913159600-1,[I@797b112f
2025-12-13T06:18:53.697462600Z-842670913187400-2,[I@797b112f
2025-12-13T06:18:53.697462600Z-842670913203500-5,[1, 2, 0]
2025-12-13T06:18:55.475368Z-842672688609300-in
2025-12-13T06:18:55.476495Z-842672688799200-0,[0, 1]
2025-12-13T06:18:55.476495Z-842672688829700-1,[0, 1]
2025-12-13T06:18:55.558310200Z-842672771493900-false
2025-12-13T06:18:55.559410200Z-842672771864000-in
2025-12-13T06:18:55.559410200Z-842672771929200-0,[0, 1]
2025-12-13T06:18:55.559410200Z-842672771948900-1,[0, 1]
2025-12-13T06:18:55.559410200Z-842672771961400-0
2025-12-13T06:18:55.559410200Z-842672772122100-in
2025-12-13T06:18:55.559410200Z-842672772164100-0,[0, 1]
2025-12-13T06:18:55.559410200Z-842672772204300-1,[0, 1]
2025-12-13T06:18:55.559410200Z-842672772219700-2
2025-12-13T06:18:55.559410200Z-842672772488100-in
2025-12-13T06:18:55.560410300Z-842672772625900-0,[0, 1]
2025-12-13T06:18:55.560410300Z-842672772688600-1,[0, 1]
2025-12-13T06:18:55.560410300Z-842672772732900-4
2025-12-13T06:18:55.560410300Z-842672772883800-in
2025-12-13T06:18:55.560410300Z-842672772961800-0,[0, 1]
2025-12-13T06:18:55.560410300Z-842672772980900-1,[0, 1]
2025-12-13T06:18:55.560410300Z-842672772992700-1
2025-12-13T06:18:55.560410300Z-842672773075900-in
2025-12-13T06:18:55.560410300Z-842672773091300-0,[0, 1]
2025-12-13T06:18:55.560410300Z-842672773102200-1,[0, 1]
2025-12-13T06:18:55.560410300Z-842672773148700-3
2025-12-13T06:18:55.560410300Z-842672773247300-in
2025-12-13T06:18:55.560410300Z-842672773271400-0,[0, 1]
2025-12-13T06:18:55.560410300Z-842672773286900-1,[0, 1]
2025-12-13T06:18:55.560410300Z-842672773297800-5
2025-12-13T06:18:57.389412600Z-842674601904200-false
2025-12-13T06:18:57.389412600Z-842674602281600-in
2025-12-13T06:18:57.389412600Z-842674602370000-0,[0, 1]
2025-12-13T06:18:57.389412600Z-842674602388900-1,[0, 1]
2025-12-13T06:18:57.389412600Z-842674602400900-0
2025-12-13T06:18:57.389412600Z-842674602519200-in
2025-12-13T06:18:57.389412600Z-842674602536600-0,[0, 1]
2025-12-13T06:18:57.389412600Z-842674602548000-1,[0, 1]
2025-12-13T06:18:57.389412600Z-842674602558200-2
2025-12-13T06:18:57.390421100Z-842674602633200-in
2025-12-13T06:18:57.390421100Z-842674602651300-0,[0, 1]
2025-12-13T06:18:57.390421100Z-842674602666600-1,[0, 1]
2025-12-13T06:18:57.390421100Z-842674602679700-4
2025-12-13T06:18:57.390421100Z-842674602734500-in
2025-12-13T06:18:57.390421100Z-842674602750600-0,[0, 1]
2025-12-13T06:18:57.390421100Z-842674602762000-1,[0, 1]
2025-12-13T06:18:57.390421100Z-842674602837700-1
2025-12-13T06:18:57.390421100Z-842674603012700-in
2025-12-13T06:18:57.390421100Z-842674603043100-0,[0, 1]
2025-12-13T06:18:57.390421100Z-842674603057100-1,[0, 1]
2025-12-13T06:18:57.390421100Z-842674603071600-3
2025-12-13T06:18:57.390421100Z-842674603136500-in
2025-12-13T06:18:57.390421100Z-842674603152100-0,[0, 1]
2025-12-13T06:18:57.390421100Z-842674603164200-1,[0, 1]
2025-12-13T06:18:57.390421100Z-842674603175100-5
2025-12-13T06:18:57.548874200Z-842674761405400-false
2025-12-13T06:18:58.038942300Z-842675251696500-in2
2025-12-13T06:18:58.038942300Z-842675251854400-0,[I@797b112f
2025-12-13T06:18:58.038942300Z-842675251875400-1,[I@797b112f
2025-12-13T06:18:58.038942300Z-842675251887100-2,[I@797b112f
2025-12-13T06:18:58.038942300Z-842675251899500-2,[0, 1, 0]
2025-12-13T06:18:58.497685800Z-842675710367500-false
2025-12-13T06:18:58.497685800Z-842675710801200-in
2025-12-13T06:18:58.498686500Z-842675710913700-0,[0, 1]
2025-12-13T06:18:58.498686500Z-842675710960100-1,[0, 1]
2025-12-13T06:18:58.498686500Z-842675711004700-0
2025-12-13T06:18:58.498686500Z-842675711222200-in
2025-12-13T06:18:58.498686500Z-842675711267900-0,[0, 1]
2025-12-13T06:18:58.498686500Z-842675711283300-1,[0, 1]
2025-12-13T06:18:58.498686500Z-842675711296000-2
2025-12-13T06:18:58.500057500Z-842675712368900-in
2025-12-13T06:18:58.500057500Z-842675712664400-0,[0, 1]
2025-12-13T06:18:58.500057500Z-842675712750800-1,[0, 1]
2025-12-13T06:18:58.500057500Z-842675712788500-4
2025-12-13T06:18:58.500057500Z-842675713141600-in
2025-12-13T06:18:58.501058200Z-842675713235300-0,[0, 1]
2025-12-13T06:18:58.501058200Z-842675713261100-1,[0, 1]
2025-12-13T06:18:58.501058200Z-842675713276300-1
2025-12-13T06:18:58.501058200Z-842675713503100-in
2025-12-13T06:18:58.501058200Z-842675713558300-0,[0, 1]
2025-12-13T06:18:58.501058200Z-842675713583600-1,[0, 1]
2025-12-13T06:18:58.501058200Z-842675713601500-3
2025-12-13T06:18:58.501058200Z-842675713807200-in
2025-12-13T06:18:58.501058200Z-842675713882500-0,[0, 1]
2025-12-13T06:18:58.501058200Z-842675714003400-1,[0, 1]
2025-12-13T06:18:58.501058200Z-842675714032200-5
2025-12-13T06:18:58.667336500Z-842675880149500-false
2025-12-13T06:18:58.759101300Z-842675971479800-in2
2025-12-13T06:18:58.759101300Z-842675971670300-0,[I@797b112f
2025-12-13T06:18:58.759101300Z-842675971690100-1,[I@797b112f
2025-12-13T06:18:58.759101300Z-842675971698100-2,[I@797b112f
2025-12-13T06:18:58.759101300Z-842675971709300-3,[1, 1, 0]
2025-12-13T06:18:58.797544Z-842676011105300-in2
2025-12-13T06:18:58.798984700Z-842676011261700-0,[I@797b112f
2025-12-13T06:18:58.798984700Z-842676011278300-1,[I@797b112f
2025-12-13T06:18:58.798984700Z-842676011286100-2,[I@797b112f
2025-12-13T06:18:58.798984700Z-842676011296800-5,[1, 2, 0]
2025-12-13T06:18:58.821764700Z-842676034692900-in2
2025-12-13T06:18:58.821764700Z-842676034829000-0,[I@797b112f
2025-12-13T06:18:58.821764700Z-842676034848400-1,[I@797b112f
2025-12-13T06:18:58.821764700Z-842676034856200-2,[I@797b112f
2025-12-13T06:18:58.821764700Z-842676034867000-4,[0, 2, 0]
2025-12-13T06:18:59.375399200Z-842676587777000-in2
2025-12-13T06:18:59.375399200Z-842676588033500-0,[I@797b112f
2025-12-13T06:18:59.375399200Z-842676588089200-1,[I@797b112f
2025-12-13T06:18:59.375399200Z-842676588116700-2,[I@797b112f
2025-12-13T06:18:59.375399200Z-842676588224200-4,[0, 2, 0]
2025-12-13T06:18:59.455780900Z-842676668731900-in2
2025-12-13T06:18:59.455780900Z-842676668922900-0,[I@797b112f
2025-12-13T06:18:59.455780900Z-842676668944100-1,[I@797b112f
2025-12-13T06:18:59.455780900Z-842676669000600-2,[I@797b112f
2025-12-13T06:18:59.455780900Z-842676669041800-4,[0, 2, 0]
2025-12-13T06:18:59.539642Z-842676752444900-in2
2025-12-13T06:18:59.539642Z-842676752852600-0,[I@797b112f
2025-12-13T06:18:59.539642Z-842676752988600-1,[I@797b112f
2025-12-13T06:18:59.539642Z-842676753011200-2,[I@797b112f
2025-12-13T06:18:59.539642Z-842676753033300-5,[1, 2, 0]
2025-12-13T06:19:00.108649900Z-842677321840900-in2
2025-12-13T06:19:00.109648800Z-842677321999100-0,[I@797b112f
2025-12-13T06:19:00.109648800Z-842677322015400-1,[I@797b112f
2025-12-13T06:19:00.109648800Z-842677322023700-2,[I@797b112f
2025-12-13T06:19:00.109648800Z-842677322042700-4,[0, 2, 0]
2025-12-13T06:19:01.001283200Z-842678213933800-in2
2025-12-13T06:19:01.001283200Z-842678214127900-0,[I@797b112f
2025-12-13T06:19:01.001283200Z-842678214156500-1,[I@797b112f
2025-12-13T06:19:01.001283200Z-842678214174300-2,[I@797b112f
2025-12-13T06:19:01.001283200Z-842678214195900-5,[1, 2, 0]
2025-12-13T06:19:01.057625800Z-842678270475900-in2
2025-12-13T06:19:01.057625800Z-842678270629500-0,[I@797b112f
2025-12-13T06:19:01.057625800Z-842678270656600-1,[I@797b112f
2025-12-13T06:19:01.057625800Z-842678270669500-2,[I@797b112f
2025-12-13T06:19:01.057625800Z-842678270683200-4,[0, 2, 0]
2025-12-13T06:19:01.338658600Z-842678551144100-in2
2025-12-13T06:19:01.338658600Z-842678551276900-0,[I@797b112f
2025-12-13T06:19:01.338658600Z-842678551321300-1,[I@797b112f
2025-12-13T06:19:01.338658600Z-842678551335600-2,[I@797b112f
2025-12-13T06:19:01.338658600Z-842678551350000-5,[1, 2, 0]
2025-12-13T06:19:01.381969600Z-842678594759100-in2
2025-12-13T06:19:01.381969600Z-842678594958000-0,[I@797b112f
2025-12-13T06:19:01.381969600Z-842678594996600-1,[I@797b112f
2025-12-13T06:19:01.381969600Z-842678595015800-2,[I@797b112f
2025-12-13T06:19:01.381969600Z-842678595037700-5,[1, 2, 0]
2025-12-13T06:19:02.684167800Z-842679897109400-in2
2025-12-13T06:19:02.685167700Z-842679897347900-0,[I@797b112f
2025-12-13T06:19:02.685167700Z-842679897435600-1,[I@797b112f
2025-12-13T06:19:02.685167700Z-842679897464700-2,[I@797b112f
2025-12-13T06:19:02.685167700Z-842679897493100-5,[1, 2, 0]
2025-12-13T06:19:02.706538500Z-842679919127300-in
2025-12-13T06:19:02.706538500Z-842679919250100-0,[0, 1]
2025-12-13T06:19:02.706538500Z-842679919261100-1,[0, 1]
2025-12-13T06:19:02.800480200Z-842680012722000-false
2025-12-13T06:19:02.800480200Z-842680013112400-in
2025-12-13T06:19:02.800480200Z-842680013218000-0,[0, 1]
2025-12-13T06:19:02.800480200Z-842680013250100-1,[0, 1]
2025-12-13T06:19:02.800480200Z-842680013268500-0
2025-12-13T06:19:02.800480200Z-842680013529900-in
2025-12-13T06:19:02.800480200Z-842680013592500-0,[0, 1]
2025-12-13T06:19:02.800480200Z-842680013616600-1,[0, 1]
2025-12-13T06:19:02.800480200Z-842680013625600-2
2025-12-13T06:19:02.801478900Z-842680013781300-in
2025-12-13T06:19:02.801478900Z-842680013838800-0,[0, 1]
2025-12-13T06:19:02.801478900Z-842680013855300-1,[0, 1]
2025-12-13T06:19:02.801478900Z-842680013867900-4
2025-12-13T06:19:02.801478900Z-842680013992400-in
2025-12-13T06:19:02.801478900Z-842680014005900-0,[0, 1]
2025-12-13T06:19:02.801478900Z-842680014013800-1,[0, 1]
2025-12-13T06:19:02.801478900Z-842680014021000-1
2025-12-13T06:19:02.801478900Z-842680014072200-in
2025-12-13T06:19:02.801478900Z-842680014080300-0,[0, 1]
2025-12-13T06:19:02.801478900Z-842680014087400-1,[0, 1]
2025-12-13T06:19:02.801478900Z-842680014095700-3
2025-12-13T06:19:02.801478900Z-842680014164100-in
2025-12-13T06:19:02.801478900Z-842680014201100-0,[0, 1]
2025-12-13T06:19:02.801478900Z-842680014210900-1,[0, 1]
2025-12-13T06:19:02.801478900Z-842680014218100-5
2025-12-13T06:19:03.872490700Z-842681085271000-in2
2025-12-13T06:19:03.872490700Z-842681085389700-0,[I@797b112f
2025-12-13T06:19:03.872490700Z-842681085405500-1,[I@797b112f
2025-12-13T06:19:03.872490700Z-842681085416000-2,[I@797b112f
2025-12-13T06:19:03.872490700Z-842681085429200-5,[1, 2, 0]
2025-12-13T06:19:03.960672900Z-842681174584400-in2
2025-12-13T06:19:03.962454700Z-842681174719000-0,[I@797b112f
2025-12-13T06:19:03.962454700Z-842681174732800-1,[I@797b112f
2025-12-13T06:19:03.962454700Z-842681174740900-2,[I@797b112f
2025-12-13T06:19:03.962454700Z-842681174775000-5,[1, 2, 0]
2025-12-13T06:19:04.735972300Z-842681948755600-false
2025-12-13T06:19:04.735972300Z-842681949143400-in
2025-12-13T06:19:04.735972300Z-842681949215100-0,[0, 1]
2025-12-13T06:19:04.735972300Z-842681949230700-1,[0, 1]
2025-12-13T06:19:04.735972300Z-842681949241200-0
2025-12-13T06:19:04.735972300Z-842681949472000-in
2025-12-13T06:19:04.735972300Z-842681949529600-0,[0, 1]
2025-12-13T06:19:04.735972300Z-842681949546200-1,[0, 1]
2025-12-13T06:19:04.735972300Z-842681949566500-2
2025-12-13T06:19:04.737472600Z-842681949722700-in
2025-12-13T06:19:04.737472600Z-842681949776900-0,[0, 1]
2025-12-13T06:19:04.737472600Z-842681949827800-1,[0, 1]
2025-12-13T06:19:04.737472600Z-842681949861600-4
2025-12-13T06:19:04.737472600Z-842681949979600-in
2025-12-13T06:19:04.737472600Z-842681950030100-0,[0, 1]
2025-12-13T06:19:04.737472600Z-842681950059000-1,[0, 1]
2025-12-13T06:19:04.737472600Z-842681950071400-1
2025-12-13T06:19:04.737472600Z-842681950174700-in
2025-12-13T06:19:04.737472600Z-842681950191500-0,[0, 1]
2025-12-13T06:19:04.737472600Z-842681950201800-1,[0, 1]
2025-12-13T06:19:04.737472600Z-842681950210800-3
2025-12-13T06:19:04.737472600Z-842681950270100-in
2025-12-13T06:19:04.737472600Z-842681950283500-0,[0, 1]
2025-12-13T06:19:04.737472600Z-842681950294100-1,[0, 1]
2025-12-13T06:19:04.737472600Z-842681950303500-5
2025-12-13T06:19:05.090165700Z-842682302898000-false
2025-12-13T06:19:10.027983700Z-842687240681300-end