#
# There is insufficient memory for the Java Runtime Environment to continue.
# Native memory allocation (malloc) failed to allocate 32744 bytes. Error detail: Chunk::new
# Possible reasons:
#   The system is out of physical RAM or swap space
#   This process is running with CompressedOops enabled, and the Java Heap may be blocking the growth of the native heap
# Possible solutions:
#   Reduce memory load on the system
#   Increase physical memory or swap space
#   Check if swap backing store is full
#   Decrease Java heap size (-Xmx/-Xms)
#   Decrease number of Java threads
#   Decrease Java thread stack sizes (-Xss)
#   Set larger code cache with -XX:ReservedCodeCacheSize=
#   JVM is running with Unscaled Compressed Oops mode in which the Java heap is
#     placed in the first 4GB address space. The Java Heap base address is the
#     maximum limit for the native heap growth. Please use -XX:HeapBaseMinAddress
#     to set the Java Heap base and to place the Java Heap above 4GB virtual address.
# This output file may be truncated or incomplete.
#
#  Out of Memory Error (arena.cpp:168), pid=95684, tid=96392
#
# JRE version: OpenJDK Runtime Environment Temurin-21.0.9+10 (21.0.9+10) (build 21.0.9+10-LTS)
# Java VM: OpenJDK 64-Bit Server VM Temurin-21.0.9+10 (21.0.9+10-LTS, mixed mode, sharing, tiered, compressed oops, compressed class ptrs, parallel gc, windows-amd64)
# No core dump will be written. Minidumps are not enabled by default on client versions of Windows
#

---------------  S U M M A R Y ------------

Command Line: --add-modules=ALL-SYSTEM --add-opens=java.base/java.util=ALL-UNNAMED --add-opens=java.base/java.lang=ALL-UNNAMED --add-opens=java.base/sun.nio.fs=ALL-UNNAMED -Declipse.application=org.eclipse.jdt.ls.core.id1 -Dosgi.bundles.defaultStartLevel=4 -Declipse.product=org.eclipse.jdt.ls.core.product -Djava.import.generatesMetadataFilesAtProjectRoot=false -DDetectVMInstallationsJob.disabled=true -Dfile.encoding=utf8 -XX:+UseParallelGC -XX:GCTimeRatio=4 -XX:AdaptiveSizePolicyWeight=90 -Dsun.zip.disableMemoryMapping=true -Xmx2G -Xms100m -Xlog:disable -javaagent:c:\Users\andy7\.vscode\extensions\redhat.java-1.49.0-win32-x64\lombok\lombok-1.18.39-4050.jar -XX:+HeapDumpOnOutOfMemoryError -XX:HeapDumpPath=c:\Users\andy7\AppData\Roaming\Code\User\workspaceStorage\cf802568948e43ef28e78c6e3a2a0573\redhat.java -Daether.dependencyCollector.impl=bf c:\Users\andy7\.vscode\extensions\redhat.java-1.49.0-win32-x64\server\plugins\org.eclipse.equinox.launcher_1.7.100.v20251111-0406.jar -configuration c:\Users\andy7\AppData\Roaming\Code\User\globalStorage\redhat.java\1.49.0\config_win -data c:\Users\andy7\AppData\Roaming\Code\User\workspaceStorage\cf802568948e43ef28e78c6e3a2a0573\redhat.java\jdt_ws --pipe=\\.\pipe\lsp-3a5222f3b3ceaf0fb873d0ee62a666ba-sock

Host: AMD Ryzen AI 9 HX 370 w/ Radeon 890M           , 24 cores, 31G,  Windows 11 , 64 bit Build 26100 (10.0.26100.7623)
Time: Thu Jan 29 11:46:01 2026 elapsed time: 0.452921 seconds (0d 0h 0m 0s)

---------------  T H R E A D  ---------------

Current thread (0x000002354ba4ad70):  JavaThread "main"             [_thread_in_vm, id=96392, stack(0x00000035f7200000,0x00000035f7300000) (1024K)]

Stack: [0x00000035f7200000,0x00000035f7300000]
Native frames: (J=compiled Java code, j=interpreted, Vv=VM code, C=native code)
V  [jvm.dll+0x6d6e29]
V  [jvm.dll+0x8b4b76]
V  [jvm.dll+0x8b712e]
V  [jvm.dll+0x8b7813]
V  [jvm.dll+0x283d86]
V  [jvm.dll+0xc66ed]
V  [jvm.dll+0xc6c31]
V  [jvm.dll+0x2220c0]
V  [jvm.dll+0x220f96]
V  [jvm.dll+0x82d53d]
V  [jvm.dll+0x82e56b]
V  [jvm.dll+0x82eb34]
V  [jvm.dll+0x82e7c8]
V  [jvm.dll+0x2716ad]
V  [jvm.dll+0x2718ea]
V  [jvm.dll+0x5d8be7]
V  [jvm.dll+0x5dbbd6]
V  [jvm.dll+0x3e03f2]
V  [jvm.dll+0x3dfaaa]
C  0x0000023557668080

The last pc belongs to invokestatic (printed below).
Java frames: (J=compiled Java code, j=interpreted, Vv=VM code)
j  java.security.MessageDigest.getInstance(Ljava/lang/String;)Ljava/security/MessageDigest;+61 java.base@21.0.9
j  sun.security.pkcs.SignerInfo.verify(Lsun/security/pkcs/PKCS7;[B)Lsun/security/pkcs/SignerInfo;+305 java.base@21.0.9
j  sun.security.pkcs.PKCS7.verify(Lsun/security/pkcs/SignerInfo;[B)Lsun/security/pkcs/SignerInfo;+3 java.base@21.0.9
j  sun.security.pkcs.PKCS7.verify([B)[Lsun/security/pkcs/SignerInfo;+27 java.base@21.0.9
j  sun.security.pkcs.SignerInfo.getTimestamp()Ljava/security/Timestamp;+45 java.base@21.0.9
j  sun.security.pkcs.SignerInfo.verify(Lsun/security/pkcs/PKCS7;[B)Lsun/security/pkcs/SignerInfo;+3 java.base@21.0.9
j  sun.security.pkcs.PKCS7.verify(Lsun/security/pkcs/SignerInfo;[B)Lsun/security/pkcs/SignerInfo;+3 java.base@21.0.9
j  sun.security.pkcs.PKCS7.verify([B)[Lsun/security/pkcs/SignerInfo;+27 java.base@21.0.9
j  sun.security.util.SignatureFileVerifier.processImpl(Ljava/util/Hashtable;Ljava/util/List;Ljava/lang/String;)V+62 java.base@21.0.9
j  sun.security.util.SignatureFileVerifier.process(Ljava/util/Hashtable;Ljava/util/List;Ljava/lang/String;)V+12 java.base@21.0.9
j  java.util.jar.JarVerifier.processEntry(Lsun/security/util/ManifestEntryVerifier;)V+397 java.base@21.0.9
j  java.util.jar.JarVerifier.update(I[BIILsun/security/util/ManifestEntryVerifier;)V+39 java.base@21.0.9
j  java.util.jar.JarFile.initializeVerifier()V+164 java.base@21.0.9
j  java.util.jar.JarFile.ensureInitialization()V+36 java.base@21.0.9
j  java.util.jar.JavaUtilJarAccessImpl.ensureInitialization(Ljava/util/jar/JarFile;)V+1 java.base@21.0.9
j  jdk.internal.loader.URLClassPath$JarLoader$2.getManifest()Ljava/util/jar/Manifest;+10 java.base@21.0.9
j  jdk.internal.loader.BuiltinClassLoader.defineClass(Ljava/lang/String;Ljdk/internal/loader/Resource;)Ljava/lang/Class;+29 java.base@21.0.9
j  jdk.internal.loader.BuiltinClassLoader.findClassOnClassPathOrNull(Ljava/lang/String;)Ljava/lang/Class;+37 java.base@21.0.9
j  jdk.internal.loader.BuiltinClassLoader.loadClassOrNull(Ljava/lang/String;Z)Ljava/lang/Class;+111 java.base@21.0.9
j  jdk.internal.loader.BuiltinClassLoader.loadClass(Ljava/lang/String;Z)Ljava/lang/Class;+3 java.base@21.0.9
j  jdk.internal.loader.ClassLoaders$AppClassLoader.loadClass(Ljava/lang/String;Z)Ljava/lang/Class;+36 java.base@21.0.9
j  java.lang.ClassLoader.loadClass(Ljava/lang/String;)Ljava/lang/Class;+3 java.base@21.0.9
v  ~StubRoutines::call_stub 0x00000235576510e7
j  java.lang.Class.forName0(Ljava/lang/String;ZLjava/lang/ClassLoader;Ljava/lang/Class;)Ljava/lang/Class;+0 java.base@21.0.9
j  java.lang.Class.forName(Ljava/lang/String;ZLjava/lang/ClassLoader;Ljava/lang/Class;)Ljava/lang/Class;+37 java.base@21.0.9
j  java.lang.Class.forName(Ljava/lang/String;ZLjava/lang/ClassLoader;)Ljava/lang/Class;+20 java.base@21.0.9
j  sun.launcher.LauncherHelper.loadMainClass(ILjava/lang/String;)Ljava/lang/Class;+95 java.base@21.0.9
j  sun.launcher.LauncherHelper.checkAndLoadMain(ZILjava/lang/String;)Ljava/lang/Class;+42 java.base@21.0.9
v  ~StubRoutines::call_stub 0x00000235576510e7
invokestatic  184 invokestatic  [0x0000023557667fe0, 0x00000235576682a8]  712 bytes
[MachCode]
  0x0000023557667fe0: 4883 ec08 | c5fa 1104 | 24eb 1f48 | 83ec 10c5 | fb11 0424 | eb14 4883 | ec10 4889 | 0424 48c7 
  0x0000023557668000: 4424 0800 | 0000 00eb | 0150 4c89 | 6dc0 410f | b755 0148 | 8b4d d0c1 | e202 8b5c | d138 c1eb 
  0x0000023557668020: 1081 e3ff | 0000 0081 | fbb8 0000 | 000f 84b4 | 0000 00bb | b800 0000 | e805 0000 | 00e9 9900 
  0x0000023557668040: 0000 488b | d348 8d44 | 2408 4c89 | 6dc0 498b | cfc5 f877 | 4989 afa8 | 0300 0049 | 8987 9803 
  0x0000023557668060: 0000 4883 | ec20 40f6 | c40f 0f84 | 1900 0000 | 4883 ec08 | 48b8 40fa | 0b00 fe7f | 0000 ffd0 
  0x0000023557668080: 4883 c408 | e90c 0000 | 0048 b840 | fa0b 00fe | 7f00 00ff | d048 83c4 | 2049 c787 | 9803 0000 
  0x00000235576680a0: 0000 0000 | 49c7 87a8 | 0300 0000 | 0000 0049 | c787 a003 | 0000 0000 | 0000 c5f8 | 7749 837f 
  0x00000235576680c0: 0800 0f84 | 0500 0000 | e933 8efe | ff4c 8b6d | c04c 8b75 | c84e 8d74 | f500 c341 | 0fb7 5501 
  0x00000235576680e0: 488b 4dd0 | c1e2 0248 | 8b5c d140 | 488b 5b08 | 488b 5b08 | 488b 5b18 | 80bb 3101 | 0000 040f 
  0x0000023557668100: 840d 0000 | 004c 3bbb | 3801 0000 | 0f85 21ff | ffff 488b | 5cd1 408b | 54d1 50c1 | ea1c 49ba 
  0x0000023557668120: 40d4 9a00 | fe7f 0000 | 498b 14d2 | 5248 8b45 | d848 85c0 | 0f84 1200 | 0000 4883 | 4008 0148 
  0x0000023557668140: 8358 0800 | 4883 c010 | 4889 45d8 | 488b 45d8 | 4885 c00f | 843d 0100 | 0080 78f0 | 0a0f 8533 
  0x0000023557668160: 0100 0048 | 83c0 084c | 8b68 f841 | 83ed 0041 | 83fd 020f | 8c12 0100 | 004c 8b6b | 0845 0fb7 
  0x0000023557668180: 6d2e 4c2b | 2841 83ed | 014e 8b6c | ec08 4d85 | ed75 0ef6 | 4008 0175 | 58f0 4883 | 4808 01eb 
  0x00000235576681a0: 5045 8b6d | 0849 ba00 | 0000 0035 | 0200 004d | 03ea 4d8b | d54c 3368 | 0849 f7c5 | fcff ffff 
  0x00000235576681c0: 742f 41f6 | c502 7529 | 4883 7808 | 0074 1e48 | 8378 0801 | 7417 4d8b | ea4c 3368 | 0849 f7c5 
  0x00000235576681e0: fcff ffff | 740b 4883 | 4808 02eb | 044c 8968 | 0848 83c0 | 104c 8b68 | e841 83ed | 0241 83fd 
  0x0000023557668200: 020f 8c84 | 0000 004c | 8b6b 0845 | 0fb7 6d2e | 4c2b 2841 | 83ed 014e | 8b6c ec08 | 4d85 ed75 
  0x0000023557668220: 0ef6 4008 | 0175 58f0 | 4883 4808 | 01eb 5045 | 8b6d 0849 | ba00 0000 | 0035 0200 | 004d 03ea 
  0x0000023557668240: 4d8b d54c | 3368 0849 | f7c5 fcff | ffff 742f | 41f6 c502 | 7529 4883 | 7808 0074 | 1e48 8378 
  0x0000023557668260: 0801 7417 | 4d8b ea4c | 3368 0849 | f7c5 fcff | ffff 740b | 4883 4808 | 02eb 044c | 8968 0848 
  0x0000023557668280: 83c0 104c | 8b68 d841 | 83ed 0441 | c1e5 0349 | 03c5 4889 | 45d8 4c8d | 6c24 084c | 896d f0ff 
  0x00000235576682a0: 6350 660f | 1f44 0000 
[/MachCode]

---------------  P R O C E S S  ---------------

Threads class SMR info:
_java_thread_list=0x00000235658850c0, length=16, elements={
0x000002354ba4ad70, 0x00000235640de710, 0x00000235656424c0, 0x0000023565643110,
0x0000023565645f70, 0x00000235656479d0, 0x000002356564c7d0, 0x000002356566d0a0,
0x000002354bafe6f0, 0x00000235657db4f0, 0x00000235657dff40, 0x00000235657eacf0,
0x00000235657eb7a0, 0x000002356c022050, 0x000002356c046300, 0x000002356c0f28b0
}

Java Threads: ( => current thread )
=>0x000002354ba4ad70 JavaThread "main"                              [_thread_in_vm, id=96392, stack(0x00000035f7200000,0x00000035f7300000) (1024K)]
  0x00000235640de710 JavaThread "Reference Handler"          daemon [_thread_blocked, id=97144, stack(0x00000035f7600000,0x00000035f7700000) (1024K)]
  0x00000235656424c0 JavaThread "Finalizer"                  daemon [_thread_blocked, id=96468, stack(0x00000035f7700000,0x00000035f7800000) (1024K)]
  0x0000023565643110 JavaThread "Signal Dispatcher"          daemon [_thread_blocked, id=34928, stack(0x00000035f7800000,0x00000035f7900000) (1024K)]
  0x0000023565645f70 JavaThread "Attach Listener"            daemon [_thread_blocked, id=66500, stack(0x00000035f7900000,0x00000035f7a00000) (1024K)]
  0x00000235656479d0 JavaThread "Service Thread"             daemon [_thread_blocked, id=93504, stack(0x00000035f7a00000,0x00000035f7b00000) (1024K)]
  0x000002356564c7d0 JavaThread "Monitor Deflation Thread"   daemon [_thread_blocked, id=91124, stack(0x00000035f7b00000,0x00000035f7c00000) (1024K)]
  0x000002356566d0a0 JavaThread "C2 CompilerThread0"         daemon [_thread_in_native, id=98044, stack(0x00000035f7c00000,0x00000035f7d00000) (1024K)]
  0x000002354bafe6f0 JavaThread "C1 CompilerThread0"         daemon [_thread_blocked, id=64088, stack(0x00000035f7d00000,0x00000035f7e00000) (1024K)]
  0x00000235657db4f0 JavaThread "C1 CompilerThread1"         daemon [_thread_blocked, id=91712, stack(0x00000035f7e00000,0x00000035f7f00000) (1024K)]
  0x00000235657dff40 JavaThread "C1 CompilerThread2"         daemon [_thread_blocked, id=90668, stack(0x00000035f7f00000,0x00000035f8000000) (1024K)]
  0x00000235657eacf0 JavaThread "C2 CompilerThread1"         daemon [_thread_blocked, id=98004, stack(0x00000035f8000000,0x00000035f8100000) (1024K)]
  0x00000235657eb7a0 JavaThread "C2 CompilerThread2"         daemon [_thread_in_native, id=87824, stack(0x00000035f8100000,0x00000035f8200000) (1024K)]
  0x000002356c022050 JavaThread "Common-Cleaner"             daemon [_thread_blocked, id=95552, stack(0x00000035f8200000,0x00000035f8300000) (1024K)]
  0x000002356c046300 JavaThread "C1 CompilerThread3"         daemon [_thread_blocked, id=96608, stack(0x00000035f8300000,0x00000035f8400000) (1024K)]
  0x000002356c0f28b0 JavaThread "Notification Thread"        daemon [_thread_blocked, id=72808, stack(0x00000035f8400000,0x00000035f8500000) (1024K)]
Total: 16

Other Threads:
  0x0000023565639680 VMThread "VM Thread"                           [id=48808, stack(0x00000035f7500000,0x00000035f7600000) (1024K)]
  0x000002354bab8c60 WatcherThread "VM Periodic Task Thread"        [id=97364, stack(0x00000035f7400000,0x00000035f7500000) (1024K)]
  0x000002354ba6a710 WorkerThread "GC Thread#0"                     [id=95924, stack(0x00000035f7300000,0x00000035f7400000) (1024K)]
Total: 3

Threads with active compile tasks:
C2 CompilerThread0  473  703       4       lombok.patcher.scripts.MethodLevelPatchScript::patch (21 bytes)
C2 CompilerThread2  473  678       4       lombok.patcher.PatchScript::classMatches (41 bytes)
Total: 2

VM state: not at safepoint (normal execution)

VM Mutex/Monitor currently owned by a thread: None

Heap address: 0x0000000080000000, size: 2048 MB, Compressed Oops mode: 32-bit

CDS archive(s) mapped at: [0x0000023500000000-0x0000023500ba0000-0x0000023500ba0000), size 12189696, SharedBaseAddress: 0x0000023500000000, ArchiveRelocationMode: 1.
Compressed class space mapped at: 0x0000023501000000-0x0000023541000000, reserved size: 1073741824
Narrow klass base: 0x0000023500000000, Narrow klass shift: 0, Narrow klass range: 0x100000000

GC Precious Log:
 CardTable entry size: 512
 CPUs: 24 total, 24 available
 Memory: 31865M
 Large Page Support: Disabled
 NUMA Support: Disabled
 Compressed Oops: Enabled (32-bit)
 Alignments: Space 512K, Generation 512K, Heap 2M
 Heap Min Capacity: 100M
 Heap Initial Capacity: 100M
 Heap Max Capacity: 2G
 Pre-touch: Disabled
 Parallel Workers: 18

Heap:
 PSYoungGen      total 29696K, used 15264K [0x00000000d5580000, 0x00000000d7680000, 0x0000000100000000)
  eden space 25600K, 59% used [0x00000000d5580000,0x00000000d6468058,0x00000000d6e80000)
  from space 4096K, 0% used [0x00000000d7280000,0x00000000d7280000,0x00000000d7680000)
  to   space 4096K, 0% used [0x00000000d6e80000,0x00000000d6e80000,0x00000000d7280000)
 ParOldGen       total 68608K, used 0K [0x0000000080000000, 0x0000000084300000, 0x00000000d5580000)
  object space 68608K, 0% used [0x0000000080000000,0x0000000080000000,0x0000000084300000)
 Metaspace       used 2463K, committed 2688K, reserved 1114112K
  class space    used 249K, committed 384K, reserved 1048576K

Card table byte_map: [0x000002355f3f0000,0x000002355f800000] _byte_map_base: 0x000002355eff0000

Marking Bits: (ParMarkBitMap*) 0x00007ffe009a2460
 Begin Bits: [0x000002355fab0000, 0x0000023561ab0000)
 End Bits:   [0x0000023561ab0000, 0x0000023563ab0000)

Polling page: 0x000002354b4d0000

Metaspace:

Usage:
  Non-class:      2.16 MB used.
      Class:    249.63 KB used.
       Both:      2.41 MB used.

Virtual space:
  Non-class space:       64.00 MB reserved,       2.25 MB (  4%) committed,  1 nodes.
      Class space:        1.00 GB reserved,     384.00 KB ( <1%) committed,  1 nodes.
             Both:        1.06 GB reserved,       2.62 MB ( <1%) committed. 

Chunk freelists:
   Non-Class:  11.65 MB
       Class:  15.67 MB
        Both:  27.32 MB

MaxMetaspaceSize: unlimited
CompressedClassSpaceSize: 1.00 GB
Initial GC threshold: 21.00 MB
Current GC threshold: 21.00 MB
CDS: on
 - commit_granule_bytes: 65536.
 - commit_granule_words: 8192.
 - virtual_space_node_default_size: 8388608.
 - enlarge_chunks_in_place: 1.
 - use_allocation_guard: 0.


Internal statistics:

num_allocs_failed_limit: 0.
num_arena_births: 80.
num_arena_deaths: 0.
num_vsnodes_births: 2.
num_vsnodes_deaths: 0.
num_space_committed: 42.
num_space_uncommitted: 0.
num_chunks_returned_to_freelist: 0.
num_chunks_taken_from_freelist: 102.
num_chunk_merges: 0.
num_chunk_splits: 72.
num_chunks_enlarged: 46.
num_inconsistent_stats: 0.

CodeHeap 'non-profiled nmethods': size=119168Kb used=244Kb max_used=244Kb free=118923Kb
 bounds [0x0000023557da0000, 0x0000023558010000, 0x000002355f200000]
CodeHeap 'profiled nmethods': size=119104Kb used=1102Kb max_used=1102Kb free=118001Kb
 bounds [0x0000023550200000, 0x0000023550470000, 0x0000023557650000]
CodeHeap 'non-nmethods': size=7488Kb used=2883Kb max_used=2911Kb free=4604Kb
 bounds [0x0000023557650000, 0x0000023557930000, 0x0000023557da0000]
CodeCache: size=245760Kb, used=4229Kb, max_used=4257Kb, free=241528Kb
 total_blobs=1148, nmethods=706, adapters=346, full_count=0
Compilation: enabled, stopped_count=0, restarted_count=0

Compilation events (20 events):
Event: 0.409 Thread 0x000002356566d0a0  680       4       java.lang.StringLatin1::lastIndexOf (40 bytes)
Event: 0.411 Thread 0x00000235657db4f0  704       3       sun.security.util.DerInputStream::available (10 bytes)
Event: 0.411 Thread 0x00000235657eacf0 nmethod 687 0x0000023557ddaa90 code [0x0000023557ddac20, 0x0000023557ddaf00]
Event: 0.411 Thread 0x00000235657db4f0 nmethod 704 0x0000023550309c10 code [0x0000023550309da0, 0x0000023550309eb0]
Event: 0.411 Thread 0x000002356566d0a0 nmethod 680 0x0000023557ddb090 code [0x0000023557ddb220, 0x0000023557ddb3d0]
Event: 0.411 Thread 0x00000235657eacf0  691       4       java.lang.Integer::parseInt (264 bytes)
Event: 0.411 Thread 0x000002356566d0a0  682       4       java.lang.CharacterData::of (136 bytes)
Event: 0.412 Thread 0x000002356566d0a0 nmethod 682 0x0000023557ddb510 code [0x0000023557ddb6a0, 0x0000023557ddb738]
Event: 0.412 Thread 0x000002356566d0a0  683       4       java.lang.CharacterDataLatin1::digit (32 bytes)
Event: 0.412 Thread 0x000002356566d0a0 nmethod 683 0x0000023557ddb810 code [0x0000023557ddb9a0, 0x0000023557ddbac0]
Event: 0.412 Thread 0x000002356c046300  705       3       java.util.jar.Manifest$FastInputStream::readLine (296 bytes)
Event: 0.412 Thread 0x000002356566d0a0  689       4       java.lang.Character::digit (6 bytes)
Event: 0.413 Thread 0x00000235657dff40  706   !   3       java.lang.String::<init> (890 bytes)
Event: 0.413 Thread 0x000002356c046300 nmethod 705 0x0000023550309f10 code [0x000002355030a140, 0x000002355030a9a8]
Event: 0.414 Thread 0x000002356c046300  707       3       java.util.Objects::checkFromIndexSize (8 bytes)
Event: 0.414 Thread 0x000002356566d0a0 nmethod 689 0x0000023557ddbc10 code [0x0000023557ddbda0, 0x0000023557ddbec8]
Event: 0.414 Thread 0x000002356566d0a0  703       4       lombok.patcher.scripts.MethodLevelPatchScript::patch (21 bytes)
Event: 0.414 Thread 0x000002356c046300 nmethod 707 0x000002355030ad10 code [0x000002355030aec0, 0x000002355030b0c8]
Event: 0.415 Thread 0x00000235657db4f0  709       3       jdk.internal.util.ArraysSupport::vectorizedHashCode (158 bytes)
Event: 0.416 Thread 0x00000235657db4f0 nmethod 709 0x000002355030b210 code [0x000002355030b520, 0x000002355030c508]

GC Heap History (0 events):
No events

Dll operation events (8 events):
Event: 0.010 Loaded shared library c:\Users\andy7\.vscode\extensions\redhat.java-1.49.0-win32-x64\jre\21.0.9-win32-x86_64\bin\java.dll
Event: 0.034 Loaded shared library c:\Users\andy7\.vscode\extensions\redhat.java-1.49.0-win32-x64\jre\21.0.9-win32-x86_64\bin\zip.dll
Event: 0.097 Loaded shared library C:\Users\andy7\.vscode\extensions\redhat.java-1.49.0-win32-x64\jre\21.0.9-win32-x86_64\bin\instrument.dll
Event: 0.101 Loaded shared library C:\Users\andy7\.vscode\extensions\redhat.java-1.49.0-win32-x64\jre\21.0.9-win32-x86_64\bin\net.dll
Event: 0.105 Loaded shared library C:\Users\andy7\.vscode\extensions\redhat.java-1.49.0-win32-x64\jre\21.0.9-win32-x86_64\bin\nio.dll
Event: 0.109 Loaded shared library C:\Users\andy7\.vscode\extensions\redhat.java-1.49.0-win32-x64\jre\21.0.9-win32-x86_64\bin\zip.dll
Event: 0.130 Loaded shared library C:\Users\andy7\.vscode\extensions\redhat.java-1.49.0-win32-x64\jre\21.0.9-win32-x86_64\bin\jimage.dll
Event: 0.213 Loaded shared library c:\Users\andy7\.vscode\extensions\redhat.java-1.49.0-win32-x64\jre\21.0.9-win32-x86_64\bin\verify.dll

Deoptimization events (20 events):
Event: 0.310 Thread 0x000002354ba4ad70 DEOPT PACKING pc=0x000002355023797f sp=0x00000035f72faba0
Event: 0.310 Thread 0x000002354ba4ad70 DEOPT UNPACKING pc=0x00000235576a78e2 sp=0x00000035f72fa050 mode 0
Event: 0.310 Thread 0x000002354ba4ad70 DEOPT PACKING pc=0x0000023550237a58 sp=0x00000035f72fa880
Event: 0.310 Thread 0x000002354ba4ad70 DEOPT UNPACKING pc=0x00000235576a78e2 sp=0x00000035f72f9d40 mode 0
Event: 0.311 Thread 0x000002354ba4ad70 DEOPT PACKING pc=0x0000023550237a58 sp=0x00000035f72fa870
Event: 0.311 Thread 0x000002354ba4ad70 DEOPT UNPACKING pc=0x00000235576a78e2 sp=0x00000035f72f9d30 mode 0
Event: 0.311 Thread 0x000002354ba4ad70 DEOPT PACKING pc=0x0000023550237a58 sp=0x00000035f72fbfb0
Event: 0.311 Thread 0x000002354ba4ad70 DEOPT UNPACKING pc=0x00000235576a78e2 sp=0x00000035f72fb470 mode 0
Event: 0.360 Thread 0x000002354ba4ad70 Uncommon trap: trap_request=0xffffff45 fr.pc=0x0000023557dcf784 relative=0x0000000000000844
Event: 0.360 Thread 0x000002354ba4ad70 Uncommon trap: reason=unstable_if action=reinterpret pc=0x0000023557dcf784 method=java.util.HashMap.putVal(ILjava/lang/Object;Ljava/lang/Object;ZZ)Ljava/lang/Object; @ 181 c2
Event: 0.360 Thread 0x000002354ba4ad70 DEOPT PACKING pc=0x0000023557dcf784 sp=0x00000035f72fddf0
Event: 0.360 Thread 0x000002354ba4ad70 DEOPT UNPACKING pc=0x00000235576a6da2 sp=0x00000035f72fdd70 mode 2
Event: 0.384 Thread 0x000002354ba4ad70 Uncommon trap: trap_request=0xffffff45 fr.pc=0x0000023557dd0b6c relative=0x000000000000014c
Event: 0.384 Thread 0x000002354ba4ad70 Uncommon trap: reason=unstable_if action=reinterpret pc=0x0000023557dd0b6c method=jdk.internal.util.ArraysSupport.vectorizedHashCode(Ljava/lang/Object;IIII)I @ 2 c2
Event: 0.384 Thread 0x000002354ba4ad70 DEOPT PACKING pc=0x0000023557dd0b6c sp=0x00000035f72fcf10
Event: 0.384 Thread 0x000002354ba4ad70 DEOPT UNPACKING pc=0x00000235576a6da2 sp=0x00000035f72fcec0 mode 2
Event: 0.391 Thread 0x000002354ba4ad70 Uncommon trap: trap_request=0xffffff45 fr.pc=0x0000023557dc1674 relative=0x00000000000000d4
Event: 0.391 Thread 0x000002354ba4ad70 Uncommon trap: reason=unstable_if action=reinterpret pc=0x0000023557dc1674 method=java.net.URI.match(CJJ)Z @ 45 c2
Event: 0.391 Thread 0x000002354ba4ad70 DEOPT PACKING pc=0x0000023557dc1674 sp=0x00000035f72fd090
Event: 0.391 Thread 0x000002354ba4ad70 DEOPT UNPACKING pc=0x00000235576a6da2 sp=0x00000035f72fcff8 mode 2

Classes loaded (20 events):
Event: 0.411 Loading class sun/security/pkcs/PKCS9Attributes done
Event: 0.411 Loading class sun/security/pkcs/PKCS9Attribute
Event: 0.412 Loading class sun/security/pkcs/PKCS9Attribute done
Event: 0.415 Loading class sun/security/pkcs/SigningCertificateInfo
Event: 0.415 Loading class sun/security/pkcs/SigningCertificateInfo done
Event: 0.415 Loading class sun/security/pkcs/SigningCertificateInfo$ESSCertId
Event: 0.415 Loading class sun/security/pkcs/SigningCertificateInfo$ESSCertId done
Event: 0.416 Loading class sun/security/pkcs/SignerInfo$AlgorithmInfo
Event: 0.416 Loading class sun/security/pkcs/SignerInfo$AlgorithmInfo done
Event: 0.416 Loading class java/security/MessageDigest
Event: 0.416 Loading class java/security/MessageDigestSpi
Event: 0.416 Loading class java/security/MessageDigestSpi done
Event: 0.416 Loading class java/security/MessageDigest done
Event: 0.416 Loading class sun/security/provider/SHA2$SHA256
Event: 0.416 Loading class sun/security/provider/SHA2
Event: 0.416 Loading class sun/security/provider/DigestBase
Event: 0.416 Loading class sun/security/provider/DigestBase done
Event: 0.416 Loading class sun/security/provider/SHA2 done
Event: 0.416 Loading class sun/security/provider/SHA2$SHA256 done
Event: 0.417 Loading class java/security/MessageDigest$Delegate

Classes unloaded (0 events):
No events

Classes redefined (0 events):
No events

Internal exceptions (12 events):
Event: 0.074 Thread 0x000002354ba4ad70 Exception <a 'java/lang/NoSuchMethodError'{0x00000000d57e18d8}: 'void java.lang.invoke.DirectMethodHandle$Holder.invokeStatic(java.lang.Object, java.lang.Object, java.lang.Object)'> (0x00000000d57e18d8) 
thrown [s\src\hotspot\share\interpreter\linkResolver.cpp, line 773]
Event: 0.121 Thread 0x000002354ba4ad70 Exception <a 'java/lang/NoSuchMethodError'{0x00000000d594ae88}: 'java.lang.Object java.lang.invoke.Invokers$Holder.invokeExact_MT(java.lang.Object, java.lang.Object, java.lang.Object, java.lang.Object, java.lang.Object)'> (0x00000000d594ae88) 
thrown [s\src\hotspot\share\interpreter\linkResolver.cpp, line 773]
Event: 0.164 Thread 0x000002354ba4ad70 Exception <a 'java/lang/NoSuchMethodError'{0x00000000d5b83110}: 'int java.lang.invoke.DirectMethodHandle$Holder.invokeSpecial(java.lang.Object, java.lang.Object, java.lang.Object, int)'> (0x00000000d5b83110) 
thrown [s\src\hotspot\share\interpreter\linkResolver.cpp, line 773]
Event: 0.168 Thread 0x000002354ba4ad70 Exception <a 'java/lang/NoSuchMethodError'{0x00000000d5b95af8}: 'java.lang.Object java.lang.invoke.DirectMethodHandle$Holder.invokeStatic(java.lang.Object, java.lang.Object, java.lang.Object, java.lang.Object, int)'> (0x00000000d5b95af8) 
thrown [s\src\hotspot\share\interpreter\linkResolver.cpp, line 773]
Event: 0.170 Thread 0x000002354ba4ad70 Exception <a 'java/lang/NoSuchMethodError'{0x00000000d5ba0f38}: 'void java.lang.invoke.DelegatingMethodHandle$Holder.reinvoke_L(java.lang.Object, java.lang.Object, java.lang.Object, int, java.lang.Object)'> (0x00000000d5ba0f38) 
thrown [s\src\hotspot\share\interpreter\linkResolver.cpp, line 773]
Event: 0.171 Thread 0x000002354ba4ad70 Exception <a 'java/lang/NoSuchMethodError'{0x00000000d5ba4970}: 'int java.lang.invoke.DirectMethodHandle$Holder.invokeSpecial(java.lang.Object, java.lang.Object, java.lang.Object)'> (0x00000000d5ba4970) 
thrown [s\src\hotspot\share\interpreter\linkResolver.cpp, line 773]
Event: 0.176 Thread 0x000002354ba4ad70 Exception <a 'java/lang/NoSuchMethodError'{0x00000000d5bbd660}: 'java.lang.Object java.lang.invoke.DirectMethodHandle$Holder.invokeStatic(java.lang.Object, java.lang.Object, int)'> (0x00000000d5bbd660) 
thrown [s\src\hotspot\share\interpreter\linkResolver.cpp, line 773]
Event: 0.177 Thread 0x000002354ba4ad70 Exception <a 'java/lang/NoSuchMethodError'{0x00000000d5bc1fb0}: 'void java.lang.invoke.DirectMethodHandle$Holder.invokeStatic(java.lang.Object, java.lang.Object, int, java.lang.Object)'> (0x00000000d5bc1fb0) 
thrown [s\src\hotspot\share\interpreter\linkResolver.cpp, line 773]
Event: 0.178 Thread 0x000002354ba4ad70 Exception <a 'java/lang/NoSuchMethodError'{0x00000000d5bc5b40}: 'void java.lang.invoke.DirectMethodHandle$Holder.invokeSpecial(java.lang.Object, java.lang.Object, java.lang.Object, int, java.lang.Object)'> (0x00000000d5bc5b40) 
thrown [s\src\hotspot\share\interpreter\linkResolver.cpp, line 773]
Event: 0.178 Thread 0x000002354ba4ad70 Exception <a 'java/lang/NoSuchMethodError'{0x00000000d5bc8fb0}: 'void java.lang.invoke.DelegatingMethodHandle$Holder.delegate(java.lang.Object, java.lang.Object, int, java.lang.Object)'> (0x00000000d5bc8fb0) 
thrown [s\src\hotspot\share\interpreter\linkResolver.cpp, line 773]
Event: 0.247 Thread 0x000002354ba4ad70 Exception <a 'java/lang/NoSuchMethodError'{0x00000000d5d87e28}: 'void java.lang.invoke.DelegatingMethodHandle$Holder.reinvoke_L(java.lang.Object, java.lang.Object, java.lang.Object, int)'> (0x00000000d5d87e28) 
thrown [s\src\hotspot\share\interpreter\linkResolver.cpp, line 773]
Event: 0.378 Thread 0x000002354ba4ad70 Exception <a 'java/lang/NoSuchMethodError'{0x00000000d620fb40}: 'void java.lang.invoke.DirectMethodHandle$Holder.invokeVirtual(java.lang.Object, java.lang.Object)'> (0x00000000d620fb40) 
thrown [s\src\hotspot\share\interpreter\linkResolver.cpp, line 773]

ZGC Phase Switch (0 events):
No events

VM Operations (4 events):
Event: 0.076 Executing VM operation: HandshakeAllThreads (Deoptimize)
Event: 0.076 Executing VM operation: HandshakeAllThreads (Deoptimize) done
Event: 0.142 Executing VM operation: HandshakeAllThreads (Deoptimize)
Event: 0.142 Executing VM operation: HandshakeAllThreads (Deoptimize) done

Memory protections (0 events):
No events

Nmethod flushes (0 events):
No events

Events (16 events):
Event: 0.023 Thread 0x000002354ba4ad70 Thread added: 0x000002354ba4ad70
Event: 0.043 Thread 0x000002354ba4ad70 Thread added: 0x00000235640de710
Event: 0.043 Thread 0x000002354ba4ad70 Thread added: 0x00000235656424c0
Event: 0.043 Thread 0x000002354ba4ad70 Thread added: 0x0000023565643110
Event: 0.043 Thread 0x000002354ba4ad70 Thread added: 0x0000023565645f70
Event: 0.043 Thread 0x000002354ba4ad70 Thread added: 0x00000235656479d0
Event: 0.043 Thread 0x000002354ba4ad70 Thread added: 0x000002356564c7d0
Event: 0.044 Thread 0x000002354ba4ad70 Thread added: 0x000002356566d0a0
Event: 0.044 Thread 0x000002354ba4ad70 Thread added: 0x000002354bafe6f0
Event: 0.069 Thread 0x000002354bafe6f0 Thread added: 0x00000235657db4f0
Event: 0.078 Thread 0x000002354bafe6f0 Thread added: 0x00000235657dff40
Event: 0.082 Thread 0x00000235657db4f0 Thread added: 0x00000235657eacf0
Event: 0.082 Thread 0x00000235657db4f0 Thread added: 0x00000235657eb7a0
Event: 0.098 Thread 0x000002354ba4ad70 Thread added: 0x000002356c022050
Event: 0.137 Thread 0x00000235657db4f0 Thread added: 0x000002356c046300
Event: 0.301 Thread 0x000002354ba4ad70 Thread added: 0x000002356c0f28b0


Dynamic libraries:
0x00007ff766d70000 - 0x00007ff766d7e000 	c:\Users\andy7\.vscode\extensions\redhat.java-1.49.0-win32-x64\jre\21.0.9-win32-x86_64\bin\java.exe
0x00007fff1f260000 - 0x00007fff1f4c7000 	C:\Windows\SYSTEM32\ntdll.dll
0x00007fff1db90000 - 0x00007fff1dc59000 	C:\Windows\System32\KERNEL32.DLL
0x00007fff1c3b0000 - 0x00007fff1c79f000 	C:\Windows\System32\KERNELBASE.dll
0x00007fff1c7b0000 - 0x00007fff1c8fb000 	C:\Windows\System32\ucrtbase.dll
0x00007ffefd750000 - 0x00007ffefd768000 	c:\Users\andy7\.vscode\extensions\redhat.java-1.49.0-win32-x64\jre\21.0.9-win32-x86_64\bin\jli.dll
0x00007ffe28bf0000 - 0x00007ffe28c0e000 	c:\Users\andy7\.vscode\extensions\redhat.java-1.49.0-win32-x64\jre\21.0.9-win32-x86_64\bin\VCRUNTIME140.dll
0x00007fff1d000000 - 0x00007fff1d1c5000 	C:\Windows\System32\USER32.dll
0x00007fff04900000 - 0x00007fff04b93000 	C:\Windows\WinSxS\amd64_microsoft.windows.common-controls_6595b64144ccf1df_6.0.26100.7309_none_3e05feeae336a044\COMCTL32.dll
0x00007fff1cb30000 - 0x00007fff1cb57000 	C:\Windows\System32\win32u.dll
0x00007fff1d4b0000 - 0x00007fff1d559000 	C:\Windows\System32\msvcrt.dll
0x00007fff1d1d0000 - 0x00007fff1d1fb000 	C:\Windows\System32\GDI32.dll
0x00007fff1cd60000 - 0x00007fff1ce8c000 	C:\Windows\System32\gdi32full.dll
0x00007fff1c900000 - 0x00007fff1c9a3000 	C:\Windows\System32\msvcp_win.dll
0x00007fff1d560000 - 0x00007fff1d591000 	C:\Windows\System32\IMM32.DLL
0x00007ffef2560000 - 0x00007ffef256c000 	c:\Users\andy7\.vscode\extensions\redhat.java-1.49.0-win32-x64\jre\21.0.9-win32-x86_64\bin\vcruntime140_1.dll
0x00007ffe28b60000 - 0x00007ffe28bed000 	c:\Users\andy7\.vscode\extensions\redhat.java-1.49.0-win32-x64\jre\21.0.9-win32-x86_64\bin\msvcp140.dll
0x00007ffdffce0000 - 0x00007ffe00a80000 	c:\Users\andy7\.vscode\extensions\redhat.java-1.49.0-win32-x64\jre\21.0.9-win32-x86_64\bin\server\jvm.dll
0x00007fff1d6a0000 - 0x00007fff1d754000 	C:\Windows\System32\ADVAPI32.dll
0x00007fff1d300000 - 0x00007fff1d3a6000 	C:\Windows\System32\sechost.dll
0x00007fff1ea10000 - 0x00007fff1eb28000 	C:\Windows\System32\RPCRT4.dll
0x00007fff1d430000 - 0x00007fff1d4a4000 	C:\Windows\System32\WS2_32.dll
0x00007fff1c060000 - 0x00007fff1c0be000 	C:\Windows\SYSTEM32\POWRPROF.dll
0x00007fff05e50000 - 0x00007fff05e5b000 	C:\Windows\SYSTEM32\VERSION.dll
0x00007fff11150000 - 0x00007fff11185000 	C:\Windows\SYSTEM32\WINMM.dll
0x00007fff1c040000 - 0x00007fff1c054000 	C:\Windows\SYSTEM32\UMPDC.dll
0x00007fff1b160000 - 0x00007fff1b17b000 	C:\Windows\SYSTEM32\kernel.appcore.dll
0x00007ffef22e0000 - 0x00007ffef22ea000 	c:\Users\andy7\.vscode\extensions\redhat.java-1.49.0-win32-x64\jre\21.0.9-win32-x86_64\bin\jimage.dll
0x00007fff19cf0000 - 0x00007fff19f32000 	C:\Windows\SYSTEM32\DBGHELP.DLL
0x00007fff1ee90000 - 0x00007fff1f216000 	C:\Windows\System32\combase.dll
0x00007fff1d5a0000 - 0x00007fff1d676000 	C:\Windows\System32\OLEAUT32.dll
0x00007ffef8120000 - 0x00007ffef815c000 	C:\Windows\SYSTEM32\dbgcore.DLL
0x00007fff1cf50000 - 0x00007fff1cff5000 	C:\Windows\System32\bcryptPrimitives.dll
0x00007fff003c0000 - 0x00007fff003cf000 	c:\Users\andy7\.vscode\extensions\redhat.java-1.49.0-win32-x64\jre\21.0.9-win32-x86_64\bin\instrument.dll
0x00007ffe28c30000 - 0x00007ffe28c50000 	c:\Users\andy7\.vscode\extensions\redhat.java-1.49.0-win32-x64\jre\21.0.9-win32-x86_64\bin\java.dll
0x00007fff1dce0000 - 0x00007fff1e433000 	C:\Windows\System32\SHELL32.dll
0x00007fff1cbf0000 - 0x00007fff1cd5a000 	C:\Windows\System32\wintypes.dll
0x00007fff19fb0000 - 0x00007fff1a80e000 	C:\Windows\SYSTEM32\windows.storage.dll
0x00007fff1e900000 - 0x00007fff1e9f5000 	C:\Windows\System32\SHCORE.dll
0x00007fff1eb30000 - 0x00007fff1eb96000 	C:\Windows\System32\shlwapi.dll
0x00007fff1c2d0000 - 0x00007fff1c2f9000 	C:\Windows\SYSTEM32\profapi.dll
0x00007ffe28c10000 - 0x00007ffe28c28000 	c:\Users\andy7\.vscode\extensions\redhat.java-1.49.0-win32-x64\jre\21.0.9-win32-x86_64\bin\zip.dll
0x00007ffeef4f0000 - 0x00007ffeef500000 	C:\Users\andy7\.vscode\extensions\redhat.java-1.49.0-win32-x64\jre\21.0.9-win32-x86_64\bin\net.dll
0x00007fff0fdc0000 - 0x00007fff0fee8000 	C:\Windows\SYSTEM32\WINHTTP.dll
0x00007fff1b6d0000 - 0x00007fff1b73b000 	C:\Windows\system32\mswsock.dll
0x00007ffe28b40000 - 0x00007ffe28b56000 	C:\Users\andy7\.vscode\extensions\redhat.java-1.49.0-win32-x64\jre\21.0.9-win32-x86_64\bin\nio.dll
0x00007ffeff0d0000 - 0x00007ffeff0e0000 	c:\Users\andy7\.vscode\extensions\redhat.java-1.49.0-win32-x64\jre\21.0.9-win32-x86_64\bin\verify.dll

JVMTI agents:
c:\Users\andy7\.vscode\extensions\redhat.java-1.49.0-win32-x64\lombok\lombok-1.18.39-4050.jar path:c:\Users\andy7\.vscode\extensions\redhat.java-1.49.0-win32-x64\jre\21.0.9-win32-x86_64\bin\instrument.dll, loaded, initialized, instrumentlib options:none

dbghelp: loaded successfully - version: 4.0.5 - missing functions: none
symbol engine: initialized successfully - sym options: 0x614 - pdb path: .;c:\Users\andy7\.vscode\extensions\redhat.java-1.49.0-win32-x64\jre\21.0.9-win32-x86_64\bin;C:\Windows\SYSTEM32;C:\Windows\WinSxS\amd64_microsoft.windows.common-controls_6595b64144ccf1df_6.0.26100.7309_none_3e05feeae336a044;c:\Users\andy7\.vscode\extensions\redhat.java-1.49.0-win32-x64\jre\21.0.9-win32-x86_64\bin\server

VM Arguments:
jvm_args: --add-modules=ALL-SYSTEM --add-opens=java.base/java.util=ALL-UNNAMED --add-opens=java.base/java.lang=ALL-UNNAMED --add-opens=java.base/sun.nio.fs=ALL-UNNAMED -Declipse.application=org.eclipse.jdt.ls.core.id1 -Dosgi.bundles.defaultStartLevel=4 -Declipse.product=org.eclipse.jdt.ls.core.product -Djava.import.generatesMetadataFilesAtProjectRoot=false -DDetectVMInstallationsJob.disabled=true -Dfile.encoding=utf8 -XX:+UseParallelGC -XX:GCTimeRatio=4 -XX:AdaptiveSizePolicyWeight=90 -Dsun.zip.disableMemoryMapping=true -Xmx2G -Xms100m -Xlog:disable -javaagent:c:\Users\andy7\.vscode\extensions\redhat.java-1.49.0-win32-x64\lombok\lombok-1.18.39-4050.jar -XX:+HeapDumpOnOutOfMemoryError -XX:HeapDumpPath=c:\Users\andy7\AppData\Roaming\Code\User\workspaceStorage\cf802568948e43ef28e78c6e3a2a0573\redhat.java -Daether.dependencyCollector.impl=bf 
java_command: c:\Users\andy7\.vscode\extensions\redhat.java-1.49.0-win32-x64\server\plugins\org.eclipse.equinox.launcher_1.7.100.v20251111-0406.jar -configuration c:\Users\andy7\AppData\Roaming\Code\User\globalStorage\redhat.java\1.49.0\config_win -data c:\Users\andy7\AppData\Roaming\Code\User\workspaceStorage\cf802568948e43ef28e78c6e3a2a0573\redhat.java\jdt_ws --pipe=\\.\pipe\lsp-3a5222f3b3ceaf0fb873d0ee62a666ba-sock
java_class_path (initial): c:\Users\andy7\.vscode\extensions\redhat.java-1.49.0-win32-x64\server\plugins\org.eclipse.equinox.launcher_1.7.100.v20251111-0406.jar
Launcher Type: SUN_STANDARD

[Global flags]
    uintx AdaptiveSizePolicyWeight                 = 90                                        {product} {command line}
     intx CICompilerCount                          = 12                                        {product} {ergonomic}
    uintx GCTimeRatio                              = 4                                         {product} {command line}
     bool HeapDumpOnOutOfMemoryError               = true                                   {manageable} {command line}
    ccstr HeapDumpPath                             = c:\Users\andy7\AppData\Roaming\Code\User\workspaceStorage\cf802568948e43ef28e78c6e3a2a0573\redhat.java         {manageable} {command line}
   size_t InitialHeapSize                          = 104857600                                 {product} {command line}
   size_t MaxHeapSize                              = 2147483648                                {product} {command line}
   size_t MaxNewSize                               = 715653120                                 {product} {ergonomic}
   size_t MinHeapDeltaBytes                        = 524288                                    {product} {ergonomic}
   size_t MinHeapSize                              = 104857600                                 {product} {command line}
   size_t NewSize                                  = 34603008                                  {product} {ergonomic}
    uintx NonNMethodCodeHeapSize                   = 7602480                                {pd product} {ergonomic}
    uintx NonProfiledCodeHeapSize                  = 122027880                              {pd product} {ergonomic}
   size_t OldSize                                  = 70254592                                  {product} {ergonomic}
    uintx ProfiledCodeHeapSize                     = 122027880                              {pd product} {ergonomic}
    uintx ReservedCodeCacheSize                    = 251658240                              {pd product} {ergonomic}
     bool SegmentedCodeCache                       = true                                      {product} {ergonomic}
   size_t SoftMaxHeapSize                          = 2147483648                             {manageable} {ergonomic}
     bool UseCompressedOops                        = true                           {product lp64_product} {ergonomic}
     bool UseLargePagesIndividualAllocation        = false                                  {pd product} {ergonomic}
     bool UseParallelGC                            = true                                      {product} {command line}

Logging:
Log output configuration:
 #0: stdout all=off uptime,level,tags foldmultilines=false
 #1: stderr all=off uptime,level,tags foldmultilines=false

Release file:
JAVA_VERSION="21.0.9" 
MODULES="java.base java.compiler java.datatransfer java.xml java.prefs java.desktop java.instrument java.logging java.management java.security.sasl java.naming java.rmi java.management.rmi java.net.http java.scripting java.security.jgss java.transaction.xa java.sql java.sql.rowset java.xml.crypto java.se java.smartcardio jdk.accessibility jdk.internal.jvmstat jdk.attach jdk.charsets jdk.internal.opt jdk.zipfs jdk.compiler jdk.crypto.ec jdk.crypto.cryptoki jdk.crypto.mscapi jdk.dynalink jdk.internal.ed jdk.editpad jdk.hotspot.agent jdk.httpserver jdk.internal.le jdk.internal.vm.ci jdk.internal.vm.compiler jdk.internal.vm.compiler.management jdk.jartool jdk.javadoc jdk.jcmd jdk.management jdk.management.agent jdk.jconsole jdk.jdeps jdk.jdwp.agent jdk.jdi jdk.jfr jdk.jshell jdk.jsobject jdk.jstatd jdk.localedata jdk.management.jfr jdk.naming.dns jdk.naming.rmi jdk.net jdk.nio.mapmode jdk.random jdk.sctp jdk.security.auth jdk.security.jgss jdk.unsupported jdk.unsupported.desktop jdk.xml.dom" 

Environment Variables:
PATH=C:\Program Files\Common Files\Oracle\Java\javapath;C:\Windows\system32;C:\Windows;C:\Windows\System32\Wbem;C:\Windows\System32\WindowsPowerShell\v1.0\;C:\Windows\System32\OpenSSH\;%MAVEN_HOME%\bin;C:\Users\andy7\OneDrive\Desktop\vscode\swing\bin;C:\Program Files\Git\cmd;C:\Users\andy7\AppData\Local\Programs\Python\Python313\Scripts\;C:\Users\andy7\AppData\Local\Programs\Python\Python313\;C:\Users\andy7\AppData\Local\Programs\Python\Launcher\;C:\Users\andy7\AppData\Local\Microsoft\WindowsApps;C:\Users\andy7\AppData\Local\Programs\Microsoft VS Code\bin
USERNAME=andy7
OS=Windows_NT
PROCESSOR_IDENTIFIER=AMD64 Family 26 Model 36 Stepping 0, AuthenticAMD
TMP=C:\Users\andy7\AppData\Local\Temp
TEMP=C:\Users\andy7\AppData\Local\Temp




Periodic native trim disabled

---------------  S Y S T E M  ---------------

OS:
 Windows 11 , 64 bit Build 26100 (10.0.26100.7623)
OS uptime: 8 days 8:13 hours
Hyper-V role detected

CPU: total 24 (initial active 24) (24 cores per cpu, 2 threads per core) family 26 model 36 stepping 0 microcode 0xb20401b, cx8, cmov, fxsr, ht, mmx, 3dnowpref, sse, sse2, sse3, ssse3, sse4a, sse4.1, sse4.2, popcnt, lzcnt, tsc, tscinvbit, avx, avx2, aes, erms, clmul, bmi1, bmi2, adx, avx512f, avx512dq, avx512cd, avx512bw, avx512vl, sha, fma, vzeroupper, avx512_vpopcntdq, avx512_vpclmulqdq, avx512_vaes, avx512_vnni, clflush, clflushopt, avx512_vbmi2, avx512_vbmi, hv, rdtscp, rdpid, fsrm, gfni, avx512_bitalg, f16c, cet_ss, avx512_ifma
Processor Information for the first 24 processors :
  Max Mhz: 2000, Current Mhz: 2000, Mhz Limit: 2000

Memory: 4k page, system-wide physical 31865M (4542M free)
TotalPageFile size 65905M (AvailPageFile size 470M)
current process WorkingSet (physical memory assigned to process): 61M, peak: 61M
current process commit charge ("private bytes"): 264M, peak: 264M

vm_info: OpenJDK 64-Bit Server VM (21.0.9+10-LTS) for windows-amd64 JRE (21.0.9+10-LTS), built on 2025-10-21T00:00:00Z by "admin" with unknown MS VC++:1942

END.
