#
# There is insufficient memory for the Java Runtime Environment to continue.
# Native memory allocation (malloc) failed to allocate 1048576 bytes. Error detail: AllocateHeap
# Possible reasons:
#   The system is out of physical RAM or swap space
#   This process is running with CompressedOops enabled, and the Java Heap may be blocking the growth of the native heap
# Possible solutions:
#   Reduce memory load on the system
#   Increase physical memory or swap space
#   Check if swap backing store is full
#   Decrease Java heap size (-Xmx/-Xms)
#   Decrease number of Java threads
#   Decrease Java thread stack sizes (-Xss)
#   Set larger code cache with -XX:ReservedCodeCacheSize=
#   JVM is running with Unscaled Compressed Oops mode in which the Java heap is
#     placed in the first 4GB address space. The Java Heap base address is the
#     maximum limit for the native heap growth. Please use -XX:HeapBaseMinAddress
#     to set the Java Heap base and to place the Java Heap above 4GB virtual address.
# This output file may be truncated or incomplete.
#
#  Out of Memory Error (allocation.cpp:44), pid=55588, tid=29032
#
# JRE version: OpenJDK Runtime Environment Temurin-21.0.9+10 (21.0.9+10) (build 21.0.9+10-LTS)
# Java VM: OpenJDK 64-Bit Server VM Temurin-21.0.9+10 (21.0.9+10-LTS, mixed mode, sharing, tiered, compressed oops, compressed class ptrs, parallel gc, windows-amd64)
# No core dump will be written. Minidumps are not enabled by default on client versions of Windows
#

---------------  S U M M A R Y ------------

Command Line: --add-modules=ALL-SYSTEM --add-opens=java.base/java.util=ALL-UNNAMED --add-opens=java.base/java.lang=ALL-UNNAMED --add-opens=java.base/sun.nio.fs=ALL-UNNAMED -Declipse.application=org.eclipse.jdt.ls.core.id1 -Dosgi.bundles.defaultStartLevel=4 -Declipse.product=org.eclipse.jdt.ls.core.product -Djava.import.generatesMetadataFilesAtProjectRoot=false -DDetectVMInstallationsJob.disabled=true -Dfile.encoding=utf8 -XX:+UseParallelGC -XX:GCTimeRatio=4 -XX:AdaptiveSizePolicyWeight=90 -Dsun.zip.disableMemoryMapping=true -Xmx2G -Xms100m -Xlog:disable -javaagent:c:\Users\andy7\.vscode\extensions\redhat.java-1.49.0-win32-x64\lombok\lombok-1.18.39-4050.jar -XX:+HeapDumpOnOutOfMemoryError -XX:HeapDumpPath=c:\Users\andy7\AppData\Roaming\Code\User\workspaceStorage\cf802568948e43ef28e78c6e3a2a0573\redhat.java -Daether.dependencyCollector.impl=bf c:\Users\andy7\.vscode\extensions\redhat.java-1.49.0-win32-x64\server\plugins\org.eclipse.equinox.launcher_1.7.100.v20251111-0406.jar -configuration c:\Users\andy7\AppData\Roaming\Code\User\globalStorage\redhat.java\1.49.0\config_win -data c:\Users\andy7\AppData\Roaming\Code\User\workspaceStorage\cf802568948e43ef28e78c6e3a2a0573\redhat.java\jdt_ws --pipe=\\.\pipe\lsp-3e0480f949422344337fc044a1ee28c5-sock

Host: AMD Ryzen AI 9 HX 370 w/ Radeon 890M           , 24 cores, 31G,  Windows 11 , 64 bit Build 26100 (10.0.26100.7623)
Time: Tue Feb  3 03:47:28 2026 elapsed time: 21025.591531 seconds (0d 5h 50m 25s)

---------------  T H R E A D  ---------------

Current thread (0x000001f759ee8870):  JavaThread "Attach Listener" daemon [_thread_in_vm, id=29032, stack(0x000000ab8e200000,0x000000ab8e300000) (1024K)]

Stack: [0x000000ab8e200000,0x000000ab8e300000]
Native frames: (J=compiled Java code, j=interpreted, Vv=VM code, C=native code)
V  [jvm.dll+0x6d6e29]
V  [jvm.dll+0x8b4b76]
V  [jvm.dll+0x8b712e]
V  [jvm.dll+0x8b7813]
V  [jvm.dll+0x283d86]
V  [jvm.dll+0xc1277]
V  [jvm.dll+0x6d76d9]
V  [jvm.dll+0x133466]
V  [jvm.dll+0x3f7ea6]
V  [jvm.dll+0x85e9ad]
V  [jvm.dll+0x6d565d]
C  [ucrtbase.dll+0x37b0]
C  [KERNEL32.DLL+0x2e8d7]
C  [ntdll.dll+0x8c53c]


---------------  P R O C E S S  ---------------

Threads class SMR info:
_java_thread_list=0x000001f7668c06b0, length=50, elements={
0x000001f77ea2b680, 0x000001f71774e100, 0x000001f759ee2d30, 0x000001f759ee7af0,
0x000001f759ee8870, 0x000001f759eecf10, 0x000001f759ef0f60, 0x000001f759f14ad0,
0x000001f759f2d740, 0x000001f75c50a080, 0x000001f75c613640, 0x000001f7613da480,
0x000001f7610ae1f0, 0x000001f75c67fc70, 0x000001f75c6816b0, 0x000001f761523060,
0x000001f761469af0, 0x000001f761517970, 0x000001f75c52bdb0, 0x000001f75c529650,
0x000001f75c52aa00, 0x000001f76353e960, 0x000001f76353e2d0, 0x000001f76353c890,
0x000001f76353f680, 0x000001f76353fd10, 0x000001f76353cf20, 0x000001f76353d5b0,
0x000001f76353dc40, 0x000001f764d33430, 0x000001f764d32da0, 0x000001f764d32080,
0x000001f764d32710, 0x000001f764d34e70, 0x000001f764d35500, 0x000001f764d35b90,
0x000001f764d368b0, 0x000001f764d36220, 0x000001f764d347e0, 0x000001f764d34150,
0x000001f764d36f40, 0x000001f764d33ac0, 0x000001f764d396a0, 0x000001f764d375d0,
0x000001f764d37c60, 0x000001f764d38980, 0x000001f764d382f0, 0x000001f764d39010,
0x000001f764bd3df0, 0x000001f764bd5ec0
}

Java Threads: ( => current thread )
  0x000001f77ea2b680 JavaThread "main"                              [_thread_blocked, id=16860, stack(0x000000ab8db00000,0x000000ab8dc00000) (1024K)]
  0x000001f71774e100 JavaThread "Reference Handler"          daemon [_thread_blocked, id=47340, stack(0x000000ab8df00000,0x000000ab8e000000) (1024K)]
  0x000001f759ee2d30 JavaThread "Finalizer"                  daemon [_thread_blocked, id=58248, stack(0x000000ab8e000000,0x000000ab8e100000) (1024K)]
  0x000001f759ee7af0 JavaThread "Signal Dispatcher"          daemon [_thread_blocked, id=3464, stack(0x000000ab8e100000,0x000000ab8e200000) (1024K)]
=>0x000001f759ee8870 JavaThread "Attach Listener"            daemon [_thread_in_vm, id=29032, stack(0x000000ab8e200000,0x000000ab8e300000) (1024K)]
  0x000001f759eecf10 JavaThread "Service Thread"             daemon [_thread_blocked, id=21820, stack(0x000000ab8e300000,0x000000ab8e400000) (1024K)]
  0x000001f759ef0f60 JavaThread "Monitor Deflation Thread"   daemon [_thread_blocked, id=42104, stack(0x000000ab8e400000,0x000000ab8e500000) (1024K)]
  0x000001f759f14ad0 JavaThread "C2 CompilerThread0"         daemon [_thread_blocked, id=4676, stack(0x000000ab8e500000,0x000000ab8e600000) (1024K)]
  0x000001f759f2d740 JavaThread "C1 CompilerThread0"         daemon [_thread_blocked, id=23056, stack(0x000000ab8e600000,0x000000ab8e700000) (1024K)]
  0x000001f75c50a080 JavaThread "Common-Cleaner"             daemon [_thread_blocked, id=60964, stack(0x000000ab8ea00000,0x000000ab8eb00000) (1024K)]
  0x000001f75c613640 JavaThread "Notification Thread"        daemon [_thread_blocked, id=54220, stack(0x000000ab8eb00000,0x000000ab8ec00000) (1024K)]
  0x000001f7613da480 JavaThread "Active Thread: Equinox Container: 968fe3dd-2a43-445f-86ee-a88eac92fc15"        [_thread_blocked, id=56804, stack(0x000000ab8f400000,0x000000ab8f500000) (1024K)]
  0x000001f7610ae1f0 JavaThread "Refresh Thread: Equinox Container: 968fe3dd-2a43-445f-86ee-a88eac92fc15" daemon [_thread_blocked, id=67036, stack(0x000000ab8e800000,0x000000ab8e900000) (1024K)]
  0x000001f75c67fc70 JavaThread "Framework Event Dispatcher: Equinox Container: 968fe3dd-2a43-445f-86ee-a88eac92fc15" daemon [_thread_blocked, id=64776, stack(0x000000ab8e900000,0x000000ab8ea00000) (1024K)]
  0x000001f75c6816b0 JavaThread "Start Level: Equinox Container: 968fe3dd-2a43-445f-86ee-a88eac92fc15" daemon [_thread_blocked, id=56036, stack(0x000000ab8ec00000,0x000000ab8ed00000) (1024K)]
  0x000001f761523060 JavaThread "Bundle File Closer"         daemon [_thread_blocked, id=59600, stack(0x000000ab8f800000,0x000000ab8f900000) (1024K)]
  0x000001f761469af0 JavaThread "SCR Component Actor"        daemon [_thread_blocked, id=31196, stack(0x000000ab8f900000,0x000000ab8fa00000) (1024K)]
  0x000001f761517970 JavaThread "Worker-JM"                         [_thread_blocked, id=71224, stack(0x000000ab8fe00000,0x000000ab8ff00000) (1024K)]
  0x000001f75c52bdb0 JavaThread "JNA Cleaner"                daemon [_thread_blocked, id=10180, stack(0x000000ab8fb00000,0x000000ab8fc00000) (1024K)]
  0x000001f75c529650 JavaThread "Worker-0"                          [_thread_blocked, id=21336, stack(0x000000ab8fc00000,0x000000ab8fd00000) (1024K)]
  0x000001f75c52aa00 JavaThread "Java indexing"              daemon [_thread_blocked, id=27968, stack(0x000000ab90a00000,0x000000ab90b00000) (1024K)]
  0x000001f76353e960 JavaThread "Thread-1"                   daemon [_thread_in_native, id=17100, stack(0x000000ab91100000,0x000000ab91200000) (1024K)]
  0x000001f76353e2d0 JavaThread "Thread-2"                   daemon [_thread_in_native, id=44520, stack(0x000000ab91200000,0x000000ab91300000) (1024K)]
  0x000001f76353c890 JavaThread "Thread-3"                   daemon [_thread_in_native, id=39472, stack(0x000000ab91300000,0x000000ab91400000) (1024K)]
  0x000001f76353f680 JavaThread "Thread-4"                   daemon [_thread_in_native, id=71060, stack(0x000000ab91400000,0x000000ab91500000) (1024K)]
  0x000001f76353fd10 JavaThread "Thread-5"                   daemon [_thread_in_native, id=59948, stack(0x000000ab91500000,0x000000ab91600000) (1024K)]
  0x000001f76353cf20 JavaThread "Thread-6"                   daemon [_thread_in_native, id=34980, stack(0x000000ab91600000,0x000000ab91700000) (1024K)]
  0x000001f76353d5b0 JavaThread "Thread-7"                   daemon [_thread_in_native, id=27536, stack(0x000000ab91700000,0x000000ab91800000) (1024K)]
  0x000001f76353dc40 JavaThread "Thread-8"                   daemon [_thread_in_native, id=28484, stack(0x000000ab91800000,0x000000ab91900000) (1024K)]
  0x000001f764d33430 JavaThread "Thread-9"                   daemon [_thread_in_native, id=28316, stack(0x000000ab91900000,0x000000ab91a00000) (1024K)]
  0x000001f764d32da0 JavaThread "Thread-10"                  daemon [_thread_in_native, id=27856, stack(0x000000ab91a00000,0x000000ab91b00000) (1024K)]
  0x000001f764d32080 JavaThread "Thread-11"                  daemon [_thread_in_native, id=41464, stack(0x000000ab91b00000,0x000000ab91c00000) (1024K)]
  0x000001f764d32710 JavaThread "Thread-12"                  daemon [_thread_in_native, id=39000, stack(0x000000ab91c00000,0x000000ab91d00000) (1024K)]
  0x000001f764d34e70 JavaThread "Thread-13"                  daemon [_thread_in_native, id=44056, stack(0x000000ab91d00000,0x000000ab91e00000) (1024K)]
  0x000001f764d35500 JavaThread "Thread-14"                  daemon [_thread_in_native, id=47648, stack(0x000000ab91e00000,0x000000ab91f00000) (1024K)]
  0x000001f764d35b90 JavaThread "Thread-15"                  daemon [_thread_in_native, id=28644, stack(0x000000ab91f00000,0x000000ab92000000) (1024K)]
  0x000001f764d368b0 JavaThread "Thread-16"                  daemon [_thread_in_native, id=69616, stack(0x000000ab92000000,0x000000ab92100000) (1024K)]
  0x000001f764d36220 JavaThread "Thread-17"                  daemon [_thread_in_native, id=22000, stack(0x000000ab92100000,0x000000ab92200000) (1024K)]
  0x000001f764d347e0 JavaThread "Thread-18"                  daemon [_thread_in_native, id=43992, stack(0x000000ab92200000,0x000000ab92300000) (1024K)]
  0x000001f764d34150 JavaThread "Thread-19"                  daemon [_thread_in_native, id=33208, stack(0x000000ab92300000,0x000000ab92400000) (1024K)]
  0x000001f764d36f40 JavaThread "Thread-20"                  daemon [_thread_in_native, id=39588, stack(0x000000ab92400000,0x000000ab92500000) (1024K)]
  0x000001f764d33ac0 JavaThread "Thread-21"                  daemon [_thread_in_native, id=28640, stack(0x000000ab92500000,0x000000ab92600000) (1024K)]
  0x000001f764d396a0 JavaThread "Thread-22"                  daemon [_thread_in_native, id=48012, stack(0x000000ab92600000,0x000000ab92700000) (1024K)]
  0x000001f764d375d0 JavaThread "Thread-23"                  daemon [_thread_in_native, id=60904, stack(0x000000ab92700000,0x000000ab92800000) (1024K)]
  0x000001f764d37c60 JavaThread "Thread-24"                  daemon [_thread_in_native, id=10576, stack(0x000000ab92800000,0x000000ab92900000) (1024K)]
  0x000001f764d38980 JavaThread "Thread-25"                  daemon [_thread_in_native, id=25820, stack(0x000000ab92900000,0x000000ab92a00000) (1024K)]
  0x000001f764d382f0 JavaThread "pool-2-thread-1"                   [_thread_blocked, id=43728, stack(0x000000ab92a00000,0x000000ab92b00000) (1024K)]
  0x000001f764d39010 JavaThread "WorkspaceEventsHandler"            [_thread_blocked, id=27160, stack(0x000000ab92f00000,0x000000ab93000000) (1024K)]
  0x000001f764bd3df0 JavaThread "pool-1-thread-1"                   [_thread_blocked, id=22996, stack(0x000000ab93000000,0x000000ab93100000) (1024K)]
  0x000001f764bd5ec0 JavaThread "Worker-6"                          [_thread_blocked, id=56748, stack(0x000000ab8d800000,0x000000ab8d900000) (1024K)]
Total: 50

Other Threads:
  0x000001f759ed8c20 VMThread "VM Thread"                           [id=53228, stack(0x000000ab8de00000,0x000000ab8df00000) (1024K)]
  0x000001f77ea99410 WatcherThread "VM Periodic Task Thread"        [id=57448, stack(0x000000ab8dd00000,0x000000ab8de00000) (1024K)]
  0x000001f77ea4b9c0 WorkerThread "GC Thread#0"                     [id=46200, stack(0x000000ab8dc00000,0x000000ab8dd00000) (1024K)]
  0x000001f7612df010 WorkerThread "GC Thread#1"                     [id=35100, stack(0x000000ab8ed00000,0x000000ab8ee00000) (1024K)]
  0x000001f7612df3b0 WorkerThread "GC Thread#2"                     [id=47268, stack(0x000000ab8ee00000,0x000000ab8ef00000) (1024K)]
  0x000001f7612df750 WorkerThread "GC Thread#3"                     [id=56300, stack(0x000000ab8ef00000,0x000000ab8f000000) (1024K)]
  0x000001f7611d40f0 WorkerThread "GC Thread#4"                     [id=31500, stack(0x000000ab8f000000,0x000000ab8f100000) (1024K)]
  0x000001f7611d4490 WorkerThread "GC Thread#5"                     [id=49780, stack(0x000000ab8f100000,0x000000ab8f200000) (1024K)]
  0x000001f7611d5050 WorkerThread "GC Thread#6"                     [id=46756, stack(0x000000ab8f200000,0x000000ab8f300000) (1024K)]
  0x000001f7611d11a0 WorkerThread "GC Thread#7"                     [id=32344, stack(0x000000ab8f300000,0x000000ab8f400000) (1024K)]
  0x000001f75a069fa0 WorkerThread "GC Thread#8"                     [id=57156, stack(0x000000ab8f500000,0x000000ab8f600000) (1024K)]
  0x000001f75a06a340 WorkerThread "GC Thread#9"                     [id=61772, stack(0x000000ab8f600000,0x000000ab8f700000) (1024K)]
  0x000001f75a069c00 WorkerThread "GC Thread#10"                    [id=70180, stack(0x000000ab8f700000,0x000000ab8f800000) (1024K)]
  0x000001f75a06a6e0 WorkerThread "GC Thread#11"                    [id=48016, stack(0x000000ab8fa00000,0x000000ab8fb00000) (1024K)]
  0x000001f75a06ae20 WorkerThread "GC Thread#12"                    [id=9508, stack(0x000000ab8ff00000,0x000000ab90000000) (1024K)]
  0x000001f75a069860 WorkerThread "GC Thread#13"                    [id=3416, stack(0x000000ab90000000,0x000000ab90100000) (1024K)]
  0x000001f761170890 WorkerThread "GC Thread#14"                    [id=32200, stack(0x000000ab90100000,0x000000ab90200000) (1024K)]
  0x000001f761172590 WorkerThread "GC Thread#15"                    [id=23496, stack(0x000000ab90200000,0x000000ab90300000) (1024K)]
  0x000001f761171370 WorkerThread "GC Thread#16"                    [id=69912, stack(0x000000ab90500000,0x000000ab90600000) (1024K)]
  0x000001f761170c30 WorkerThread "GC Thread#17"                    [id=21940, stack(0x000000ab90600000,0x000000ab90700000) (1024K)]
Total: 20

Threads with active compile tasks:
Total: 0

VM state: not at safepoint (normal execution)

VM Mutex/Monitor currently owned by a thread: None

Heap address: 0x0000000080000000, size: 2048 MB, Compressed Oops mode: 32-bit

CDS archive(s) mapped at: [0x000001f718000000-0x000001f718ba0000-0x000001f718ba0000), size 12189696, SharedBaseAddress: 0x000001f718000000, ArchiveRelocationMode: 1.
Compressed class space mapped at: 0x000001f719000000-0x000001f759000000, reserved size: 1073741824
Narrow klass base: 0x000001f718000000, Narrow klass shift: 0, Narrow klass range: 0x100000000

GC Precious Log:
 CardTable entry size: 512
 CPUs: 24 total, 24 available
 Memory: 31865M
 Large Page Support: Disabled
 NUMA Support: Disabled
 Compressed Oops: Enabled (32-bit)
 Alignments: Space 512K, Generation 512K, Heap 2M
 Heap Min Capacity: 100M
 Heap Initial Capacity: 100M
 Heap Max Capacity: 2G
 Pre-touch: Disabled
 Parallel Workers: 18

Heap:
 PSYoungGen      total 5120K, used 1728K [0x00000000d5580000, 0x00000000d5c00000, 0x0000000100000000)
  eden space 4608K, 26% used [0x00000000d5580000,0x00000000d56b5878,0x00000000d5a00000)
  from space 512K, 95% used [0x00000000d5b80000,0x00000000d5bfa968,0x00000000d5c00000)
  to   space 1024K, 0% used [0x00000000d5a00000,0x00000000d5a00000,0x00000000d5b00000)
 ParOldGen       total 163328K, used 162982K [0x0000000080000000, 0x0000000089f80000, 0x00000000d5580000)
  object space 163328K, 99% used [0x0000000080000000,0x0000000089f29850,0x0000000089f80000)
 Metaspace       used 63996K, committed 65408K, reserved 1114112K
  class space    used 6564K, committed 7168K, reserved 1048576K

Card table byte_map: [0x000001f77eea0000,0x000001f77f2b0000] _byte_map_base: 0x000001f77eaa0000

Marking Bits: (ParMarkBitMap*) 0x00007ff9279b2460
 Begin Bits: [0x000001f713550000, 0x000001f715550000)
 End Bits:   [0x000001f715550000, 0x000001f717550000)

Polling page: 0x000001f77e3e0000

Metaspace:

Usage:
  Non-class:     56.09 MB used.
      Class:      6.41 MB used.
       Both:     62.50 MB used.

Virtual space:
  Non-class space:       64.00 MB reserved,      56.88 MB ( 89%) committed,  1 nodes.
      Class space:        1.00 GB reserved,       7.00 MB ( <1%) committed,  1 nodes.
             Both:        1.06 GB reserved,      63.88 MB (  6%) committed. 

Chunk freelists:
   Non-Class:  6.77 MB
       Class:  8.97 MB
        Both:  15.74 MB

MaxMetaspaceSize: unlimited
CompressedClassSpaceSize: 1.00 GB
Initial GC threshold: 21.00 MB
Current GC threshold: 97.31 MB
CDS: on
 - commit_granule_bytes: 65536.
 - commit_granule_words: 8192.
 - virtual_space_node_default_size: 8388608.
 - enlarge_chunks_in_place: 1.
 - use_allocation_guard: 0.


Internal statistics:

num_allocs_failed_limit: 9.
num_arena_births: 1196.
num_arena_deaths: 22.
num_vsnodes_births: 2.
num_vsnodes_deaths: 0.
num_space_committed: 1022.
num_space_uncommitted: 0.
num_chunks_returned_to_freelist: 35.
num_chunks_taken_from_freelist: 4206.
num_chunk_merges: 9.
num_chunk_splits: 2598.
num_chunks_enlarged: 1508.
num_inconsistent_stats: 0.

CodeHeap 'non-profiled nmethods': size=119168Kb used=9794Kb max_used=9794Kb free=109373Kb
 bounds [0x000001f70c0f0000, 0x000001f70ca90000, 0x000001f713550000]
CodeHeap 'profiled nmethods': size=119104Kb used=29089Kb max_used=29089Kb free=90014Kb
 bounds [0x000001f704550000, 0x000001f7061c0000, 0x000001f70b9a0000]
CodeHeap 'non-nmethods': size=7488Kb used=1454Kb max_used=3271Kb free=6033Kb
 bounds [0x000001f70b9a0000, 0x000001f70bcf0000, 0x000001f70c0f0000]
CodeCache: size=245760Kb, used=40337Kb, max_used=42154Kb, free=205420Kb
 total_blobs=12523, nmethods=11768, adapters=658, full_count=0
Compilation: enabled, stopped_count=0, restarted_count=0

Compilation events (20 events):
Event: 18004.910 Thread 0x000001f759f14ad0 12667       4       java.util.concurrent.ScheduledThreadPoolExecutor::canRunInCurrentRunState (61 bytes)
Event: 18004.913 Thread 0x000001f759f14ad0 nmethod 12667 0x000001f70ca77010 code [0x000001f70ca771a0, 0x000001f70ca77270]
Event: 19726.384 Thread 0x000001f759f14ad0 12668   !   4       java.io.InputStream::read (81 bytes)
Event: 19726.440 Thread 0x000001f759f14ad0 nmethod 12668 0x000001f70ca77390 code [0x000001f70ca77780, 0x000001f70ca78940]
Event: 19771.765 Thread 0x000001f759f2d740 12669       3       com.google.gson.internal.bind.ReflectiveTypeAdapterFactory$FieldReflectionAdapter::readField (7 bytes)
Event: 19771.769 Thread 0x000001f759f2d740 nmethod 12669 0x000001f7061b3c90 code [0x000001f7061b3e40, 0x000001f7061b4028]
Event: 19771.770 Thread 0x000001f759f2d740 12670       3       com.google.gson.internal.bind.ReflectiveTypeAdapterFactory$2::readIntoField (93 bytes)
Event: 19771.778 Thread 0x000001f759f2d740 nmethod 12670 0x000001f7061b4110 code [0x000001f7061b4420, 0x000001f7061b5180]
Event: 19878.855 Thread 0x000001f759f14ad0 12671       4       java.net.URI$Parser::parse (243 bytes)
Event: 19879.029 Thread 0x000001f759f14ad0 nmethod 12671 0x000001f70ca79710 code [0x000001f70ca79b40, 0x000001f70ca7d040]
Event: 19879.029 Thread 0x000001f759f14ad0 12672       4       java.net.URI$Parser::checkChar (14 bytes)
Event: 19879.053 Thread 0x000001f759f14ad0 nmethod 12672 0x000001f70ca7eb90 code [0x000001f70ca7ed80, 0x000001f70ca7f8d8]
Event: 19893.863 Thread 0x000001f759f2d740 12674       3       org.eclipse.jdt.ls.core.internal.filesystem.JLSFsUtils::shouldStoreInMetadataArea (73 bytes)
Event: 19893.868 Thread 0x000001f759f2d740 nmethod 12674 0x000001f7061b5690 code [0x000001f7061b5a40, 0x000001f7061b6db8]
Event: 19893.870 Thread 0x000001f759f2d740 12675       3       org.eclipse.core.runtime.Path::toOSString (224 bytes)
Event: 19893.871 Thread 0x000001f759f14ad0 12676       4       sun.nio.fs.WindowsPath::parse (26 bytes)
Event: 19893.871 Thread 0x000001f759f2d740 nmethod 12675 0x000001f7061b7410 code [0x000001f7061b7680, 0x000001f7061b8090]
Event: 19893.874 Thread 0x000001f759f14ad0 nmethod 12676 0x000001f70ca80110 code [0x000001f70ca802a0, 0x000001f70ca80408]
Event: 19966.115 Thread 0x000001f759f14ad0 12677       4       java.util.concurrent.locks.AbstractQueuedSynchronizer$ConditionObject::canReacquire (38 bytes)
Event: 19966.116 Thread 0x000001f759f14ad0 nmethod 12677 0x000001f70ca80590 code [0x000001f70ca80720, 0x000001f70ca80830]

GC Heap History (20 events):
Event: 34.674 GC heap before
{Heap before GC invocations=70 (full 3):
 PSYoungGen      total 5632K, used 5561K [0x00000000d5580000, 0x00000000d5d80000, 0x0000000100000000)
  eden space 4608K, 98% used [0x00000000d5580000,0x00000000d59f3998,0x00000000d5a00000)
  from space 1024K, 97% used [0x00000000d5b80000,0x00000000d5c7ad80,0x00000000d5c80000)
  to   space 1536K, 0% used [0x00000000d5a00000,0x00000000d5a00000,0x00000000d5b80000)
 ParOldGen       total 158720K, used 158515K [0x0000000080000000, 0x0000000089b00000, 0x00000000d5580000)
  object space 158720K, 99% used [0x0000000080000000,0x0000000089accc10,0x0000000089b00000)
 Metaspace       used 63653K, committed 65152K, reserved 1114112K
  class space    used 6546K, committed 7168K, reserved 1048576K
}
Event: 34.676 GC heap after
{Heap after GC invocations=70 (full 3):
 PSYoungGen      total 6144K, used 865K [0x00000000d5580000, 0x00000000d5d00000, 0x0000000100000000)
  eden space 4608K, 0% used [0x00000000d5580000,0x00000000d5580000,0x00000000d5a00000)
  from space 1536K, 56% used [0x00000000d5a00000,0x00000000d5ad84a0,0x00000000d5b80000)
  to   space 1536K, 0% used [0x00000000d5b80000,0x00000000d5b80000,0x00000000d5d00000)
 ParOldGen       total 159744K, used 159291K [0x0000000080000000, 0x0000000089c00000, 0x00000000d5580000)
  object space 159744K, 99% used [0x0000000080000000,0x0000000089b8ec00,0x0000000089c00000)
 Metaspace       used 63653K, committed 65152K, reserved 1114112K
  class space    used 6546K, committed 7168K, reserved 1048576K
}
Event: 34.917 GC heap before
{Heap before GC invocations=71 (full 3):
 PSYoungGen      total 6144K, used 5473K [0x00000000d5580000, 0x00000000d5d00000, 0x0000000100000000)
  eden space 4608K, 100% used [0x00000000d5580000,0x00000000d5a00000,0x00000000d5a00000)
  from space 1536K, 56% used [0x00000000d5a00000,0x00000000d5ad84a0,0x00000000d5b80000)
  to   space 1536K, 0% used [0x00000000d5b80000,0x00000000d5b80000,0x00000000d5d00000)
 ParOldGen       total 159744K, used 159291K [0x0000000080000000, 0x0000000089c00000, 0x00000000d5580000)
  object space 159744K, 99% used [0x0000000080000000,0x0000000089b8ec00,0x0000000089c00000)
 Metaspace       used 63676K, committed 65216K, reserved 1114112K
  class space    used 6546K, committed 7168K, reserved 1048576K
}
Event: 34.919 GC heap after
{Heap after GC invocations=71 (full 3):
 PSYoungGen      total 5632K, used 739K [0x00000000d5580000, 0x00000000d5c80000, 0x0000000100000000)
  eden space 4608K, 0% used [0x00000000d5580000,0x00000000d5580000,0x00000000d5a00000)
  from space 1024K, 72% used [0x00000000d5b80000,0x00000000d5c38dd8,0x00000000d5c80000)
  to   space 1024K, 0% used [0x00000000d5a80000,0x00000000d5a80000,0x00000000d5b80000)
 ParOldGen       total 159744K, used 159733K [0x0000000080000000, 0x0000000089c00000, 0x00000000d5580000)
  object space 159744K, 99% used [0x0000000080000000,0x0000000089bfd770,0x0000000089c00000)
 Metaspace       used 63676K, committed 65216K, reserved 1114112K
  class space    used 6546K, committed 7168K, reserved 1048576K
}
Event: 35.133 GC heap before
{Heap before GC invocations=72 (full 3):
 PSYoungGen      total 5632K, used 5337K [0x00000000d5580000, 0x00000000d5c80000, 0x0000000100000000)
  eden space 4608K, 99% used [0x00000000d5580000,0x00000000d59fd930,0x00000000d5a00000)
  from space 1024K, 72% used [0x00000000d5b80000,0x00000000d5c38dd8,0x00000000d5c80000)
  to   space 1024K, 0% used [0x00000000d5a80000,0x00000000d5a80000,0x00000000d5b80000)
 ParOldGen       total 159744K, used 159733K [0x0000000080000000, 0x0000000089c00000, 0x00000000d5580000)
  object space 159744K, 99% used [0x0000000080000000,0x0000000089bfd770,0x0000000089c00000)
 Metaspace       used 63701K, committed 65216K, reserved 1114112K
  class space    used 6546K, committed 7168K, reserved 1048576K
}
Event: 35.134 GC heap after
{Heap after GC invocations=72 (full 3):
 PSYoungGen      total 5632K, used 784K [0x00000000d5580000, 0x00000000d5c00000, 0x0000000100000000)
  eden space 4608K, 0% used [0x00000000d5580000,0x00000000d5580000,0x00000000d5a00000)
  from space 1024K, 76% used [0x00000000d5a80000,0x00000000d5b44188,0x00000000d5b80000)
  to   space 512K, 0% used [0x00000000d5b80000,0x00000000d5b80000,0x00000000d5c00000)
 ParOldGen       total 160256K, used 160097K [0x0000000080000000, 0x0000000089c80000, 0x00000000d5580000)
  object space 160256K, 99% used [0x0000000080000000,0x0000000089c586d8,0x0000000089c80000)
 Metaspace       used 63701K, committed 65216K, reserved 1114112K
  class space    used 6546K, committed 7168K, reserved 1048576K
}
Event: 35.344 GC heap before
{Heap before GC invocations=73 (full 3):
 PSYoungGen      total 5632K, used 5392K [0x00000000d5580000, 0x00000000d5c00000, 0x0000000100000000)
  eden space 4608K, 100% used [0x00000000d5580000,0x00000000d5a00000,0x00000000d5a00000)
  from space 1024K, 76% used [0x00000000d5a80000,0x00000000d5b44188,0x00000000d5b80000)
  to   space 512K, 0% used [0x00000000d5b80000,0x00000000d5b80000,0x00000000d5c00000)
 ParOldGen       total 160256K, used 160097K [0x0000000080000000, 0x0000000089c80000, 0x00000000d5580000)
  object space 160256K, 99% used [0x0000000080000000,0x0000000089c586d8,0x0000000089c80000)
 Metaspace       used 63707K, committed 65216K, reserved 1114112K
  class space    used 6546K, committed 7168K, reserved 1048576K
}
Event: 35.346 GC heap after
{Heap after GC invocations=73 (full 3):
 PSYoungGen      total 5120K, used 506K [0x00000000d5580000, 0x00000000d5d00000, 0x0000000100000000)
  eden space 4608K, 0% used [0x00000000d5580000,0x00000000d5580000,0x00000000d5a00000)
  from space 512K, 98% used [0x00000000d5b80000,0x00000000d5bfe9a0,0x00000000d5c00000)
  to   space 1536K, 0% used [0x00000000d5a00000,0x00000000d5a00000,0x00000000d5b80000)
 ParOldGen       total 161280K, used 160798K [0x0000000080000000, 0x0000000089d80000, 0x00000000d5580000)
  object space 161280K, 99% used [0x0000000080000000,0x0000000089d07a00,0x0000000089d80000)
 Metaspace       used 63707K, committed 65216K, reserved 1114112K
  class space    used 6546K, committed 7168K, reserved 1048576K
}
Event: 35.660 GC heap before
{Heap before GC invocations=74 (full 3):
 PSYoungGen      total 5120K, used 5114K [0x00000000d5580000, 0x00000000d5d00000, 0x0000000100000000)
  eden space 4608K, 100% used [0x00000000d5580000,0x00000000d5a00000,0x00000000d5a00000)
  from space 512K, 98% used [0x00000000d5b80000,0x00000000d5bfe9a0,0x00000000d5c00000)
  to   space 1536K, 0% used [0x00000000d5a00000,0x00000000d5a00000,0x00000000d5b80000)
 ParOldGen       total 161280K, used 160798K [0x0000000080000000, 0x0000000089d80000, 0x00000000d5580000)
  object space 161280K, 99% used [0x0000000080000000,0x0000000089d07a00,0x0000000089d80000)
 Metaspace       used 63727K, committed 65216K, reserved 1114112K
  class space    used 6547K, committed 7168K, reserved 1048576K
}
Event: 35.661 GC heap after
{Heap after GC invocations=74 (full 3):
 PSYoungGen      total 6144K, used 970K [0x00000000d5580000, 0x00000000d5d00000, 0x0000000100000000)
  eden space 4608K, 0% used [0x00000000d5580000,0x00000000d5580000,0x00000000d5a00000)
  from space 1536K, 63% used [0x00000000d5a00000,0x00000000d5af2a68,0x00000000d5b80000)
  to   space 1536K, 0% used [0x00000000d5b80000,0x00000000d5b80000,0x00000000d5d00000)
 ParOldGen       total 161792K, used 161280K [0x0000000080000000, 0x0000000089e00000, 0x00000000d5580000)
  object space 161792K, 99% used [0x0000000080000000,0x0000000089d803a0,0x0000000089e00000)
 Metaspace       used 63727K, committed 65216K, reserved 1114112K
  class space    used 6547K, committed 7168K, reserved 1048576K
}
Event: 35.773 GC heap before
{Heap before GC invocations=75 (full 3):
 PSYoungGen      total 6144K, used 5578K [0x00000000d5580000, 0x00000000d5d00000, 0x0000000100000000)
  eden space 4608K, 100% used [0x00000000d5580000,0x00000000d5a00000,0x00000000d5a00000)
  from space 1536K, 63% used [0x00000000d5a00000,0x00000000d5af2a68,0x00000000d5b80000)
  to   space 1536K, 0% used [0x00000000d5b80000,0x00000000d5b80000,0x00000000d5d00000)
 ParOldGen       total 161792K, used 161280K [0x0000000080000000, 0x0000000089e00000, 0x00000000d5580000)
  object space 161792K, 99% used [0x0000000080000000,0x0000000089d803a0,0x0000000089e00000)
 Metaspace       used 63729K, committed 65216K, reserved 1114112K
  class space    used 6547K, committed 7168K, reserved 1048576K
}
Event: 35.774 GC heap after
{Heap after GC invocations=75 (full 3):
 PSYoungGen      total 6144K, used 1321K [0x00000000d5580000, 0x00000000d5d00000, 0x0000000100000000)
  eden space 4608K, 0% used [0x00000000d5580000,0x00000000d5580000,0x00000000d5a00000)
  from space 1536K, 86% used [0x00000000d5b80000,0x00000000d5cca610,0x00000000d5d00000)
  to   space 1536K, 0% used [0x00000000d5a00000,0x00000000d5a00000,0x00000000d5b80000)
 ParOldGen       total 161792K, used 161690K [0x0000000080000000, 0x0000000089e00000, 0x00000000d5580000)
  object space 161792K, 99% used [0x0000000080000000,0x0000000089de6b10,0x0000000089e00000)
 Metaspace       used 63729K, committed 65216K, reserved 1114112K
  class space    used 6547K, committed 7168K, reserved 1048576K
}
Event: 35.864 GC heap before
{Heap before GC invocations=76 (full 3):
 PSYoungGen      total 6144K, used 5929K [0x00000000d5580000, 0x00000000d5d00000, 0x0000000100000000)
  eden space 4608K, 100% used [0x00000000d5580000,0x00000000d5a00000,0x00000000d5a00000)
  from space 1536K, 86% used [0x00000000d5b80000,0x00000000d5cca610,0x00000000d5d00000)
  to   space 1536K, 0% used [0x00000000d5a00000,0x00000000d5a00000,0x00000000d5b80000)
 ParOldGen       total 161792K, used 161690K [0x0000000080000000, 0x0000000089e00000, 0x00000000d5580000)
  object space 161792K, 99% used [0x0000000080000000,0x0000000089de6b10,0x0000000089e00000)
 Metaspace       used 63746K, committed 65216K, reserved 1114112K
  class space    used 6547K, committed 7168K, reserved 1048576K
}
Event: 35.866 GC heap after
{Heap after GC invocations=76 (full 3):
 PSYoungGen      total 6144K, used 1182K [0x00000000d5580000, 0x00000000d5d00000, 0x0000000100000000)
  eden space 4608K, 0% used [0x00000000d5580000,0x00000000d5580000,0x00000000d5a00000)
  from space 1536K, 76% used [0x00000000d5a00000,0x00000000d5b27a30,0x00000000d5b80000)
  to   space 1536K, 0% used [0x00000000d5b80000,0x00000000d5b80000,0x00000000d5d00000)
 ParOldGen       total 162304K, used 161956K [0x0000000080000000, 0x0000000089e80000, 0x00000000d5580000)
  object space 162304K, 99% used [0x0000000080000000,0x0000000089e29100,0x0000000089e80000)
 Metaspace       used 63746K, committed 65216K, reserved 1114112K
  class space    used 6547K, committed 7168K, reserved 1048576K
}
Event: 36.098 GC heap before
{Heap before GC invocations=77 (full 3):
 PSYoungGen      total 6144K, used 5790K [0x00000000d5580000, 0x00000000d5d00000, 0x0000000100000000)
  eden space 4608K, 100% used [0x00000000d5580000,0x00000000d5a00000,0x00000000d5a00000)
  from space 1536K, 76% used [0x00000000d5a00000,0x00000000d5b27a30,0x00000000d5b80000)
  to   space 1536K, 0% used [0x00000000d5b80000,0x00000000d5b80000,0x00000000d5d00000)
 ParOldGen       total 162304K, used 161956K [0x0000000080000000, 0x0000000089e80000, 0x00000000d5580000)
  object space 162304K, 99% used [0x0000000080000000,0x0000000089e29100,0x0000000089e80000)
 Metaspace       used 63788K, committed 65280K, reserved 1114112K
  class space    used 6549K, committed 7168K, reserved 1048576K
}
Event: 36.100 GC heap after
{Heap after GC invocations=77 (full 3):
 PSYoungGen      total 5632K, used 715K [0x00000000d5580000, 0x00000000d5c80000, 0x0000000100000000)
  eden space 4608K, 0% used [0x00000000d5580000,0x00000000d5580000,0x00000000d5a00000)
  from space 1024K, 69% used [0x00000000d5b80000,0x00000000d5c32fd0,0x00000000d5c80000)
  to   space 1024K, 0% used [0x00000000d5a80000,0x00000000d5a80000,0x00000000d5b80000)
 ParOldGen       total 162304K, used 162170K [0x0000000080000000, 0x0000000089e80000, 0x00000000d5580000)
  object space 162304K, 99% used [0x0000000080000000,0x0000000089e5eb10,0x0000000089e80000)
 Metaspace       used 63788K, committed 65280K, reserved 1114112K
  class space    used 6549K, committed 7168K, reserved 1048576K
}
Event: 36.302 GC heap before
{Heap before GC invocations=78 (full 3):
 PSYoungGen      total 5632K, used 5323K [0x00000000d5580000, 0x00000000d5c80000, 0x0000000100000000)
  eden space 4608K, 100% used [0x00000000d5580000,0x00000000d5a00000,0x00000000d5a00000)
  from space 1024K, 69% used [0x00000000d5b80000,0x00000000d5c32fd0,0x00000000d5c80000)
  to   space 1024K, 0% used [0x00000000d5a80000,0x00000000d5a80000,0x00000000d5b80000)
 ParOldGen       total 162304K, used 162170K [0x0000000080000000, 0x0000000089e80000, 0x00000000d5580000)
  object space 162304K, 99% used [0x0000000080000000,0x0000000089e5eb10,0x0000000089e80000)
 Metaspace       used 63798K, committed 65280K, reserved 1114112K
  class space    used 6549K, committed 7168K, reserved 1048576K
}
Event: 36.303 GC heap after
{Heap after GC invocations=78 (full 3):
 PSYoungGen      total 5632K, used 862K [0x00000000d5580000, 0x00000000d5c00000, 0x0000000100000000)
  eden space 4608K, 0% used [0x00000000d5580000,0x00000000d5580000,0x00000000d5a00000)
  from space 1024K, 84% used [0x00000000d5a80000,0x00000000d5b57990,0x00000000d5b80000)
  to   space 512K, 0% used [0x00000000d5b80000,0x00000000d5b80000,0x00000000d5c00000)
 ParOldGen       total 162816K, used 162478K [0x0000000080000000, 0x0000000089f00000, 0x00000000d5580000)
  object space 162816K, 99% used [0x0000000080000000,0x0000000089eabac0,0x0000000089f00000)
 Metaspace       used 63798K, committed 65280K, reserved 1114112K
  class space    used 6549K, committed 7168K, reserved 1048576K
}
Event: 13783.356 GC heap before
{Heap before GC invocations=79 (full 3):
 PSYoungGen      total 5632K, used 5470K [0x00000000d5580000, 0x00000000d5c00000, 0x0000000100000000)
  eden space 4608K, 100% used [0x00000000d5580000,0x00000000d5a00000,0x00000000d5a00000)
  from space 1024K, 84% used [0x00000000d5a80000,0x00000000d5b57990,0x00000000d5b80000)
  to   space 512K, 0% used [0x00000000d5b80000,0x00000000d5b80000,0x00000000d5c00000)
 ParOldGen       total 162816K, used 162478K [0x0000000080000000, 0x0000000089f00000, 0x00000000d5580000)
  object space 162816K, 99% used [0x0000000080000000,0x0000000089eabac0,0x0000000089f00000)
 Metaspace       used 63970K, committed 65408K, reserved 1114112K
  class space    used 6558K, committed 7168K, reserved 1048576K
}
Event: 13783.469 GC heap after
{Heap after GC invocations=79 (full 3):
 PSYoungGen      total 5120K, used 490K [0x00000000d5580000, 0x00000000d5c00000, 0x0000000100000000)
  eden space 4608K, 0% used [0x00000000d5580000,0x00000000d5580000,0x00000000d5a00000)
  from space 512K, 95% used [0x00000000d5b80000,0x00000000d5bfa968,0x00000000d5c00000)
  to   space 1024K, 0% used [0x00000000d5a00000,0x00000000d5a00000,0x00000000d5b00000)
 ParOldGen       total 163328K, used 162982K [0x0000000080000000, 0x0000000089f80000, 0x00000000d5580000)
  object space 163328K, 99% used [0x0000000080000000,0x0000000089f29850,0x0000000089f80000)
 Metaspace       used 63970K, committed 65408K, reserved 1114112K
  class space    used 6558K, committed 7168K, reserved 1048576K
}

Dll operation events (10 events):
Event: 0.017 Loaded shared library c:\Users\andy7\.vscode\extensions\redhat.java-1.49.0-win32-x64\jre\21.0.9-win32-x86_64\bin\java.dll
Event: 0.049 Loaded shared library c:\Users\andy7\.vscode\extensions\redhat.java-1.49.0-win32-x64\jre\21.0.9-win32-x86_64\bin\zip.dll
Event: 0.146 Loaded shared library C:\Users\andy7\.vscode\extensions\redhat.java-1.49.0-win32-x64\jre\21.0.9-win32-x86_64\bin\instrument.dll
Event: 0.153 Loaded shared library C:\Users\andy7\.vscode\extensions\redhat.java-1.49.0-win32-x64\jre\21.0.9-win32-x86_64\bin\net.dll
Event: 0.156 Loaded shared library C:\Users\andy7\.vscode\extensions\redhat.java-1.49.0-win32-x64\jre\21.0.9-win32-x86_64\bin\nio.dll
Event: 0.160 Loaded shared library C:\Users\andy7\.vscode\extensions\redhat.java-1.49.0-win32-x64\jre\21.0.9-win32-x86_64\bin\zip.dll
Event: 0.186 Loaded shared library C:\Users\andy7\.vscode\extensions\redhat.java-1.49.0-win32-x64\jre\21.0.9-win32-x86_64\bin\jimage.dll
Event: 0.308 Loaded shared library c:\Users\andy7\.vscode\extensions\redhat.java-1.49.0-win32-x64\jre\21.0.9-win32-x86_64\bin\verify.dll
Event: 7.796 Loaded shared library C:\Users\andy7\AppData\Roaming\Code\User\globalStorage\redhat.java\1.49.0\config_win\org.eclipse.equinox.launcher\org.eclipse.equinox.launcher.win32.win32.x86_64_1.2.1400.v20250801-0854\eclipse_11916.dll
Event: 20.702 Loaded shared library C:\Users\andy7\AppData\Local\Temp\jna-92958453\jna8003826787490824133.dll

Deoptimization events (20 events):
Event: 19878.841 Thread 0x000001f764d39010 Uncommon trap: trap_request=0xffffff45 fr.pc=0x000001f70c92c888 relative=0x00000000000002c8
Event: 19878.841 Thread 0x000001f764d39010 Uncommon trap: reason=unstable_if action=reinterpret pc=0x000001f70c92c888 method=java.net.URI.equal(Ljava/lang/String;Ljava/lang/String;)Z @ 10 c2
Event: 19878.841 Thread 0x000001f764d39010 DEOPT PACKING pc=0x000001f70c92c888 sp=0x000000ab92ffedb0
Event: 19878.841 Thread 0x000001f764d39010 DEOPT UNPACKING pc=0x000001f70b9f6da2 sp=0x000000ab92ffed40 mode 2
Event: 19893.851 Thread 0x000001f764d39010 Uncommon trap: trap_request=0xffffffbe fr.pc=0x000001f70ca7c570 relative=0x0000000000002a30
Event: 19893.851 Thread 0x000001f764d39010 Uncommon trap: reason=profile_predicate action=maybe_recompile pc=0x000001f70ca7c570 method=java.net.URI$Parser.scan(IILjava/lang/String;)I @ 6 c2
Event: 19893.852 Thread 0x000001f764d39010 DEOPT PACKING pc=0x000001f70ca7c570 sp=0x000000ab92ffedc0
Event: 19893.852 Thread 0x000001f764d39010 DEOPT UNPACKING pc=0x000001f70b9f6da2 sp=0x000000ab92ffeca8 mode 2
Event: 19893.855 Thread 0x000001f764d39010 Uncommon trap: trap_request=0xffffffbe fr.pc=0x000001f70ca7c570 relative=0x0000000000002a30
Event: 19893.855 Thread 0x000001f764d39010 Uncommon trap: reason=profile_predicate action=maybe_recompile pc=0x000001f70ca7c570 method=java.net.URI$Parser.scan(IILjava/lang/String;)I @ 6 c2
Event: 19893.855 Thread 0x000001f764d39010 DEOPT PACKING pc=0x000001f70ca7c570 sp=0x000000ab92ffec50
Event: 19893.855 Thread 0x000001f764d39010 DEOPT UNPACKING pc=0x000001f70b9f6da2 sp=0x000000ab92ffeb38 mode 2
Event: 19893.858 Thread 0x000001f764d39010 Uncommon trap: trap_request=0xffffffbe fr.pc=0x000001f70ca7c570 relative=0x0000000000002a30
Event: 19893.858 Thread 0x000001f764d39010 Uncommon trap: reason=profile_predicate action=maybe_recompile pc=0x000001f70ca7c570 method=java.net.URI$Parser.scan(IILjava/lang/String;)I @ 6 c2
Event: 19893.858 Thread 0x000001f764d39010 DEOPT PACKING pc=0x000001f70ca7c570 sp=0x000000ab92ffe850
Event: 19893.858 Thread 0x000001f764d39010 DEOPT UNPACKING pc=0x000001f70b9f6da2 sp=0x000000ab92ffe738 mode 2
Event: 19893.858 Thread 0x000001f764d39010 Uncommon trap: trap_request=0xffffffbe fr.pc=0x000001f70ca7c570 relative=0x0000000000002a30
Event: 19893.858 Thread 0x000001f764d39010 Uncommon trap: reason=profile_predicate action=maybe_recompile pc=0x000001f70ca7c570 method=java.net.URI$Parser.scan(IILjava/lang/String;)I @ 6 c2
Event: 19893.858 Thread 0x000001f764d39010 DEOPT PACKING pc=0x000001f70ca7c570 sp=0x000000ab92ffe7b0
Event: 19893.858 Thread 0x000001f764d39010 DEOPT UNPACKING pc=0x000001f70b9f6da2 sp=0x000000ab92ffe698 mode 2

Classes loaded (20 events):
Event: 32.563 Loading class sun/util/resources/TimeZoneNames_en
Event: 32.564 Loading class sun/util/resources/TimeZoneNames_en done
Event: 32.564 Loading class javax/crypto/NullCipher
Event: 32.565 Loading class javax/crypto/NullCipher done
Event: 32.565 Loading class sun/security/util/ArrayUtil
Event: 32.566 Loading class sun/security/util/ArrayUtil done
Event: 32.624 Loading class java/util/zip/CheckedInputStream
Event: 32.624 Loading class java/util/zip/CheckedInputStream done
Event: 32.695 Loading class java/util/zip/GZIPInputStream$1
Event: 32.695 Loading class java/util/zip/GZIPInputStream$1 done
Event: 33.389 Loading class java/lang/Throwable$WrappedPrintWriter
Event: 33.391 Loading class java/lang/Throwable$PrintStreamOrWriter
Event: 33.391 Loading class java/lang/Throwable$PrintStreamOrWriter done
Event: 33.391 Loading class java/lang/Throwable$WrappedPrintWriter done
Event: 19878.573 Loading class java/util/stream/DistinctOps
Event: 19878.582 Loading class java/util/stream/DistinctOps done
Event: 19878.582 Loading class java/util/stream/DistinctOps$1
Event: 19878.598 Loading class java/util/stream/DistinctOps$1 done
Event: 19878.774 Loading class java/util/stream/DistinctOps$1$2
Event: 19878.777 Loading class java/util/stream/DistinctOps$1$2 done

Classes unloaded (11 events):
Event: 21.286 Thread 0x000001f759ed8c20 Unloading class 0x000001f7191b0400 'java/lang/invoke/LambdaForm$MH+0x000001f7191b0400'
Event: 21.286 Thread 0x000001f759ed8c20 Unloading class 0x000001f7191b0000 'java/lang/invoke/LambdaForm$MH+0x000001f7191b0000'
Event: 21.286 Thread 0x000001f759ed8c20 Unloading class 0x000001f7191afc00 'java/lang/invoke/LambdaForm$MH+0x000001f7191afc00'
Event: 21.286 Thread 0x000001f759ed8c20 Unloading class 0x000001f7191af800 'java/lang/invoke/LambdaForm$MH+0x000001f7191af800'
Event: 21.286 Thread 0x000001f759ed8c20 Unloading class 0x000001f7191af400 'java/lang/invoke/LambdaForm$BMH+0x000001f7191af400'
Event: 21.286 Thread 0x000001f759ed8c20 Unloading class 0x000001f7191af000 'java/lang/invoke/LambdaForm$DMH+0x000001f7191af000'
Event: 21.286 Thread 0x000001f759ed8c20 Unloading class 0x000001f7191ae000 'java/lang/invoke/LambdaForm$DMH+0x000001f7191ae000'
Event: 23.015 Thread 0x000001f759ed8c20 Unloading class 0x000001f719332c00 'java/lang/invoke/LambdaForm$MH+0x000001f719332c00'
Event: 23.015 Thread 0x000001f759ed8c20 Unloading class 0x000001f719332000 'java/lang/invoke/LambdaForm$MH+0x000001f719332000'
Event: 23.015 Thread 0x000001f759ed8c20 Unloading class 0x000001f719331800 'java/lang/invoke/LambdaForm$MH+0x000001f719331800'
Event: 23.015 Thread 0x000001f759ed8c20 Unloading class 0x000001f719331000 'java/lang/invoke/LambdaForm$MH+0x000001f719331000'

Classes redefined (0 events):
No events

Internal exceptions (20 events):
Event: 36.298 Thread 0x000001f764bd5ec0 Exception <a 'java/lang/NullPointerException'{0x00000000d59c8ee8}> (0x00000000d59c8ee8) 
thrown [s\src\hotspot\share\runtime\sharedRuntime.cpp, line 625]
Event: 36.298 Thread 0x000001f764bd5ec0 Implicit null exception at 0x000001f7057d7e1b to 0x000001f7057d83d5
Event: 36.298 Thread 0x000001f764bd5ec0 Exception <a 'java/lang/NullPointerException'{0x00000000d59c97a8}> (0x00000000d59c97a8) 
thrown [s\src\hotspot\share\runtime\sharedRuntime.cpp, line 625]
Event: 36.298 Thread 0x000001f764bd5ec0 Implicit null exception at 0x000001f7057d7e1b to 0x000001f7057d83d5
Event: 36.298 Thread 0x000001f764bd5ec0 Exception <a 'java/lang/NullPointerException'{0x00000000d59ca200}> (0x00000000d59ca200) 
thrown [s\src\hotspot\share\runtime\sharedRuntime.cpp, line 625]
Event: 36.298 Thread 0x000001f764bd5ec0 Implicit null exception at 0x000001f7057d7e1b to 0x000001f7057d83d5
Event: 36.298 Thread 0x000001f764bd5ec0 Exception <a 'java/lang/NullPointerException'{0x00000000d59caa98}> (0x00000000d59caa98) 
thrown [s\src\hotspot\share\runtime\sharedRuntime.cpp, line 625]
Event: 36.298 Thread 0x000001f764bd5ec0 Implicit null exception at 0x000001f7057d7e1b to 0x000001f7057d83d5
Event: 36.298 Thread 0x000001f764bd5ec0 Exception <a 'java/lang/NullPointerException'{0x00000000d59cb2a0}> (0x00000000d59cb2a0) 
thrown [s\src\hotspot\share\runtime\sharedRuntime.cpp, line 625]
Event: 36.298 Thread 0x000001f764bd5ec0 Implicit null exception at 0x000001f7057d7e1b to 0x000001f7057d83d5
Event: 36.298 Thread 0x000001f764bd5ec0 Exception <a 'java/lang/NullPointerException'{0x00000000d59cba70}> (0x00000000d59cba70) 
thrown [s\src\hotspot\share\runtime\sharedRuntime.cpp, line 625]
Event: 36.298 Thread 0x000001f764bd5ec0 Implicit null exception at 0x000001f7057d7e1b to 0x000001f7057d83d5
Event: 36.298 Thread 0x000001f764bd5ec0 Exception <a 'java/lang/NullPointerException'{0x00000000d59cc248}> (0x00000000d59cc248) 
thrown [s\src\hotspot\share\runtime\sharedRuntime.cpp, line 625]
Event: 36.298 Thread 0x000001f764bd5ec0 Implicit null exception at 0x000001f7057d7e1b to 0x000001f7057d83d5
Event: 36.298 Thread 0x000001f764bd5ec0 Exception <a 'java/lang/NullPointerException'{0x00000000d59ccc10}> (0x00000000d59ccc10) 
thrown [s\src\hotspot\share\runtime\sharedRuntime.cpp, line 625]
Event: 36.298 Thread 0x000001f764bd5ec0 Implicit null exception at 0x000001f7057d7e1b to 0x000001f7057d83d5
Event: 36.298 Thread 0x000001f764bd5ec0 Exception <a 'java/lang/NullPointerException'{0x00000000d59cd830}> (0x00000000d59cd830) 
thrown [s\src\hotspot\share\runtime\sharedRuntime.cpp, line 625]
Event: 36.298 Thread 0x000001f764bd5ec0 Implicit null exception at 0x000001f7057d7e1b to 0x000001f7057d83d5
Event: 36.298 Thread 0x000001f764bd5ec0 Exception <a 'java/lang/NullPointerException'{0x00000000d59ce3d8}> (0x00000000d59ce3d8) 
thrown [s\src\hotspot\share\runtime\sharedRuntime.cpp, line 625]
Event: 4787.479 Thread 0x000001f764bd3df0 Exception <a 'java/lang/IncompatibleClassChangeError'{0x00000000d595d6b0}: Found class java.lang.Object, but interface was expected> (0x00000000d595d6b0) 
thrown [s\src\hotspot\share\interpreter\linkResolver.cpp, line 840]

ZGC Phase Switch (0 events):
No events

VM Operations (20 events):
Event: 20715.189 Executing VM operation: HandshakeAllThreads (HandshakeForDeflation)
Event: 20715.189 Executing VM operation: HandshakeAllThreads (HandshakeForDeflation) done
Event: 20715.189 Executing VM operation: RendezvousGCThreads
Event: 20715.189 Executing VM operation: RendezvousGCThreads done
Event: 20775.355 Executing VM operation: HandshakeAllThreads (HandshakeForDeflation)
Event: 20775.355 Executing VM operation: HandshakeAllThreads (HandshakeForDeflation) done
Event: 20775.355 Executing VM operation: RendezvousGCThreads
Event: 20775.355 Executing VM operation: RendezvousGCThreads done
Event: 20835.460 Executing VM operation: HandshakeAllThreads (HandshakeForDeflation)
Event: 20835.460 Executing VM operation: HandshakeAllThreads (HandshakeForDeflation) done
Event: 20835.460 Executing VM operation: RendezvousGCThreads
Event: 20835.460 Executing VM operation: RendezvousGCThreads done
Event: 20895.702 Executing VM operation: HandshakeAllThreads (HandshakeForDeflation)
Event: 20895.702 Executing VM operation: HandshakeAllThreads (HandshakeForDeflation) done
Event: 20895.702 Executing VM operation: RendezvousGCThreads
Event: 20895.702 Executing VM operation: RendezvousGCThreads done
Event: 21015.889 Executing VM operation: HandshakeAllThreads (HandshakeForDeflation)
Event: 21015.889 Executing VM operation: HandshakeAllThreads (HandshakeForDeflation) done
Event: 21015.889 Executing VM operation: RendezvousGCThreads
Event: 21015.889 Executing VM operation: RendezvousGCThreads done

Memory protections (0 events):
No events

Nmethod flushes (20 events):
Event: 31.002 Thread 0x000001f759ed8c20 flushing  nmethod 0x000001f704f2f190
Event: 31.002 Thread 0x000001f759ed8c20 flushing  nmethod 0x000001f704f2fc90
Event: 31.002 Thread 0x000001f759ed8c20 flushing  nmethod 0x000001f704f4e610
Event: 31.002 Thread 0x000001f759ed8c20 flushing  nmethod 0x000001f704f4f510
Event: 31.002 Thread 0x000001f759ed8c20 flushing  nmethod 0x000001f704f62290
Event: 31.002 Thread 0x000001f759ed8c20 flushing  nmethod 0x000001f704f62890
Event: 31.002 Thread 0x000001f759ed8c20 flushing  nmethod 0x000001f704f65410
Event: 31.002 Thread 0x000001f759ed8c20 flushing  nmethod 0x000001f704f66110
Event: 31.002 Thread 0x000001f759ed8c20 flushing  nmethod 0x000001f704f93890
Event: 31.002 Thread 0x000001f759ed8c20 flushing  nmethod 0x000001f704fa1490
Event: 31.002 Thread 0x000001f759ed8c20 flushing  nmethod 0x000001f704fa2b10
Event: 31.002 Thread 0x000001f759ed8c20 flushing  nmethod 0x000001f704fa3110
Event: 31.002 Thread 0x000001f759ed8c20 flushing  nmethod 0x000001f704fa3490
Event: 31.002 Thread 0x000001f759ed8c20 flushing  nmethod 0x000001f704fa5490
Event: 31.002 Thread 0x000001f759ed8c20 flushing  nmethod 0x000001f704fb2910
Event: 31.002 Thread 0x000001f759ed8c20 flushing  nmethod 0x000001f704fb6f10
Event: 31.002 Thread 0x000001f759ed8c20 flushing  nmethod 0x000001f704fd2d10
Event: 31.002 Thread 0x000001f759ed8c20 flushing  nmethod 0x000001f704fe7110
Event: 31.002 Thread 0x000001f759ed8c20 flushing  nmethod 0x000001f704ff4010
Event: 31.003 Thread 0x000001f759ed8c20 flushing  nmethod 0x000001f705012490

Events (20 events):
Event: 41.380 Thread 0x000001f759f2de10 Thread exited: 0x000001f759f2de10
Event: 41.380 Thread 0x000001f759f2f280 Thread exited: 0x000001f759f2f280
Event: 41.380 Thread 0x000001f761d6fa40 Thread exited: 0x000001f761d6fa40
Event: 46.386 Thread 0x000001f759f30020 Thread exited: 0x000001f759f30020
Event: 46.386 Thread 0x000001f761d6bcf0 Thread exited: 0x000001f761d6bcf0
Event: 46.386 Thread 0x000001f761d707e0 Thread exited: 0x000001f761d707e0
Event: 51.395 Thread 0x000001f761d6e5d0 Thread exited: 0x000001f761d6e5d0
Event: 93.491 Thread 0x000001f76353eff0 Thread exited: 0x000001f76353eff0
Event: 93.491 Thread 0x000001f75c52c440 Thread exited: 0x000001f75c52c440
Event: 93.531 Thread 0x000001f75c528fc0 Thread exited: 0x000001f75c528fc0
Event: 93.531 Thread 0x000001f75c52b720 Thread exited: 0x000001f75c52b720
Event: 96.361 Thread 0x000001f764bd5ec0 Thread exited: 0x000001f764bd5ec0
Event: 156.372 Thread 0x000001f764bd8620 Thread exited: 0x000001f764bd8620
Event: 216.376 Thread 0x000001f764bd30d0 Thread exited: 0x000001f764bd30d0
Event: 276.389 Thread 0x000001f764bd3760 Thread exited: 0x000001f764bd3760
Event: 336.389 Thread 0x000001f764bd6550 Thread exited: 0x000001f764bd6550
Event: 396.401 Thread 0x000001f764bd7900 Thread exited: 0x000001f764bd7900
Event: 456.403 Thread 0x000001f764bd6be0 Thread exited: 0x000001f764bd6be0
Event: 10894.560 Thread 0x000001f75c52b090 Thread added: 0x000001f764bd5ec0
Event: 10954.583 Thread 0x000001f75c52b090 Thread exited: 0x000001f75c52b090


Dynamic libraries:
0x00007ff7302e0000 - 0x00007ff7302ee000 	c:\Users\andy7\.vscode\extensions\redhat.java-1.49.0-win32-x64\jre\21.0.9-win32-x86_64\bin\java.exe
0x00007ff9ba800000 - 0x00007ff9baa67000 	C:\Windows\SYSTEM32\ntdll.dll
0x00007ff9ba100000 - 0x00007ff9ba1c9000 	C:\Windows\System32\KERNEL32.DLL
0x00007ff9b7950000 - 0x00007ff9b7d3f000 	C:\Windows\System32\KERNELBASE.dll
0x00007ff9b80d0000 - 0x00007ff9b821b000 	C:\Windows\System32\ucrtbase.dll
0x00007ff99cca0000 - 0x00007ff99ccb8000 	c:\Users\andy7\.vscode\extensions\redhat.java-1.49.0-win32-x64\jre\21.0.9-win32-x86_64\bin\jli.dll
0x00007ff9b88d0000 - 0x00007ff9b8a95000 	C:\Windows\System32\USER32.dll
0x00007ff9b8440000 - 0x00007ff9b8467000 	C:\Windows\System32\win32u.dll
0x00007ff9ba1d0000 - 0x00007ff9ba1fb000 	C:\Windows\System32\GDI32.dll
0x00007ff9b8470000 - 0x00007ff9b859c000 	C:\Windows\System32\gdi32full.dll
0x00007ff9b7ea0000 - 0x00007ff9b7f43000 	C:\Windows\System32\msvcp_win.dll
0x00007ff98c4a0000 - 0x00007ff98c4be000 	c:\Users\andy7\.vscode\extensions\redhat.java-1.49.0-win32-x64\jre\21.0.9-win32-x86_64\bin\VCRUNTIME140.dll
0x00007ff9b6b50000 - 0x00007ff9b6de3000 	C:\Windows\WinSxS\amd64_microsoft.windows.common-controls_6595b64144ccf1df_6.0.26100.7309_none_3e05feeae336a044\COMCTL32.dll
0x00007ff9b8700000 - 0x00007ff9b87a9000 	C:\Windows\System32\msvcrt.dll
0x00007ff9ba0c0000 - 0x00007ff9ba0f1000 	C:\Windows\System32\IMM32.DLL
0x00007ff9941b0000 - 0x00007ff9941bc000 	c:\Users\andy7\.vscode\extensions\redhat.java-1.49.0-win32-x64\jre\21.0.9-win32-x86_64\bin\vcruntime140_1.dll
0x00007ff927a90000 - 0x00007ff927b1d000 	c:\Users\andy7\.vscode\extensions\redhat.java-1.49.0-win32-x64\jre\21.0.9-win32-x86_64\bin\msvcp140.dll
0x00007ff926cf0000 - 0x00007ff927a90000 	c:\Users\andy7\.vscode\extensions\redhat.java-1.49.0-win32-x64\jre\21.0.9-win32-x86_64\bin\server\jvm.dll
0x00007ff9ba510000 - 0x00007ff9ba5c4000 	C:\Windows\System32\ADVAPI32.dll
0x00007ff9ba370000 - 0x00007ff9ba416000 	C:\Windows\System32\sechost.dll
0x00007ff9b87b0000 - 0x00007ff9b88c8000 	C:\Windows\System32\RPCRT4.dll
0x00007ff9ba420000 - 0x00007ff9ba494000 	C:\Windows\System32\WS2_32.dll
0x00007ff9b77b0000 - 0x00007ff9b780e000 	C:\Windows\SYSTEM32\POWRPROF.dll
0x00007ff9a87f0000 - 0x00007ff9a8825000 	C:\Windows\SYSTEM32\WINMM.dll
0x00007ff9abb30000 - 0x00007ff9abb3b000 	C:\Windows\SYSTEM32\VERSION.dll
0x00007ff9b76e0000 - 0x00007ff9b76f4000 	C:\Windows\SYSTEM32\UMPDC.dll
0x00007ff9b5dd0000 - 0x00007ff9b5deb000 	C:\Windows\SYSTEM32\kernel.appcore.dll
0x00007ff993380000 - 0x00007ff99338a000 	c:\Users\andy7\.vscode\extensions\redhat.java-1.49.0-win32-x64\jre\21.0.9-win32-x86_64\bin\jimage.dll
0x00007ff9b7190000 - 0x00007ff9b73d2000 	C:\Windows\SYSTEM32\DBGHELP.DLL
0x00007ff9b9d30000 - 0x00007ff9ba0b6000 	C:\Windows\System32\combase.dll
0x00007ff9b9bc0000 - 0x00007ff9b9c96000 	C:\Windows\System32\OLEAUT32.dll
0x00007ff9b7060000 - 0x00007ff9b709c000 	C:\Windows\SYSTEM32\dbgcore.DLL
0x00007ff9b8220000 - 0x00007ff9b82c5000 	C:\Windows\System32\bcryptPrimitives.dll
0x00007ff993030000 - 0x00007ff99303f000 	c:\Users\andy7\.vscode\extensions\redhat.java-1.49.0-win32-x64\jre\21.0.9-win32-x86_64\bin\instrument.dll
0x00007ff98a4d0000 - 0x00007ff98a4f0000 	c:\Users\andy7\.vscode\extensions\redhat.java-1.49.0-win32-x64\jre\21.0.9-win32-x86_64\bin\java.dll
0x00007ff9b9430000 - 0x00007ff9b9b83000 	C:\Windows\System32\SHELL32.dll
0x00007ff9b82d0000 - 0x00007ff9b843a000 	C:\Windows\System32\wintypes.dll
0x00007ff9b4c30000 - 0x00007ff9b548e000 	C:\Windows\SYSTEM32\windows.storage.dll
0x00007ff9b85b0000 - 0x00007ff9b86a5000 	C:\Windows\System32\SHCORE.dll
0x00007ff9b9110000 - 0x00007ff9b9176000 	C:\Windows\System32\shlwapi.dll
0x00007ff9b7870000 - 0x00007ff9b7899000 	C:\Windows\SYSTEM32\profapi.dll
0x00007ff986430000 - 0x00007ff986448000 	c:\Users\andy7\.vscode\extensions\redhat.java-1.49.0-win32-x64\jre\21.0.9-win32-x86_64\bin\zip.dll
0x00007ff993060000 - 0x00007ff993070000 	C:\Users\andy7\.vscode\extensions\redhat.java-1.49.0-win32-x64\jre\21.0.9-win32-x86_64\bin\net.dll
0x00007ff9b0390000 - 0x00007ff9b04b8000 	C:\Windows\SYSTEM32\WINHTTP.dll
0x00007ff9b6340000 - 0x00007ff9b63ab000 	C:\Windows\system32\mswsock.dll
0x00007ff985a00000 - 0x00007ff985a16000 	C:\Users\andy7\.vscode\extensions\redhat.java-1.49.0-win32-x64\jre\21.0.9-win32-x86_64\bin\nio.dll
0x00007ff992e90000 - 0x00007ff992ea0000 	c:\Users\andy7\.vscode\extensions\redhat.java-1.49.0-win32-x64\jre\21.0.9-win32-x86_64\bin\verify.dll
0x00007ff99cd60000 - 0x00007ff99cda4000 	C:\Users\andy7\AppData\Roaming\Code\User\globalStorage\redhat.java\1.49.0\config_win\org.eclipse.equinox.launcher\org.eclipse.equinox.launcher.win32.win32.x86_64_1.2.1400.v20250801-0854\eclipse_11916.dll
0x00007ff9b9190000 - 0x00007ff9b9327000 	C:\Windows\System32\ole32.dll
0x00007ff9b74e0000 - 0x00007ff9b74fb000 	C:\Windows\SYSTEM32\CRYPTSP.dll
0x00007ff9b5fa0000 - 0x00007ff9b5fda000 	C:\Windows\system32\rsaenh.dll
0x00007ff9b63f0000 - 0x00007ff9b641b000 	C:\Windows\SYSTEM32\USERENV.dll
0x00007ff9b7840000 - 0x00007ff9b786a000 	C:\Windows\SYSTEM32\bcrypt.dll
0x00007ff9b6630000 - 0x00007ff9b663c000 	C:\Windows\SYSTEM32\CRYPTBASE.dll
0x00007ff9b5950000 - 0x00007ff9b5984000 	C:\Windows\SYSTEM32\IPHLPAPI.DLL
0x00007ff9b9b90000 - 0x00007ff9b9b9a000 	C:\Windows\System32\NSI.dll
0x00007ff93a3f0000 - 0x00007ff93a439000 	C:\Users\andy7\AppData\Local\Temp\jna-92958453\jna8003826787490824133.dll
0x00007ff9b9180000 - 0x00007ff9b9188000 	C:\Windows\System32\PSAPI.DLL
0x00007ff9b06d0000 - 0x00007ff9b06ee000 	C:\Windows\SYSTEM32\dhcpcsvc6.DLL
0x00007ff9b0550000 - 0x00007ff9b0573000 	C:\Windows\SYSTEM32\dhcpcsvc.DLL

JVMTI agents:
c:\Users\andy7\.vscode\extensions\redhat.java-1.49.0-win32-x64\lombok\lombok-1.18.39-4050.jar path:c:\Users\andy7\.vscode\extensions\redhat.java-1.49.0-win32-x64\jre\21.0.9-win32-x86_64\bin\instrument.dll, loaded, initialized, instrumentlib options:none

dbghelp: loaded successfully - version: 4.0.5 - missing functions: none
symbol engine: initialized successfully - sym options: 0x614 - pdb path: .;c:\Users\andy7\.vscode\extensions\redhat.java-1.49.0-win32-x64\jre\21.0.9-win32-x86_64\bin;C:\Windows\SYSTEM32;C:\Windows\WinSxS\amd64_microsoft.windows.common-controls_6595b64144ccf1df_6.0.26100.7309_none_3e05feeae336a044;c:\Users\andy7\.vscode\extensions\redhat.java-1.49.0-win32-x64\jre\21.0.9-win32-x86_64\bin\server;C:\Users\andy7\AppData\Roaming\Code\User\globalStorage\redhat.java\1.49.0\config_win\org.eclipse.equinox.launcher\org.eclipse.equinox.launcher.win32.win32.x86_64_1.2.1400.v20250801-0854;C:\Users\andy7\AppData\Local\Temp\jna-92958453

VM Arguments:
jvm_args: --add-modules=ALL-SYSTEM --add-opens=java.base/java.util=ALL-UNNAMED --add-opens=java.base/java.lang=ALL-UNNAMED --add-opens=java.base/sun.nio.fs=ALL-UNNAMED -Declipse.application=org.eclipse.jdt.ls.core.id1 -Dosgi.bundles.defaultStartLevel=4 -Declipse.product=org.eclipse.jdt.ls.core.product -Djava.import.generatesMetadataFilesAtProjectRoot=false -DDetectVMInstallationsJob.disabled=true -Dfile.encoding=utf8 -XX:+UseParallelGC -XX:GCTimeRatio=4 -XX:AdaptiveSizePolicyWeight=90 -Dsun.zip.disableMemoryMapping=true -Xmx2G -Xms100m -Xlog:disable -javaagent:c:\Users\andy7\.vscode\extensions\redhat.java-1.49.0-win32-x64\lombok\lombok-1.18.39-4050.jar -XX:+HeapDumpOnOutOfMemoryError -XX:HeapDumpPath=c:\Users\andy7\AppData\Roaming\Code\User\workspaceStorage\cf802568948e43ef28e78c6e3a2a0573\redhat.java -Daether.dependencyCollector.impl=bf 
java_command: c:\Users\andy7\.vscode\extensions\redhat.java-1.49.0-win32-x64\server\plugins\org.eclipse.equinox.launcher_1.7.100.v20251111-0406.jar -configuration c:\Users\andy7\AppData\Roaming\Code\User\globalStorage\redhat.java\1.49.0\config_win -data c:\Users\andy7\AppData\Roaming\Code\User\workspaceStorage\cf802568948e43ef28e78c6e3a2a0573\redhat.java\jdt_ws --pipe=\\.\pipe\lsp-3e0480f949422344337fc044a1ee28c5-sock
java_class_path (initial): c:\Users\andy7\.vscode\extensions\redhat.java-1.49.0-win32-x64\server\plugins\org.eclipse.equinox.launcher_1.7.100.v20251111-0406.jar
Launcher Type: SUN_STANDARD

[Global flags]
    uintx AdaptiveSizePolicyWeight                 = 90                                        {product} {command line}
     intx CICompilerCount                          = 12                                        {product} {ergonomic}
    uintx GCTimeRatio                              = 4                                         {product} {command line}
     bool HeapDumpOnOutOfMemoryError               = true                                   {manageable} {command line}
    ccstr HeapDumpPath                             = c:\Users\andy7\AppData\Roaming\Code\User\workspaceStorage\cf802568948e43ef28e78c6e3a2a0573\redhat.java         {manageable} {command line}
   size_t InitialHeapSize                          = 104857600                                 {product} {command line}
   size_t MaxHeapSize                              = 2147483648                                {product} {command line}
   size_t MaxNewSize                               = 715653120                                 {product} {ergonomic}
   size_t MinHeapDeltaBytes                        = 524288                                    {product} {ergonomic}
   size_t MinHeapSize                              = 104857600                                 {product} {command line}
   size_t NewSize                                  = 34603008                                  {product} {ergonomic}
    uintx NonNMethodCodeHeapSize                   = 7602480                                {pd product} {ergonomic}
    uintx NonProfiledCodeHeapSize                  = 122027880                              {pd product} {ergonomic}
   size_t OldSize                                  = 70254592                                  {product} {ergonomic}
    uintx ProfiledCodeHeapSize                     = 122027880                              {pd product} {ergonomic}
    uintx ReservedCodeCacheSize                    = 251658240                              {pd product} {ergonomic}
     bool SegmentedCodeCache                       = true                                      {product} {ergonomic}
   size_t SoftMaxHeapSize                          = 2147483648                             {manageable} {ergonomic}
     bool UseCompressedOops                        = true                           {product lp64_product} {ergonomic}
     bool UseLargePagesIndividualAllocation        = false                                  {pd product} {ergonomic}
     bool UseParallelGC                            = true                                      {product} {command line}

Logging:
Log output configuration:
 #0: stdout all=off uptime,level,tags foldmultilines=false
 #1: stderr all=off uptime,level,tags foldmultilines=false

Release file:
JAVA_VERSION="21.0.9" 
MODULES="java.base java.compiler java.datatransfer java.xml java.prefs java.desktop java.instrument java.logging java.management java.security.sasl java.naming java.rmi java.management.rmi java.net.http java.scripting java.security.jgss java.transaction.xa java.sql java.sql.rowset java.xml.crypto java.se java.smartcardio jdk.accessibility jdk.internal.jvmstat jdk.attach jdk.charsets jdk.internal.opt jdk.zipfs jdk.compiler jdk.crypto.ec jdk.crypto.cryptoki jdk.crypto.mscapi jdk.dynalink jdk.internal.ed jdk.editpad jdk.hotspot.agent jdk.httpserver jdk.internal.le jdk.internal.vm.ci jdk.internal.vm.compiler jdk.internal.vm.compiler.management jdk.jartool jdk.javadoc jdk.jcmd jdk.management jdk.management.agent jdk.jconsole jdk.jdeps jdk.jdwp.agent jdk.jdi jdk.jfr jdk.jshell jdk.jsobject jdk.jstatd jdk.localedata jdk.management.jfr jdk.naming.dns jdk.naming.rmi jdk.net jdk.nio.mapmode jdk.random jdk.sctp jdk.security.auth jdk.security.jgss jdk.unsupported jdk.unsupported.desktop jdk.xml.dom" 

Environment Variables:
PATH=C:\Program Files\Common Files\Oracle\Java\javapath;C:\Windows\system32;C:\Windows;C:\Windows\System32\Wbem;C:\Windows\System32\WindowsPowerShell\v1.0\;C:\Windows\System32\OpenSSH\;%MAVEN_HOME%\bin;C:\Users\andy7\OneDrive\Desktop\vscode\swing\bin;C:\Program Files\Git\cmd;C:\Users\andy7\AppData\Local\Programs\Python\Python313\Scripts\;C:\Users\andy7\AppData\Local\Programs\Python\Python313\;C:\Users\andy7\AppData\Local\Programs\Python\Launcher\;C:\Users\andy7\AppData\Local\Microsoft\WindowsApps;C:\Users\andy7\AppData\Local\Programs\Microsoft VS Code\bin
USERNAME=andy7
OS=Windows_NT
PROCESSOR_IDENTIFIER=AMD64 Family 26 Model 36 Stepping 0, AuthenticAMD
TMP=C:\Users\andy7\AppData\Local\Temp
TEMP=C:\Users\andy7\AppData\Local\Temp




Periodic native trim disabled

---------------  S Y S T E M  ---------------

OS:
 Windows 11 , 64 bit Build 26100 (10.0.26100.7623)
OS uptime: 1 days 5:28 hours
Hyper-V role detected

CPU: total 24 (initial active 24) (24 cores per cpu, 2 threads per core) family 26 model 36 stepping 0 microcode 0xb20401b, cx8, cmov, fxsr, ht, mmx, 3dnowpref, sse, sse2, sse3, ssse3, sse4a, sse4.1, sse4.2, popcnt, lzcnt, tsc, tscinvbit, avx, avx2, aes, erms, clmul, bmi1, bmi2, adx, avx512f, avx512dq, avx512cd, avx512bw, avx512vl, sha, fma, vzeroupper, avx512_vpopcntdq, avx512_vpclmulqdq, avx512_vaes, avx512_vnni, clflush, clflushopt, avx512_vbmi2, avx512_vbmi, hv, rdtscp, rdpid, fsrm, gfni, avx512_bitalg, f16c, cet_ss, avx512_ifma
Processor Information for the first 24 processors :
  Max Mhz: 2000, Current Mhz: 2000, Mhz Limit: 2000

Memory: 4k page, system-wide physical 31865M (1354M free)
TotalPageFile size 56706M (AvailPageFile size 100M)
current process WorkingSet (physical memory assigned to process): 76M, peak: 480M
current process commit charge ("private bytes"): 490M, peak: 581M

vm_info: OpenJDK 64-Bit Server VM (21.0.9+10-LTS) for windows-amd64 JRE (21.0.9+10-LTS), built on 2025-10-21T00:00:00Z by "admin" with unknown MS VC++:1942

END.
