2026-01-16T15:11:12.358597600Z-1547517963005700-in3
2026-01-16T15:11:12.358597600Z-1547517963288600-tic_tac_toc$game$kit_with_logger$$Lambda/0x000001b8e400b430@67424e82
2026-01-16T15:11:12.358597600Z-1547517963416800-1732398722
2026-01-16T15:11:12.358597600Z-1547517963508600-[]
2026-01-16T15:11:12.361596600Z-1547517966630800-[I@443b7951
2026-01-16T15:11:12.361596600Z-1547517966790800-in3
2026-01-16T15:11:12.361596600Z-1547517966877400-tic_tac_toc$game$kit_with_logger$$Lambda/0x000001b8e400b430@14514713
2026-01-16T15:11:12.362599600Z-1547517966976800-340870931
2026-01-16T15:11:12.362599600Z-1547517967047300-0
2026-01-16T15:11:12.362599600Z-1547517967117000-[]
2026-01-16T15:11:12.362599600Z-1547517967744500-before:[]
2026-01-16T15:11:12.363603200Z-1547517968629900-1
2026-01-16T15:11:12.363603200Z-1547517968739000-0
2026-01-16T15:11:12.363603200Z-1547517968835600-[1]
2026-01-16T15:11:12.364598Z-1547517968989000-after:[1]
2026-01-16T15:11:12.364598Z-1547517969067200-1
2026-01-16T15:11:12.364598Z-1547517969137400-1
2026-01-16T15:11:12.364598Z-1547517969198400-[1]
2026-01-16T15:11:12.364598Z-1547517969301300-[I@5b37e0d2
2026-01-16T15:11:12.364598Z-1547517969598100-1
2026-01-16T15:11:12.365597600Z-1547517970119900-in3
2026-01-16T15:11:12.365597600Z-1547517970224200-tic_tac_toc$game$kit_with_logger$$Lambda/0x000001b8e400b878@5a2e4553
2026-01-16T15:11:12.365597600Z-1547517970298400-1512981843
2026-01-16T15:11:12.365597600Z-1547517970360000-0
2026-01-16T15:11:12.365597600Z-1547517970421100-[]
2026-01-16T15:11:12.365597600Z-1547517970487500-before:[]
2026-01-16T15:11:12.365597600Z-1547517970543900-1
2026-01-16T15:11:12.365597600Z-1547517970614300-0
2026-01-16T15:11:12.365597600Z-1547517970773300-[1]
2026-01-16T15:11:12.365597600Z-1547517970884500-after:[1]
2026-01-16T15:11:12.366600800Z-1547517970963300-1
2026-01-16T15:11:12.366600800Z-1547517971017000-1
2026-01-16T15:11:12.366600800Z-1547517971076100-[1]
2026-01-16T15:11:12.366600800Z-1547517971153800-[I@28c97a5
2026-01-16T15:11:12.366600800Z-1547517971221600-
2026-01-16T15:11:12.366600800Z-1547517971276800-.
2026-01-16T15:11:13.167960100Z-1547518772904400-false
2026-01-16T15:11:13.171963300Z-1547518776588400-in
2026-01-16T15:11:13.174962Z-1547518779787800-0,[0, 1]
2026-01-16T15:11:13.174962Z-1547518779975700-1,[0, 1]
2026-01-16T15:11:13.174962Z-1547518780041700-0
2026-01-16T15:11:13.176966800Z-1547518782007700-in
2026-01-16T15:11:13.176966800Z-1547518782174600-0,[0, 1]
2026-01-16T15:11:13.176966800Z-1547518782238600-1,[0, 1]
2026-01-16T15:11:13.176966800Z-1547518782305000-2
2026-01-16T15:11:13.177960500Z-1547518782452000-in
2026-01-16T15:11:13.177960500Z-1547518782513200-0,[0, 1]
2026-01-16T15:11:13.177960500Z-1547518782586700-1,[0, 1]
2026-01-16T15:11:13.177960500Z-1547518782647800-4
2026-01-16T15:11:13.177960500Z-1547518782761000-in
2026-01-16T15:11:13.177960500Z-1547518782819900-0,[0, 1]
2026-01-16T15:11:13.177960500Z-1547518782873300-1,[0, 1]
2026-01-16T15:11:13.177960500Z-1547518782923600-1
2026-01-16T15:11:13.177960500Z-1547518783023500-in
2026-01-16T15:11:13.177960500Z-1547518783086900-0,[0, 1]
2026-01-16T15:11:13.177960500Z-1547518783140600-1,[0, 1]
2026-01-16T15:11:13.177960500Z-1547518783187900-3
2026-01-16T15:11:13.177960500Z-1547518783292500-in
2026-01-16T15:11:13.178968500Z-1547518783358100-0,[0, 1]
2026-01-16T15:11:13.178968500Z-1547518783416000-1,[0, 1]
2026-01-16T15:11:13.178968500Z-1547518783465600-5
2026-01-16T15:11:13.284887600Z-1547518889927500-true
2026-01-16T15:11:13.962112600Z-1547519566670000-false
2026-01-16T15:11:13.962112600Z-1547519567171800-in
2026-01-16T15:11:13.962112600Z-1547519567299700-0,[0, 1]
2026-01-16T15:11:13.962112600Z-1547519567388800-1,[0, 1]
2026-01-16T15:11:13.963111300Z-1547519567477900-0
2026-01-16T15:11:13.963111300Z-1547519567740100-in
2026-01-16T15:11:13.963111300Z-1547519567857300-0,[0, 1]
2026-01-16T15:11:13.963111300Z-1547519567928100-1,[0, 1]
2026-01-16T15:11:13.963111300Z-1547519567988500-2
2026-01-16T15:11:13.963111300Z-1547519568167300-in
2026-01-16T15:11:13.963111300Z-1547519568272300-0,[0, 1]
2026-01-16T15:11:13.963111300Z-1547519568420100-1,[0, 1]
2026-01-16T15:11:13.964115900Z-1547519568476300-4
2026-01-16T15:11:13.964115900Z-1547519568607700-in
2026-01-16T15:11:13.964115900Z-1547519568670500-0,[0, 1]
2026-01-16T15:11:13.964115900Z-1547519568724800-1,[0, 1]
2026-01-16T15:11:13.964115900Z-1547519568780000-1
2026-01-16T15:11:13.964115900Z-1547519568916600-in
2026-01-16T15:11:13.964115900Z-1547519568987600-0,[0, 1]
2026-01-16T15:11:13.964115900Z-1547519569041500-1,[0, 1]
2026-01-16T15:11:13.964115900Z-1547519569098100-3
2026-01-16T15:11:13.964115900Z-1547519569202400-in
2026-01-16T15:11:13.964115900Z-1547519569277000-0,[0, 1]
2026-01-16T15:11:13.964115900Z-1547519569336000-1,[0, 1]
2026-01-16T15:11:13.964115900Z-1547519569381500-5
2026-01-16T15:11:14.460129900Z-1547520064604300-false
2026-01-16T15:11:14.460129900Z-1547520065133500-in
2026-01-16T15:11:14.460129900Z-1547520065250800-0,[0, 1]
2026-01-16T15:11:14.460129900Z-1547520065306300-1,[0, 1]
2026-01-16T15:11:14.460129900Z-1547520065354100-0
2026-01-16T15:11:14.461129400Z-1547520065530600-in
2026-01-16T15:11:14.461129400Z-1547520065589800-0,[0, 1]
2026-01-16T15:11:14.461129400Z-1547520065657800-1,[0, 1]
2026-01-16T15:11:14.461129400Z-1547520065712100-2
2026-01-16T15:11:14.461129400Z-1547520065817200-in
2026-01-16T15:11:14.461129400Z-1547520065945300-0,[0, 1]
2026-01-16T15:11:14.461129400Z-1547520066032100-1,[0, 1]
2026-01-16T15:11:14.461129400Z-1547520066109700-4
2026-01-16T15:11:14.461129400Z-1547520066410900-in
2026-01-16T15:11:14.462133800Z-1547520066525300-0,[0, 1]
2026-01-16T15:11:14.462133800Z-1547520066611000-1,[0, 1]
2026-01-16T15:11:14.462133800Z-1547520066666800-1
2026-01-16T15:11:14.462133800Z-1547520066805100-in
2026-01-16T15:11:14.462133800Z-1547520066864900-0,[0, 1]
2026-01-16T15:11:14.462133800Z-1547520067058100-1,[0, 1]
2026-01-16T15:11:14.462133800Z-1547520067145400-3
2026-01-16T15:11:14.463136100Z-1547520067706100-in
2026-01-16T15:11:14.463136100Z-1547520067864100-0,[0, 1]
2026-01-16T15:11:14.463136100Z-1547520067945300-1,[0, 1]
2026-01-16T15:11:14.463136100Z-1547520068047600-5
2026-01-16T15:11:16.460652700Z-1547522065628800-in2
2026-01-16T15:11:16.461652900Z-1547522066125400-0,[I@69d12bdb
2026-01-16T15:11:16.461652900Z-1547522066234000-1,[I@69d12bdb
2026-01-16T15:11:16.461652900Z-1547522066312500-2,[I@69d12bdb
2026-01-16T15:11:16.461652900Z-1547522066462500-5,[1, 2, 0]
2026-01-16T15:11:16.565046200Z-1547522169775300-in2
2026-01-16T15:11:16.565046200Z-1547522170098500-0,[I@69d12bdb
2026-01-16T15:11:16.565046200Z-1547522170204800-1,[I@69d12bdb
2026-01-16T15:11:16.565046200Z-1547522170255400-2,[I@69d12bdb
2026-01-16T15:11:16.565046200Z-1547522170304200-4,[0, 2, 0]
2026-01-16T15:11:17.267829200Z-1547522872557700-in2
2026-01-16T15:11:17.267829200Z-1547522872938900-0,[I@69d12bdb
2026-01-16T15:11:17.267829200Z-1547522873009800-1,[I@69d12bdb
2026-01-16T15:11:17.267829200Z-1547522873062400-2,[I@69d12bdb
2026-01-16T15:11:17.267829200Z-1547522873148800-4,[0, 2, 0]
2026-01-16T15:11:18.150920100Z-1547523756109900-in2
2026-01-16T15:11:18.151920Z-1547523756370400-0,[I@69d12bdb
2026-01-16T15:11:18.151920Z-1547523756433300-1,[I@69d12bdb
2026-01-16T15:11:18.151920Z-1547523756478800-2,[I@69d12bdb
2026-01-16T15:11:18.151920Z-1547523756523300-2,[0, 1, 0]
2026-01-16T15:11:19.381916500Z-1547524986395600-in2
2026-01-16T15:11:19.381916500Z-1547524986636400-0,[I@69d12bdb
2026-01-16T15:11:19.381916500Z-1547524986723600-1,[I@69d12bdb
2026-01-16T15:11:19.381916500Z-1547524986768900-2,[I@69d12bdb
2026-01-16T15:11:19.381916500Z-1547524986814500-4,[0, 2, 0]
2026-01-16T15:11:20.258611300Z-1547525863823700-in2
2026-01-16T15:11:20.259617100Z-1547525864105100-0,[I@69d12bdb
2026-01-16T15:11:20.259617100Z-1547525864212700-1,[I@69d12bdb
2026-01-16T15:11:20.259617100Z-1547525864315900-2,[I@69d12bdb
2026-01-16T15:11:20.259617100Z-1547525864372700-4,[0, 2, 0]
2026-01-16T15:11:20.650343200Z-1547526255102900-in2
2026-01-16T15:11:20.650343200Z-1547526255369300-0,[I@69d12bdb
2026-01-16T15:11:20.650343200Z-1547526255515400-1,[I@69d12bdb
2026-01-16T15:11:20.650343200Z-1547526255569700-2,[I@69d12bdb
2026-01-16T15:11:20.650343200Z-1547526255616900-2,[0, 1, 0]
2026-01-16T15:11:20.700343Z-1547526305488500-in2
2026-01-16T15:11:20.701349700Z-1547526305742700-0,[I@69d12bdb
2026-01-16T15:11:20.701349700Z-1547526305800100-1,[I@69d12bdb
2026-01-16T15:11:20.701349700Z-1547526305844900-2,[I@69d12bdb
2026-01-16T15:11:20.701349700Z-1547526305910200-4,[0, 2, 0]
2026-01-16T15:11:20.760869500Z-1547526365972400-in2
2026-01-16T15:11:20.760869500Z-1547526366189900-0,[I@69d12bdb
2026-01-16T15:11:20.761869100Z-1547526366243500-1,[I@69d12bdb
2026-01-16T15:11:20.761869100Z-1547526366323400-2,[I@69d12bdb
2026-01-16T15:11:20.761869100Z-1547526366380900-5,[1, 2, 0]
2026-01-16T15:11:23.641293200Z-1547529246599100-in2
2026-01-16T15:11:23.642292800Z-1547529246834800-0,[I@69d12bdb
2026-01-16T15:11:23.642292800Z-1547529246890800-1,[I@69d12bdb
2026-01-16T15:11:23.642292800Z-1547529246954500-2,[I@69d12bdb
2026-01-16T15:11:23.642292800Z-1547529247000800-3,[1, 1, 0]
2026-01-16T15:11:23.694291500Z-1547529299509900-in2
2026-01-16T15:11:23.695292200Z-1547529299922900-0,[I@69d12bdb
2026-01-16T15:11:23.695292200Z-1547529300132000-1,[I@69d12bdb
2026-01-16T15:11:23.695292200Z-1547529300219300-2,[I@69d12bdb
2026-01-16T15:11:23.695292200Z-1547529300270100-1,[1, 0, 0]
2026-01-16T15:11:23.735336200Z-1547529340590700-in2
2026-01-16T15:11:23.736333600Z-1547529340892500-0,[I@69d12bdb
2026-01-16T15:11:23.736333600Z-1547529340962200-1,[I@69d12bdb
2026-01-16T15:11:23.736333600Z-1547529341015400-2,[I@69d12bdb
2026-01-16T15:11:23.736333600Z-1547529341065100-0,[0, 0, 0]
2026-01-16T15:11:29.360266500Z-1547534965497900-in2
2026-01-16T15:11:29.361270Z-1547534965775500-0,[I@69d12bdb
2026-01-16T15:11:29.361270Z-1547534965835100-1,[I@69d12bdb
2026-01-16T15:11:29.361270Z-1547534965913900-2,[I@69d12bdb
2026-01-16T15:11:29.361270Z-1547534965957700-0,[0, 0, 0]
2026-01-16T15:11:29.426797600Z-1547535031866200-in2
2026-01-16T15:11:29.426797600Z-1547535032105800-0,[I@69d12bdb
2026-01-16T15:11:29.427800800Z-1547535032161000-1,[I@69d12bdb
2026-01-16T15:11:29.427800800Z-1547535032204600-2,[I@69d12bdb
2026-01-16T15:11:29.427800800Z-1547535032246400-1,[1, 0, 0]
2026-01-16T15:11:30.534416Z-1547536138944300-in2
2026-01-16T15:11:30.534416Z-1547536139197700-0,[I@69d12bdb
2026-01-16T15:11:30.534416Z-1547536139257200-1,[I@69d12bdb
2026-01-16T15:11:30.534416Z-1547536139301300-2,[I@69d12bdb
2026-01-16T15:11:30.534416Z-1547536139343200-3,[1, 1, 0]
2026-01-16T15:11:30.598418900Z-1547536202931500-in2
2026-01-16T15:11:30.598418900Z-1547536203169900-0,[I@69d12bdb
2026-01-16T15:11:30.598418900Z-1547536203224400-1,[I@69d12bdb
2026-01-16T15:11:30.598418900Z-1547536203307800-2,[I@69d12bdb
2026-01-16T15:11:30.598418900Z-1547536203351000-0,[0, 0, 0]
