2026-01-16T16:52:27.789833700Z-1553593394406500-in3
2026-01-16T16:52:27.789833700Z-1553593394869700-tic_tac_toc$game$kit_with_logger$$Lambda/0x000002888e00b430@67424e82
2026-01-16T16:52:27.789833700Z-1553593395054000-1732398722
2026-01-16T16:52:27.789833700Z-1553593395174900-[]
2026-01-16T16:52:27.797283800Z-1553593401697700-[I@443b7951
2026-01-16T16:52:27.797283800Z-1553593401913500-in3
2026-01-16T16:52:27.797283800Z-1553593402029700-tic_tac_toc$game$kit_with_logger$$Lambda/0x000002888e00b430@14514713
2026-01-16T16:52:27.797283800Z-1553593402245200-340870931
2026-01-16T16:52:27.797283800Z-1553593402372200-0
2026-01-16T16:52:27.797283800Z-1553593402551200-[]
2026-01-16T16:52:27.798308200Z-1553593403709100-before:[]
2026-01-16T16:52:27.829860700Z-1553593435218200-1
2026-01-16T16:52:27.830870700Z-1553593435432300-0
2026-01-16T16:52:27.830870700Z-1553593435594700-[1]
2026-01-16T16:52:27.830870700Z-1553593436333900-after:[1]
2026-01-16T16:52:27.831875900Z-1553593436808000-1
2026-01-16T16:52:27.831875900Z-1553593436929800-1
2026-01-16T16:52:27.831875900Z-1553593437039200-[1]
2026-01-16T16:52:27.831875900Z-1553593437231600-[I@5b37e0d2
2026-01-16T16:52:27.831875900Z-1553593437358800-1
2026-01-16T16:52:27.833271400Z-1553593438721200-in3
2026-01-16T16:52:27.833271400Z-1553593439053300-tic_tac_toc$game$kit_with_logger$$Lambda/0x000002888e00b878@5a2e4553
2026-01-16T16:52:27.834709900Z-1553593439281900-1512981843
2026-01-16T16:52:27.834709900Z-1553593439487800-0
2026-01-16T16:52:27.834709900Z-1553593439682400-[]
2026-01-16T16:52:27.834709900Z-1553593439831000-before:[]
2026-01-16T16:52:27.834709900Z-1553593439959300-1
2026-01-16T16:52:27.834709900Z-1553593440071000-0
2026-01-16T16:52:27.834709900Z-1553593440335300-[1]
2026-01-16T16:52:27.835983800Z-1553593440652100-after:[1]
2026-01-16T16:52:27.835983800Z-1553593440895100-1
2026-01-16T16:52:27.835983800Z-1553593441024200-1
2026-01-16T16:52:27.835983800Z-1553593441144800-[1]
2026-01-16T16:52:27.835983800Z-1553593441319700-[I@28c97a5
2026-01-16T16:52:27.837066800Z-1553593441456700-
2026-01-16T16:52:27.837066800Z-1553593441649400-.
2026-01-16T16:52:29.442657200Z-1553595047303100-false
2026-01-16T16:52:29.449060400Z-1553595053923500-in
2026-01-16T16:52:29.455164900Z-1553595059981500-0,[0, 1]
2026-01-16T16:52:29.455164900Z-1553595060265700-1,[0, 1]
2026-01-16T16:52:29.455164900Z-1553595060391300-0
2026-01-16T16:52:29.459086600Z-1553595064076500-in
2026-01-16T16:52:29.459086600Z-1553595064334900-0,[0, 1]
2026-01-16T16:52:29.459086600Z-1553595064447600-1,[0, 1]
2026-01-16T16:52:29.460084700Z-1553595064565000-2
2026-01-16T16:52:29.460084700Z-1553595064885200-in
2026-01-16T16:52:29.460084700Z-1553595065133100-0,[0, 1]
2026-01-16T16:52:29.460084700Z-1553595065255700-1,[0, 1]
2026-01-16T16:52:29.460084700Z-1553595065342900-4
2026-01-16T16:52:29.461086200Z-1553595065611600-in
2026-01-16T16:52:29.461086200Z-1553595065791100-0,[0, 1]
2026-01-16T16:52:29.461086200Z-1553595065887800-1,[0, 1]
2026-01-16T16:52:29.461086200Z-1553595065961200-1
2026-01-16T16:52:29.461086200Z-1553595066166800-in
2026-01-16T16:52:29.461086200Z-1553595066275600-0,[0, 1]
2026-01-16T16:52:29.461086200Z-1553595066356700-1,[0, 1]
2026-01-16T16:52:29.461086200Z-1553595066429000-3
2026-01-16T16:52:29.462086600Z-1553595066592900-in
2026-01-16T16:52:29.462086600Z-1553595066819300-0,[0, 1]
2026-01-16T16:52:29.462086600Z-1553595067018800-1,[0, 1]
2026-01-16T16:52:29.462086600Z-1553595067190700-5
2026-01-16T16:52:29.916770400Z-1553595522266100-true
2026-01-16T16:52:31.525187900Z-1553597130194500-false
2026-01-16T16:52:31.526196700Z-1553597130892500-in
2026-01-16T16:52:31.526196700Z-1553597131162600-0,[0, 1]
2026-01-16T16:52:31.526196700Z-1553597131279200-1,[0, 1]
2026-01-16T16:52:31.526196700Z-1553597131374900-0
2026-01-16T16:52:31.527177300Z-1553597131658200-in
2026-01-16T16:52:31.527177300Z-1553597131843700-0,[0, 1]
2026-01-16T16:52:31.527177300Z-1553597131950000-1,[0, 1]
2026-01-16T16:52:31.527177300Z-1553597132038600-2
2026-01-16T16:52:31.527177300Z-1553597132282700-in
2026-01-16T16:52:31.528173400Z-1553597132618400-0,[0, 1]
2026-01-16T16:52:31.528173400Z-1553597132776900-1,[0, 1]
2026-01-16T16:52:31.528173400Z-1553597132862300-4
2026-01-16T16:52:31.528173400Z-1553597133080000-in
2026-01-16T16:52:31.528173400Z-1553597133213300-0,[0, 1]
2026-01-16T16:52:31.528173400Z-1553597133395300-1,[0, 1]
2026-01-16T16:52:31.528173400Z-1553597133508600-1
2026-01-16T16:52:31.529192800Z-1553597133707200-in
2026-01-16T16:52:31.529192800Z-1553597133810700-0,[0, 1]
2026-01-16T16:52:31.529192800Z-1553597133920200-1,[0, 1]
2026-01-16T16:52:31.529192800Z-1553597133991700-3
2026-01-16T16:52:31.529192800Z-1553597134141000-in
2026-01-16T16:52:31.529192800Z-1553597134334100-0,[0, 1]
2026-01-16T16:52:31.529192800Z-1553597134458100-1,[0, 1]
2026-01-16T16:52:31.530187700Z-1553597134645900-5
2026-01-16T16:52:32.597433900Z-1553598202607700-false
2026-01-16T16:52:32.598434300Z-1553598203481400-in
2026-01-16T16:52:32.599434200Z-1553598203830300-0,[0, 1]
2026-01-16T16:52:32.599434200Z-1553598204025900-1,[0, 1]
2026-01-16T16:52:32.599434200Z-1553598204127200-0
2026-01-16T16:52:32.599434200Z-1553598204734900-in
2026-01-16T16:52:32.600429900Z-1553598205097300-0,[0, 1]
2026-01-16T16:52:32.600429900Z-1553598205575300-1,[0, 1]
2026-01-16T16:52:32.601422Z-1553598205897600-2
2026-01-16T16:52:32.601422Z-1553598206371500-in
2026-01-16T16:52:32.601422Z-1553598206677900-0,[0, 1]
2026-01-16T16:52:32.602429200Z-1553598206903600-1,[0, 1]
2026-01-16T16:52:32.602429200Z-1553598207010700-4
2026-01-16T16:52:32.602429200Z-1553598207279900-in
2026-01-16T16:52:32.602429200Z-1553598207445700-0,[0, 1]
2026-01-16T16:52:32.602429200Z-1553598207659700-1,[0, 1]
2026-01-16T16:52:32.602429200Z-1553598207754800-1
2026-01-16T16:52:32.603431800Z-1553598208077900-in
2026-01-16T16:52:32.603431800Z-1553598208240200-0,[0, 1]
2026-01-16T16:52:32.603431800Z-1553598208371100-1,[0, 1]
2026-01-16T16:52:32.603431800Z-1553598208675200-3
2026-01-16T16:52:32.604433500Z-1553598209221200-in
2026-01-16T16:52:32.604433500Z-1553598209393800-0,[0, 1]
2026-01-16T16:52:32.604433500Z-1553598209553200-1,[0, 1]
2026-01-16T16:52:32.605423400Z-1553598210198300-5
2026-01-16T16:52:34.982339800Z-1553600587257200-in2
2026-01-16T16:52:34.983337Z-1553600588119000-0,[I@69d12bdb
2026-01-16T16:52:34.983337Z-1553600588383300-1,[I@69d12bdb
2026-01-16T16:52:34.983337Z-1553600588506400-2,[I@69d12bdb
2026-01-16T16:52:34.984342400Z-1553600588809400-4,[0, 2, 0]
2026-01-16T16:52:35.438158500Z-1553601042776400-in2
2026-01-16T16:52:35.438158500Z-1553601043213900-0,[I@69d12bdb
2026-01-16T16:52:35.438158500Z-1553601043399500-1,[I@69d12bdb
2026-01-16T16:52:35.438158500Z-1553601043482900-2,[I@69d12bdb
2026-01-16T16:52:35.439157400Z-1553601043566300-4,[0, 2, 0]
2026-01-16T16:52:35.518834100Z-1553601124138200-in2
2026-01-16T16:52:35.520170100Z-1553601124754300-0,[I@69d12bdb
2026-01-16T16:52:35.520170100Z-1553601125070100-1,[I@69d12bdb
2026-01-16T16:52:35.520170100Z-1553601125420100-2,[I@69d12bdb
2026-01-16T16:52:35.521172700Z-1553601125879200-5,[1, 2, 0]
2026-01-16T16:52:35.697387900Z-1553601302267000-in2
2026-01-16T16:52:35.698428200Z-1553601303204300-0,[I@69d12bdb
2026-01-16T16:52:35.698428200Z-1553601303492200-1,[I@69d12bdb
2026-01-16T16:52:35.698428200Z-1553601303609000-2,[I@69d12bdb
2026-01-16T16:52:35.698428200Z-1553601303690000-4,[0, 2, 0]
2026-01-16T16:52:36.811988900Z-1553602416614300-in2
2026-01-16T16:52:36.811988900Z-1553602416933000-0,[I@69d12bdb
2026-01-16T16:52:36.811988900Z-1553602417201400-1,[I@69d12bdb
2026-01-16T16:52:36.811988900Z-1553602417415000-2,[I@69d12bdb
2026-01-16T16:52:36.811988900Z-1553602417524100-5,[1, 2, 0]
2026-01-16T16:52:37.578974900Z-1553603183579600-in2
2026-01-16T16:52:37.578974900Z-1553603183957500-0,[I@69d12bdb
2026-01-16T16:52:37.578974900Z-1553603184139200-1,[I@69d12bdb
2026-01-16T16:52:37.579974600Z-1553603184425900-2,[I@69d12bdb
2026-01-16T16:52:37.579974600Z-1553603184657500-4,[0, 2, 0]
2026-01-16T16:52:38.022665200Z-1553603628063000-in2
2026-01-16T16:52:38.023665600Z-1553603628506300-0,[I@69d12bdb
2026-01-16T16:52:38.023665600Z-1553603628795100-1,[I@69d12bdb
2026-01-16T16:52:38.023665600Z-1553603628904500-2,[I@69d12bdb
2026-01-16T16:52:38.023665600Z-1553603628979200-2,[0, 1, 0]
2026-01-16T16:52:38.116535300Z-1553603720998700-in2
2026-01-16T16:52:38.116535300Z-1553603721425200-0,[I@69d12bdb
2026-01-16T16:52:38.116535300Z-1553603721710400-1,[I@69d12bdb
2026-01-16T16:52:38.116535300Z-1553603721887700-2,[I@69d12bdb
2026-01-16T16:52:38.117525600Z-1553603722063400-5,[1, 2, 0]
2026-01-16T16:52:39.004847400Z-1553604610203000-in2
2026-01-16T16:52:39.005846500Z-1553604610489300-0,[I@69d12bdb
2026-01-16T16:52:39.005846500Z-1553604610566100-1,[I@69d12bdb
2026-01-16T16:52:39.005846500Z-1553604610624200-2,[I@69d12bdb
2026-01-16T16:52:39.005846500Z-1553604610679700-5,[1, 2, 0]
2026-01-16T16:52:39.085186600Z-1553604690188500-in2
2026-01-16T16:52:39.087507200Z-1553604692913900-0,[I@69d12bdb
2026-01-16T16:52:39.087507200Z-1553604693212300-1,[I@69d12bdb
2026-01-16T16:52:39.088805400Z-1553604693432900-2,[I@69d12bdb
2026-01-16T16:52:39.088805400Z-1553604693546100-3,[1, 1, 0]
2026-01-16T16:52:39.175244200Z-1553604780988300-in2
2026-01-16T16:52:39.176793500Z-1553604781899600-0,[I@69d12bdb
2026-01-16T16:52:39.176793500Z-1553604782129300-1,[I@69d12bdb
2026-01-16T16:52:39.176793500Z-1553604782509000-2,[I@69d12bdb
2026-01-16T16:52:39.176793500Z-1553604782603500-2,[0, 1, 0]
2026-01-16T16:52:42.928563400Z-1553608533249200-in2
2026-01-16T16:52:42.928563400Z-1553608533616300-0,[I@69d12bdb
2026-01-16T16:52:42.928563400Z-1553608533729000-1,[I@69d12bdb
2026-01-16T16:52:42.928563400Z-1553608533876000-2,[I@69d12bdb
2026-01-16T16:52:42.929563700Z-1553608534110000-1,[1, 0, 0]
2026-01-16T16:52:43.356003800Z-1553608960833100-in2
2026-01-16T16:52:43.356003800Z-1553608961149400-0,[I@69d12bdb
2026-01-16T16:52:43.356003800Z-1553608961262100-1,[I@69d12bdb
2026-01-16T16:52:43.356003800Z-1553608961483100-2,[I@69d12bdb
2026-01-16T16:52:43.356003800Z-1553608961628000-0,[0, 0, 0]
2026-01-16T16:52:43.433538400Z-1553609038253100-in2
2026-01-16T16:52:43.433538400Z-1553609038618600-0,[I@69d12bdb
2026-01-16T16:52:43.433538400Z-1553609038694100-1,[I@69d12bdb
2026-01-16T16:52:43.433538400Z-1553609038759800-2,[I@69d12bdb
2026-01-16T16:52:43.433538400Z-1553609038815500-2,[0, 1, 0]
2026-01-16T16:52:43.546963300Z-1553609151402500-in2
2026-01-16T16:52:43.546963300Z-1553609151667400-0,[I@69d12bdb
2026-01-16T16:52:43.546963300Z-1553609151739100-1,[I@69d12bdb
2026-01-16T16:52:43.546963300Z-1553609151802800-2,[I@69d12bdb
2026-01-16T16:52:43.546963300Z-1553609151859100-4,[0, 2, 0]
2026-01-16T16:52:47.739849800Z-1553613344330300-in2
2026-01-16T16:52:47.739849800Z-1553613344717900-0,[I@69d12bdb
2026-01-16T16:52:47.739849800Z-1553613344803300-1,[I@69d12bdb
2026-01-16T16:52:47.739849800Z-1553613344895600-2,[I@69d12bdb
2026-01-16T16:52:47.739849800Z-1553613344951300-1,[1, 0, 0]
2026-01-16T16:52:47.977156Z-1553613581741500-in2
2026-01-16T16:52:47.977156Z-1553613582128700-0,[I@69d12bdb
2026-01-16T16:52:47.977156Z-1553613582209400-1,[I@69d12bdb
2026-01-16T16:52:47.977156Z-1553613582263500-2,[I@69d12bdb
2026-01-16T16:52:47.977156Z-1553613582346300-3,[1, 1, 0]
2026-01-16T16:52:56.863777700Z-1553622468575500-input putting...
2026-01-16T16:52:56.863777700Z-1553622468984300-input putting...
2026-01-16T16:52:56.863777700Z-1553622469105200-input putting...
2026-01-16T16:52:56.864777300Z-1553622469273000-input done
2026-01-16T16:52:57.439355200Z-1553623044113500-in2
2026-01-16T16:52:57.439355200Z-1553623044392900-0,[I@69d12bdb
2026-01-16T16:52:57.439355200Z-1553623044465000-1,[I@69d12bdb
2026-01-16T16:52:57.439355200Z-1553623044519400-2,[I@69d12bdb
2026-01-16T16:52:57.439355200Z-1553623044575600-3,[1, 1, 0]
2026-01-16T16:52:58.936377900Z-1553624540950100-in2
2026-01-16T16:52:58.936377900Z-1553624541215100-0,[I@69d12bdb
2026-01-16T16:52:58.936377900Z-1553624541283000-1,[I@69d12bdb
2026-01-16T16:52:58.936377900Z-1553624541343400-2,[I@69d12bdb
2026-01-16T16:52:58.936377900Z-1553624541398600-0,[0, 0, 0]
2026-01-16T16:52:59.322022200Z-1553624927234600-in2
2026-01-16T16:52:59.323026400Z-1553624927759400-0,[I@69d12bdb
2026-01-16T16:52:59.323026400Z-1553624927882100-1,[I@69d12bdb
2026-01-16T16:52:59.323026400Z-1553624928071500-2,[I@69d12bdb
2026-01-16T16:52:59.323026400Z-1553624928173500-3,[1, 1, 0]
2026-01-16T16:52:59.515785Z-1553625121720400-in2
2026-01-16T16:52:59.517379800Z-1553625122136000-0,[I@69d12bdb
2026-01-16T16:52:59.517379800Z-1553625122214000-1,[I@69d12bdb
2026-01-16T16:52:59.517379800Z-1553625122271900-2,[I@69d12bdb
2026-01-16T16:52:59.517379800Z-1553625122392300-0,[0, 0, 0]
2026-01-16T16:52:59.601369700Z-1553625206546600-in2
2026-01-16T16:52:59.602368800Z-1553625206827100-0,[I@69d12bdb
2026-01-16T16:52:59.602368800Z-1553625206938100-1,[I@69d12bdb
2026-01-16T16:52:59.602368800Z-1553625207053200-2,[I@69d12bdb
2026-01-16T16:52:59.602368800Z-1553625207131700-1,[1, 0, 0]
2026-01-16T16:52:59.670365Z-1553625274949000-in2
2026-01-16T16:52:59.670365Z-1553625275453600-0,[I@69d12bdb
2026-01-16T16:52:59.670365Z-1553625275745000-1,[I@69d12bdb
2026-01-16T16:52:59.671369400Z-1553625275876800-2,[I@69d12bdb
2026-01-16T16:52:59.671369400Z-1553625275989300-1,[1, 0, 0]
2026-01-16T16:53:00.003927300Z-1553625609494000-in2
2026-01-16T16:53:00.004926800Z-1553625610130500-0,[I@69d12bdb
2026-01-16T16:53:00.005924200Z-1553625610335500-1,[I@69d12bdb
2026-01-16T16:53:00.005924200Z-1553625610750300-2,[I@69d12bdb
2026-01-16T16:53:00.005924200Z-1553625610908600-3,[1, 1, 0]
2026-01-16T16:53:00.107703500Z-1553625712809900-in2
2026-01-16T16:53:00.108706400Z-1553625713149000-0,[I@69d12bdb
2026-01-16T16:53:00.108706400Z-1553625713365000-1,[I@69d12bdb
2026-01-16T16:53:00.108706400Z-1553625713506800-2,[I@69d12bdb
2026-01-16T16:53:00.108706400Z-1553625713726800-2,[0, 1, 0]
2026-01-16T16:53:00.222186200Z-1553625827366300-in2
2026-01-16T16:53:00.223186800Z-1553625827731000-0,[I@69d12bdb
2026-01-16T16:53:00.223186800Z-1553625827812800-1,[I@69d12bdb
2026-01-16T16:53:00.223186800Z-1553625827880200-2,[I@69d12bdb
2026-01-16T16:53:00.223186800Z-1553625827932600-3,[1, 1, 0]
2026-01-16T16:53:00.318760Z-1553625923878800-in2
2026-01-16T16:53:00.319759900Z-1553625924367100-0,[I@69d12bdb
2026-01-16T16:53:00.319759900Z-1553625924540700-1,[I@69d12bdb
2026-01-16T16:53:00.319759900Z-1553625924628400-2,[I@69d12bdb
2026-01-16T16:53:00.319759900Z-1553625924685000-0,[0, 0, 0]
2026-01-16T16:53:00.418323900Z-1553626022988300-in2
2026-01-16T16:53:00.419323600Z-1553626024081400-0,[I@69d12bdb
2026-01-16T16:53:00.420323900Z-1553626025068000-1,[I@69d12bdb
2026-01-16T16:53:00.420323900Z-1553626025374100-2,[I@69d12bdb
2026-01-16T16:53:00.420323900Z-1553626025556900-3,[1, 1, 0]
2026-01-16T16:53:13.105389600Z-1553638710465800-in2
2026-01-16T16:53:13.106388500Z-1553638710828100-0,[I@69d12bdb
2026-01-16T16:53:13.106388500Z-1553638710934900-1,[I@69d12bdb
2026-01-16T16:53:13.106388500Z-1553638710993100-2,[I@69d12bdb
2026-01-16T16:53:13.106388500Z-1553638711043900-3,[1, 1, 0]
2026-01-16T16:53:13.224818300Z-1553638829346200-in2
2026-01-16T16:53:13.224818300Z-1553638829637400-0,[I@69d12bdb
2026-01-16T16:53:13.224818300Z-1553638829731200-1,[I@69d12bdb
2026-01-16T16:53:13.224818300Z-1553638829790600-2,[I@69d12bdb
2026-01-16T16:53:13.224818300Z-1553638829843500-5,[1, 2, 0]
2026-01-16T16:53:13.346140Z-1553638951480900-in2
2026-01-16T16:53:13.347140300Z-1553638951841300-0,[I@69d12bdb
2026-01-16T16:53:13.347140300Z-1553638951946000-1,[I@69d12bdb
2026-01-16T16:53:13.347140300Z-1553638952018700-2,[I@69d12bdb
2026-01-16T16:53:13.347140300Z-1553638952082600-2,[0, 1, 0]
2026-01-16T16:53:13.430714500Z-1553639035925000-in2
2026-01-16T16:53:13.431718600Z-1553639036193100-0,[I@69d12bdb
2026-01-16T16:53:13.431718600Z-1553639036300300-1,[I@69d12bdb
2026-01-16T16:53:13.431718600Z-1553639036360600-2,[I@69d12bdb
2026-01-16T16:53:13.431718600Z-1553639036427800-3,[1, 1, 0]
2026-01-16T16:53:13.510736300Z-1553639116612700-in2
2026-01-16T16:53:13.512258700Z-1553639116888800-0,[I@69d12bdb
2026-01-16T16:53:13.512258700Z-1553639116982100-1,[I@69d12bdb
2026-01-16T16:53:13.512258700Z-1553639117030500-2,[I@69d12bdb
2026-01-16T16:53:13.512258700Z-1553639117093500-5,[1, 2, 0]
2026-01-16T16:53:13.627005900Z-1553639231591700-in2
2026-01-16T16:53:13.627005900Z-1553639231876000-0,[I@69d12bdb
2026-01-16T16:53:13.627005900Z-1553639231974300-1,[I@69d12bdb
2026-01-16T16:53:13.627005900Z-1553639232032900-2,[I@69d12bdb
2026-01-16T16:53:13.627005900Z-1553639232082900-5,[1, 2, 0]
2026-01-16T16:53:13.708554500Z-1553639313444700-in2
2026-01-16T16:53:13.708554500Z-1553639313716600-0,[I@69d12bdb
2026-01-16T16:53:13.708554500Z-1553639313854100-1,[I@69d12bdb
2026-01-16T16:53:13.708554500Z-1553639313918800-2,[I@69d12bdb
2026-01-16T16:53:13.709578Z-1553639314112700-3,[1, 1, 0]
2026-01-16T16:53:13.797415300Z-1553639402404400-in2
2026-01-16T16:53:13.797415300Z-1553639402723700-0,[I@69d12bdb
2026-01-16T16:53:13.798437800Z-1553639402794500-1,[I@69d12bdb
2026-01-16T16:53:13.798437800Z-1553639402835300-2,[I@69d12bdb
2026-01-16T16:53:13.798437800Z-1553639402887900-2,[0, 1, 0]
2026-01-16T16:53:13.942107100Z-1553639546693200-in2
2026-01-16T16:53:13.942107100Z-1553639546976600-0,[I@69d12bdb
2026-01-16T16:53:13.942107100Z-1553639547091500-1,[I@69d12bdb
2026-01-16T16:53:13.942107100Z-1553639547213500-2,[I@69d12bdb
2026-01-16T16:53:13.942107100Z-1553639547389400-2,[0, 1, 0]
2026-01-16T16:53:14.031670100Z-1553639637228100-in2
2026-01-16T16:53:14.032714300Z-1553639637514300-0,[I@69d12bdb
2026-01-16T16:53:14.032714300Z-1553639637597200-1,[I@69d12bdb
2026-01-16T16:53:14.032714300Z-1553639637647500-2,[I@69d12bdb
2026-01-16T16:53:14.032714300Z-1553639637693700-3,[1, 1, 0]
2026-01-16T16:53:14.148683600Z-1553639753258300-in2
2026-01-16T16:53:14.148683600Z-1553639753598600-0,[I@69d12bdb
2026-01-16T16:53:14.148683600Z-1553639753704900-1,[I@69d12bdb
2026-01-16T16:53:14.148683600Z-1553639753760100-2,[I@69d12bdb
2026-01-16T16:53:14.148683600Z-1553639753807600-2,[0, 1, 0]
2026-01-16T16:53:14.469289800Z-1553640074642400-in2
2026-01-16T16:53:14.470290100Z-1553640074948400-0,[I@69d12bdb
2026-01-16T16:53:14.470290100Z-1553640075104600-1,[I@69d12bdb
2026-01-16T16:53:14.470290100Z-1553640075210700-2,[I@69d12bdb
2026-01-16T16:53:14.470290100Z-1553640075263200-3,[1, 1, 0]
2026-01-16T16:53:47.344375900Z-1553672948904800-end