2025-12-18T15:09:57.881432300Z-350201497750500-in3
2025-12-18T15:09:57.882481Z-350201498223600-[]
2025-12-18T15:09:57.886198300Z-350201501865300-[I@30946e09
2025-12-18T15:09:57.886198300Z-350201502078900-in3
2025-12-18T15:09:57.886198300Z-350201502154900-0
2025-12-18T15:09:57.886198300Z-350201502227700-[1]
2025-12-18T15:09:57.886198300Z-350201502322300-[I@5cb0d902
2025-12-18T15:09:57.886198300Z-350201502397700-1
2025-12-18T15:09:57.886198300Z-350201502716500-in3
2025-12-18T15:09:57.886198300Z-350201502805600-0
2025-12-18T15:09:57.886198300Z-350201502882400-[1]
2025-12-18T15:09:57.886198300Z-350201502956600-[I@1698c449
2025-12-18T15:09:57.886198300Z-350201503021500-
2025-12-18T15:09:57.886198300Z-350201503075700-.
2025-12-18T15:09:58.868347700Z-350202484434000-false
2025-12-18T15:09:58.871581200Z-350202487803500-in
2025-12-18T15:09:58.874105400Z-350202490473600-0,[0, 1]
2025-12-18T15:09:58.875108400Z-350202490752700-1,[0, 1]
2025-12-18T15:09:58.875108400Z-350202490824700-0
2025-12-18T15:09:58.877382Z-350202493122400-in
2025-12-18T15:09:58.877382Z-350202493257400-0,[0, 1]
2025-12-18T15:09:58.877382Z-350202493307100-1,[0, 1]
2025-12-18T15:09:58.877382Z-350202493358000-2
2025-12-18T15:09:58.877382Z-350202493509800-in
2025-12-18T15:09:58.877382Z-350202493575400-0,[0, 1]
2025-12-18T15:09:58.877382Z-350202493650200-1,[0, 1]
2025-12-18T15:09:58.877382Z-350202493699200-4
2025-12-18T15:09:58.877382Z-350202493788100-in
2025-12-18T15:09:58.877382Z-350202493871300-0,[0, 1]
2025-12-18T15:09:58.878399900Z-350202493935800-1,[0, 1]
2025-12-18T15:09:58.878399900Z-350202493977500-1
2025-12-18T15:09:58.878399900Z-350202494063300-in
2025-12-18T15:09:58.878399900Z-350202494112600-0,[0, 1]
2025-12-18T15:09:58.878399900Z-350202494156700-1,[0, 1]
2025-12-18T15:09:58.878399900Z-350202494195800-3
2025-12-18T15:09:58.878399900Z-350202494275700-in
2025-12-18T15:09:58.878399900Z-350202494323700-0,[0, 1]
2025-12-18T15:09:58.878399900Z-350202494379200-1,[0, 1]
2025-12-18T15:09:58.878399900Z-350202494432500-5
2025-12-18T15:09:58.947655700Z-350202564356300-true
2025-12-18T15:09:59.273525900Z-350202889330700-false
2025-12-18T15:09:59.273525900Z-350202889837100-in
2025-12-18T15:09:59.273525900Z-350202890073600-0,[0, 1]
2025-12-18T15:09:59.273525900Z-350202890177500-1,[0, 1]
2025-12-18T15:09:59.273525900Z-350202890232900-0
2025-12-18T15:09:59.273525900Z-350202890416600-in
2025-12-18T15:09:59.274980400Z-350202890654400-0,[0, 1]
2025-12-18T15:09:59.274980400Z-350202890764300-1,[0, 1]
2025-12-18T15:09:59.274980400Z-350202890825300-2
2025-12-18T15:09:59.274980400Z-350202890977600-in
2025-12-18T15:09:59.274980400Z-350202891053700-0,[0, 1]
2025-12-18T15:09:59.274980400Z-350202891112500-1,[0, 1]
2025-12-18T15:09:59.274980400Z-350202891168600-4
2025-12-18T15:09:59.274980400Z-350202891369800-in
2025-12-18T15:09:59.274980400Z-350202891448900-0,[0, 1]
2025-12-18T15:09:59.274980400Z-350202891544100-1,[0, 1]
2025-12-18T15:09:59.274980400Z-350202891638300-1
2025-12-18T15:09:59.274980400Z-350202891796100-in
2025-12-18T15:09:59.276322500Z-350202891869400-0,[0, 1]
2025-12-18T15:09:59.276322500Z-350202891929000-1,[0, 1]
2025-12-18T15:09:59.276322500Z-350202892294600-3
2025-12-18T15:09:59.276322500Z-350202892444700-in
2025-12-18T15:09:59.276322500Z-350202892514400-0,[0, 1]
2025-12-18T15:09:59.276322500Z-350202892611000-1,[0, 1]
2025-12-18T15:09:59.276322500Z-350202892694900-5
2025-12-18T15:09:59.533139800Z-350203149281400-false
2025-12-18T15:09:59.533139800Z-350203149927000-in
2025-12-18T15:09:59.533139800Z-350203150065300-0,[0, 1]
2025-12-18T15:09:59.534620800Z-350203150175400-1,[0, 1]
2025-12-18T15:09:59.534620800Z-350203150305500-0
2025-12-18T15:09:59.534620800Z-350203150737100-in
2025-12-18T15:09:59.534620800Z-350203150964300-0,[0, 1]
2025-12-18T15:09:59.534620800Z-350203151052200-1,[0, 1]
2025-12-18T15:09:59.534620800Z-350203151100800-2
2025-12-18T15:09:59.535618400Z-350203151325100-in
2025-12-18T15:09:59.535618400Z-350203151392300-0,[0, 1]
2025-12-18T15:09:59.535618400Z-350203151468600-1,[0, 1]
2025-12-18T15:09:59.535618400Z-350203151593900-4
2025-12-18T15:09:59.535618400Z-350203151726500-in
2025-12-18T15:09:59.535618400Z-350203151866100-0,[0, 1]
2025-12-18T15:09:59.535618400Z-350203151944400-1,[0, 1]
2025-12-18T15:09:59.535618400Z-350203152113600-1
2025-12-18T15:09:59.536621100Z-350203152472200-in
2025-12-18T15:09:59.536621100Z-350203152807800-0,[0, 1]
2025-12-18T15:09:59.536621100Z-350203152978500-1,[0, 1]
2025-12-18T15:09:59.536621100Z-350203153104200-3
2025-12-18T15:09:59.537670600Z-350203153443500-in
2025-12-18T15:09:59.537670600Z-350203153668600-0,[0, 1]
2025-12-18T15:09:59.537670600Z-350203153778200-1,[0, 1]
2025-12-18T15:09:59.537670600Z-350203153839000-5
2025-12-18T15:10:01.509108100Z-350205124691900-in2
2025-12-18T15:10:01.509108100Z-350205125193900-0,[I@545910d
2025-12-18T15:10:01.509108100Z-350205125287800-1,[I@545910d
2025-12-18T15:10:01.509108100Z-350205125349200-2,[I@545910d
2025-12-18T15:10:01.509108100Z-350205125461100-4,[0, 2, 0]
2025-12-18T15:10:02.513168200Z-350206128944700-in2
2025-12-18T15:10:02.513168200Z-350206129216700-0,[I@545910d
2025-12-18T15:10:02.513168200Z-350206129384600-1,[I@545910d
2025-12-18T15:10:02.513168200Z-350206129487800-2,[I@545910d
2025-12-18T15:10:02.513168200Z-350206129549400-4,[0, 2, 0]
2025-12-18T15:10:02.725718900Z-350206341660500-in2
2025-12-18T15:10:02.725718900Z-350206341916400-0,[I@545910d
2025-12-18T15:10:02.725718900Z-350206342000900-1,[I@545910d
2025-12-18T15:10:02.725718900Z-350206342083500-2,[I@545910d
2025-12-18T15:10:02.725718900Z-350206342178500-2,[0, 1, 0]
2025-12-18T15:10:02.908720300Z-350206525136000-in2
2025-12-18T15:10:02.908720300Z-350206525457000-0,[I@545910d
2025-12-18T15:10:02.908720300Z-350206525532900-1,[I@545910d
2025-12-18T15:10:02.910061700Z-350206525600800-2,[I@545910d
2025-12-18T15:10:02.910061700Z-350206525655400-3,[1, 1, 0]
2025-12-18T15:10:03.017171400Z-350206633380400-in2
2025-12-18T15:10:03.017171400Z-350206633631500-0,[I@545910d
2025-12-18T15:10:03.018174800Z-350206633716700-1,[I@545910d
2025-12-18T15:10:03.018174800Z-350206633759700-2,[I@545910d
2025-12-18T15:10:03.018174800Z-350206633798700-2,[0, 1, 0]
2025-12-18T15:10:03.212731900Z-350206829488800-in2
2025-12-18T15:10:03.214105500Z-350206829772800-0,[I@545910d
2025-12-18T15:10:03.214105500Z-350206829879700-1,[I@545910d
2025-12-18T15:10:03.214105500Z-350206829987400-2,[I@545910d
2025-12-18T15:10:03.214105500Z-350206830059000-4,[0, 2, 0]
2025-12-18T15:10:04.504271600Z-350208119894300-end