2026-01-05T15:54:46.575525500Z-599622796068000-in3
2026-01-05T15:54:46.576530600Z-599622796237000-tic_tac_toc$game$kit$$Lambda/0x0000023d3500b430@67424e82
2026-01-05T15:54:46.576530600Z-599622796315200-1732398722
2026-01-05T15:54:46.576530600Z-599622796368700-[]
2026-01-05T15:54:46.578535600Z-599622798272100-[I@443b7951
2026-01-05T15:54:46.578535600Z-599622798360600-in3
2026-01-05T15:54:46.578535600Z-599622798417800-tic_tac_toc$game$kit$$Lambda/0x0000023d3500b430@14514713
2026-01-05T15:54:46.578535600Z-599622798481300-340870931
2026-01-05T15:54:46.578535600Z-599622798527100-0
2026-01-05T15:54:46.578535600Z-599622798569700-[]
2026-01-05T15:54:46.578535600Z-599622798898600-before:[]
2026-01-05T15:54:46.578535600Z-599622798966800-1
2026-01-05T15:54:46.579535500Z-599622799210900-0
2026-01-05T15:54:46.579535500Z-599622799296400-[1]
2026-01-05T15:54:46.579535500Z-599622799438600-after:[1]
2026-01-05T15:54:46.579535500Z-599622799515600-1
2026-01-05T15:54:46.579535500Z-599622799618500-1
2026-01-05T15:54:46.579535500Z-599622799737500-[1]
2026-01-05T15:54:46.579535500Z-599622799836900-[I@5b37e0d2
2026-01-05T15:54:46.579535500Z-599622799927700-1
2026-01-05T15:54:46.580535600Z-599622800217000-in3
2026-01-05T15:54:46.580535600Z-599622800283800-tic_tac_toc$game$kit$$Lambda/0x0000023d3500b878@5a2e4553
2026-01-05T15:54:46.580535600Z-599622800342000-1512981843
2026-01-05T15:54:46.580535600Z-599622800382200-0
2026-01-05T15:54:46.580535600Z-599622800485200-[]
2026-01-05T15:54:46.580535600Z-599622800587800-before:[]
2026-01-05T15:54:46.580535600Z-599622800631800-1
2026-01-05T15:54:46.580535600Z-599622800668100-0
2026-01-05T15:54:46.580535600Z-599622800727300-[1]
2026-01-05T15:54:46.580535600Z-599622800771600-after:[1]
2026-01-05T15:54:46.580535600Z-599622800823900-1
2026-01-05T15:54:46.580535600Z-599622800872500-1
2026-01-05T15:54:46.580535600Z-599622800913200-[1]
2026-01-05T15:54:46.580535600Z-599622800958700-[I@28c97a5
2026-01-05T15:54:46.580535600Z-599622801009700-
2026-01-05T15:54:46.580535600Z-599622801042700-.
2026-01-05T15:54:46.985115500Z-599623205623600-false
2026-01-05T15:54:46.988115200Z-599623207867700-in
2026-01-05T15:54:46.989115400Z-599623209526000-0,[0, 1]
2026-01-05T15:54:46.989115400Z-599623209614000-1,[0, 1]
2026-01-05T15:54:46.989115400Z-599623209651600-0
2026-01-05T15:54:46.991115200Z-599623211460600-in
2026-01-05T15:54:46.991115200Z-599623211543900-0,[0, 1]
2026-01-05T15:54:46.991115200Z-599623211584400-1,[0, 1]
2026-01-05T15:54:46.991115200Z-599623211629000-2
2026-01-05T15:54:46.991115200Z-599623211705400-in
2026-01-05T15:54:46.991115200Z-599623211758400-0,[0, 1]
2026-01-05T15:54:46.991115200Z-599623211792300-1,[0, 1]
2026-01-05T15:54:46.991115200Z-599623211821600-4
2026-01-05T15:54:46.991115200Z-599623211884200-in
2026-01-05T15:54:46.991115200Z-599623211919400-0,[0, 1]
2026-01-05T15:54:46.991115200Z-599623211952300-1,[0, 1]
2026-01-05T15:54:46.991115200Z-599623211981800-1
2026-01-05T15:54:46.991115200Z-599623212043100-in
2026-01-05T15:54:46.991115200Z-599623212086600-0,[0, 1]
2026-01-05T15:54:46.991115200Z-599623212120000-1,[0, 1]
2026-01-05T15:54:46.991115200Z-599623212148900-3
2026-01-05T15:54:46.992619500Z-599623212230400-in
2026-01-05T15:54:46.992619500Z-599623212276300-0,[0, 1]
2026-01-05T15:54:46.992619500Z-599623212314200-1,[0, 1]
2026-01-05T15:54:46.992619500Z-599623212349700-5
2026-01-05T15:54:47.056624300Z-599623276337400-true
2026-01-05T15:54:47.255655200Z-599623476011600-false
2026-01-05T15:54:47.256655200Z-599623476411200-in
2026-01-05T15:54:47.256655200Z-599623476515900-0,[0, 1]
2026-01-05T15:54:47.256655200Z-599623476551800-1,[0, 1]
2026-01-05T15:54:47.256655200Z-599623476582600-0
2026-01-05T15:54:47.256655200Z-599623476693700-in
2026-01-05T15:54:47.256655200Z-599623476733000-0,[0, 1]
2026-01-05T15:54:47.256655200Z-599623476765400-1,[0, 1]
2026-01-05T15:54:47.256655200Z-599623476794200-2
2026-01-05T15:54:47.256655200Z-599623476861500-in
2026-01-05T15:54:47.256655200Z-599623476945600-0,[0, 1]
2026-01-05T15:54:47.256655200Z-599623476978500-1,[0, 1]
2026-01-05T15:54:47.256655200Z-599623477087500-4
2026-01-05T15:54:47.257655Z-599623477219100-in
2026-01-05T15:54:47.257655Z-599623477276500-0,[0, 1]
2026-01-05T15:54:47.257655Z-599623477323700-1,[0, 1]
2026-01-05T15:54:47.257655Z-599623477416600-1
2026-01-05T15:54:47.257655Z-599623477558700-in
2026-01-05T15:54:47.257655Z-599623477610200-0,[0, 1]
2026-01-05T15:54:47.257655Z-599623477644800-1,[0, 1]
2026-01-05T15:54:47.257655Z-599623477675400-3
2026-01-05T15:54:47.257655Z-599623477944000-in
2026-01-05T15:54:47.257655Z-599623478024400-0,[0, 1]
2026-01-05T15:54:47.257655Z-599623478060000-1,[0, 1]
2026-01-05T15:54:47.257655Z-599623478095800-5
2026-01-05T15:54:47.400687Z-599623620844900-false
2026-01-05T15:54:47.401692700Z-599623621267100-in
2026-01-05T15:54:47.401692700Z-599623621322300-0,[0, 1]
2026-01-05T15:54:47.401692700Z-599623621357300-1,[0, 1]
2026-01-05T15:54:47.401692700Z-599623621386000-0
2026-01-05T15:54:47.401692700Z-599623621513400-in
2026-01-05T15:54:47.401692700Z-599623621550200-0,[0, 1]
2026-01-05T15:54:47.401692700Z-599623621585200-1,[0, 1]
2026-01-05T15:54:47.401692700Z-599623621622700-2
2026-01-05T15:54:47.401692700Z-599623621682600-in
2026-01-05T15:54:47.401692700Z-599623621755100-0,[0, 1]
2026-01-05T15:54:47.401692700Z-599623621917400-1,[0, 1]
2026-01-05T15:54:47.401692700Z-599623622003700-4
2026-01-05T15:54:47.401692700Z-599623622103600-in
2026-01-05T15:54:47.401692700Z-599623622142900-0,[0, 1]
2026-01-05T15:54:47.401692700Z-599623622200200-1,[0, 1]
2026-01-05T15:54:47.402688500Z-599623622230400-1
2026-01-05T15:54:47.402688500Z-599623622291100-in
2026-01-05T15:54:47.402688500Z-599623622325400-0,[0, 1]
2026-01-05T15:54:47.402688500Z-599623622366400-1,[0, 1]
2026-01-05T15:54:47.402688500Z-599623622402900-3
2026-01-05T15:54:47.402688500Z-599623622460200-in
2026-01-05T15:54:47.402688500Z-599623622507500-0,[0, 1]
2026-01-05T15:54:47.402688500Z-599623622536900-1,[0, 1]
2026-01-05T15:54:47.402688500Z-599623622573600-5
2026-01-05T15:54:52.147853500Z-599628368088100-in2
2026-01-05T15:54:52.148853500Z-599628368503200-0,[I@1bde0512
2026-01-05T15:54:52.148853500Z-599628368578400-1,[I@1bde0512
2026-01-05T15:54:52.148853500Z-599628368611000-2,[I@1bde0512
2026-01-05T15:54:52.148853500Z-599628368704600-5,[1, 2, 0]
2026-01-05T15:54:52.581038Z-599628801078900-false
2026-01-05T15:54:52.581038Z-599628801472500-in
2026-01-05T15:54:52.581038Z-599628801533900-0,[0, 1]
2026-01-05T15:54:52.581038Z-599628801579500-1,[0, 1]
2026-01-05T15:54:52.582045100Z-599628801609300-0
2026-01-05T15:54:52.582045100Z-599628801702300-in
2026-01-05T15:54:52.582045100Z-599628801759100-0,[0, 1]
2026-01-05T15:54:52.582045100Z-599628801837500-1,[0, 1]
2026-01-05T15:54:52.582045100Z-599628801869400-2
2026-01-05T15:54:52.582045100Z-599628801969600-in
2026-01-05T15:54:52.582045100Z-599628802019700-0,[0, 1]
2026-01-05T15:54:52.582045100Z-599628802048100-1,[0, 1]
2026-01-05T15:54:52.582045100Z-599628802079800-4
2026-01-05T15:54:52.582045100Z-599628802137000-in
2026-01-05T15:54:52.582045100Z-599628802168500-0,[0, 1]
2026-01-05T15:54:52.582045100Z-599628802196900-1,[0, 1]
2026-01-05T15:54:52.582045100Z-599628802224200-1
2026-01-05T15:54:52.582045100Z-599628802348000-in
2026-01-05T15:54:52.582045100Z-599628802424000-0,[0, 1]
2026-01-05T15:54:52.582045100Z-599628802486100-1,[0, 1]
2026-01-05T15:54:52.582045100Z-599628802514400-3
2026-01-05T15:54:52.582045100Z-599628802583300-in
2026-01-05T15:54:52.583047200Z-599628802618300-0,[0, 1]
2026-01-05T15:54:52.583047200Z-599628802646900-1,[0, 1]
2026-01-05T15:54:52.583047200Z-599628802671700-5
2026-01-05T15:54:53.001803700Z-599629221883900-in2
2026-01-05T15:54:53.001803700Z-599629222061500-0,[I@1bde0512
2026-01-05T15:54:53.001803700Z-599629222115000-1,[I@1bde0512
2026-01-05T15:54:53.001803700Z-599629222153600-2,[I@1bde0512
2026-01-05T15:54:53.001803700Z-599629222190500-5,[1, 2, 0]
2026-01-05T15:54:53.037803400Z-599629257638000-in2
2026-01-05T15:54:53.037803400Z-599629257888400-0,[I@1bde0512
2026-01-05T15:54:53.037803400Z-599629257931600-1,[I@1bde0512
2026-01-05T15:54:53.037803400Z-599629258045100-2,[I@1bde0512
2026-01-05T15:54:53.037803400Z-599629258092500-4,[0, 2, 0]
2026-01-05T15:54:54.581052200Z-599630801505400-end