2026-01-17T07:06:19.806738Z-1604839011914900-in3
2026-01-17T07:06:19.806738Z-1604839012262800-tic_tac_toc$game$kit_with_logger$$Lambda/0x000001aa2e00b430@67424e82
2026-01-17T07:06:19.806738Z-1604839012422300-1732398722
2026-01-17T07:06:19.806738Z-1604839012523300-[]
2026-01-17T07:06:19.811084900Z-1604839016551900-[I@443b7951
2026-01-17T07:06:19.811084900Z-1604839016804700-in3
2026-01-17T07:06:19.811084900Z-1604839016938700-tic_tac_toc$game$kit_with_logger$$Lambda/0x000001aa2e00b430@14514713
2026-01-17T07:06:19.811084900Z-1604839017065500-340870931
2026-01-17T07:06:19.811084900Z-1604839017133000-0
2026-01-17T07:06:19.811084900Z-1604839017189700-[]
2026-01-17T07:06:19.812629600Z-1604839017931400-before:[]
2026-01-17T07:06:19.812629600Z-1604839018060700-1
2026-01-17T07:06:19.827078100Z-1604839032237700-0
2026-01-17T07:06:19.827078100Z-1604839032502000-[1]
2026-01-17T07:06:19.827078100Z-1604839032734200-after:[1]
2026-01-17T07:06:19.827078100Z-1604839032842900-1
2026-01-17T07:06:19.827078100Z-1604839032920800-1
2026-01-17T07:06:19.827078100Z-1604839033019400-[1]
2026-01-17T07:06:19.828075200Z-1604839033188400-[I@5b37e0d2
2026-01-17T07:06:19.828075200Z-1604839033332100-1
2026-01-17T07:06:19.828075200Z-1604839034082500-in3
2026-01-17T07:06:19.829080Z-1604839034178800-tic_tac_toc$game$kit_with_logger$$Lambda/0x000001aa2e00b878@5a2e4553
2026-01-17T07:06:19.829080Z-1604839034300800-1512981843
2026-01-17T07:06:19.829080Z-1604839034432800-0
2026-01-17T07:06:19.829080Z-1604839034511300-[]
2026-01-17T07:06:19.829080Z-1604839034585900-before:[]
2026-01-17T07:06:19.829080Z-1604839034642500-1
2026-01-17T07:06:19.829080Z-1604839034700600-0
2026-01-17T07:06:19.829080Z-1604839034909000-[1]
2026-01-17T07:06:19.829080Z-1604839035032700-after:[1]
2026-01-17T07:06:19.830077900Z-1604839035156500-1
2026-01-17T07:06:19.830077900Z-1604839035223600-1
2026-01-17T07:06:19.830077900Z-1604839035323300-[1]
2026-01-17T07:06:19.830077900Z-1604839035474900-[I@28c97a5
2026-01-17T07:06:19.830077900Z-1604839035604300-
2026-01-17T07:06:19.830077900Z-1604839035683500-.
2026-01-17T07:06:20.886263800Z-1604840092143600-false
2026-01-17T07:06:20.889273500Z-1604840095282100-in
2026-01-17T07:06:20.894269400Z-1604840099684200-0,[0, 1]
2026-01-17T07:06:20.894269400Z-1604840099861700-1,[0, 1]
2026-01-17T07:06:20.894269400Z-1604840099928100-0
2026-01-17T07:06:20.896429600Z-1604840102237400-in
2026-01-17T07:06:20.897428900Z-1604840102469900-0,[0, 1]
2026-01-17T07:06:20.897428900Z-1604840102542200-1,[0, 1]
2026-01-17T07:06:20.897428900Z-1604840102599400-2
2026-01-17T07:06:20.897428900Z-1604840102777900-in
2026-01-17T07:06:20.897428900Z-1604840102866100-0,[0, 1]
2026-01-17T07:06:20.897428900Z-1604840102915900-1,[0, 1]
2026-01-17T07:06:20.897428900Z-1604840102984700-4
2026-01-17T07:06:20.897428900Z-1604840103149900-in
2026-01-17T07:06:20.897428900Z-1604840103216000-0,[0, 1]
2026-01-17T07:06:20.897428900Z-1604840103266000-1,[0, 1]
2026-01-17T07:06:20.897428900Z-1604840103309800-1
2026-01-17T07:06:20.897428900Z-1604840103472500-in
2026-01-17T07:06:20.898427200Z-1604840103544100-0,[0, 1]
2026-01-17T07:06:20.898427200Z-1604840103602100-1,[0, 1]
2026-01-17T07:06:20.898427200Z-1604840103653300-3
2026-01-17T07:06:20.898427200Z-1604840103771900-in
2026-01-17T07:06:20.898427200Z-1604840103837900-0,[0, 1]
2026-01-17T07:06:20.898427200Z-1604840103885900-1,[0, 1]
2026-01-17T07:06:20.898427200Z-1604840103928300-5
2026-01-17T07:06:21.111611300Z-1604840317462300-true
2026-01-17T07:06:21.524785Z-1604840730131000-false
2026-01-17T07:06:21.524785Z-1604840730589600-in
2026-01-17T07:06:21.524785Z-1604840730797100-0,[0, 1]
2026-01-17T07:06:21.525831700Z-1604840730878000-1,[0, 1]
2026-01-17T07:06:21.525831700Z-1604840730935800-0
2026-01-17T07:06:21.525831700Z-1604840731144600-in
2026-01-17T07:06:21.525831700Z-1604840731203500-0,[0, 1]
2026-01-17T07:06:21.525831700Z-1604840731247300-1,[0, 1]
2026-01-17T07:06:21.525831700Z-1604840731289500-2
2026-01-17T07:06:21.525831700Z-1604840731443300-in
2026-01-17T07:06:21.525831700Z-1604840731555500-0,[0, 1]
2026-01-17T07:06:21.525831700Z-1604840731778600-1,[0, 1]
2026-01-17T07:06:21.526831200Z-1604840731849400-4
2026-01-17T07:06:21.526831200Z-1604840732009500-in
2026-01-17T07:06:21.526831200Z-1604840732078800-0,[0, 1]
2026-01-17T07:06:21.526831200Z-1604840732146800-1,[0, 1]
2026-01-17T07:06:21.526831200Z-1604840732223800-1
2026-01-17T07:06:21.526831200Z-1604840732349900-in
2026-01-17T07:06:21.526831200Z-1604840732420000-0,[0, 1]
2026-01-17T07:06:21.526831200Z-1604840732475700-1,[0, 1]
2026-01-17T07:06:21.526831200Z-1604840732600600-3
2026-01-17T07:06:21.526831200Z-1604840732739100-in
2026-01-17T07:06:21.526831200Z-1604840732828500-0,[0, 1]
2026-01-17T07:06:21.527830600Z-1604840732885400-1,[0, 1]
2026-01-17T07:06:21.527830600Z-1604840732968100-5
2026-01-17T07:06:21.778786900Z-1604840984376500-list adding...
2026-01-17T07:06:21.784332300Z-1604840989376600-list adding...
2026-01-17T07:06:21.785762300Z-1604840991396300-list adding...
2026-01-17T07:06:21.785762300Z-1604840991578400-list done
2026-01-17T07:06:21.906691200Z-1604841113153100-false
2026-01-17T07:06:21.908239600Z-1604841113732100-in
2026-01-17T07:06:21.908780600Z-1604841113927700-0,[0, 1]
2026-01-17T07:06:21.908780600Z-1604841113990400-1,[0, 1]
2026-01-17T07:06:21.908780600Z-1604841114082100-0
2026-01-17T07:06:21.908780600Z-1604841114277400-in
2026-01-17T07:06:21.909288Z-1604841114426800-0,[0, 1]
2026-01-17T07:06:21.909288Z-1604841114552000-1,[0, 1]
2026-01-17T07:06:21.909288Z-1604841114644000-2
2026-01-17T07:06:21.909288Z-1604841114781000-in
2026-01-17T07:06:21.909288Z-1604841114851700-0,[0, 1]
2026-01-17T07:06:21.909288Z-1604841114963000-1,[0, 1]
2026-01-17T07:06:21.909288Z-1604841115040600-4
2026-01-17T07:06:21.909288Z-1604841115189700-in
2026-01-17T07:06:21.909288Z-1604841115248200-0,[0, 1]
2026-01-17T07:06:21.909288Z-1604841115290400-1,[0, 1]
2026-01-17T07:06:21.909288Z-1604841115382200-1
2026-01-17T07:06:21.909288Z-1604841115635700-in
2026-01-17T07:06:21.909288Z-1604841115762400-0,[0, 1]
2026-01-17T07:06:21.910830700Z-1604841115821800-1,[0, 1]
2026-01-17T07:06:21.910830700Z-1604841115867200-3
2026-01-17T07:06:21.910830700Z-1604841116038700-in
2026-01-17T07:06:21.910830700Z-1604841116111800-0,[0, 1]
2026-01-17T07:06:21.910830700Z-1604841116158800-1,[0, 1]
2026-01-17T07:06:21.910830700Z-1604841116194300-5
2026-01-17T07:06:22.643802200Z-1604841849172000-in2
2026-01-17T07:06:22.643802200Z-1604841849634800-0,[I@4604a268
2026-01-17T07:06:22.643802200Z-1604841849754700-1,[I@4604a268
2026-01-17T07:06:22.643802200Z-1604841849803900-2,[I@4604a268
2026-01-17T07:06:22.643802200Z-1604841849911300-5,[1, 2, 0]
2026-01-17T07:06:22.709206500Z-1604841914603100-in2
2026-01-17T07:06:22.709206500Z-1604841914923900-0,[I@4604a268
2026-01-17T07:06:22.709206500Z-1604841915084400-1,[I@4604a268
2026-01-17T07:06:22.709206500Z-1604841915157300-2,[I@4604a268
2026-01-17T07:06:22.710199200Z-1604841915219900-4,[0, 2, 0]
2026-01-17T07:06:23.424270800Z-1604842630225500-in2
2026-01-17T07:06:23.425466700Z-1604842630558500-0,[I@4604a268
2026-01-17T07:06:23.425466700Z-1604842630693800-1,[I@4604a268
2026-01-17T07:06:23.425466700Z-1604842630803200-2,[I@4604a268
2026-01-17T07:06:23.425466700Z-1604842630863900-2,[0, 1, 0]
2026-01-17T07:06:24.237783700Z-1604843443664600-in2
2026-01-17T07:06:24.237783700Z-1604843443888700-0,[I@4604a268
2026-01-17T07:06:24.237783700Z-1604843443952000-1,[I@4604a268
2026-01-17T07:06:24.237783700Z-1604843444090600-2,[I@4604a268
2026-01-17T07:06:24.237783700Z-1604843444165900-2,[0, 1, 0]
2026-01-17T07:06:24.402990800Z-1604843609155500-in2
2026-01-17T07:06:24.404257800Z-1604843609411100-0,[I@4604a268
2026-01-17T07:06:24.404257800Z-1604843609475300-1,[I@4604a268
2026-01-17T07:06:24.404257800Z-1604843609518600-2,[I@4604a268
2026-01-17T07:06:24.404257800Z-1604843609560800-2,[0, 1, 0]
2026-01-17T07:06:24.520672300Z-1604843727008000-in2
2026-01-17T07:06:24.521992900Z-1604843727300400-0,[I@4604a268
2026-01-17T07:06:24.521992900Z-1604843727511800-1,[I@4604a268
2026-01-17T07:06:24.521992900Z-1604843727641200-2,[I@4604a268
2026-01-17T07:06:24.521992900Z-1604843727794300-2,[0, 1, 0]
2026-01-17T07:06:24.563333500Z-1604843768387300-in2
2026-01-17T07:06:24.563333500Z-1604843768700400-0,[I@4604a268
2026-01-17T07:06:24.563333500Z-1604843768865400-1,[I@4604a268
2026-01-17T07:06:24.563333500Z-1604843768945800-2,[I@4604a268
2026-01-17T07:06:24.563333500Z-1604843768995200-2,[0, 1, 0]
2026-01-17T07:06:24.735262500Z-1604843941043400-in2
2026-01-17T07:06:24.735262500Z-1604843941277100-0,[I@4604a268
2026-01-17T07:06:24.735262500Z-1604843941385000-1,[I@4604a268
2026-01-17T07:06:24.735262500Z-1604843941472800-2,[I@4604a268
2026-01-17T07:06:24.735262500Z-1604843941579700-5,[1, 2, 0]
2026-01-17T07:06:24.779878200Z-1604843985622500-in2
2026-01-17T07:06:24.779878200Z-1604843985912100-0,[I@4604a268
2026-01-17T07:06:24.779878200Z-1604843986019500-1,[I@4604a268
2026-01-17T07:06:24.779878200Z-1604843986166500-2,[I@4604a268
2026-01-17T07:06:24.781194300Z-1604843986226000-2,[0, 1, 0]
2026-01-17T07:06:25.380563100Z-1604844586207000-in2
2026-01-17T07:06:25.380563100Z-1604844586436800-0,[I@4604a268
2026-01-17T07:06:25.380563100Z-1604844586535100-1,[I@4604a268
2026-01-17T07:06:25.380563100Z-1604844586660700-2,[I@4604a268
2026-01-17T07:06:25.380563100Z-1604844586779900-4,[0, 2, 0]
2026-01-17T07:06:25.814752800Z-1604845020738500-in2
2026-01-17T07:06:25.815750400Z-1604845020942600-0,[I@4604a268
2026-01-17T07:06:25.815750400Z-1604845020985200-1,[I@4604a268
2026-01-17T07:06:25.815750400Z-1604845021035200-2,[I@4604a268
2026-01-17T07:06:25.815750400Z-1604845021080100-2,[0, 1, 0]
2026-01-17T07:06:25.861392300Z-1604845067092100-in2
2026-01-17T07:06:25.861392300Z-1604845067349900-0,[I@4604a268
2026-01-17T07:06:25.861392300Z-1604845067487400-1,[I@4604a268
2026-01-17T07:06:25.861392300Z-1604845067592100-2,[I@4604a268
2026-01-17T07:06:25.862773300Z-1604845067897800-3,[1, 1, 0]
2026-01-17T07:06:25.992916200Z-1604845200330800-in2
2026-01-17T07:06:25.995429100Z-1604845200535500-0,[I@4604a268
2026-01-17T07:06:25.995429100Z-1604845200580500-1,[I@4604a268
2026-01-17T07:06:25.995429100Z-1604845200614100-2,[I@4604a268
2026-01-17T07:06:25.995429100Z-1604845200647600-4,[0, 2, 0]
2026-01-17T07:06:26.074563500Z-1604845280234300-in2
2026-01-17T07:06:26.074563500Z-1604845280475600-0,[I@4604a268
2026-01-17T07:06:26.074563500Z-1604845280567300-1,[I@4604a268
2026-01-17T07:06:26.075611200Z-1604845280610200-2,[I@4604a268
2026-01-17T07:06:26.075611200Z-1604845280674700-4,[0, 2, 0]
2026-01-17T07:06:26.134568300Z-1604845340896600-in2
2026-01-17T07:06:26.136035600Z-1604845341163600-0,[I@4604a268
2026-01-17T07:06:26.136035600Z-1604845341271600-1,[I@4604a268
2026-01-17T07:06:26.136035600Z-1604845341330000-2,[I@4604a268
2026-01-17T07:06:26.136035600Z-1604845341483200-5,[1, 2, 0]
2026-01-17T07:06:26.182606300Z-1604845387703500-in2
2026-01-17T07:06:26.182606300Z-1604845388156100-0,[I@4604a268
2026-01-17T07:06:26.182606300Z-1604845388260400-1,[I@4604a268
2026-01-17T07:06:26.182606300Z-1604845388307700-2,[I@4604a268
2026-01-17T07:06:26.182606300Z-1604845388347000-5,[1, 2, 0]
2026-01-17T07:06:26.768659100Z-1604845982372900-in2
2026-01-17T07:06:26.768659100Z-1604845982590600-0,[I@4604a268
2026-01-17T07:06:26.768659100Z-1604845982634400-1,[I@4604a268
2026-01-17T07:06:26.768659100Z-1604845982668400-2,[I@4604a268
2026-01-17T07:06:26.768659100Z-1604845982701700-3,[1, 1, 0]
2026-01-17T07:06:26.821040600Z-1604846026466600-in2
2026-01-17T07:06:26.821040600Z-1604846026792200-0,[I@4604a268
2026-01-17T07:06:26.821040600Z-1604846026872900-1,[I@4604a268
2026-01-17T07:06:26.821040600Z-1604846026935500-2,[I@4604a268
2026-01-17T07:06:26.821040600Z-1604846026993000-2,[0, 1, 0]
2026-01-17T07:06:26.889761300Z-1604846095327200-in2
2026-01-17T07:06:26.889761300Z-1604846095707800-0,[I@4604a268
2026-01-17T07:06:26.889761300Z-1604846095825100-1,[I@4604a268
2026-01-17T07:06:26.889761300Z-1604846095914500-2,[I@4604a268
2026-01-17T07:06:26.889761300Z-1604846095987700-0,[0, 0, 0]
2026-01-17T07:06:36.938413800Z-1604856146391900-in2
2026-01-17T07:06:36.938413800Z-1604856146725300-0,[I@4604a268
2026-01-17T07:06:36.938413800Z-1604856146791000-1,[I@4604a268
2026-01-17T07:06:36.938413800Z-1604856146832300-2,[I@4604a268
2026-01-17T07:06:36.938413800Z-1604856146899700-3,[1, 1, 0]
2026-01-17T07:06:36.980886Z-1604856191143400-in2
2026-01-17T07:06:36.980886Z-1604856191425800-0,[I@4604a268
2026-01-17T07:06:36.980886Z-1604856191571600-1,[I@4604a268
2026-01-17T07:06:36.980886Z-1604856191719800-2,[I@4604a268
2026-01-17T07:06:36.980886Z-1604856191801600-5,[1, 2, 0]
2026-01-17T07:06:37.023116600Z-1604856229786400-in2
2026-01-17T07:06:37.023116600Z-1604856230007800-0,[I@4604a268
2026-01-17T07:06:37.023116600Z-1604856230139900-1,[I@4604a268
2026-01-17T07:06:37.023116600Z-1604856230246600-2,[I@4604a268
2026-01-17T07:06:37.023116600Z-1604856230333900-4,[0, 2, 0]
2026-01-17T07:06:37.094466700Z-1604856300289800-in2
2026-01-17T07:06:37.095463200Z-1604856300698300-0,[I@4604a268
2026-01-17T07:06:37.095463200Z-1604856300826800-1,[I@4604a268
2026-01-17T07:06:37.095463200Z-1604856300874900-2,[I@4604a268
2026-01-17T07:06:37.095463200Z-1604856300932400-5,[1, 2, 0]
2026-01-17T07:08:20.410087Z-1604959616004500-in2
2026-01-17T07:08:20.411091300Z-1604959616566300-0,[I@4604a268
2026-01-17T07:08:20.411091300Z-1604959616671300-1,[I@4604a268
2026-01-17T07:08:20.411091300Z-1604959616864800-2,[I@4604a268
2026-01-17T07:08:20.411091300Z-1604959617004000-0,[0, 0, 0]
2026-01-17T07:08:20.528694600Z-1604959734107200-in2
2026-01-17T07:08:20.528694600Z-1604959734462100-0,[I@4604a268
2026-01-17T07:08:20.528694600Z-1604959734549100-1,[I@4604a268
2026-01-17T07:08:20.528694600Z-1604959734605700-2,[I@4604a268
2026-01-17T07:08:20.529685400Z-1604959734697100-1,[1, 0, 0]
2026-01-17T07:08:38.232514800Z-1604977438158700-input putting...
2026-01-17T07:08:38.233514400Z-1604977439071100-input putting...
2026-01-17T07:08:38.233514400Z-1604977439283600-input putting...
2026-01-17T07:08:38.234515300Z-1604977439666900-input done
2026-01-17T07:08:47.643001400Z-1604986848653100-in2
2026-01-17T07:08:47.643001400Z-1604986849095500-0,[I@4604a268
2026-01-17T07:08:47.643999600Z-1604986849475800-1,[I@4604a268
2026-01-17T07:08:47.644515500Z-1604986849594700-2,[I@4604a268
2026-01-17T07:08:47.644515500Z-1604986849681400-5,[1, 2, 0]
2026-01-17T07:08:47.725010400Z-1604986931456700-in2
2026-01-17T07:08:47.725010400Z-1604986932109000-0,[I@4604a268
2026-01-17T07:08:47.725010400Z-1604986932218200-1,[I@4604a268
2026-01-17T07:08:47.725010400Z-1604986932283200-2,[I@4604a268
2026-01-17T07:08:47.725010400Z-1604986932348400-4,[0, 2, 0]
2026-01-17T07:08:47.886973800Z-1604987094407500-in2
2026-01-17T07:08:47.886973800Z-1604987094819900-0,[I@4604a268
2026-01-17T07:08:47.886973800Z-1604987095029500-1,[I@4604a268
2026-01-17T07:08:47.890873Z-1604987095901700-2,[I@4604a268
2026-01-17T07:08:47.890873Z-1604987096308300-5,[1, 2, 0]
2026-01-17T07:08:48.155069Z-1604987365486400-in2
2026-01-17T07:08:48.155069Z-1604987365758500-0,[I@4604a268
2026-01-17T07:08:48.155069Z-1604987365882100-1,[I@4604a268
2026-01-17T07:08:48.155069Z-1604987365980100-2,[I@4604a268
2026-01-17T07:08:48.155069Z-1604987366025000-5,[1, 2, 0]
2026-01-17T07:08:48.845541Z-1604988053013600-false
2026-01-17T07:08:48.845541Z-1604988054274400-in
2026-01-17T07:08:48.845541Z-1604988054664700-0,[0, 1]
2026-01-17T07:08:48.845541Z-1604988054810900-1,[0, 1]
2026-01-17T07:08:48.845541Z-1604988054885900-0
2026-01-17T07:08:48.845541Z-1604988055550800-in
2026-01-17T07:08:48.845541Z-1604988055750100-0,[0, 1]
2026-01-17T07:08:48.845541Z-1604988055895000-1,[0, 1]
2026-01-17T07:08:48.845541Z-1604988055960900-2
2026-01-17T07:08:48.845541Z-1604988056183900-in
2026-01-17T07:08:48.851440100Z-1604988056523300-0,[0, 1]
2026-01-17T07:08:48.851440100Z-1604988056792100-1,[0, 1]
2026-01-17T07:08:48.851440100Z-1604988056904000-4
2026-01-17T07:08:48.851440100Z-1604988057350900-in
2026-01-17T07:08:48.851440100Z-1604988057596200-0,[0, 1]
2026-01-17T07:08:48.851440100Z-1604988057789300-1,[0, 1]
2026-01-17T07:08:48.851440100Z-1604988057874700-1
2026-01-17T07:08:48.851440100Z-1604988058263500-in
2026-01-17T07:08:48.853586600Z-1604988058938900-0,[0, 1]
2026-01-17T07:08:48.853586600Z-1604988059223800-1,[0, 1]
2026-01-17T07:08:48.853586600Z-1604988059367200-3
2026-01-17T07:08:48.853586600Z-1604988059637800-in
2026-01-17T07:08:48.853586600Z-1604988059727600-0,[0, 1]
2026-01-17T07:08:48.853586600Z-1604988059789000-1,[0, 1]
2026-01-17T07:08:48.853586600Z-1604988059837900-5
2026-01-17T07:08:49.505911400Z-1604988718099600-in2
2026-01-17T07:08:49.505911400Z-1604988718377100-0,[I@4604a268
2026-01-17T07:08:49.505911400Z-1604988718443400-1,[I@4604a268
2026-01-17T07:08:49.505911400Z-1604988718511700-2,[I@4604a268
2026-01-17T07:08:49.505911400Z-1604988718550000-3,[1, 1, 0]
2026-01-17T07:08:50.502876700Z-1604989708945100-in2
2026-01-17T07:08:50.502876700Z-1604989709335700-0,[I@4604a268
2026-01-17T07:08:50.502876700Z-1604989709536900-1,[I@4604a268
2026-01-17T07:08:50.502876700Z-1604989709655000-2,[I@4604a268
2026-01-17T07:08:50.502876700Z-1604989709731700-1,[1, 0, 0]
2026-01-17T07:08:50.621217700Z-1604989827514900-in2
2026-01-17T07:08:50.621217700Z-1604989827837600-0,[I@4604a268
2026-01-17T07:08:50.621217700Z-1604989827933100-1,[I@4604a268
2026-01-17T07:08:50.622980600Z-1604989827999600-2,[I@4604a268
2026-01-17T07:08:50.622980600Z-1604989828057400-0,[0, 0, 0]
2026-01-17T07:08:54.211885100Z-1604993417406100-false
2026-01-17T07:08:55.886622500Z-1604995092204300-in2
2026-01-17T07:08:55.886622500Z-1604995092548800-0,[I@4604a268
2026-01-17T07:08:55.887618800Z-1604995092729200-1,[I@4604a268
2026-01-17T07:08:55.887618800Z-1604995092833500-2,[I@4604a268
2026-01-17T07:08:55.887618800Z-1604995092900500-1,[1, 0, 0]
2026-01-17T07:09:42.405548Z-1605041611288100-in2
2026-01-17T07:09:42.405548Z-1605041611523600-0,[I@4604a268
2026-01-17T07:09:42.406546500Z-1605041611570000-1,[I@4604a268
2026-01-17T07:09:42.406546500Z-1605041611596700-2,[I@4604a268
2026-01-17T07:09:42.406546500Z-1605041611621800-3,[1, 1, 0]
2026-01-17T07:09:42.457084700Z-1605041662144700-in2
2026-01-17T07:09:42.457084700Z-1605041662668000-0,[I@4604a268
2026-01-17T07:09:42.457084700Z-1605041662767900-1,[I@4604a268
2026-01-17T07:09:42.457084700Z-1605041662872300-2,[I@4604a268
2026-01-17T07:09:42.458077600Z-1605041663431600-2,[0, 1, 0]
2026-01-17T07:09:42.870858200Z-1605042076145900-in2
2026-01-17T07:09:42.870858200Z-1605042076426400-0,[I@4604a268
2026-01-17T07:09:42.870858200Z-1605042076508000-1,[I@4604a268
2026-01-17T07:09:42.870858200Z-1605042076563900-2,[I@4604a268
2026-01-17T07:09:42.870858200Z-1605042076623400-2,[0, 1, 0]
2026-01-17T07:09:43.703848500Z-1605042909133600-in2
2026-01-17T07:09:43.703848500Z-1605042909540400-0,[I@4604a268
2026-01-17T07:09:43.704844500Z-1605042909876700-1,[I@4604a268
2026-01-17T07:09:43.704844500Z-1605042910042300-2,[I@4604a268
2026-01-17T07:09:43.704844500Z-1605042910229400-3,[1, 1, 0]
2026-01-17T07:09:44.682121600Z-1605043888196800-in2
2026-01-17T07:09:44.683128500Z-1605043888734400-0,[I@4604a268
2026-01-17T07:09:44.683128500Z-1605043888941100-1,[I@4604a268
2026-01-17T07:09:44.683128500Z-1605043889122900-2,[I@4604a268
2026-01-17T07:09:44.684144400Z-1605043889321100-1,[1, 0, 0]
2026-01-17T07:09:44.815667300Z-1605044021388100-in2
2026-01-17T07:09:44.816668300Z-1605044021691300-0,[I@4604a268
2026-01-17T07:09:44.816668300Z-1605044021895600-1,[I@4604a268
2026-01-17T07:09:44.816668300Z-1605044022010100-2,[I@4604a268
2026-01-17T07:09:44.816668300Z-1605044022078200-0,[0, 0, 0]
2026-01-17T07:09:47.143698800Z-1605046349302700-in2
2026-01-17T07:09:47.143698800Z-1605046349543200-0,[I@4604a268
2026-01-17T07:09:47.143698800Z-1605046349629900-1,[I@4604a268
2026-01-17T07:09:47.143698800Z-1605046349675100-2,[I@4604a268
2026-01-17T07:09:47.144698700Z-1605046349707700-2,[0, 1, 0]
2026-01-17T07:09:47.203537800Z-1605046408674000-in2
2026-01-17T07:09:47.203537800Z-1605046408863200-0,[I@4604a268
2026-01-17T07:09:47.203537800Z-1605046408911400-1,[I@4604a268
2026-01-17T07:09:47.203537800Z-1605046408947000-2,[I@4604a268
2026-01-17T07:09:47.203537800Z-1605046408976800-3,[1, 1, 0]
2026-01-17T07:09:48.178224700Z-1605047383673500-in2
2026-01-17T07:09:48.178224700Z-1605047383919600-0,[I@4604a268
2026-01-17T07:09:48.178224700Z-1605047383972900-1,[I@4604a268
2026-01-17T07:09:48.178224700Z-1605047384009600-2,[I@4604a268
2026-01-17T07:09:48.178224700Z-1605047384050600-5,[1, 2, 0]
2026-01-17T07:09:50.678610400Z-1605049884637100-false
2026-01-17T07:09:50.680606900Z-1605049885675200-in
2026-01-17T07:09:50.680606900Z-1605049885808500-0,[0, 1]
2026-01-17T07:09:50.680606900Z-1605049886055300-1,[0, 1]
2026-01-17T07:09:50.680606900Z-1605049886206500-0
2026-01-17T07:09:50.680606900Z-1605049886501000-in
2026-01-17T07:09:50.680606900Z-1605049886598500-0,[0, 1]
2026-01-17T07:09:50.681607200Z-1605049886685400-1,[0, 1]
2026-01-17T07:09:50.681607200Z-1605049886762600-2
2026-01-17T07:09:50.681607200Z-1605049886940500-in
2026-01-17T07:09:50.681607200Z-1605049887012800-0,[0, 1]
2026-01-17T07:09:50.681607200Z-1605049887061600-1,[0, 1]
2026-01-17T07:09:50.681607200Z-1605049887144600-4
2026-01-17T07:09:50.681607200Z-1605049887303000-in
2026-01-17T07:09:50.681607200Z-1605049887367000-0,[0, 1]
2026-01-17T07:09:50.681607200Z-1605049887412800-1,[0, 1]
2026-01-17T07:09:50.681607200Z-1605049887453700-1
2026-01-17T07:09:50.681607200Z-1605049887601400-in
2026-01-17T07:09:50.681607200Z-1605049887677400-0,[0, 1]
2026-01-17T07:09:50.681607200Z-1605049887727000-1,[0, 1]
2026-01-17T07:09:50.681607200Z-1605049887763400-3
2026-01-17T07:09:50.681607200Z-1605049887931900-in
2026-01-17T07:09:50.681607200Z-1605049887993800-0,[0, 1]
2026-01-17T07:09:50.681607200Z-1605049888051000-1,[0, 1]
2026-01-17T07:09:50.681607200Z-1605049888088900-5
2026-01-17T07:09:51.145693100Z-1605050351764000-false
2026-01-17T07:10:00.820666Z-1605060026710200-in2
2026-01-17T07:10:00.822257600Z-1605060027619000-0,[I@4604a268
2026-01-17T07:10:00.822257600Z-1605060027896300-1,[I@4604a268
2026-01-17T07:10:00.822257600Z-1605060027951000-2,[I@4604a268
2026-01-17T07:10:00.822257600Z-1605060027980400-0,[0, 0, 0]
2026-01-17T07:10:00.943503800Z-1605060149149400-in2
2026-01-17T07:10:00.943503800Z-1605060149477200-0,[I@4604a268
2026-01-17T07:10:00.944500Z-1605060149509800-1,[I@4604a268
2026-01-17T07:10:00.944500Z-1605060149529200-2,[I@4604a268
2026-01-17T07:10:00.944500Z-1605060149550600-1,[1, 0, 0]
2026-01-17T07:10:07.631408700Z-1605066836475500-input putting...
2026-01-17T07:10:07.631408700Z-1605066836727300-input putting...
2026-01-17T07:10:07.631408700Z-1605066836762300-input putting...
2026-01-17T07:10:07.631408700Z-1605066836800200-input putting...
2026-01-17T07:10:07.631408700Z-1605066837017300-input done
2026-01-17T07:10:08.262866500Z-1605067469606900-in2
2026-01-17T07:10:08.262866500Z-1605067469928100-0,[I@4604a268
2026-01-17T07:10:08.262866500Z-1605067470060000-1,[I@4604a268
2026-01-17T07:10:08.262866500Z-1605067470205600-2,[I@4604a268
2026-01-17T07:10:08.262866500Z-1605067470304000-0,[0, 0, 0]
2026-01-17T07:10:08.369151500Z-1605067584167600-in2
2026-01-17T07:10:08.369151500Z-1605067584391200-0,[I@4604a268
2026-01-17T07:10:08.369151500Z-1605067584424000-1,[I@4604a268
2026-01-17T07:10:08.369151500Z-1605067584445300-2,[I@4604a268
2026-01-17T07:10:08.369151500Z-1605067584470100-1,[1, 0, 0]
2026-01-17T07:10:10.186364100Z-1605069392478200-in2
2026-01-17T07:10:10.186364100Z-1605069392714500-0,[I@4604a268
2026-01-17T07:10:10.186364100Z-1605069392808900-1,[I@4604a268
2026-01-17T07:10:10.186364100Z-1605069392935400-2,[I@4604a268
2026-01-17T07:10:10.187955900Z-1605069392983000-1,[1, 0, 0]
2026-01-17T07:10:10.309154200Z-1605069520695500-in2
2026-01-17T07:10:10.309154200Z-1605069521010100-0,[I@4604a268
2026-01-17T07:10:10.309154200Z-1605069521122000-1,[I@4604a268
2026-01-17T07:10:10.309154200Z-1605069521164700-2,[I@4604a268
2026-01-17T07:10:10.309154200Z-1605069521198700-0,[0, 0, 0]
2026-01-17T07:10:13.946450600Z-1605073153478900-false
2026-01-17T07:10:14.750542600Z-1605073960250500-false
2026-01-17T07:10:15.344090900Z-1605074549867200-false
2026-01-17T07:10:15.655411700Z-1605074861082600-in2
2026-01-17T07:10:15.657428100Z-1605074863078600-0,[I@4604a268
2026-01-17T07:10:15.657428100Z-1605074863403800-1,[I@4604a268
2026-01-17T07:10:15.658429Z-1605074863670900-2,[I@4604a268
2026-01-17T07:10:15.658429Z-1605074863904900-0,[0, 0, 0]
2026-01-17T07:10:30.559214700Z-1605089765409900-end