2026-01-16T16:40:15.348595200Z-1552860953162300-in3
2026-01-16T16:40:15.348595200Z-1552860953793300-tic_tac_toc$game$kit_with_logger$$Lambda/0x000001eb8900b430@67424e82
2026-01-16T16:40:15.350615500Z-1552860955537900-1732398722
2026-01-16T16:40:15.350615500Z-1552860955944900-[]
2026-01-16T16:40:15.356017100Z-1552860961291400-[I@443b7951
2026-01-16T16:40:15.356017100Z-1552860961638200-in3
2026-01-16T16:40:15.356017100Z-1552860961859900-tic_tac_toc$game$kit_with_logger$$Lambda/0x000001eb8900b430@14514713
2026-01-16T16:40:15.357477900Z-1552860962115600-340870931
2026-01-16T16:40:15.357477900Z-1552860962253500-0
2026-01-16T16:40:15.357477900Z-1552860962353100-[]
2026-01-16T16:40:15.358529500Z-1552860963548400-before:[]
2026-01-16T16:40:15.391773200Z-1552860996682800-1
2026-01-16T16:40:15.391773200Z-1552860996971500-0
2026-01-16T16:40:15.392773100Z-1552860997170900-[1]
2026-01-16T16:40:15.392773100Z-1552860997499400-after:[1]
2026-01-16T16:40:15.392773100Z-1552860997653600-1
2026-01-16T16:40:15.392773100Z-1552860997764900-1
2026-01-16T16:40:15.392773100Z-1552860997868400-[1]
2026-01-16T16:40:15.392773100Z-1552860998073600-[I@5b37e0d2
2026-01-16T16:40:15.393771900Z-1552860998238900-1
2026-01-16T16:40:15.395771700Z-1552861000406500-in3
2026-01-16T16:40:15.395771700Z-1552861000831300-tic_tac_toc$game$kit_with_logger$$Lambda/0x000001eb8900b878@5a2e4553
2026-01-16T16:40:15.395771700Z-1552861000990800-1512981843
2026-01-16T16:40:15.395771700Z-1552861001095800-0
2026-01-16T16:40:15.396773500Z-1552861001192200-[]
2026-01-16T16:40:15.396773500Z-1552861001327100-before:[]
2026-01-16T16:40:15.396773500Z-1552861001451500-1
2026-01-16T16:40:15.396773500Z-1552861001543400-0
2026-01-16T16:40:15.396773500Z-1552861001936500-[1]
2026-01-16T16:40:15.396773500Z-1552861002164500-after:[1]
2026-01-16T16:40:15.397819500Z-1552861002280200-1
2026-01-16T16:40:15.397819500Z-1552861002380600-1
2026-01-16T16:40:15.397819500Z-1552861002483200-[1]
2026-01-16T16:40:15.397819500Z-1552861002644900-[I@28c97a5
2026-01-16T16:40:15.397819500Z-1552861002774700-
2026-01-16T16:40:15.397819500Z-1552861002900300-.
2026-01-16T16:40:16.773358300Z-1552862377926000-false
2026-01-16T16:40:16.779358500Z-1552862384255100-in
2026-01-16T16:40:16.786607600Z-1552862391588300-0,[0, 1]
2026-01-16T16:40:16.786607600Z-1552862391960900-1,[0, 1]
2026-01-16T16:40:16.787605900Z-1552862392186900-0
2026-01-16T16:40:16.792955100Z-1552862397638600-in
2026-01-16T16:40:16.792955100Z-1552862397969200-0,[0, 1]
2026-01-16T16:40:16.792955100Z-1552862398075100-1,[0, 1]
2026-01-16T16:40:16.792955100Z-1552862398178600-2
2026-01-16T16:40:16.793956100Z-1552862399129900-in
2026-01-16T16:40:16.794950400Z-1552862399428900-0,[0, 1]
2026-01-16T16:40:16.794950400Z-1552862399613400-1,[0, 1]
2026-01-16T16:40:16.794950400Z-1552862399792000-4
2026-01-16T16:40:16.794950400Z-1552862400327600-in
2026-01-16T16:40:16.794950400Z-1552862400516800-0,[0, 1]
2026-01-16T16:40:16.794950400Z-1552862400631200-1,[0, 1]
2026-01-16T16:40:16.794950400Z-1552862400736900-1
2026-01-16T16:40:16.796396800Z-1552862401006000-in
2026-01-16T16:40:16.796396800Z-1552862401200800-0,[0, 1]
2026-01-16T16:40:16.796396800Z-1552862401374900-1,[0, 1]
2026-01-16T16:40:16.796396800Z-1552862401477500-3
2026-01-16T16:40:16.796396800Z-1552862401731700-in
2026-01-16T16:40:16.796396800Z-1552862401921500-0,[0, 1]
2026-01-16T16:40:16.797635300Z-1552862402050700-1,[0, 1]
2026-01-16T16:40:16.797635300Z-1552862402147000-5
2026-01-16T16:40:17.340602100Z-1552862945661100-true
2026-01-16T16:40:18.506388600Z-1552864111824000-false
2026-01-16T16:40:18.507386800Z-1552864112525300-in
2026-01-16T16:40:18.507386800Z-1552864112748900-0,[0, 1]
2026-01-16T16:40:18.508389400Z-1552864112861100-1,[0, 1]
2026-01-16T16:40:18.508389400Z-1552864112955600-0
2026-01-16T16:40:18.508389400Z-1552864113194900-in
2026-01-16T16:40:18.508389400Z-1552864113315000-0,[0, 1]
2026-01-16T16:40:18.508389400Z-1552864113415900-1,[0, 1]
2026-01-16T16:40:18.508389400Z-1552864113500300-2
2026-01-16T16:40:18.508389400Z-1552864113673600-in
2026-01-16T16:40:18.509391100Z-1552864114004400-0,[0, 1]
2026-01-16T16:40:18.509391100Z-1552864114139500-1,[0, 1]
2026-01-16T16:40:18.509391100Z-1552864114238700-4
2026-01-16T16:40:18.509391100Z-1552864114568500-in
2026-01-16T16:40:18.509391100Z-1552864114698100-0,[0, 1]
2026-01-16T16:40:18.509391100Z-1552864114880400-1,[0, 1]
2026-01-16T16:40:18.509391100Z-1552864115063100-1
2026-01-16T16:40:18.510860600Z-1552864115391800-in
2026-01-16T16:40:18.510860600Z-1552864115675700-0,[0, 1]
2026-01-16T16:40:18.510860600Z-1552864115905700-1,[0, 1]
2026-01-16T16:40:18.510860600Z-1552864116086200-3
2026-01-16T16:40:18.511857800Z-1552864116581800-in
2026-01-16T16:40:18.511857800Z-1552864116841500-0,[0, 1]
2026-01-16T16:40:18.511857800Z-1552864116957400-1,[0, 1]
2026-01-16T16:40:18.511857800Z-1552864117038700-5
2026-01-16T16:40:19.462043300Z-1552865067798200-false
2026-01-16T16:40:19.463432700Z-1552865068632700-in
2026-01-16T16:40:19.464433500Z-1552865068814800-0,[0, 1]
2026-01-16T16:40:19.464433500Z-1552865068980200-1,[0, 1]
2026-01-16T16:40:19.464433500Z-1552865069097200-0
2026-01-16T16:40:19.464433500Z-1552865069488200-in
2026-01-16T16:40:19.464433500Z-1552865069701600-0,[0, 1]
2026-01-16T16:40:19.464433500Z-1552865069913500-1,[0, 1]
2026-01-16T16:40:19.465694800Z-1552865070174600-2
2026-01-16T16:40:19.465694800Z-1552865070453600-in
2026-01-16T16:40:19.465694800Z-1552865070657200-0,[0, 1]
2026-01-16T16:40:19.465694800Z-1552865070784400-1,[0, 1]
2026-01-16T16:40:19.465694800Z-1552865070894000-4
2026-01-16T16:40:19.466695500Z-1552865071143900-in
2026-01-16T16:40:19.466695500Z-1552865071276300-0,[0, 1]
2026-01-16T16:40:19.466695500Z-1552865071480400-1,[0, 1]
2026-01-16T16:40:19.466695500Z-1552865071648100-1
2026-01-16T16:40:19.466695500Z-1552865071847400-in
2026-01-16T16:40:19.466695500Z-1552865071964900-0,[0, 1]
2026-01-16T16:40:19.466695500Z-1552865072137300-1,[0, 1]
2026-01-16T16:40:19.466695500Z-1552865072251500-3
2026-01-16T16:40:19.468105Z-1552865072486400-in
2026-01-16T16:40:19.468105Z-1552865072604800-0,[0, 1]
2026-01-16T16:40:19.468105Z-1552865072707700-1,[0, 1]
2026-01-16T16:40:19.468105Z-1552865072778000-5
2026-01-16T16:40:20.883399200Z-1552866488622800-in2
2026-01-16T16:40:20.884654900Z-1552866489168200-0,[I@69d12bdb
2026-01-16T16:40:20.884654900Z-1552866489324600-1,[I@69d12bdb
2026-01-16T16:40:20.884654900Z-1552866489500900-2,[I@69d12bdb
2026-01-16T16:40:20.884654900Z-1552866489738700-5,[1, 2, 0]
2026-01-16T16:40:20.975854700Z-1552866580395300-in2
2026-01-16T16:40:20.975854700Z-1552866580795100-0,[I@69d12bdb
2026-01-16T16:40:20.975854700Z-1552866581028000-1,[I@69d12bdb
2026-01-16T16:40:20.975854700Z-1552866581134000-2,[I@69d12bdb
2026-01-16T16:40:20.975854700Z-1552866581216300-4,[0, 2, 0]
2026-01-16T16:40:21.864298300Z-1552867469304800-in2
2026-01-16T16:40:21.864298300Z-1552867469774900-0,[I@69d12bdb
2026-01-16T16:40:21.865320100Z-1552867470015400-1,[I@69d12bdb
2026-01-16T16:40:21.865320100Z-1552867470133500-2,[I@69d12bdb
2026-01-16T16:40:21.865320100Z-1552867470289100-4,[0, 2, 0]
2026-01-16T16:40:22.434977200Z-1552868040088500-in2
2026-01-16T16:40:22.434977200Z-1552868040415200-0,[I@69d12bdb
2026-01-16T16:40:22.436051900Z-1552868040525800-1,[I@69d12bdb
2026-01-16T16:40:22.436051900Z-1552868040601100-2,[I@69d12bdb
2026-01-16T16:40:22.436051900Z-1552868040677700-4,[0, 2, 0]
2026-01-16T16:40:23.743934500Z-1552869349189700-in2
2026-01-16T16:40:23.744942400Z-1552869349489800-0,[I@69d12bdb
2026-01-16T16:40:23.744942400Z-1552869349595600-1,[I@69d12bdb
2026-01-16T16:40:23.744942400Z-1552869349659600-2,[I@69d12bdb
2026-01-16T16:40:23.744942400Z-1552869349718800-2,[0, 1, 0]
2026-01-16T16:40:23.810808100Z-1552869416335000-in2
2026-01-16T16:40:23.811902200Z-1552869416664000-0,[I@69d12bdb
2026-01-16T16:40:23.811902200Z-1552869416804700-1,[I@69d12bdb
2026-01-16T16:40:23.811902200Z-1552869416916400-2,[I@69d12bdb
2026-01-16T16:40:23.811902200Z-1552869417009000-4,[0, 2, 0]
2026-01-16T16:40:24.784846500Z-1552870389992200-in2
2026-01-16T16:40:24.785694500Z-1552870390297100-0,[I@69d12bdb
2026-01-16T16:40:24.785694500Z-1552870390486300-1,[I@69d12bdb
2026-01-16T16:40:24.785694500Z-1552870390560800-2,[I@69d12bdb
2026-01-16T16:40:24.785694500Z-1552870390624800-5,[1, 2, 0]
2026-01-16T16:40:24.890955900Z-1552870496292400-in2
2026-01-16T16:40:24.891957800Z-1552870496654800-0,[I@69d12bdb
2026-01-16T16:40:24.891957800Z-1552870496771600-1,[I@69d12bdb
2026-01-16T16:40:24.891957800Z-1552870496838300-2,[I@69d12bdb
2026-01-16T16:40:24.891957800Z-1552870496925400-2,[0, 1, 0]
2026-01-16T16:40:25.526514400Z-1552871131049800-in2
2026-01-16T16:40:25.526514400Z-1552871131624700-0,[I@69d12bdb
2026-01-16T16:40:25.526514400Z-1552871131826500-1,[I@69d12bdb
2026-01-16T16:40:25.526514400Z-1552871131967700-2,[I@69d12bdb
2026-01-16T16:40:25.527889900Z-1552871132325400-4,[0, 2, 0]
2026-01-16T16:40:25.859955800Z-1552871464497600-in2
2026-01-16T16:40:25.859955800Z-1552871464929700-0,[I@69d12bdb
2026-01-16T16:40:25.859955800Z-1552871465079900-1,[I@69d12bdb
2026-01-16T16:40:25.859955800Z-1552871465167400-2,[I@69d12bdb
2026-01-16T16:40:25.859955800Z-1552871465247400-2,[0, 1, 0]
2026-01-16T16:40:25.931136100Z-1552871536623100-in2
2026-01-16T16:40:25.932281600Z-1552871536959700-0,[I@69d12bdb
2026-01-16T16:40:25.932281600Z-1552871537066400-1,[I@69d12bdb
2026-01-16T16:40:25.932281600Z-1552871537180200-2,[I@69d12bdb
2026-01-16T16:40:25.932281600Z-1552871537322200-5,[1, 2, 0]
2026-01-16T16:40:27.446939900Z-1552873052985100-in2
2026-01-16T16:40:27.448512900Z-1552873053326600-0,[I@69d12bdb
2026-01-16T16:40:27.449042900Z-1552873053436700-1,[I@69d12bdb
2026-01-16T16:40:27.449042900Z-1552873053512100-2,[I@69d12bdb
2026-01-16T16:40:27.449042900Z-1552873053635800-3,[1, 1, 0]
2026-01-16T16:40:27.548362500Z-1552873153519200-in2
2026-01-16T16:40:27.549382200Z-1552873153947700-0,[I@69d12bdb
2026-01-16T16:40:27.549382200Z-1552873154149000-1,[I@69d12bdb
2026-01-16T16:40:27.549893Z-1552873154350300-2,[I@69d12bdb
2026-01-16T16:40:27.549893Z-1552873154533100-1,[1, 0, 0]
2026-01-16T16:40:27.621933300Z-1552873226527500-in2
2026-01-16T16:40:27.621933300Z-1552873226864300-0,[I@69d12bdb
2026-01-16T16:40:27.621933300Z-1552873226987000-1,[I@69d12bdb
2026-01-16T16:40:27.621933300Z-1552873227063200-2,[I@69d12bdb
2026-01-16T16:40:27.621933300Z-1552873227137400-0,[0, 0, 0]
