2026-01-16T17:00:49.966776500Z-1554095571776400-in3
2026-01-16T17:00:49.967824400Z-1554095572270700-tic_tac_toc$game$kit_with_logger$$Lambda/0x0000014b2d00b430@67424e82
2026-01-16T17:00:49.967824400Z-1554095572474300-1732398722
2026-01-16T17:00:49.967824400Z-1554095572593800-[]
2026-01-16T17:00:49.973767600Z-1554095578897500-[I@443b7951
2026-01-16T17:00:49.973767600Z-1554095579141700-in3
2026-01-16T17:00:49.973767600Z-1554095579266600-tic_tac_toc$game$kit_with_logger$$Lambda/0x0000014b2d00b430@14514713
2026-01-16T17:00:49.975040900Z-1554095579428600-340870931
2026-01-16T17:00:49.975040900Z-1554095579657600-0
2026-01-16T17:00:49.975040900Z-1554095579878400-[]
2026-01-16T17:00:49.976561500Z-1554095581491300-before:[]
2026-01-16T17:00:49.977565800Z-1554095582698200-1
2026-01-16T17:00:49.977565800Z-1554095582845200-0
2026-01-16T17:00:49.978567900Z-1554095582984200-[1]
2026-01-16T17:00:49.978567900Z-1554095583180300-after:[1]
2026-01-16T17:00:49.978567900Z-1554095583307400-1
2026-01-16T17:00:49.978567900Z-1554095583401200-1
2026-01-16T17:00:49.978567900Z-1554095583565300-[1]
2026-01-16T17:00:49.978567900Z-1554095583854500-[I@5b37e0d2
2026-01-16T17:00:49.979684200Z-1554095584244400-1
2026-01-16T17:00:49.979684200Z-1554095585060100-in3
2026-01-16T17:00:49.980681700Z-1554095585217000-tic_tac_toc$game$kit_with_logger$$Lambda/0x0000014b2d00b878@5a2e4553
2026-01-16T17:00:49.980681700Z-1554095585358300-1512981843
2026-01-16T17:00:49.980681700Z-1554095585465500-0
2026-01-16T17:00:49.980681700Z-1554095585563700-[]
2026-01-16T17:00:49.980681700Z-1554095585709200-before:[]
2026-01-16T17:00:49.980681700Z-1554095585836300-1
2026-01-16T17:00:49.980681700Z-1554095585945100-0
2026-01-16T17:00:49.981684500Z-1554095586175400-[1]
2026-01-16T17:00:49.981684500Z-1554095586324500-after:[1]
2026-01-16T17:00:49.981684500Z-1554095586982700-1
2026-01-16T17:00:49.982682800Z-1554095587169400-1
2026-01-16T17:00:49.982682800Z-1554095587309000-[1]
2026-01-16T17:00:49.982682800Z-1554095587458000-[I@28c97a5
2026-01-16T17:00:49.982682800Z-1554095587588900-
2026-01-16T17:00:49.982682800Z-1554095587699200-.
2026-01-16T17:00:51.364438600Z-1554096968870400-false
2026-01-16T17:00:51.369601800Z-1554096974706000-in
2026-01-16T17:00:51.373394600Z-1554096978565200-0,[0, 1]
2026-01-16T17:00:51.373394600Z-1554096978811600-1,[0, 1]
2026-01-16T17:00:51.373394600Z-1554096978903500-0
2026-01-16T17:00:51.376546300Z-1554096981727500-in
2026-01-16T17:00:51.376546300Z-1554096981904700-0,[0, 1]
2026-01-16T17:00:51.376546300Z-1554096981993400-1,[0, 1]
2026-01-16T17:00:51.376546300Z-1554096982187200-2
2026-01-16T17:00:51.376546300Z-1554096982411800-in
2026-01-16T17:00:51.378138500Z-1554096982541400-0,[0, 1]
2026-01-16T17:00:51.378138500Z-1554096982631900-1,[0, 1]
2026-01-16T17:00:51.378138500Z-1554096982701400-4
2026-01-16T17:00:51.378138500Z-1554096982845600-in
2026-01-16T17:00:51.378138500Z-1554096982926300-0,[0, 1]
2026-01-16T17:00:51.378138500Z-1554096983003800-1,[0, 1]
2026-01-16T17:00:51.378138500Z-1554096983068600-1
2026-01-16T17:00:51.378138500Z-1554096983200200-in
2026-01-16T17:00:51.378138500Z-1554096983288100-0,[0, 1]
2026-01-16T17:00:51.378138500Z-1554096983363800-1,[0, 1]
2026-01-16T17:00:51.378138500Z-1554096983428200-3
2026-01-16T17:00:51.378138500Z-1554096983618400-in
2026-01-16T17:00:51.378138500Z-1554096983753000-0,[0, 1]
2026-01-16T17:00:51.378138500Z-1554096983846300-1,[0, 1]
2026-01-16T17:00:51.378138500Z-1554096983917900-5
2026-01-16T17:00:51.559505Z-1554097164223900-true
2026-01-16T17:00:52.120258200Z-1554097725186700-false
2026-01-16T17:00:52.121258100Z-1554097725798400-in
2026-01-16T17:00:52.121258100Z-1554097726026500-0,[0, 1]
2026-01-16T17:00:52.121258100Z-1554097726108300-1,[0, 1]
2026-01-16T17:00:52.121258100Z-1554097726180100-0
2026-01-16T17:00:52.121258100Z-1554097726379300-in
2026-01-16T17:00:52.121258100Z-1554097726461500-0,[0, 1]
2026-01-16T17:00:52.121258100Z-1554097726541700-1,[0, 1]
2026-01-16T17:00:52.121258100Z-1554097726611300-2
2026-01-16T17:00:52.122257900Z-1554097726924800-in
2026-01-16T17:00:52.122257900Z-1554097727323000-0,[0, 1]
2026-01-16T17:00:52.122257900Z-1554097727429800-1,[0, 1]
2026-01-16T17:00:52.122257900Z-1554097727496500-4
2026-01-16T17:00:52.123258400Z-1554097727696400-in
2026-01-16T17:00:52.123258400Z-1554097727781200-0,[0, 1]
2026-01-16T17:00:52.123258400Z-1554097727857000-1,[0, 1]
2026-01-16T17:00:52.123258400Z-1554097727950300-1
2026-01-16T17:00:52.123258400Z-1554097728092300-in
2026-01-16T17:00:52.123258400Z-1554097728200500-0,[0, 1]
2026-01-16T17:00:52.123258400Z-1554097728272200-1,[0, 1]
2026-01-16T17:00:52.123258400Z-1554097728653200-3
2026-01-16T17:00:52.124258Z-1554097729217300-in
2026-01-16T17:00:52.124258Z-1554097729409800-0,[0, 1]
2026-01-16T17:00:52.124258Z-1554097729493500-1,[0, 1]
2026-01-16T17:00:52.124258Z-1554097729564400-5
2026-01-16T17:00:52.629378700Z-1554098234213400-false
2026-01-16T17:00:52.630382700Z-1554098234816300-in
2026-01-16T17:00:52.630382700Z-1554098234943300-0,[0, 1]
2026-01-16T17:00:52.630382700Z-1554098235024300-1,[0, 1]
2026-01-16T17:00:52.630382700Z-1554098235090900-0
2026-01-16T17:00:52.630382700Z-1554098235293700-in
2026-01-16T17:00:52.630382700Z-1554098235373800-0,[0, 1]
2026-01-16T17:00:52.630382700Z-1554098235463700-1,[0, 1]
2026-01-16T17:00:52.630382700Z-1554098235538500-2
2026-01-16T17:00:52.630382700Z-1554098235672400-in
2026-01-16T17:00:52.631382Z-1554098235823100-0,[0, 1]
2026-01-16T17:00:52.631382Z-1554098235905700-1,[0, 1]
2026-01-16T17:00:52.631382Z-1554098235967500-4
2026-01-16T17:00:52.631382Z-1554098236117000-in
2026-01-16T17:00:52.631382Z-1554098236189300-0,[0, 1]
2026-01-16T17:00:52.631382Z-1554098236367000-1,[0, 1]
2026-01-16T17:00:52.631382Z-1554098236436300-1
2026-01-16T17:00:52.631382Z-1554098236630700-in
2026-01-16T17:00:52.632383Z-1554098236789800-0,[0, 1]
2026-01-16T17:00:52.632383Z-1554098236920600-1,[0, 1]
2026-01-16T17:00:52.632383Z-1554098237012400-3
2026-01-16T17:00:52.632383Z-1554098237202300-in
2026-01-16T17:00:52.632383Z-1554098237348400-0,[0, 1]
2026-01-16T17:00:52.632383Z-1554098237440600-1,[0, 1]
2026-01-16T17:00:52.632383Z-1554098237698800-5
2026-01-16T17:00:54.654509900Z-1554100259247400-in2
2026-01-16T17:00:54.655509700Z-1554100260050500-0,[I@69d12bdb
2026-01-16T17:00:54.655509700Z-1554100260278600-1,[I@69d12bdb
2026-01-16T17:00:54.655509700Z-1554100260440800-2,[I@69d12bdb
2026-01-16T17:00:54.655509700Z-1554100260844800-3,[1, 1, 0]
2026-01-16T17:00:54.770416900Z-1554100375351200-in2
2026-01-16T17:00:54.770416900Z-1554100375788300-0,[I@69d12bdb
2026-01-16T17:00:54.771407500Z-1554100376030000-1,[I@69d12bdb
2026-01-16T17:00:54.771407500Z-1554100376162800-2,[I@69d12bdb
2026-01-16T17:00:54.771407500Z-1554100376259900-2,[0, 1, 0]
2026-01-16T17:00:55.843457600Z-1554101448794200-in2
2026-01-16T17:00:55.844457500Z-1554101449609100-0,[I@69d12bdb
2026-01-16T17:00:55.845457400Z-1554101449855300-1,[I@69d12bdb
2026-01-16T17:00:55.845457400Z-1554101449982400-2,[I@69d12bdb
2026-01-16T17:00:55.845457400Z-1554101450172600-4,[0, 2, 0]
2026-01-16T17:00:55.920114900Z-1554101524877800-in2
2026-01-16T17:00:55.920114900Z-1554101525314600-0,[I@69d12bdb
2026-01-16T17:00:55.920114900Z-1554101525465500-1,[I@69d12bdb
2026-01-16T17:00:55.921143600Z-1554101525536000-2,[I@69d12bdb
2026-01-16T17:00:55.921143600Z-1554101525601800-5,[1, 2, 0]
2026-01-16T17:00:55.997170200Z-1554101602513200-in2
2026-01-16T17:00:55.998170200Z-1554101602843300-0,[I@69d12bdb
2026-01-16T17:00:55.998170200Z-1554101603240500-1,[I@69d12bdb
2026-01-16T17:00:55.998170200Z-1554101603764700-2,[I@69d12bdb
2026-01-16T17:00:55.999479400Z-1554101603937500-5,[1, 2, 0]
2026-01-16T17:00:56.079240500Z-1554101684198800-in2
2026-01-16T17:00:56.079240500Z-1554101684540500-0,[I@69d12bdb
2026-01-16T17:00:56.080241300Z-1554101684753200-1,[I@69d12bdb
2026-01-16T17:00:56.080241300Z-1554101685210100-2,[I@69d12bdb
2026-01-16T17:00:56.080241300Z-1554101685438300-4,[0, 2, 0]
2026-01-16T17:00:56.841985900Z-1554102446910900-in2
2026-01-16T17:00:56.842984100Z-1554102447382600-0,[I@69d12bdb
2026-01-16T17:00:56.842984100Z-1554102447566400-1,[I@69d12bdb
2026-01-16T17:00:56.842984100Z-1554102447993700-2,[I@69d12bdb
2026-01-16T17:00:56.842984100Z-1554102448166400-4,[0, 2, 0]
2026-01-16T17:01:04.005337900Z-1554109610302200-in2
2026-01-16T17:01:04.005337900Z-1554109610705300-0,[I@69d12bdb
2026-01-16T17:01:04.006338Z-1554109610857000-1,[I@69d12bdb
2026-01-16T17:01:04.006338Z-1554109610920800-2,[I@69d12bdb
2026-01-16T17:01:04.006338Z-1554109610977900-5,[1, 2, 0]
2026-01-16T17:01:04.073419900Z-1554109677995600-in2
2026-01-16T17:01:04.073419900Z-1554109678556000-0,[I@69d12bdb
2026-01-16T17:01:04.073419900Z-1554109678766700-1,[I@69d12bdb
2026-01-16T17:01:04.074422700Z-1554109678966700-2,[I@69d12bdb
2026-01-16T17:01:04.074422700Z-1554109679216500-3,[1, 1, 0]
2026-01-16T17:01:04.170078100Z-1554109775339300-in2
2026-01-16T17:01:04.170078100Z-1554109775656000-0,[I@69d12bdb
2026-01-16T17:01:04.170078100Z-1554109775831500-1,[I@69d12bdb
2026-01-16T17:01:04.170078100Z-1554109776012500-2,[I@69d12bdb
2026-01-16T17:01:04.170078100Z-1554109776109700-2,[0, 1, 0]
2026-01-16T17:01:05.592583300Z-1554111197343200-in2
2026-01-16T17:01:05.592583300Z-1554111197896700-0,[I@69d12bdb
2026-01-16T17:01:05.593583500Z-1554111198019500-1,[I@69d12bdb
2026-01-16T17:01:05.593583500Z-1554111198095400-2,[I@69d12bdb
2026-01-16T17:01:05.593583500Z-1554111198161900-4,[0, 2, 0]
