2026-01-17T06:40:22.725397300Z-1603281933506200-in3
2026-01-17T06:40:22.725397300Z-1603281933882000-tic_tac_toc$game$kit_with_logger$$Lambda/0x000001f91e00b430@67424e82
2026-01-17T06:40:22.725397300Z-1603281934045800-1732398722
2026-01-17T06:40:22.725397300Z-1603281934153800-[]
2026-01-17T06:40:22.732730100Z-1603281938362400-[I@443b7951
2026-01-17T06:40:22.732730100Z-1603281938575300-in3
2026-01-17T06:40:22.732730100Z-1603281938685400-tic_tac_toc$game$kit_with_logger$$Lambda/0x000001f91e00b430@14514713
2026-01-17T06:40:22.732730100Z-1603281938936100-340870931
2026-01-17T06:40:22.732730100Z-1603281939133600-0
2026-01-17T06:40:22.732730100Z-1603281939267400-[]
2026-01-17T06:40:22.732730100Z-1603281940224600-before:[]
2026-01-17T06:40:22.769069700Z-1603281975586700-1
2026-01-17T06:40:22.769069700Z-1603281975823800-0
2026-01-17T06:40:22.769069700Z-1603281975976700-[1]
2026-01-17T06:40:22.769069700Z-1603281976293200-after:[1]
2026-01-17T06:40:22.769069700Z-1603281976568000-1
2026-01-17T06:40:22.769069700Z-1603281976919500-1
2026-01-17T06:40:22.769069700Z-1603281977054500-[1]
2026-01-17T06:40:22.769069700Z-1603281977374300-[I@5b37e0d2
2026-01-17T06:40:22.769069700Z-1603281977822200-1
2026-01-17T06:40:22.769069700Z-1603281978869900-in3
2026-01-17T06:40:22.769069700Z-1603281979113300-tic_tac_toc$game$kit_with_logger$$Lambda/0x000001f91e00b878@5a2e4553
2026-01-17T06:40:22.769069700Z-1603281979377100-1512981843
2026-01-17T06:40:22.769069700Z-1603281979506500-0
2026-01-17T06:40:22.769069700Z-1603281979581600-[]
2026-01-17T06:40:22.769069700Z-1603281979685000-before:[]
2026-01-17T06:40:22.769069700Z-1603281979902800-1
2026-01-17T06:40:22.775044500Z-1603281980089500-0
2026-01-17T06:40:22.775044500Z-1603281980467700-[1]
2026-01-17T06:40:22.775044500Z-1603281980740100-after:[1]
2026-01-17T06:40:22.775044500Z-1603281980875000-1
2026-01-17T06:40:22.775044500Z-1603281980944600-1
2026-01-17T06:40:22.775044500Z-1603281981014800-[1]
2026-01-17T06:40:22.775044500Z-1603281981134500-[I@28c97a5
2026-01-17T06:40:22.775044500Z-1603281981231300-
2026-01-17T06:40:22.775044500Z-1603281981315900-.
2026-01-17T06:40:24.090608400Z-1603283296601900-false
2026-01-17T06:40:24.095592900Z-1603283301236600-in
2026-01-17T06:40:24.099539500Z-1603283304756100-0,[0, 1]
2026-01-17T06:40:24.099902600Z-1603283305013500-1,[0, 1]
2026-01-17T06:40:24.099902600Z-1603283305134500-0
2026-01-17T06:40:24.154300400Z-1603283359993800-in
2026-01-17T06:40:24.154300400Z-1603283360488500-0,[0, 1]
2026-01-17T06:40:24.154300400Z-1603283360584000-1,[0, 1]
2026-01-17T06:40:24.154300400Z-1603283360705200-2
2026-01-17T06:40:24.154300400Z-1603283361003400-in
2026-01-17T06:40:24.154300400Z-1603283361173500-0,[0, 1]
2026-01-17T06:40:24.154300400Z-1603283361265700-1,[0, 1]
2026-01-17T06:40:24.154300400Z-1603283361338000-4
2026-01-17T06:40:24.154300400Z-1603283361572300-in
2026-01-17T06:40:24.154300400Z-1603283361711600-0,[0, 1]
2026-01-17T06:40:24.154300400Z-1603283361806000-1,[0, 1]
2026-01-17T06:40:24.154300400Z-1603283361873200-1
2026-01-17T06:40:24.154300400Z-1603283362044600-in
2026-01-17T06:40:24.154300400Z-1603283362160200-0,[0, 1]
2026-01-17T06:40:24.154300400Z-1603283362242300-1,[0, 1]
2026-01-17T06:40:24.154300400Z-1603283362311300-3
2026-01-17T06:40:24.154300400Z-1603283362519200-in
2026-01-17T06:40:24.154300400Z-1603283362700600-0,[0, 1]
2026-01-17T06:40:24.154300400Z-1603283362819200-1,[0, 1]
2026-01-17T06:40:24.154300400Z-1603283362966700-5
2026-01-17T06:40:24.422335700Z-1603283627912900-true
2026-01-17T06:40:24.920737500Z-1603284126477700-false
2026-01-17T06:40:24.921742900Z-1603284127121000-in
2026-01-17T06:40:24.921742900Z-1603284127300200-0,[0, 1]
2026-01-17T06:40:24.921742900Z-1603284127379900-1,[0, 1]
2026-01-17T06:40:24.921742900Z-1603284127442300-0
2026-01-17T06:40:24.921742900Z-1603284127643900-in
2026-01-17T06:40:24.921742900Z-1603284127727500-0,[0, 1]
2026-01-17T06:40:24.922780Z-1603284127793900-1,[0, 1]
2026-01-17T06:40:24.922780Z-1603284127854600-2
2026-01-17T06:40:24.922780Z-1603284127983200-in
2026-01-17T06:40:24.922780Z-1603284128183400-0,[0, 1]
2026-01-17T06:40:24.922780Z-1603284128268200-1,[0, 1]
2026-01-17T06:40:24.922780Z-1603284128340500-4
2026-01-17T06:40:24.922780Z-1603284128530100-in
2026-01-17T06:40:24.922780Z-1603284128619700-0,[0, 1]
2026-01-17T06:40:24.922780Z-1603284128694000-1,[0, 1]
2026-01-17T06:40:24.922780Z-1603284129254300-1
2026-01-17T06:40:24.924004500Z-1603284129594000-in
2026-01-17T06:40:24.924004500Z-1603284129709700-0,[0, 1]
2026-01-17T06:40:24.924004500Z-1603284129785200-1,[0, 1]
2026-01-17T06:40:24.925007200Z-1603284130236200-3
2026-01-17T06:40:24.925007200Z-1603284130635000-in
2026-01-17T06:40:24.925007200Z-1603284131272500-0,[0, 1]
2026-01-17T06:40:24.925007200Z-1603284131450800-1,[0, 1]
2026-01-17T06:40:24.926457800Z-1603284131536000-5
2026-01-17T06:40:25.257672300Z-1603284462730400-list adding...
2026-01-17T06:40:25.257672300Z-1603284463001900-list adding...
2026-01-17T06:40:25.257672300Z-1603284463079600-list adding...
2026-01-17T06:40:25.257672300Z-1603284463127900-list done
2026-01-17T06:40:25.494296Z-1603284699937100-false
2026-01-17T06:40:25.495287600Z-1603284700677400-in
2026-01-17T06:40:25.495287600Z-1603284700844000-0,[0, 1]
2026-01-17T06:40:25.495287600Z-1603284700937600-1,[0, 1]
2026-01-17T06:40:25.495287600Z-1603284700998100-0
2026-01-17T06:40:25.495287600Z-1603284701151200-in
2026-01-17T06:40:25.495287600Z-1603284701314200-0,[0, 1]
2026-01-17T06:40:25.495287600Z-1603284701391500-1,[0, 1]
2026-01-17T06:40:25.495287600Z-1603284701444800-2
2026-01-17T06:40:25.495287600Z-1603284701573600-in
2026-01-17T06:40:25.495287600Z-1603284701635400-0,[0, 1]
2026-01-17T06:40:25.496656Z-1603284701701400-1,[0, 1]
2026-01-17T06:40:25.496656Z-1603284701774000-4
2026-01-17T06:40:25.496656Z-1603284701931300-in
2026-01-17T06:40:25.496656Z-1603284702049600-0,[0, 1]
2026-01-17T06:40:25.496656Z-1603284702106600-1,[0, 1]
2026-01-17T06:40:25.496656Z-1603284702158600-1
2026-01-17T06:40:25.496656Z-1603284702279000-in
2026-01-17T06:40:25.496656Z-1603284702343900-0,[0, 1]
2026-01-17T06:40:25.496656Z-1603284702394700-1,[0, 1]
2026-01-17T06:40:25.496656Z-1603284702438000-3
2026-01-17T06:40:25.496656Z-1603284702561500-in
2026-01-17T06:40:25.496656Z-1603284702673900-0,[0, 1]
2026-01-17T06:40:25.496656Z-1603284702740700-1,[0, 1]
2026-01-17T06:40:25.496656Z-1603284702788200-5
2026-01-17T06:40:27.547632Z-1603286753048100-end