2026-01-16T16:38:36.988757200Z-1552762596782800-in3
2026-01-16T16:38:36.992763500Z-1552762597302500-tic_tac_toc$game$kit_with_logger$$Lambda/0x000002c0c100b430@67424e82
2026-01-16T16:38:36.992763500Z-1552762597487000-1732398722
2026-01-16T16:38:36.992763500Z-1552762597606000-[]
2026-01-16T16:38:36.998944900Z-1552762603363400-[I@443b7951
2026-01-16T16:38:36.998944900Z-1552762603701300-in3
2026-01-16T16:38:36.998944900Z-1552762603823200-tic_tac_toc$game$kit_with_logger$$Lambda/0x000002c0c100b430@14514713
2026-01-16T16:38:36.998944900Z-1552762603964500-340870931
2026-01-16T16:38:36.998944900Z-1552762604057100-0
2026-01-16T16:38:36.998944900Z-1552762604152100-[]
2026-01-16T16:38:36.999941800Z-1552762605107800-before:[]
2026-01-16T16:38:37.000944400Z-1552762605738200-1
2026-01-16T16:38:37.000944400Z-1552762605854300-0
2026-01-16T16:38:37.000944400Z-1552762605978300-[1]
2026-01-16T16:38:37.001944500Z-1552762606486700-after:[1]
2026-01-16T16:38:37.001944500Z-1552762606733500-1
2026-01-16T16:38:37.001944500Z-1552762607059900-1
2026-01-16T16:38:37.001944500Z-1552762607278200-[1]
2026-01-16T16:38:37.002948100Z-1552762607561900-[I@5b37e0d2
2026-01-16T16:38:37.002948100Z-1552762607994600-1
2026-01-16T16:38:37.004318Z-1552762609186800-in3
2026-01-16T16:38:37.004318Z-1552762609545900-tic_tac_toc$game$kit_with_logger$$Lambda/0x000002c0c100b878@5a2e4553
2026-01-16T16:38:37.004318Z-1552762609723200-1512981843
2026-01-16T16:38:37.005614200Z-1552762610125400-0
2026-01-16T16:38:37.005614200Z-1552762610289700-[]
2026-01-16T16:38:37.005614200Z-1552762610542700-before:[]
2026-01-16T16:38:37.005614200Z-1552762610698400-1
2026-01-16T16:38:37.005614200Z-1552762610799400-0
2026-01-16T16:38:37.006434100Z-1552762611132200-[1]
2026-01-16T16:38:37.006434100Z-1552762611475500-after:[1]
2026-01-16T16:38:37.006434100Z-1552762611867600-1
2026-01-16T16:38:37.006434100Z-1552762611999800-1
2026-01-16T16:38:37.007705300Z-1552762612205900-[1]
2026-01-16T16:38:37.007705300Z-1552762612334400-[I@28c97a5
2026-01-16T16:38:37.007705300Z-1552762612455500-
2026-01-16T16:38:37.007705300Z-1552762612525900-.
2026-01-16T16:38:38.900940400Z-1552764505494600-false
2026-01-16T16:38:38.907326300Z-1552764512205200-in
2026-01-16T16:38:38.913853500Z-1552764518299800-0,[0, 1]
2026-01-16T16:38:38.913853500Z-1552764518607600-1,[0, 1]
2026-01-16T16:38:38.913853500Z-1552764518735900-0
2026-01-16T16:38:38.917272Z-1552764522158300-in
2026-01-16T16:38:38.917272Z-1552764522362500-0,[0, 1]
2026-01-16T16:38:38.917272Z-1552764522446800-1,[0, 1]
2026-01-16T16:38:38.917272Z-1552764522546200-2
2026-01-16T16:38:38.917272Z-1552764522811800-in
2026-01-16T16:38:38.917272Z-1552764522917400-0,[0, 1]
2026-01-16T16:38:38.918562Z-1552764523040100-1,[0, 1]
2026-01-16T16:38:38.918562Z-1552764523190000-4
2026-01-16T16:38:38.918562Z-1552764523482900-in
2026-01-16T16:38:38.918562Z-1552764523753700-0,[0, 1]
2026-01-16T16:38:38.918562Z-1552764523891400-1,[0, 1]
2026-01-16T16:38:38.919566600Z-1552764524011800-1
2026-01-16T16:38:38.919566600Z-1552764524239000-in
2026-01-16T16:38:38.919566600Z-1552764524374100-0,[0, 1]
2026-01-16T16:38:38.919566600Z-1552764524470300-1,[0, 1]
2026-01-16T16:38:38.919566600Z-1552764524553400-3
2026-01-16T16:38:38.919566600Z-1552764524738800-in
2026-01-16T16:38:38.919566600Z-1552764524884300-0,[0, 1]
2026-01-16T16:38:38.920561400Z-1552764525242500-1,[0, 1]
2026-01-16T16:38:38.920561400Z-1552764525405100-5
2026-01-16T16:38:39.227474500Z-1552764833058100-true
2026-01-16T16:38:40.420128700Z-1552766025546500-false
2026-01-16T16:38:40.421692300Z-1552766026184500-in
2026-01-16T16:38:40.421692300Z-1552766026418700-0,[0, 1]
2026-01-16T16:38:40.421692300Z-1552766026688100-1,[0, 1]
2026-01-16T16:38:40.421692300Z-1552766026804400-0
2026-01-16T16:38:40.421692300Z-1552766027124300-in
2026-01-16T16:38:40.421692300Z-1552766027281700-0,[0, 1]
2026-01-16T16:38:40.421692300Z-1552766027413700-1,[0, 1]
2026-01-16T16:38:40.421692300Z-1552766027570300-2
2026-01-16T16:38:40.423269200Z-1552766027881100-in
2026-01-16T16:38:40.423269200Z-1552766028082300-0,[0, 1]
2026-01-16T16:38:40.423269200Z-1552766028308900-1,[0, 1]
2026-01-16T16:38:40.423269200Z-1552766028404300-4
2026-01-16T16:38:40.423269200Z-1552766028942200-in
2026-01-16T16:38:40.423269200Z-1552766029150300-0,[0, 1]
2026-01-16T16:38:40.424854800Z-1552766029335900-1,[0, 1]
2026-01-16T16:38:40.424854800Z-1552766029838000-1
2026-01-16T16:38:40.424854800Z-1552766030454600-in
2026-01-16T16:38:40.424854800Z-1552766030663200-0,[0, 1]
2026-01-16T16:38:40.424854800Z-1552766030838800-1,[0, 1]
2026-01-16T16:38:40.426546Z-1552766030969500-3
2026-01-16T16:38:40.426546Z-1552766031209500-in
2026-01-16T16:38:40.426872600Z-1552766031349500-0,[0, 1]
2026-01-16T16:38:40.426872600Z-1552766031437400-1,[0, 1]
2026-01-16T16:38:40.426872600Z-1552766031513500-5
2026-01-16T16:38:41.690277900Z-1552767294878000-false
2026-01-16T16:38:41.690277900Z-1552767295568500-in
2026-01-16T16:38:41.691276200Z-1552767295718300-0,[0, 1]
2026-01-16T16:38:41.691276200Z-1552767295803100-1,[0, 1]
2026-01-16T16:38:41.691276200Z-1552767295916000-0
2026-01-16T16:38:41.691276200Z-1552767296335200-in
2026-01-16T16:38:41.691276200Z-1552767296546600-0,[0, 1]
2026-01-16T16:38:41.692275600Z-1552767296727400-1,[0, 1]
2026-01-16T16:38:41.692275600Z-1552767296941900-2
2026-01-16T16:38:41.692275600Z-1552767297213300-in
2026-01-16T16:38:41.692275600Z-1552767297470500-0,[0, 1]
2026-01-16T16:38:41.692275600Z-1552767297640100-1,[0, 1]
2026-01-16T16:38:41.693319900Z-1552767297729100-4
2026-01-16T16:38:41.693319900Z-1552767297929100-in
2026-01-16T16:38:41.693319900Z-1552767298053500-0,[0, 1]
2026-01-16T16:38:41.693319900Z-1552767298193400-1,[0, 1]
2026-01-16T16:38:41.693319900Z-1552767298271400-1
2026-01-16T16:38:41.693319900Z-1552767298445800-in
2026-01-16T16:38:41.693319900Z-1552767298538100-0,[0, 1]
2026-01-16T16:38:41.693319900Z-1552767298629100-1,[0, 1]
2026-01-16T16:38:41.693319900Z-1552767298711500-3
2026-01-16T16:38:41.694471300Z-1552767298884200-in
2026-01-16T16:38:41.694471300Z-1552767298994600-0,[0, 1]
2026-01-16T16:38:41.694471300Z-1552767299252700-1,[0, 1]
2026-01-16T16:38:41.694471300Z-1552767299418100-5
2026-01-16T16:38:43.376476400Z-1552768982038600-in2
2026-01-16T16:38:43.377790100Z-1552768983012200-0,[I@4829d230
2026-01-16T16:38:43.379039100Z-1552768983474400-1,[I@4829d230
2026-01-16T16:38:43.379039100Z-1552768983728200-2,[I@4829d230
2026-01-16T16:38:43.379039100Z-1552768984200900-4,[0, 2, 0]
2026-01-16T16:38:44.650884800Z-1552770255583600-in2
2026-01-16T16:38:44.650884800Z-1552770255908600-0,[I@4829d230
2026-01-16T16:38:44.650884800Z-1552770256247600-1,[I@4829d230
2026-01-16T16:38:44.652056700Z-1552770256478400-2,[I@4829d230
2026-01-16T16:38:44.652056700Z-1552770256556600-4,[0, 2, 0]
2026-01-16T16:38:45.953767700Z-1552771559462100-in2
2026-01-16T16:38:45.955183800Z-1552771560147500-0,[I@4829d230
2026-01-16T16:38:45.955183800Z-1552771560511900-1,[I@4829d230
2026-01-16T16:38:45.955183800Z-1552771560687600-2,[I@4829d230
2026-01-16T16:38:45.956347800Z-1552771560901700-3,[1, 1, 0]
2026-01-16T16:38:46.059881100Z-1552771664683500-in2
2026-01-16T16:38:46.059881100Z-1552771665059500-0,[I@4829d230
2026-01-16T16:38:46.059881100Z-1552771665165000-1,[I@4829d230
2026-01-16T16:38:46.059881100Z-1552771665238400-2,[I@4829d230
2026-01-16T16:38:46.060912200Z-1552771665307800-2,[0, 1, 0]
2026-01-16T16:38:46.669968800Z-1552772275193700-in2
2026-01-16T16:38:46.669968800Z-1552772275505600-0,[I@4829d230
2026-01-16T16:38:46.669968800Z-1552772275646400-1,[I@4829d230
2026-01-16T16:38:46.669968800Z-1552772275795500-2,[I@4829d230
2026-01-16T16:38:46.671504600Z-1552772275920000-2,[0, 1, 0]
2026-01-16T16:38:46.845116400Z-1552772449895000-in2
2026-01-16T16:38:46.845116400Z-1552772450212000-0,[I@4829d230
2026-01-16T16:38:46.845116400Z-1552772450373500-1,[I@4829d230
2026-01-16T16:38:46.846120500Z-1552772450486700-2,[I@4829d230
2026-01-16T16:38:46.846120500Z-1552772450556200-3,[1, 1, 0]
2026-01-16T16:38:47.102614600Z-1552772708127300-in2
2026-01-16T16:38:47.104120Z-1552772708596400-0,[I@4829d230
2026-01-16T16:38:47.104120Z-1552772708759700-1,[I@4829d230
2026-01-16T16:38:47.104120Z-1552772708952000-2,[I@4829d230
2026-01-16T16:38:47.104120Z-1552772709042000-2,[0, 1, 0]
2026-01-16T16:38:47.198444300Z-1552772803412300-in2
2026-01-16T16:38:47.198444300Z-1552772803711700-0,[I@4829d230
2026-01-16T16:38:47.199444500Z-1552772803814700-1,[I@4829d230
2026-01-16T16:38:47.199444500Z-1552772803890500-2,[I@4829d230
2026-01-16T16:38:47.199444500Z-1552772803978400-3,[1, 1, 0]
2026-01-16T16:38:49.854175800Z-1552775459379900-in2
2026-01-16T16:38:49.855171200Z-1552775459866400-0,[I@4829d230
2026-01-16T16:38:49.855171200Z-1552775460051700-1,[I@4829d230
2026-01-16T16:38:49.855171200Z-1552775460137400-2,[I@4829d230
2026-01-16T16:38:49.855171200Z-1552775460200100-3,[1, 1, 0]
2026-01-16T16:38:49.920779500Z-1552775525696800-in2
2026-01-16T16:38:49.920779500Z-1552775526033000-0,[I@4829d230
2026-01-16T16:38:49.920779500Z-1552775526193800-1,[I@4829d230
2026-01-16T16:38:49.920779500Z-1552775526262100-2,[I@4829d230
2026-01-16T16:38:49.920779500Z-1552775526325700-2,[0, 1, 0]
2026-01-16T16:38:50.016736Z-1552775621793300-in2
2026-01-16T16:38:50.017820600Z-1552775622398900-0,[I@4829d230
2026-01-16T16:38:50.017820600Z-1552775622975800-1,[I@4829d230
2026-01-16T16:38:50.017820600Z-1552775623228100-2,[I@4829d230
2026-01-16T16:38:50.018957500Z-1552775623347400-0,[0, 0, 0]
2026-01-16T16:39:10.541063500Z-1552796145772200-in2
2026-01-16T16:39:10.541063500Z-1552796146193600-0,[I@4829d230
2026-01-16T16:39:10.541063500Z-1552796146427300-1,[I@4829d230
2026-01-16T16:39:10.541063500Z-1552796146603100-2,[I@4829d230
2026-01-16T16:39:10.541063500Z-1552796146704600-1,[1, 0, 0]
2026-01-16T16:39:13.128383100Z-1552798732950700-in2
2026-01-16T16:39:13.128383100Z-1552798733293500-0,[I@4829d230
2026-01-16T16:39:13.128383100Z-1552798733406500-1,[I@4829d230
2026-01-16T16:39:13.128383100Z-1552798733605100-2,[I@4829d230
2026-01-16T16:39:13.128383100Z-1552798733688800-4,[0, 2, 0]
2026-01-16T16:39:13.481567500Z-1552799087665600-in2
2026-01-16T16:39:13.481567500Z-1552799087951700-0,[I@4829d230
2026-01-16T16:39:13.481567500Z-1552799088025200-1,[I@4829d230
2026-01-16T16:39:13.483700800Z-1552799088082400-2,[I@4829d230
2026-01-16T16:39:13.483700800Z-1552799088138400-3,[1, 1, 0]
2026-01-16T16:39:14.397859700Z-1552800003003500-false
2026-01-16T16:39:14.397859700Z-1552800003565500-in
2026-01-16T16:39:14.399262100Z-1552800003861700-0,[0, 1]
2026-01-16T16:39:14.399262100Z-1552800003943900-1,[0, 1]
2026-01-16T16:39:14.399262100Z-1552800004001000-0
2026-01-16T16:39:14.399262100Z-1552800004264600-in
2026-01-16T16:39:14.399262100Z-1552800004344400-0,[0, 1]
2026-01-16T16:39:14.399262100Z-1552800004404900-1,[0, 1]
2026-01-16T16:39:14.399262100Z-1552800004504000-2
2026-01-16T16:39:14.400257900Z-1552800004663400-in
2026-01-16T16:39:14.400257900Z-1552800004754200-0,[0, 1]
2026-01-16T16:39:14.400257900Z-1552800004815500-1,[0, 1]
2026-01-16T16:39:14.400257900Z-1552800004869000-4
2026-01-16T16:39:14.400257900Z-1552800005032100-in
2026-01-16T16:39:14.400257900Z-1552800005107600-0,[0, 1]
2026-01-16T16:39:14.400257900Z-1552800005175200-1,[0, 1]
2026-01-16T16:39:14.400257900Z-1552800005266300-1
2026-01-16T16:39:14.400257900Z-1552800005411700-in
2026-01-16T16:39:14.400257900Z-1552800005482200-0,[0, 1]
2026-01-16T16:39:14.400257900Z-1552800005561600-1,[0, 1]
2026-01-16T16:39:14.401256700Z-1552800005631400-3
2026-01-16T16:39:14.401256700Z-1552800005915000-in
2026-01-16T16:39:14.401256700Z-1552800006092400-0,[0, 1]
2026-01-16T16:39:14.401256700Z-1552800006179600-1,[0, 1]
2026-01-16T16:39:14.401256700Z-1552800006274900-5
2026-01-16T16:39:17.489862900Z-1552803094387100-in2
2026-01-16T16:39:17.489862900Z-1552803094690000-0,[I@4829d230
2026-01-16T16:39:17.489862900Z-1552803094759800-1,[I@4829d230
2026-01-16T16:39:17.489862900Z-1552803094814600-2,[I@4829d230
2026-01-16T16:39:17.489862900Z-1552803094869000-3,[1, 1, 0]
2026-01-16T16:39:17.564781Z-1552803170171700-in2
2026-01-16T16:39:17.565917900Z-1552803170438500-0,[I@4829d230
2026-01-16T16:39:17.565917900Z-1552803170560900-1,[I@4829d230
2026-01-16T16:39:17.565917900Z-1552803170660900-2,[I@4829d230
2026-01-16T16:39:17.565917900Z-1552803170746600-2,[0, 1, 0]
2026-01-16T16:39:18.539851900Z-1552804144968600-in2
2026-01-16T16:39:18.540846200Z-1552804145304900-0,[I@4829d230
2026-01-16T16:39:18.540846200Z-1552804145391900-1,[I@4829d230
2026-01-16T16:39:18.540846200Z-1552804145525400-2,[I@4829d230
2026-01-16T16:39:18.540846200Z-1552804145657800-2,[0, 1, 0]
2026-01-16T16:39:18.602974400Z-1552804208663300-in2
2026-01-16T16:39:18.604371200Z-1552804209100000-0,[I@4829d230
2026-01-16T16:39:18.604371200Z-1552804209861800-1,[I@4829d230
2026-01-16T16:39:18.605637200Z-1552804210361500-2,[I@4829d230
2026-01-16T16:39:18.605637200Z-1552804210504300-4,[0, 2, 0]
2026-01-16T16:39:18.805211200Z-1552804409903500-in2
2026-01-16T16:39:18.805211200Z-1552804410324700-0,[I@4829d230
2026-01-16T16:39:18.805211200Z-1552804410409500-1,[I@4829d230
2026-01-16T16:39:18.806225200Z-1552804410628700-2,[I@4829d230
2026-01-16T16:39:18.806225200Z-1552804410763600-5,[1, 2, 0]
2026-01-16T16:39:21.385903200Z-1552806990848300-in2
2026-01-16T16:39:21.385903200Z-1552806991408200-0,[I@4829d230
2026-01-16T16:39:21.385903200Z-1552806991522800-1,[I@4829d230
2026-01-16T16:39:21.385903200Z-1552806991628000-2,[I@4829d230
2026-01-16T16:39:21.385903200Z-1552806991704000-1,[1, 0, 0]
2026-01-16T16:39:21.475847Z-1552807081248600-in2
2026-01-16T16:39:21.476850500Z-1552807081671600-0,[I@4829d230
2026-01-16T16:39:21.476850500Z-1552807081788500-1,[I@4829d230
2026-01-16T16:39:21.476850500Z-1552807081896500-2,[I@4829d230
2026-01-16T16:39:21.476850500Z-1552807082051300-0,[0, 0, 0]
2026-01-16T16:39:28.403976400Z-1552814009743200-end