2025-12-13T10:27:47.435736600Z-857606652014900-in3
2025-12-13T10:27:47.436739900Z-857606652717500-[]
2025-12-13T10:27:47.444047800Z-857606660039100-[I@30946e09
2025-12-13T10:27:47.445086700Z-857606660346600-in3
2025-12-13T10:27:47.445086700Z-857606660473300-0
2025-12-13T10:27:47.445086700Z-857606660782600-[1]
2025-12-13T10:27:47.445086700Z-857606661067800-[I@5cb0d902
2025-12-13T10:27:47.445086700Z-857606661239800-1
2025-12-13T10:27:47.446546800Z-857606662109800-in3
2025-12-13T10:27:47.446546800Z-857606662318200-0
2025-12-13T10:27:47.446546800Z-857606662522200-[1]
2025-12-13T10:27:47.446546800Z-857606662706300-[I@1698c449
2025-12-13T10:27:47.447563800Z-857606662863000-
2025-12-13T10:27:47.447563800Z-857606662991100-.
2025-12-13T10:27:54.638563800Z-857613856092100-false
2025-12-13T10:27:54.645632700Z-857613861604400-in
2025-12-13T10:27:54.652230600Z-857613868425500-0,[0, 1]
2025-12-13T10:27:54.652230600Z-857613868730600-1,[0, 1]
2025-12-13T10:27:54.652230600Z-857613868941500-0
2025-12-13T10:27:54.654761500Z-857613874210600-in
2025-12-13T10:27:54.654761500Z-857613874538500-0,[0, 1]
2025-12-13T10:27:54.654761500Z-857613874649400-1,[0, 1]
2025-12-13T10:27:54.654761500Z-857613874750200-2
2025-12-13T10:27:54.654761500Z-857613875117200-in
2025-12-13T10:27:54.654761500Z-857613875253200-0,[0, 1]
2025-12-13T10:27:54.654761500Z-857613875353600-1,[0, 1]
2025-12-13T10:27:54.660180800Z-857613875457400-4
2025-12-13T10:27:54.660180800Z-857613875681800-in
2025-12-13T10:27:54.660180800Z-857613875865500-0,[0, 1]
2025-12-13T10:27:54.660180800Z-857613875973300-1,[0, 1]
2025-12-13T10:27:54.660180800Z-857613876054500-1
2025-12-13T10:27:54.660180800Z-857613876257000-in
2025-12-13T10:27:54.660180800Z-857613876354900-0,[0, 1]
2025-12-13T10:27:54.660180800Z-857613876448400-1,[0, 1]
2025-12-13T10:27:54.660180800Z-857613876527400-3
2025-12-13T10:27:54.660180800Z-857613876701300-in
2025-12-13T10:27:54.660180800Z-857613876801600-0,[0, 1]
2025-12-13T10:27:54.660180800Z-857613876928700-1,[0, 1]
2025-12-13T10:27:54.660180800Z-857613877008100-5
2025-12-13T10:27:55.026430100Z-857614245508700-true
2025-12-13T10:27:55.712028300Z-857614928550200-false
2025-12-13T10:27:56.252763600Z-857615468651600-in
2025-12-13T10:27:56.252763600Z-857615469117100-0,[0, 1]
2025-12-13T10:27:56.253840600Z-857615469499900-1,[0, 1]
2025-12-13T10:27:56.253840600Z-857615469930000-0
2025-12-13T10:27:56.253840600Z-857615470529000-in
2025-12-13T10:27:56.255356900Z-857615470709900-0,[0, 1]
2025-12-13T10:27:56.255356900Z-857615470841700-1,[0, 1]
2025-12-13T10:27:56.255356900Z-857615470931200-2
2025-12-13T10:27:56.255356900Z-857615471222300-in
2025-12-13T10:27:56.255356900Z-857615471336800-0,[0, 1]
2025-12-13T10:27:56.255356900Z-857615471426800-1,[0, 1]
2025-12-13T10:27:56.255356900Z-857615471510200-4
2025-12-13T10:27:56.255356900Z-857615471856000-in
2025-12-13T10:27:56.255356900Z-857615472089600-0,[0, 1]
2025-12-13T10:27:56.256847300Z-857615472220300-1,[0, 1]
2025-12-13T10:27:56.256847300Z-857615472322900-1
2025-12-13T10:27:56.256847300Z-857615472568400-in
2025-12-13T10:27:56.256847300Z-857615472796600-0,[0, 1]
2025-12-13T10:27:56.256847300Z-857615473022900-1,[0, 1]
2025-12-13T10:27:56.256847300Z-857615473330200-3
2025-12-13T10:27:56.258171800Z-857615473675600-in
2025-12-13T10:27:56.258171800Z-857615473836900-0,[0, 1]
2025-12-13T10:27:56.258171800Z-857615473969100-1,[0, 1]
2025-12-13T10:27:56.258171800Z-857615474126100-5
2025-12-13T10:27:56.894477500Z-857616110342500-false
2025-12-13T10:27:56.895475300Z-857616110961400-in
2025-12-13T10:27:56.895475300Z-857616111079900-0,[0, 1]
2025-12-13T10:27:56.895475300Z-857616111161200-1,[0, 1]
2025-12-13T10:27:56.895475300Z-857616111226500-0
2025-12-13T10:27:56.895475300Z-857616111415300-in
2025-12-13T10:27:56.895475300Z-857616111514300-0,[0, 1]
2025-12-13T10:27:56.895475300Z-857616111595700-1,[0, 1]
2025-12-13T10:27:56.895475300Z-857616111658200-2
2025-12-13T10:27:56.896483300Z-857616111795700-in
2025-12-13T10:27:56.896483300Z-857616111872300-0,[0, 1]
2025-12-13T10:27:56.896483300Z-857616111951500-1,[0, 1]
2025-12-13T10:27:56.964322500Z-857616180081900-4
2025-12-13T10:27:56.964322500Z-857616181125200-in
2025-12-13T10:27:56.965630800Z-857616181616900-0,[0, 1]
2025-12-13T10:27:56.966631800Z-857616181966300-1,[0, 1]
2025-12-13T10:27:56.966631800Z-857616182336200-1
2025-12-13T10:27:56.966631800Z-857616182935000-in
2025-12-13T10:27:56.967836200Z-857616183222300-0,[0, 1]
2025-12-13T10:27:56.967836200Z-857616183377800-1,[0, 1]
2025-12-13T10:27:56.967836200Z-857616183506200-3
2025-12-13T10:27:56.967836200Z-857616183796900-in
2025-12-13T10:27:56.967836200Z-857616183930100-0,[0, 1]
2025-12-13T10:27:56.967836200Z-857616184049100-1,[0, 1]
2025-12-13T10:27:56.968881700Z-857616184137100-5
2025-12-13T10:28:15.045360700Z-857634261234800-in2
2025-12-13T10:28:15.046569600Z-857634262178500-0,[I@73180b
2025-12-13T10:28:15.046569600Z-857634262418100-1,[I@73180b
2025-12-13T10:28:15.046569600Z-857634262574400-2,[I@73180b
2025-12-13T10:28:15.046569600Z-857634262998500-5,[1, 2, 0]
2025-12-13T10:28:15.220259200Z-857634436875200-in2
2025-12-13T10:28:15.221596500Z-857634437221600-0,[I@73180b
2025-12-13T10:28:15.221596500Z-857634437402300-1,[I@73180b
2025-12-13T10:28:15.221596500Z-857634437477600-2,[I@73180b
2025-12-13T10:28:15.221596500Z-857634437544900-2,[0, 1, 0]
2025-12-13T10:28:16.372375900Z-857635588050900-in2
2025-12-13T10:28:16.372375900Z-857635588409900-0,[I@73180b
2025-12-13T10:28:16.372375900Z-857635588579800-1,[I@73180b
2025-12-13T10:28:16.372375900Z-857635588661000-2,[I@73180b
2025-12-13T10:28:16.372375900Z-857635588859700-4,[0, 2, 0]
2025-12-13T10:28:17.478369200Z-857636693895500-in2
2025-12-13T10:28:17.478369200Z-857636694260200-0,[I@73180b
2025-12-13T10:28:17.478369200Z-857636694341900-1,[I@73180b
2025-12-13T10:28:17.478369200Z-857636694487900-2,[I@73180b
2025-12-13T10:28:17.478369200Z-857636694613500-2,[0, 1, 0]
2025-12-13T10:28:18.034393700Z-857637249795100-false
2025-12-13T10:28:18.034393700Z-857637250440900-in
2025-12-13T10:28:18.034393700Z-857637250690500-0,[0, 1]
2025-12-13T10:28:18.034393700Z-857637250774400-1,[0, 1]
2025-12-13T10:28:18.034393700Z-857637250837200-0
2025-12-13T10:28:18.035690600Z-857637251070800-in
2025-12-13T10:28:18.035690600Z-857637251144700-0,[0, 1]
2025-12-13T10:28:18.035690600Z-857637251214500-1,[0, 1]
2025-12-13T10:28:18.035690600Z-857637251340000-2
2025-12-13T10:28:18.035690600Z-857637251526300-in
2025-12-13T10:28:18.035690600Z-857637251603200-0,[0, 1]
2025-12-13T10:28:18.035690600Z-857637251670500-1,[0, 1]
2025-12-13T10:28:18.035690600Z-857637251726400-4
2025-12-13T10:28:18.035690600Z-857637251922600-in
2025-12-13T10:28:18.035690600Z-857637251997800-0,[0, 1]
2025-12-13T10:28:18.036773800Z-857637252067800-1,[0, 1]
2025-12-13T10:28:18.036773800Z-857637252219700-1
2025-12-13T10:28:18.036773800Z-857637252371700-in
2025-12-13T10:28:18.036773800Z-857637252449600-0,[0, 1]
2025-12-13T10:28:18.036773800Z-857637252511400-1,[0, 1]
2025-12-13T10:28:18.036773800Z-857637252568800-3
2025-12-13T10:28:18.036773800Z-857637252696000-in
2025-12-13T10:28:18.036773800Z-857637252762000-0,[0, 1]
2025-12-13T10:28:18.036773800Z-857637252822200-1,[0, 1]
2025-12-13T10:28:18.036773800Z-857637252875700-5
2025-12-13T10:28:18.359215800Z-857637575039800-false
2025-12-13T10:28:18.433295700Z-857637648786000-in2
2025-12-13T10:28:18.433295700Z-857637649245200-0,[I@73180b
2025-12-13T10:28:18.433295700Z-857637649449800-1,[I@73180b
2025-12-13T10:28:18.434299800Z-857637649551300-2,[I@73180b
2025-12-13T10:28:18.434299800Z-857637649725000-3,[1, 1, 0]
2025-12-13T10:28:18.509461400Z-857637724876200-in2
2025-12-13T10:28:18.509461400Z-857637725184500-0,[I@73180b
2025-12-13T10:28:18.509461400Z-857637725295400-1,[I@73180b
2025-12-13T10:28:18.509461400Z-857637725395100-2,[I@73180b
2025-12-13T10:28:18.509461400Z-857637725467200-2,[0, 1, 0]
2025-12-13T10:28:18.586983900Z-857637803111300-in2
2025-12-13T10:28:18.587985600Z-857637803474100-0,[I@73180b
2025-12-13T10:28:18.587985600Z-857637803630700-1,[I@73180b
2025-12-13T10:28:18.587985600Z-857637803709400-2,[I@73180b
2025-12-13T10:28:18.587985600Z-857637803956200-4,[0, 2, 0]
2025-12-13T10:28:18.773556600Z-857637989129100-in2
2025-12-13T10:28:18.773556600Z-857637989439200-0,[I@73180b
2025-12-13T10:28:18.774225300Z-857637989537200-1,[I@73180b
2025-12-13T10:28:18.774225300Z-857637989597000-2,[I@73180b
2025-12-13T10:28:18.774225300Z-857637989653900-5,[1, 2, 0]
2025-12-13T10:28:19.070133600Z-857638286458200-false
2025-12-13T10:28:19.071135500Z-857638287038400-in
2025-12-13T10:28:19.071135500Z-857638287225400-0,[0, 1]
2025-12-13T10:28:19.072137500Z-857638287548400-1,[0, 1]
2025-12-13T10:28:19.072137500Z-857638287692400-0
2025-12-13T10:28:19.072137500Z-857638288128200-in
2025-12-13T10:28:19.072137500Z-857638288419800-0,[0, 1]
2025-12-13T10:28:19.073136800Z-857638288587300-1,[0, 1]
2025-12-13T10:28:19.073136800Z-857638289091100-2
2025-12-13T10:28:19.073136800Z-857638289367300-in
2025-12-13T10:28:19.073136800Z-857638289450600-0,[0, 1]
2025-12-13T10:28:19.073136800Z-857638289516500-1,[0, 1]
2025-12-13T10:28:19.073136800Z-857638289570300-4
2025-12-13T10:28:19.074350700Z-857638289775300-in
2025-12-13T10:28:19.074350700Z-857638289907900-0,[0, 1]
2025-12-13T10:28:19.074350700Z-857638290071900-1,[0, 1]
2025-12-13T10:28:19.074350700Z-857638290202700-1
2025-12-13T10:28:19.074350700Z-857638290455500-in
2025-12-13T10:28:19.075348300Z-857638290631700-0,[0, 1]
2025-12-13T10:28:19.075348300Z-857638290699400-1,[0, 1]
2025-12-13T10:28:19.075348300Z-857638290751000-3
2025-12-13T10:28:19.075348300Z-857638290909500-in
2025-12-13T10:28:19.075348300Z-857638290977200-0,[0, 1]
2025-12-13T10:28:19.075348300Z-857638291035500-1,[0, 1]
2025-12-13T10:28:19.075348300Z-857638291086600-5
2025-12-13T10:28:19.327486600Z-857638544056000-false
2025-12-13T10:28:19.424440Z-857638640732400-in2
2025-12-13T10:28:19.425437900Z-857638641017400-0,[I@73180b
2025-12-13T10:28:19.425437900Z-857638641094700-1,[I@73180b
2025-12-13T10:28:19.425437900Z-857638641154900-2,[I@73180b
2025-12-13T10:28:19.425437900Z-857638641211600-5,[1, 2, 0]
2025-12-13T10:28:19.459947600Z-857638675366200-in2
2025-12-13T10:28:19.459947600Z-857638675621100-0,[I@73180b
2025-12-13T10:28:19.459947600Z-857638675690600-1,[I@73180b
2025-12-13T10:28:19.459947600Z-857638675788300-2,[I@73180b
2025-12-13T10:28:19.459947600Z-857638675850900-4,[0, 2, 0]
2025-12-13T10:28:20.760854800Z-857639976958700-in2
2025-12-13T10:28:20.761855700Z-857639977390300-0,[I@73180b
2025-12-13T10:28:20.761855700Z-857639977472300-1,[I@73180b
2025-12-13T10:28:20.761855700Z-857639977546100-2,[I@73180b
2025-12-13T10:28:20.761855700Z-857639977639400-2,[0, 1, 0]
2025-12-13T10:28:20.858884500Z-857640074524500-in2
2025-12-13T10:28:20.858884500Z-857640075022000-0,[I@73180b
2025-12-13T10:28:20.858884500Z-857640075124200-1,[I@73180b
2025-12-13T10:28:20.858884500Z-857640075208100-2,[I@73180b
2025-12-13T10:28:20.858884500Z-857640075270200-3,[1, 1, 0]
2025-12-13T10:28:21.098513100Z-857640314520900-in2
2025-12-13T10:28:21.098513100Z-857640314764000-0,[I@73180b
2025-12-13T10:28:21.099573600Z-857640314835700-1,[I@73180b
2025-12-13T10:28:21.099573600Z-857640314898600-2,[I@73180b
2025-12-13T10:28:21.099573600Z-857640315106700-5,[1, 2, 0]
2025-12-13T10:28:21.545481500Z-857640761541100-false
2025-12-13T10:28:21.546728400Z-857640762108400-in
2025-12-13T10:28:21.546728400Z-857640762215400-0,[0, 1]
2025-12-13T10:28:21.546728400Z-857640762278800-1,[0, 1]
2025-12-13T10:28:21.546728400Z-857640762332200-0
2025-12-13T10:28:21.546728400Z-857640762527500-in
2025-12-13T10:28:21.546728400Z-857640762596400-0,[0, 1]
2025-12-13T10:28:21.546728400Z-857640762653500-1,[0, 1]
2025-12-13T10:28:21.546728400Z-857640762728500-2
2025-12-13T10:28:21.546728400Z-857640762860800-in
2025-12-13T10:28:21.546728400Z-857640762923700-0,[0, 1]
2025-12-13T10:28:21.547725400Z-857640763014600-1,[0, 1]
2025-12-13T10:28:21.547725400Z-857640763065200-4
2025-12-13T10:28:21.547725400Z-857640763192100-in
2025-12-13T10:28:21.547725400Z-857640763273200-0,[0, 1]
2025-12-13T10:28:21.547725400Z-857640763339100-1,[0, 1]
2025-12-13T10:28:21.547725400Z-857640763389800-1
2025-12-13T10:28:21.547725400Z-857640763696300-in
2025-12-13T10:28:21.547725400Z-857640763856600-0,[0, 1]
2025-12-13T10:28:21.547725400Z-857640763940500-1,[0, 1]
2025-12-13T10:28:21.548728300Z-857640764000600-3
2025-12-13T10:28:21.548728300Z-857640764276700-in
2025-12-13T10:28:21.548728300Z-857640764415100-0,[0, 1]
2025-12-13T10:28:21.548728300Z-857640764499700-1,[0, 1]
2025-12-13T10:28:21.548728300Z-857640764558900-5
2025-12-13T10:28:21.863956500Z-857641079953500-false
2025-12-13T10:28:21.969971400Z-857641186327100-in2
2025-12-13T10:28:21.971202400Z-857641186645500-0,[I@73180b
2025-12-13T10:28:21.971202400Z-857641186760600-1,[I@73180b
2025-12-13T10:28:21.971202400Z-857641186821700-2,[I@73180b
2025-12-13T10:28:21.971202400Z-857641186880700-5,[1, 2, 0]
2025-12-13T10:28:22.463466Z-857641679076200-false
2025-12-13T10:28:22.463466Z-857641679756500-in
2025-12-13T10:28:22.463466Z-857641679965600-0,[0, 1]
2025-12-13T10:28:22.463466Z-857641680052300-1,[0, 1]
2025-12-13T10:28:22.464908Z-857641680210100-0
2025-12-13T10:28:22.464908Z-857641680591200-in
2025-12-13T10:28:22.464908Z-857641680722000-0,[0, 1]
2025-12-13T10:28:22.464908Z-857641680793100-1,[0, 1]
2025-12-13T10:28:22.464908Z-857641680841000-2
2025-12-13T10:28:22.464908Z-857641681033200-in
2025-12-13T10:28:22.464908Z-857641681165000-0,[0, 1]
2025-12-13T10:28:22.465908900Z-857641681237700-1,[0, 1]
2025-12-13T10:28:22.465908900Z-857641681288900-4
2025-12-13T10:28:22.465908900Z-857641681579400-in
2025-12-13T10:28:22.465908900Z-857641681790700-0,[0, 1]
2025-12-13T10:28:22.465908900Z-857641681905300-1,[0, 1]
2025-12-13T10:28:22.465908900Z-857641682011800-1
2025-12-13T10:28:22.466910600Z-857641682385300-in
2025-12-13T10:28:22.466910600Z-857641682535000-0,[0, 1]
2025-12-13T10:28:22.466910600Z-857641682595700-1,[0, 1]
2025-12-13T10:28:22.466910600Z-857641682642300-3
2025-12-13T10:28:22.466910600Z-857641682796800-in
2025-12-13T10:28:22.466910600Z-857641682862600-0,[0, 1]
2025-12-13T10:28:22.466910600Z-857641683093300-1,[0, 1]
2025-12-13T10:28:22.466910600Z-857641683216900-5
2025-12-13T10:28:22.683337300Z-857641899434500-false
2025-12-13T10:28:22.825583500Z-857642041618400-in2
2025-12-13T10:28:22.826600700Z-857642041873600-0,[I@73180b
2025-12-13T10:28:22.826600700Z-857642041952400-1,[I@73180b
2025-12-13T10:28:22.826600700Z-857642041999500-2,[I@73180b
2025-12-13T10:28:22.826600700Z-857642042053900-3,[1, 1, 0]
2025-12-13T10:28:22.897437400Z-857642112806400-in2
2025-12-13T10:28:22.897437400Z-857642113177600-0,[I@73180b
2025-12-13T10:28:22.897437400Z-857642113312300-1,[I@73180b
2025-12-13T10:28:22.897437400Z-857642113376000-2,[I@73180b
2025-12-13T10:28:22.897437400Z-857642113422900-2,[0, 1, 0]
2025-12-13T10:28:22.967242200Z-857642182943800-in2
2025-12-13T10:28:22.967242200Z-857642183243300-0,[I@73180b
2025-12-13T10:28:22.967242200Z-857642183327200-1,[I@73180b
2025-12-13T10:28:22.967242200Z-857642183373700-2,[I@73180b
2025-12-13T10:28:22.967242200Z-857642183418100-3,[1, 1, 0]
2025-12-13T10:28:23.650180500Z-857642873750200-false
2025-12-13T10:28:23.659285Z-857642874699700-in
2025-12-13T10:28:23.659285Z-857642875178200-0,[0, 1]
2025-12-13T10:28:23.659285Z-857642875337500-1,[0, 1]
2025-12-13T10:28:23.659285Z-857642875403200-0
2025-12-13T10:28:23.659285Z-857642875649500-in
2025-12-13T10:28:23.659285Z-857642875727600-0,[0, 1]
2025-12-13T10:28:23.659285Z-857642875790500-1,[0, 1]
2025-12-13T10:28:23.659285Z-857642875877700-2
2025-12-13T10:28:23.659285Z-857642876220800-in
2025-12-13T10:28:23.659285Z-857642876328000-0,[0, 1]
2025-12-13T10:28:23.659285Z-857642876394000-1,[0, 1]
2025-12-13T10:28:23.659285Z-857642876443300-4
2025-12-13T10:28:23.659285Z-857642876651600-in
2025-12-13T10:28:23.659285Z-857642876732300-0,[0, 1]
2025-12-13T10:28:23.659285Z-857642876783600-1,[0, 1]
2025-12-13T10:28:23.659285Z-857642876824900-1
2025-12-13T10:28:23.659285Z-857642876970300-in
2025-12-13T10:28:23.659285Z-857642877043400-0,[0, 1]
2025-12-13T10:28:23.659285Z-857642877095100-1,[0, 1]
2025-12-13T10:28:23.659285Z-857642877150200-3
2025-12-13T10:28:23.659285Z-857642877509800-in
2025-12-13T10:28:23.659285Z-857642877593000-0,[0, 1]
2025-12-13T10:28:23.659285Z-857642877651200-1,[0, 1]
2025-12-13T10:28:23.659285Z-857642877698000-5
2025-12-13T10:28:24.429150Z-857643645384200-in2
2025-12-13T10:28:24.430542600Z-857643645951400-0,[I@73180b
2025-12-13T10:28:24.430542600Z-857643646330600-1,[I@73180b
2025-12-13T10:28:24.430542600Z-857643646575900-2,[I@73180b
2025-12-13T10:28:24.430542600Z-857643646684300-5,[1, 2, 0]
2025-12-13T10:28:24.475601900Z-857643691459500-in2
2025-12-13T10:28:24.475601900Z-857643691739400-0,[I@73180b
2025-12-13T10:28:24.475601900Z-857643691799800-1,[I@73180b
2025-12-13T10:28:24.476588200Z-857643691847200-2,[I@73180b
2025-12-13T10:28:24.476588200Z-857643691889700-4,[0, 2, 0]
2025-12-13T10:28:24.928940800Z-857644144758900-false
2025-12-13T10:28:24.928940800Z-857644145580900-in
2025-12-13T10:28:24.930408800Z-857644145882900-0,[0, 1]
2025-12-13T10:28:24.930408800Z-857644146029500-1,[0, 1]
2025-12-13T10:28:24.930408800Z-857644146088000-0
2025-12-13T10:28:24.930408800Z-857644146504100-in
2025-12-13T10:28:24.930408800Z-857644146699300-0,[0, 1]
2025-12-13T10:28:24.930408800Z-857644146764000-1,[0, 1]
2025-12-13T10:28:24.930408800Z-857644146806800-2
2025-12-13T10:28:24.931677300Z-857644147027900-in
2025-12-13T10:28:24.931677300Z-857644147116700-0,[0, 1]
2025-12-13T10:28:24.931677300Z-857644147179300-1,[0, 1]
2025-12-13T10:28:24.931677300Z-857644147231600-4
2025-12-13T10:28:24.931677300Z-857644147519900-in
2025-12-13T10:28:24.931677300Z-857644147644400-0,[0, 1]
2025-12-13T10:28:24.931677300Z-857644147703600-1,[0, 1]
2025-12-13T10:28:24.931677300Z-857644147746500-1
2025-12-13T10:28:24.931677300Z-857644147907400-in
2025-12-13T10:28:24.931677300Z-857644148079000-0,[0, 1]
2025-12-13T10:28:24.933051600Z-857644148338300-1,[0, 1]
2025-12-13T10:28:24.933051600Z-857644148423700-3
2025-12-13T10:28:24.933051600Z-857644148735800-in
2025-12-13T10:28:24.933051600Z-857644148936100-0,[0, 1]
2025-12-13T10:28:24.933051600Z-857644149014500-1,[0, 1]
2025-12-13T10:28:24.933051600Z-857644149072600-5
2025-12-13T10:28:26.700973Z-857645916363100-false
2025-12-13T10:28:26.700973Z-857645917002700-in
2025-12-13T10:28:26.700973Z-857645917243400-0,[0, 1]
2025-12-13T10:28:26.700973Z-857645917297600-1,[0, 1]
2025-12-13T10:28:26.700973Z-857645917338100-0
2025-12-13T10:28:26.702365800Z-857645917624200-in
2025-12-13T10:28:26.702365800Z-857645917748900-0,[0, 1]
2025-12-13T10:28:26.702365800Z-857645917961200-1,[0, 1]
2025-12-13T10:28:26.702365800Z-857645918111000-2
2025-12-13T10:28:26.702365800Z-857645918417300-in
2025-12-13T10:28:26.702365800Z-857645918556000-0,[0, 1]
2025-12-13T10:28:26.702365800Z-857645918639200-1,[0, 1]
2025-12-13T10:28:26.703463800Z-857645918835700-4
2025-12-13T10:28:26.703463800Z-857645919156400-in
2025-12-13T10:28:26.703975500Z-857645919237300-0,[0, 1]
2025-12-13T10:28:26.703975500Z-857645919287300-1,[0, 1]
2025-12-13T10:28:26.703975500Z-857645919381600-1
2025-12-13T10:28:26.703975500Z-857645919626800-in
2025-12-13T10:28:26.703975500Z-857645919699400-0,[0, 1]
2025-12-13T10:28:26.703975500Z-857645919762300-1,[0, 1]
2025-12-13T10:28:26.703975500Z-857645919801700-3
2025-12-13T10:28:26.703975500Z-857645919923100-in
2025-12-13T10:28:26.703975500Z-857645919970800-0,[0, 1]
2025-12-13T10:28:26.703975500Z-857645920013900-1,[0, 1]
2025-12-13T10:28:26.703975500Z-857645920049700-5
2025-12-13T10:28:27.522924500Z-857646738919600-false
2025-12-13T10:28:27.618153800Z-857646833936300-in2
2025-12-13T10:28:27.618664100Z-857646834150600-0,[I@73180b
2025-12-13T10:28:27.618664100Z-857646834225300-1,[I@73180b
2025-12-13T10:28:27.618664100Z-857646834262300-2,[I@73180b
2025-12-13T10:28:27.618664100Z-857646834296900-0,[0, 0, 0]
2025-12-13T10:28:28.253631300Z-857647469150000-in2
2025-12-13T10:28:28.253631300Z-857647469414500-0,[I@73180b
2025-12-13T10:28:28.253631300Z-857647469463900-1,[I@73180b
2025-12-13T10:28:28.253631300Z-857647469500000-2,[I@73180b
2025-12-13T10:28:28.253631300Z-857647469533300-2,[0, 1, 0]
2025-12-13T10:28:33.167159700Z-857652383343700-in2
2025-12-13T10:28:33.168156600Z-857652383573100-0,[I@73180b
2025-12-13T10:28:33.168156600Z-857652383678100-1,[I@73180b
2025-12-13T10:28:33.168156600Z-857652383719300-2,[I@73180b
2025-12-13T10:28:33.168156600Z-857652383795600-2,[0, 1, 0]
2025-12-13T10:28:33.237384300Z-857652453114900-in2
2025-12-13T10:28:33.237384300Z-857652453642500-0,[I@73180b
2025-12-13T10:28:33.238381Z-857652454317400-1,[I@73180b
2025-12-13T10:28:33.238381Z-857652454511700-2,[I@73180b
2025-12-13T10:28:33.238381Z-857652454593700-3,[1, 1, 0]
2025-12-13T10:28:34.699446900Z-857653914963800-in2
2025-12-13T10:28:34.700442100Z-857653915835800-0,[I@73180b
2025-12-13T10:28:34.700442100Z-857653915908700-1,[I@73180b
2025-12-13T10:28:34.700442100Z-857653915941300-2,[I@73180b
2025-12-13T10:28:34.700442100Z-857653915969700-2,[0, 1, 0]
2025-12-13T10:28:35.106568200Z-857654322806300-in2
2025-12-13T10:28:35.107565600Z-857654323031500-0,[I@73180b
2025-12-13T10:28:35.107565600Z-857654323069700-1,[I@73180b
2025-12-13T10:28:35.107565600Z-857654323090900-2,[I@73180b
2025-12-13T10:28:35.107565600Z-857654323112400-2,[0, 1, 0]
2025-12-13T10:28:36.082496900Z-857655298421000-false
2025-12-13T10:28:36.083499100Z-857655299004100-in
2025-12-13T10:28:36.083499100Z-857655299201600-0,[0, 1]
2025-12-13T10:28:36.083499100Z-857655299272100-1,[0, 1]
2025-12-13T10:28:36.083499100Z-857655299298400-0
2025-12-13T10:28:36.083499100Z-857655299592000-in
2025-12-13T10:28:36.083499100Z-857655299710700-0,[0, 1]
2025-12-13T10:28:36.083499100Z-857655299745700-1,[0, 1]
2025-12-13T10:28:36.083499100Z-857655299768900-2
2025-12-13T10:28:36.083499100Z-857655300071600-in
2025-12-13T10:28:36.084885Z-857655300171500-0,[0, 1]
2025-12-13T10:28:36.084885Z-857655300206600-1,[0, 1]
2025-12-13T10:28:36.084885Z-857655300237100-4
2025-12-13T10:28:36.084885Z-857655300444600-in
2025-12-13T10:28:36.084885Z-857655300506400-0,[0, 1]
2025-12-13T10:28:36.084885Z-857655300548000-1,[0, 1]
2025-12-13T10:28:36.084885Z-857655300598000-1
2025-12-13T10:28:36.084885Z-857655300875300-in
2025-12-13T10:28:36.084885Z-857655300941400-0,[0, 1]
2025-12-13T10:28:36.084885Z-857655300967000-1,[0, 1]
2025-12-13T10:28:36.084885Z-857655300985100-3
2025-12-13T10:28:36.085883800Z-857655301117500-in
2025-12-13T10:28:36.085883800Z-857655301181300-0,[0, 1]
2025-12-13T10:28:36.085883800Z-857655301225500-1,[0, 1]
2025-12-13T10:28:36.085883800Z-857655301312100-5
2025-12-13T10:28:36.293986600Z-857655510201500-false
2025-12-13T10:28:36.365251100Z-857655580548200-in2
2025-12-13T10:28:36.365251100Z-857655580827600-0,[I@73180b
2025-12-13T10:28:36.365251100Z-857655580894000-1,[I@73180b
2025-12-13T10:28:36.365251100Z-857655580917000-2,[I@73180b
2025-12-13T10:28:36.365251100Z-857655580939500-3,[1, 1, 0]
2025-12-13T10:28:36.391355400Z-857655607268400-in2
2025-12-13T10:28:36.391355400Z-857655607551200-0,[I@73180b
2025-12-13T10:28:36.392348900Z-857655607591200-1,[I@73180b
2025-12-13T10:28:36.392348900Z-857655607619600-2,[I@73180b
2025-12-13T10:28:36.392348900Z-857655607640900-2,[0, 1, 0]
2025-12-13T10:28:37.314985200Z-857656530962100-in2
2025-12-13T10:28:37.314985200Z-857656531267800-0,[I@73180b
2025-12-13T10:28:37.316034200Z-857656531359900-1,[I@73180b
2025-12-13T10:28:37.316034200Z-857656531442600-2,[I@73180b
2025-12-13T10:28:37.316034200Z-857656531510600-5,[1, 2, 0]
2025-12-13T10:28:37.400773900Z-857656616683800-in2
2025-12-13T10:28:37.400773900Z-857656616903500-0,[I@73180b
2025-12-13T10:28:37.400773900Z-857656616977300-1,[I@73180b
2025-12-13T10:28:37.400773900Z-857656617044900-2,[I@73180b
2025-12-13T10:28:37.400773900Z-857656617076500-4,[0, 2, 0]
2025-12-13T10:28:37.911907800Z-857657127405700-in2
2025-12-13T10:28:37.911907800Z-857657127680300-0,[I@73180b
2025-12-13T10:28:37.911907800Z-857657127844400-1,[I@73180b
2025-12-13T10:28:37.911907800Z-857657127983100-2,[I@73180b
2025-12-13T10:28:37.911907800Z-857657128075300-2,[0, 1, 0]
2025-12-13T10:28:40.976382200Z-857660192362300-in
2025-12-13T10:28:40.976382200Z-857660192548000-0,[0, 1]
2025-12-13T10:28:40.976382200Z-857660192590700-1,[0, 1]
2025-12-13T10:28:41.063335700Z-857660278757400-false
2025-12-13T10:28:41.063335700Z-857660279215100-in
2025-12-13T10:28:41.063335700Z-857660279324600-0,[0, 1]
2025-12-13T10:28:41.063335700Z-857660279389800-1,[0, 1]
2025-12-13T10:28:41.063335700Z-857660279407600-0
2025-12-13T10:28:41.064334200Z-857660279568500-in
2025-12-13T10:28:41.064334200Z-857660279597600-0,[0, 1]
2025-12-13T10:28:41.064334200Z-857660279617800-1,[0, 1]
2025-12-13T10:28:41.064334200Z-857660279636100-2
2025-12-13T10:28:41.064334200Z-857660279734100-in
2025-12-13T10:28:41.064334200Z-857660279760300-0,[0, 1]
2025-12-13T10:28:41.064334200Z-857660279800100-1,[0, 1]
2025-12-13T10:28:41.064334200Z-857660279816100-4
2025-12-13T10:28:41.064334200Z-857660279898600-in
2025-12-13T10:28:41.064334200Z-857660279922800-0,[0, 1]
2025-12-13T10:28:41.064334200Z-857660279941700-1,[0, 1]
2025-12-13T10:28:41.064334200Z-857660279957400-1
2025-12-13T10:28:41.064334200Z-857660280043700-in
2025-12-13T10:28:41.064334200Z-857660280074800-0,[0, 1]
2025-12-13T10:28:41.064334200Z-857660280100900-1,[0, 1]
2025-12-13T10:28:41.064334200Z-857660280116700-3
2025-12-13T10:28:41.064334200Z-857660280197500-in
2025-12-13T10:28:41.064334200Z-857660280247100-0,[0, 1]
2025-12-13T10:28:41.064334200Z-857660280266000-1,[0, 1]
2025-12-13T10:28:41.064334200Z-857660280281400-5
2025-12-13T10:28:41.424805500Z-857660640682300-in2
2025-12-13T10:28:41.424805500Z-857660640980600-0,[I@73180b
2025-12-13T10:28:41.425802200Z-857660641054500-1,[I@73180b
2025-12-13T10:28:41.425802200Z-857660641081400-2,[I@73180b
2025-12-13T10:28:41.425802200Z-857660641107900-3,[1, 1, 0]
2025-12-13T10:28:41.745898300Z-857660962175600-in2
2025-12-13T10:28:41.746900Z-857660962394000-0,[I@73180b
2025-12-13T10:28:41.746900Z-857660962454900-1,[I@73180b
2025-12-13T10:28:41.746900Z-857660962484900-2,[I@73180b
2025-12-13T10:28:41.746900Z-857660962511600-3,[1, 1, 0]
2025-12-13T10:28:41.846541300Z-857661062706800-in2
2025-12-13T10:28:41.847535800Z-857661063121400-0,[I@73180b
2025-12-13T10:28:41.847535800Z-857661063200700-1,[I@73180b
2025-12-13T10:28:41.847535800Z-857661063223300-2,[I@73180b
2025-12-13T10:28:41.847535800Z-857661063243800-5,[1, 2, 0]
2025-12-13T10:28:42.374395600Z-857661589743000-in2
2025-12-13T10:28:42.374395600Z-857661589952300-0,[I@73180b
2025-12-13T10:28:42.374395600Z-857661590040100-1,[I@73180b
2025-12-13T10:28:42.374395600Z-857661590060400-2,[I@73180b
2025-12-13T10:28:42.374395600Z-857661590085300-3,[1, 1, 0]
2025-12-13T10:28:42.459253700Z-857661675359600-in2
2025-12-13T10:28:42.460252Z-857661675558600-0,[I@73180b
2025-12-13T10:28:42.460252Z-857661675601600-1,[I@73180b
2025-12-13T10:28:42.460252Z-857661675624100-2,[I@73180b
2025-12-13T10:28:42.460252Z-857661675647400-2,[0, 1, 0]
2025-12-13T10:28:42.510186800Z-857661726789500-in2
2025-12-13T10:28:42.511594Z-857661727051400-0,[I@73180b
2025-12-13T10:28:42.511594Z-857661727247600-1,[I@73180b
2025-12-13T10:28:42.511594Z-857661727364600-2,[I@73180b
2025-12-13T10:28:42.511594Z-857661727419000-0,[0, 0, 0]
2025-12-13T10:28:42.846747200Z-857662062637500-in2
2025-12-13T10:28:42.846747200Z-857662062818400-0,[I@73180b
2025-12-13T10:28:42.846747200Z-857662062848000-1,[I@73180b
2025-12-13T10:28:42.846747200Z-857662062866400-2,[I@73180b
2025-12-13T10:28:42.846747200Z-857662062887000-1,[1, 0, 0]
2025-12-13T10:28:44.766790700Z-857663982063800-in
2025-12-13T10:28:44.766790700Z-857663982446200-0,[0, 1]
2025-12-13T10:28:44.766790700Z-857663982518500-1,[0, 1]
2025-12-13T10:28:44.987762900Z-857664203390200-false
2025-12-13T10:28:44.988953300Z-857664204447200-in
2025-12-13T10:28:44.988953300Z-857664204587300-0,[0, 1]
2025-12-13T10:28:44.988953300Z-857664204629900-1,[0, 1]
2025-12-13T10:28:44.988953300Z-857664204708400-0
2025-12-13T10:28:44.988953300Z-857664205157700-in
2025-12-13T10:28:44.989953900Z-857664205330300-0,[0, 1]
2025-12-13T10:28:44.989953900Z-857664205376800-1,[0, 1]
2025-12-13T10:28:44.989953900Z-857664205407600-2
2025-12-13T10:28:44.989953900Z-857664205867700-in
2025-12-13T10:28:44.989953900Z-857664205978600-0,[0, 1]
2025-12-13T10:28:44.989953900Z-857664206021600-1,[0, 1]
2025-12-13T10:28:44.989953900Z-857664206036000-4
2025-12-13T10:28:44.990950300Z-857664206559700-in
2025-12-13T10:28:44.990950300Z-857664206680000-0,[0, 1]
2025-12-13T10:28:44.990950300Z-857664206711800-1,[0, 1]
2025-12-13T10:28:44.990950300Z-857664206725100-1
2025-12-13T10:28:44.990950300Z-857664207084600-in
2025-12-13T10:28:44.990950300Z-857664207153600-0,[0, 1]
2025-12-13T10:28:44.990950300Z-857664207217200-1,[0, 1]
2025-12-13T10:28:44.990950300Z-857664207244900-3
2025-12-13T10:28:44.990950300Z-857664207473600-in
2025-12-13T10:28:44.990950300Z-857664207509800-0,[0, 1]
2025-12-13T10:28:44.990950300Z-857664207524100-1,[0, 1]
2025-12-13T10:28:44.990950300Z-857664207539300-5
2025-12-13T10:28:46.551508900Z-857665767205200-false
2025-12-13T10:28:46.552515700Z-857665767985400-in
2025-12-13T10:28:46.552515700Z-857665768159300-0,[0, 1]
2025-12-13T10:28:46.552515700Z-857665768184000-1,[0, 1]
2025-12-13T10:28:46.552515700Z-857665768197000-0
2025-12-13T10:28:46.552515700Z-857665768459900-in
2025-12-13T10:28:46.552515700Z-857665768478200-0,[0, 1]
2025-12-13T10:28:46.552515700Z-857665768490100-1,[0, 1]
2025-12-13T10:28:46.552515700Z-857665768500800-2
2025-12-13T10:28:46.552515700Z-857665768682000-in
2025-12-13T10:28:46.553512900Z-857665768741400-0,[0, 1]
2025-12-13T10:28:46.553512900Z-857665768756700-1,[0, 1]
2025-12-13T10:28:46.553512900Z-857665768776900-4
2025-12-13T10:28:46.553512900Z-857665768933400-in
2025-12-13T10:28:46.553512900Z-857665768951700-0,[0, 1]
2025-12-13T10:28:46.553512900Z-857665768963900-1,[0, 1]
2025-12-13T10:28:46.553512900Z-857665768974700-1
2025-12-13T10:28:46.553512900Z-857665769052100-in
2025-12-13T10:28:46.553512900Z-857665769064900-0,[0, 1]
2025-12-13T10:28:46.553512900Z-857665769076500-1,[0, 1]
2025-12-13T10:28:46.553512900Z-857665769087200-3
2025-12-13T10:28:46.553512900Z-857665769369100-in
2025-12-13T10:28:46.553512900Z-857665769515600-0,[0, 1]
2025-12-13T10:28:46.553512900Z-857665769543300-1,[0, 1]
2025-12-13T10:28:46.553512900Z-857665769561800-5
2025-12-13T10:28:46.734950300Z-857665950232800-false
2025-12-13T10:28:47.929594200Z-857667145150300-in2
2025-12-13T10:28:47.929594200Z-857667145346600-0,[I@73180b
2025-12-13T10:28:47.929594200Z-857667145366400-1,[I@73180b
2025-12-13T10:28:47.929594200Z-857667145385800-2,[I@73180b
2025-12-13T10:28:47.929594200Z-857667145401400-3,[1, 1, 0]
2025-12-13T10:28:49.911464600Z-857669128564900-in2
2025-12-13T10:28:49.913474Z-857669128710600-0,[I@73180b
2025-12-13T10:28:49.913474Z-857669128729200-1,[I@73180b
2025-12-13T10:28:49.913474Z-857669128741600-2,[I@73180b
2025-12-13T10:28:49.913474Z-857669128757500-3,[1, 1, 0]
2025-12-13T10:28:49.940054600Z-857669160126000-in2
2025-12-13T10:28:49.940054600Z-857669160271800-0,[I@73180b
2025-12-13T10:28:49.940054600Z-857669160297400-1,[I@73180b
2025-12-13T10:28:49.940054600Z-857669160310500-2,[I@73180b
2025-12-13T10:28:49.940054600Z-857669160325500-1,[1, 0, 0]
2025-12-13T10:28:51.267771800Z-857670483449800-in2
2025-12-13T10:28:51.267771800Z-857670483626900-0,[I@73180b
2025-12-13T10:28:51.267771800Z-857670483658500-1,[I@73180b
2025-12-13T10:28:51.267771800Z-857670483676300-2,[I@73180b
2025-12-13T10:28:51.267771800Z-857670483696800-1,[1, 0, 0]
2025-12-13T10:28:51.302496100Z-857670517798900-in
2025-12-13T10:28:51.302496100Z-857670517972100-0,[0, 1]
2025-12-13T10:28:51.302496100Z-857670517998800-1,[0, 1]
2025-12-13T10:28:51.395559800Z-857670610963900-false
2025-12-13T10:28:51.395559800Z-857670611364400-in
2025-12-13T10:28:51.395559800Z-857670611429800-0,[0, 1]
2025-12-13T10:28:51.395559800Z-857670611444100-1,[0, 1]
2025-12-13T10:28:51.395559800Z-857670611456600-0
2025-12-13T10:28:51.395559800Z-857670611633100-in
2025-12-13T10:28:51.395559800Z-857670611670400-0,[0, 1]
2025-12-13T10:28:51.395559800Z-857670611682700-1,[0, 1]
2025-12-13T10:28:51.395559800Z-857670611693400-2
2025-12-13T10:28:51.396558500Z-857670611865000-in
2025-12-13T10:28:51.396558500Z-857670612020300-0,[0, 1]
2025-12-13T10:28:51.396558500Z-857670612051900-1,[0, 1]
2025-12-13T10:28:51.396558500Z-857670612070700-4
2025-12-13T10:28:51.396558500Z-857670612212000-in
2025-12-13T10:28:51.396558500Z-857670612242600-0,[0, 1]
2025-12-13T10:28:51.396558500Z-857670612259800-1,[0, 1]
2025-12-13T10:28:51.396558500Z-857670612277000-1
2025-12-13T10:28:51.396558500Z-857670612450000-in
2025-12-13T10:28:51.396558500Z-857670612499100-0,[0, 1]
2025-12-13T10:28:51.396558500Z-857670612514100-1,[0, 1]
2025-12-13T10:28:51.396558500Z-857670612548800-3
2025-12-13T10:28:51.396558500Z-857670612650700-in
2025-12-13T10:28:51.396558500Z-857670612668700-0,[0, 1]
2025-12-13T10:28:51.396558500Z-857670612680800-1,[0, 1]
2025-12-13T10:28:51.396558500Z-857670612691500-5
2025-12-13T10:28:51.827076600Z-857671043290500-in2
2025-12-13T10:28:51.827076600Z-857671043463000-0,[I@73180b
2025-12-13T10:28:51.828236800Z-857671043482600-1,[I@73180b
2025-12-13T10:28:51.828236800Z-857671043495600-2,[I@73180b
2025-12-13T10:28:51.828236800Z-857671043511500-1,[1, 0, 0]
2025-12-13T10:28:52.498104800Z-857671713476800-in2
2025-12-13T10:28:52.498104800Z-857671713638600-0,[I@73180b
2025-12-13T10:28:52.498104800Z-857671713658200-1,[I@73180b
2025-12-13T10:28:52.498104800Z-857671713671300-2,[I@73180b
2025-12-13T10:28:52.498104800Z-857671713694300-2,[0, 1, 0]
2025-12-13T10:28:52.574949300Z-857671791557500-in2
2025-12-13T10:28:52.574949300Z-857671791782400-0,[I@73180b
2025-12-13T10:28:52.574949300Z-857671791803600-1,[I@73180b
2025-12-13T10:28:52.574949300Z-857671791816300-2,[I@73180b
2025-12-13T10:28:52.574949300Z-857671791831800-2,[0, 1, 0]
2025-12-13T10:28:52.637974800Z-857671856800000-in2
2025-12-13T10:28:52.637974800Z-857671856962000-0,[I@73180b
2025-12-13T10:28:52.637974800Z-857671856980400-1,[I@73180b
2025-12-13T10:28:52.637974800Z-857671856993400-2,[I@73180b
2025-12-13T10:28:52.637974800Z-857671857009200-3,[1, 1, 0]
2025-12-13T10:28:53.562716600Z-857672778610900-in2
2025-12-13T10:28:53.562716600Z-857672778757900-0,[I@73180b
2025-12-13T10:28:53.562716600Z-857672778777900-1,[I@73180b
2025-12-13T10:28:53.562716600Z-857672778791000-2,[I@73180b
2025-12-13T10:28:53.562716600Z-857672778807100-1,[1, 0, 0]
2025-12-13T10:28:54.672667500Z-857673888434700-in2
2025-12-13T10:28:54.672667500Z-857673888607100-0,[I@73180b
2025-12-13T10:28:54.672667500Z-857673888656200-1,[I@73180b
2025-12-13T10:28:54.672667500Z-857673888709900-2,[I@73180b
2025-12-13T10:28:54.672667500Z-857673888732400-3,[1, 1, 0]
2025-12-13T10:28:56.650552500Z-857675865910800-false
2025-12-13T10:28:56.650552500Z-857675866658100-in
2025-12-13T10:28:56.651554500Z-857675866801600-0,[0, 1]
2025-12-13T10:28:56.651554500Z-857675866881700-1,[0, 1]
2025-12-13T10:28:56.651554500Z-857675866914400-0
2025-12-13T10:28:56.651554500Z-857675867180900-in
2025-12-13T10:28:56.651554500Z-857675867222300-0,[0, 1]
2025-12-13T10:28:56.651554500Z-857675867240200-1,[0, 1]
2025-12-13T10:28:56.651554500Z-857675867256000-2
2025-12-13T10:28:56.651554500Z-857675867400700-in
2025-12-13T10:28:56.651554500Z-857675867424500-0,[0, 1]
2025-12-13T10:28:56.651554500Z-857675867441800-1,[0, 1]
2025-12-13T10:28:56.651554500Z-857675867457300-4
2025-12-13T10:28:56.651554500Z-857675867535000-in
2025-12-13T10:28:56.651554500Z-857675867556400-0,[0, 1]
2025-12-13T10:28:56.651554500Z-857675867582900-1,[0, 1]
2025-12-13T10:28:56.651554500Z-857675867593800-1
2025-12-13T10:28:56.651554500Z-857675867686200-in
2025-12-13T10:28:56.651554500Z-857675867700700-0,[0, 1]
2025-12-13T10:28:56.651554500Z-857675867712400-1,[0, 1]
2025-12-13T10:28:56.651554500Z-857675867722900-3
2025-12-13T10:28:56.652553300Z-857675867793700-in
2025-12-13T10:28:56.652553300Z-857675867862000-0,[0, 1]
2025-12-13T10:28:56.652553300Z-857675867894800-1,[0, 1]
2025-12-13T10:28:56.652553300Z-857675867914400-5
2025-12-13T10:28:56.832727Z-857676048420300-false
2025-12-13T10:28:56.936109700Z-857676152282800-in2
2025-12-13T10:28:56.937108300Z-857676152478000-0,[I@73180b
2025-12-13T10:28:56.937108300Z-857676152529000-1,[I@73180b
2025-12-13T10:28:56.937108300Z-857676152674100-2,[I@73180b
2025-12-13T10:28:56.937108300Z-857676152709400-3,[1, 1, 0]
2025-12-13T10:28:57.416529300Z-857676632208700-in2
2025-12-13T10:28:57.416529300Z-857676632355200-0,[I@73180b
2025-12-13T10:28:57.416529300Z-857676632373400-1,[I@73180b
2025-12-13T10:28:57.416529300Z-857676632385900-2,[I@73180b
2025-12-13T10:28:57.416529300Z-857676632404100-5,[1, 2, 0]
2025-12-13T10:28:57.483240200Z-857676698604200-in2
2025-12-13T10:28:57.483240200Z-857676698752100-0,[I@73180b
2025-12-13T10:28:57.483240200Z-857676698777700-1,[I@73180b
2025-12-13T10:28:57.483240200Z-857676698790500-2,[I@73180b
2025-12-13T10:28:57.483240200Z-857676698805900-4,[0, 2, 0]
2025-12-13T10:28:59.593195700Z-857678809864500-end