2025-12-10T17:34:20.711654Z-623903549760500in3-
2025-12-10T17:34:20.711654Z-6239035500912000-
2025-12-10T17:34:20.713664800Z-623903550339800[0]-
2025-12-10T17:34:20.718147100Z-623903555031400[I@30946e09-
2025-12-10T17:34:20.718147100Z-6239035552581000-
2025-12-10T17:34:20.718147100Z-623903555658500in3-
2025-12-10T17:34:20.718147100Z-6239035557887000-
2025-12-10T17:34:20.718147100Z-623903555916000[0]-
2025-12-10T17:34:20.718147100Z-623903556045000[I@46fbb2c1-
2025-12-10T17:34:20.718147100Z-623903556148400-
2025-12-10T17:34:20.718147100Z-623903556248900﻿--
2025-12-10T17:34:22.360730300Z-623905197479700false-
2025-12-10T17:34:22.360730300Z-623905198120300in-
2025-12-10T17:34:22.367793700Z-6239052045014000,[I@1810399e-
2025-12-10T17:34:22.367793700Z-6239052055013001,[I@1810399e-
2025-12-10T17:34:22.369155600Z-6239052057326000-
2025-12-10T17:34:22.373690300Z-623905210539000in-
2025-12-10T17:34:22.373690300Z-6239052110543000,[I@7f9a81e8-
2025-12-10T17:34:22.374694Z-6239052114567001,[I@7f9a81e8-
2025-12-10T17:34:22.374694Z-6239052115926002-
2025-12-10T17:34:22.374694Z-623905211736900in-
2025-12-10T17:34:22.374694Z-6239052119869000,[I@9629756-
2025-12-10T17:34:22.375702700Z-6239052123489001,[I@9629756-
2025-12-10T17:34:22.375702700Z-6239052125595004-
2025-12-10T17:34:22.375702700Z-623905212889600in-
2025-12-10T17:34:22.375702700Z-6239052131116000,[I@62ee68d8-
2025-12-10T17:34:22.375702700Z-6239052132043001,[I@62ee68d8-
2025-12-10T17:34:22.375702700Z-6239052132937001-
2025-12-10T17:34:22.376857200Z-623905213492700in-
2025-12-10T17:34:22.376857200Z-6239052135796000,[I@735b5592-
2025-12-10T17:34:22.376857200Z-6239052136582001,[I@735b5592-
2025-12-10T17:34:22.376857200Z-6239052137320003-
2025-12-10T17:34:22.376857200Z-623905213848800in-
2025-12-10T17:34:22.376857200Z-6239052139334000,[I@58651fd0-
2025-12-10T17:34:22.376857200Z-6239052140242001,[I@58651fd0-
2025-12-10T17:34:22.376857200Z-6239052140932005-
2025-12-10T17:34:22.977845300Z-623905814530000true-
2025-12-10T17:34:25.061723400Z-623907898818000false-
2025-12-10T17:34:25.062754100Z-623907899248000in-
2025-12-10T17:34:25.062754100Z-6239078993726000,[I@1e397ed7-
2025-12-10T17:34:25.062754100Z-6239078994609001,[I@1e397ed7-
2025-12-10T17:34:25.062754100Z-6239078996546000-
2025-12-10T17:34:25.062754100Z-623907899856400in-
2025-12-10T17:34:25.062754100Z-6239078999690000,[I@490ab905-
2025-12-10T17:34:25.062754100Z-6239079000582001,[I@490ab905-
2025-12-10T17:34:25.062754100Z-6239079002762002-
2025-12-10T17:34:25.063818Z-623907900412400in-
2025-12-10T17:34:25.063818Z-6239079005386000,[I@56ac3a89-
2025-12-10T17:34:25.063818Z-6239079006265001,[I@56ac3a89-
2025-12-10T17:34:25.063818Z-6239079007382004-
2025-12-10T17:34:25.063818Z-623907900828500in-
2025-12-10T17:34:25.063818Z-6239079009057000,[I@27c20538-
2025-12-10T17:34:25.063818Z-6239079009793001,[I@27c20538-
2025-12-10T17:34:25.063818Z-6239079010581001-
2025-12-10T17:34:25.063818Z-623907901138000in-
2025-12-10T17:34:25.063818Z-6239079012148000,[I@72d818d1-
2025-12-10T17:34:25.063818Z-6239079012874001,[I@72d818d1-
2025-12-10T17:34:25.063818Z-6239079013695003-
2025-12-10T17:34:25.063818Z-623907901447300in-
2025-12-10T17:34:25.063818Z-6239079015224000,[I@6e06451e-
2025-12-10T17:34:25.063818Z-6239079016045001,[I@6e06451e-
2025-12-10T17:34:25.063818Z-6239079016696005-
2025-12-10T17:34:25.787434500Z-623908624010100false-
2025-12-10T17:34:25.787434500Z-623908624702900in-
2025-12-10T17:34:25.788432Z-6239086249644000,[I@3a5ed7a6-
2025-12-10T17:34:25.788432Z-6239086250729001,[I@3a5ed7a6-
2025-12-10T17:34:25.788432Z-6239086251632000-
2025-12-10T17:34:25.788432Z-623908625300900in-
2025-12-10T17:34:25.788432Z-6239086253948000,[I@6325a3ee-
2025-12-10T17:34:25.788432Z-6239086256901001,[I@6325a3ee-
2025-12-10T17:34:25.789431Z-6239086260033002-
2025-12-10T17:34:25.789431Z-623908626184000in-
2025-12-10T17:34:25.789431Z-6239086263010000,[I@1d16f93d-
2025-12-10T17:34:25.789431Z-6239086263941001,[I@1d16f93d-
2025-12-10T17:34:25.789431Z-6239086268082004-
2025-12-10T17:34:25.790557Z-623908627072200in-
2025-12-10T17:34:25.790557Z-6239086275187000,[I@67b92f0a-
2025-12-10T17:34:25.790557Z-6239086277511001,[I@67b92f0a-
2025-12-10T17:34:25.790557Z-6239086279276001-
2025-12-10T17:34:25.790557Z-623908628114000in-
2025-12-10T17:34:25.790557Z-6239086282569000,[I@2b9627bc-
2025-12-10T17:34:25.791980300Z-6239086285055001,[I@2b9627bc-
2025-12-10T17:34:25.791980300Z-6239086286223003-
2025-12-10T17:34:25.791980300Z-623908628797800in-
2025-12-10T17:34:25.791980300Z-6239086289631000,[I@65e2dbf3-
2025-12-10T17:34:25.791980300Z-6239086290606001,[I@65e2dbf3-
2025-12-10T17:34:25.791980300Z-6239086291390005-
