2025-12-11T12:09:33.555912300Z-690856952970100-in3
2025-12-11T12:09:33.556913100Z-690856953436200-[]
2025-12-11T12:09:33.566387400Z-690856963087000-[I@2cdf8d8a
2025-12-11T12:09:33.566387400Z-690856963439900-in3
2025-12-11T12:09:33.566387400Z-690856963573700-0
2025-12-11T12:09:33.566387400Z-690856963698800-[1]
2025-12-11T12:09:33.567627600Z-690856963844600-[I@30946e09
2025-12-11T12:09:33.567627600Z-690856964071900-1
2025-12-11T12:09:33.567627600Z-690856964759500-in3
2025-12-11T12:09:33.567627600Z-690856964962300-0
2025-12-11T12:09:33.567627600Z-690856965292200-[1]
2025-12-11T12:09:33.569104200Z-690856965475600-[I@46fbb2c1
2025-12-11T12:09:33.569104200Z-690856965592800-
2025-12-11T12:09:33.569104200Z-690856965679900-.
2025-12-11T12:09:35.255825800Z-690858653272600-false
2025-12-11T12:09:35.257282500Z-690858653952900-in
2025-12-11T12:09:35.262555600Z-690858659537100-0,[I@32d992b2
2025-12-11T12:09:35.263555500Z-690858659915800-1,[I@32d992b2
2025-12-11T12:09:35.263555500Z-690858660168700-0
2025-12-11T12:09:35.267296700Z-690858664311500-in
2025-12-11T12:09:35.268297600Z-690858664580500-0,[I@9629756
2025-12-11T12:09:35.268297600Z-690858664674800-1,[I@9629756
2025-12-11T12:09:35.268297600Z-690858664754500-2
2025-12-11T12:09:35.268297600Z-690858664913000-in
2025-12-11T12:09:35.268297600Z-690858665037300-0,[I@62ee68d8
2025-12-11T12:09:35.268297600Z-690858665121800-1,[I@62ee68d8
2025-12-11T12:09:35.268297600Z-690858665190800-4
2025-12-11T12:09:35.268297600Z-690858665290000-in
2025-12-11T12:09:35.268297600Z-690858665437100-0,[I@735b5592
2025-12-11T12:09:35.269296100Z-690858665522000-1,[I@735b5592
2025-12-11T12:09:35.269296100Z-690858665591300-1
2025-12-11T12:09:35.269296100Z-690858665673400-in
2025-12-11T12:09:35.269296100Z-690858665765100-0,[I@58651fd0
2025-12-11T12:09:35.269296100Z-690858665835300-1,[I@58651fd0
2025-12-11T12:09:35.269296100Z-690858665899500-3
2025-12-11T12:09:35.269296100Z-690858665980600-in
2025-12-11T12:09:35.269296100Z-690858666054900-0,[I@4520ebad
2025-12-11T12:09:35.269296100Z-690858666186200-1,[I@4520ebad
2025-12-11T12:09:35.269296100Z-690858666254100-5
2025-12-11T12:09:35.529497800Z-690858926461800-true
2025-12-11T12:09:37.007829500Z-690860404993900-false
2025-12-11T12:09:37.008839400Z-690860405474800-in
2025-12-11T12:09:37.008839400Z-690860405658500-0,[I@490ab905
2025-12-11T12:09:37.008839400Z-690860405817800-1,[I@490ab905
2025-12-11T12:09:37.008839400Z-690860405897200-0
2025-12-11T12:09:37.009838100Z-690860406042900-in
2025-12-11T12:09:37.009838100Z-690860406124200-0,[I@56ac3a89
2025-12-11T12:09:37.009838100Z-690860406194600-1,[I@56ac3a89
2025-12-11T12:09:37.009838100Z-690860406261200-2
2025-12-11T12:09:37.009838100Z-690860406391900-in
2025-12-11T12:09:37.009838100Z-690860406494900-0,[I@27c20538
2025-12-11T12:09:37.009838100Z-690860406588100-1,[I@27c20538
2025-12-11T12:09:37.009838100Z-690860406669200-4
2025-12-11T12:09:37.009838100Z-690860406826800-in
2025-12-11T12:09:37.009838100Z-690860406946900-0,[I@72d818d1
2025-12-11T12:09:37.009838100Z-690860407034800-1,[I@72d818d1
2025-12-11T12:09:37.009838100Z-690860407127900-1
2025-12-11T12:09:37.009838100Z-690860407243100-in
2025-12-11T12:09:37.009838100Z-690860407338200-0,[I@6e06451e
2025-12-11T12:09:37.009838100Z-690860407435200-1,[I@6e06451e
2025-12-11T12:09:37.009838100Z-690860407513100-3
2025-12-11T12:09:37.009838100Z-690860407604500-in
2025-12-11T12:09:37.009838100Z-690860407694900-0,[I@59494225
2025-12-11T12:09:37.009838100Z-690860407807400-1,[I@59494225
2025-12-11T12:09:37.009838100Z-690860407893100-5
2025-12-11T12:09:37.391798300Z-690860788464400-false
2025-12-11T12:09:37.391798300Z-690860788913400-in
2025-12-11T12:09:37.391798300Z-690860789067300-0,[I@6325a3ee
2025-12-11T12:09:37.391798300Z-690860789149800-1,[I@6325a3ee
2025-12-11T12:09:37.391798300Z-690860789223100-0
2025-12-11T12:09:37.391798300Z-690860789331400-in
2025-12-11T12:09:37.391798300Z-690860789405400-0,[I@1d16f93d
2025-12-11T12:09:37.393303500Z-690860789519600-1,[I@1d16f93d
2025-12-11T12:09:37.393303500Z-690860789580400-2
2025-12-11T12:09:37.393303500Z-690860789764800-in
2025-12-11T12:09:37.393303500Z-690860789843400-0,[I@67b92f0a
2025-12-11T12:09:37.393303500Z-690860789942700-1,[I@67b92f0a
2025-12-11T12:09:37.393303500Z-690860790006600-4
2025-12-11T12:09:37.393303500Z-690860790083500-in
2025-12-11T12:09:37.393303500Z-690860790151000-0,[I@2b9627bc
2025-12-11T12:09:37.393303500Z-690860790274100-1,[I@2b9627bc
2025-12-11T12:09:37.393303500Z-690860790353300-1
2025-12-11T12:09:37.393303500Z-690860790436100-in
2025-12-11T12:09:37.394300500Z-690860790538600-0,[I@65e2dbf3
2025-12-11T12:09:37.394300500Z-690860790617800-1,[I@65e2dbf3
2025-12-11T12:09:37.394300500Z-690860790677600-3
2025-12-11T12:09:37.394300500Z-690860790758600-in
2025-12-11T12:09:37.394300500Z-690860790866900-0,[I@4f970963
2025-12-11T12:09:37.394300500Z-690860790942500-1,[I@4f970963
2025-12-11T12:09:37.394300500Z-690860791005500-5
2025-12-11T12:09:39.116691700Z-690862513705500-in2
2025-12-11T12:09:39.118289900Z-690862514730400-0,[I@783a0192
2025-12-11T12:09:39.118289900Z-690862515081800-1,[I@783a0192
2025-12-11T12:09:39.118289900Z-690862515269800-2,[I@783a0192
2025-12-11T12:09:39.119373700Z-690862515765300-3,[1, 1, 0]
2025-12-11T12:09:39.194306800Z-690862590871700-in2
2025-12-11T12:09:39.194306800Z-690862591181200-0,[I@783a0192
2025-12-11T12:09:39.194306800Z-690862591346600-1,[I@783a0192
2025-12-11T12:09:39.194306800Z-690862591454900-2,[I@783a0192
2025-12-11T12:09:39.195299Z-690862591529000-0,[0, 0, 0]
2025-12-11T12:09:39.784770300Z-690863181716300-in2
2025-12-11T12:09:39.784770300Z-690863182114400-0,[I@783a0192
2025-12-11T12:09:39.786152Z-690863182478100-1,[I@783a0192
2025-12-11T12:09:39.786152Z-690863182646400-2,[I@783a0192
2025-12-11T12:09:39.786152Z-690863182746000-2,[0, 1, 0]
2025-12-11T12:09:39.955896100Z-690863352962600-in2
2025-12-11T12:09:39.955896100Z-690863353306100-0,[I@783a0192
2025-12-11T12:09:39.957128700Z-690863353526400-1,[I@783a0192
2025-12-11T12:09:39.957128700Z-690863353717300-2,[I@783a0192
2025-12-11T12:09:39.957128700Z-690863353818200-4,[0, 2, 0]
2025-12-11T12:09:40.324498800Z-690863720932600-in2
2025-12-11T12:09:40.324498800Z-690863721225100-0,[I@783a0192
2025-12-11T12:09:40.324498800Z-690863721296700-1,[I@783a0192
2025-12-11T12:09:40.324498800Z-690863721356500-2,[I@783a0192
2025-12-11T12:09:40.324498800Z-690863721415000-2,[0, 1, 0]
2025-12-11T12:09:40.405159200Z-690863801600300-in2
2025-12-11T12:09:40.405159200Z-690863801945700-0,[I@783a0192
2025-12-11T12:09:40.405159200Z-690863802104400-1,[I@783a0192
2025-12-11T12:09:40.405159200Z-690863802176600-2,[I@783a0192
2025-12-11T12:09:40.405159200Z-690863802237500-3,[1, 1, 0]
2025-12-11T12:09:40.497766600Z-690863894810800-in2
2025-12-11T12:09:40.497766600Z-690863895094700-0,[I@783a0192
2025-12-11T12:09:40.497766600Z-690863895168800-1,[I@783a0192
2025-12-11T12:09:40.497766600Z-690863895314300-2,[I@783a0192
2025-12-11T12:09:40.499133900Z-690863895418800-5,[1, 2, 0]
2025-12-11T12:09:40.601666400Z-690863998343100-in2
2025-12-11T12:09:40.601666400Z-690863999057400-0,[I@783a0192
2025-12-11T12:09:40.603052700Z-690863999703400-1,[I@783a0192
2025-12-11T12:09:40.603052700Z-690864000616000-2,[I@783a0192
2025-12-11T12:09:40.604550500Z-690864001053000-4,[0, 2, 0]
2025-12-11T12:09:41.411164700Z-690864807464800-in2
2025-12-11T12:09:41.411164700Z-690864808147200-0,[I@783a0192
2025-12-11T12:09:41.411164700Z-690864808381900-1,[I@783a0192
2025-12-11T12:09:41.411164700Z-690864808595700-2,[I@783a0192
2025-12-11T12:09:41.412523900Z-690864808827400-4,[0, 2, 0]
2025-12-11T12:09:41.495623600Z-690864892921000-in2
2025-12-11T12:09:41.495623600Z-690864893251300-0,[I@783a0192
2025-12-11T12:09:41.497094100Z-690864893397200-1,[I@783a0192
2025-12-11T12:09:41.497094100Z-690864893479800-2,[I@783a0192
2025-12-11T12:09:41.497094100Z-690864893690600-2,[0, 1, 0]
2025-12-11T12:09:41.575112200Z-690864972598300-in2
2025-12-11T12:09:41.576434800Z-690864973061400-0,[I@783a0192
2025-12-11T12:09:41.576434800Z-690864973263100-1,[I@783a0192
2025-12-11T12:09:41.576434800Z-690864973612500-2,[I@783a0192
2025-12-11T12:09:41.577503600Z-690864974076300-0,[0, 0, 0]
2025-12-11T12:09:42.176248500Z-690865573600700-in2
2025-12-11T12:09:42.177675600Z-690865573886000-0,[I@783a0192
2025-12-11T12:09:42.177675600Z-690865573980800-1,[I@783a0192
2025-12-11T12:09:42.177675600Z-690865574049400-2,[I@783a0192
2025-12-11T12:09:42.177675600Z-690865574110100-5,[1, 2, 0]
2025-12-11T12:09:42.642278200Z-690866039003400-false
2025-12-11T12:09:42.642278200Z-690866039453600-in
2025-12-11T12:09:42.642278200Z-690866039600800-0,[I@6fd135b3
2025-12-11T12:09:42.643491400Z-690866039686800-1,[I@6fd135b3
2025-12-11T12:09:42.643491400Z-690866039753700-0
2025-12-11T12:09:42.643491400Z-690866039896500-in
2025-12-11T12:09:42.643491400Z-690866039981500-0,[I@797f2561
2025-12-11T12:09:42.643491400Z-690866040191600-1,[I@797f2561
2025-12-11T12:09:42.643491400Z-690866040434300-2
2025-12-11T12:09:42.643491400Z-690866040577000-in
2025-12-11T12:09:42.643491400Z-690866040679100-0,[I@f3777e6
2025-12-11T12:09:42.644510300Z-690866040795600-1,[I@f3777e6
2025-12-11T12:09:42.644510300Z-690866040859900-4
2025-12-11T12:09:42.644510300Z-690866040939000-in
2025-12-11T12:09:42.644510300Z-690866041002600-0,[I@b132ac9
2025-12-11T12:09:42.644510300Z-690866041063600-1,[I@b132ac9
2025-12-11T12:09:42.644510300Z-690866041156700-1
2025-12-11T12:09:42.644510300Z-690866041325900-in
2025-12-11T12:09:42.644510300Z-690866041474600-0,[I@6d09eab5
2025-12-11T12:09:42.644510300Z-690866041569400-1,[I@6d09eab5
2025-12-11T12:09:42.644510300Z-690866041643900-3
2025-12-11T12:09:42.645509400Z-690866041786700-in
2025-12-11T12:09:42.645509400Z-690866041916000-0,[I@6ddd8e58
2025-12-11T12:09:42.645509400Z-690866042002600-1,[I@6ddd8e58
2025-12-11T12:09:42.645509400Z-690866042073200-5
2025-12-11T12:09:43.675884100Z-690867072645000-false
2025-12-11T12:09:43.675884100Z-690867073009400-in
2025-12-11T12:09:43.676882400Z-690867073161900-0,[I@163aed19
2025-12-11T12:09:43.676882400Z-690867073307900-1,[I@163aed19
2025-12-11T12:09:43.676882400Z-690867073406200-0
2025-12-11T12:09:43.676882400Z-690867073547500-in
2025-12-11T12:09:43.676882400Z-690867073631000-0,[I@32d96e54
2025-12-11T12:09:43.676882400Z-690867073694900-1,[I@32d96e54
2025-12-11T12:09:43.676882400Z-690867073750000-2
2025-12-11T12:09:43.676882400Z-690867073856300-in
2025-12-11T12:09:43.676882400Z-690867073926500-0,[I@4ddba189
2025-12-11T12:09:43.676882400Z-690867073987200-1,[I@4ddba189
2025-12-11T12:09:43.676882400Z-690867074040400-4
2025-12-11T12:09:43.676882400Z-690867074120700-in
2025-12-11T12:09:43.676882400Z-690867074175600-0,[I@287a6140
2025-12-11T12:09:43.676882400Z-690867074224800-1,[I@287a6140
2025-12-11T12:09:43.676882400Z-690867074268800-1
2025-12-11T12:09:43.676882400Z-690867074359300-in
2025-12-11T12:09:43.676882400Z-690867074417700-0,[I@69691373
2025-12-11T12:09:43.676882400Z-690867074474100-1,[I@69691373
2025-12-11T12:09:43.676882400Z-690867074530100-3
2025-12-11T12:09:43.678386Z-690867074766200-in
2025-12-11T12:09:43.678386Z-690867074910900-0,[I@103b7bc4
2025-12-11T12:09:43.678386Z-690867074999200-1,[I@103b7bc4
2025-12-11T12:09:43.678386Z-690867075067400-5
2025-12-11T12:09:43.913237500Z-690867309890300-false
2025-12-11T12:09:44.707085600Z-690868104299900-in2
2025-12-11T12:09:44.708088400Z-690868104616600-0,[I@783a0192
2025-12-11T12:09:44.708088400Z-690868104721000-1,[I@783a0192
2025-12-11T12:09:44.708088400Z-690868104848200-2,[I@783a0192
2025-12-11T12:09:44.708088400Z-690868104923900-5,[1, 2, 0]
2025-12-11T12:09:44.881156700Z-690868277517300-false
2025-12-11T12:09:44.881156700Z-690868277862200-in
2025-12-11T12:09:44.881156700Z-690868277982800-0,[I@4771a763
2025-12-11T12:09:44.881156700Z-690868278068200-1,[I@4771a763
2025-12-11T12:09:44.881156700Z-690868278130800-0
2025-12-11T12:09:44.881156700Z-690868278258000-in
2025-12-11T12:09:44.881156700Z-690868278335000-0,[I@7f00c098
2025-12-11T12:09:44.881156700Z-690868278404900-1,[I@7f00c098
2025-12-11T12:09:44.881156700Z-690868278454300-2
2025-12-11T12:09:44.881156700Z-690868278562300-in
2025-12-11T12:09:44.881156700Z-690868278625100-0,[I@1b17f7ef
2025-12-11T12:09:44.881156700Z-690868278685700-1,[I@1b17f7ef
2025-12-11T12:09:44.881156700Z-690868278741400-4
2025-12-11T12:09:44.882581600Z-690868278802100-in
2025-12-11T12:09:44.882581600Z-690868278872500-0,[I@233634d4
2025-12-11T12:09:44.882581600Z-690868278923700-1,[I@233634d4
2025-12-11T12:09:44.882581600Z-690868278969900-1
2025-12-11T12:09:44.882581600Z-690868279050300-in
2025-12-11T12:09:44.882581600Z-690868279113500-0,[I@69b6c56e
2025-12-11T12:09:44.882581600Z-690868279176700-1,[I@69b6c56e
2025-12-11T12:09:44.882581600Z-690868279252800-3
2025-12-11T12:09:44.882581600Z-690868279312300-in
2025-12-11T12:09:44.882581600Z-690868279365900-0,[I@104bdcc0
2025-12-11T12:09:44.882581600Z-690868279415700-1,[I@104bdcc0
2025-12-11T12:09:44.882581600Z-690868279471200-5
2025-12-11T12:09:45.131658800Z-690868527997300-false
2025-12-11T12:09:45.627812300Z-690869024962800-in2
2025-12-11T12:09:45.628813600Z-690869025302100-0,[I@783a0192
2025-12-11T12:09:45.628813600Z-690869025431100-1,[I@783a0192
2025-12-11T12:09:45.628813600Z-690869025572300-2,[I@783a0192
2025-12-11T12:09:45.628813600Z-690869025659000-5,[1, 2, 0]
2025-12-11T12:09:46.062477600Z-690869458978700-false
2025-12-11T12:09:46.062477600Z-690869459334500-in
2025-12-11T12:09:46.062477600Z-690869459601200-0,[I@27fb57cd
2025-12-11T12:09:46.063479300Z-690869459733800-1,[I@27fb57cd
2025-12-11T12:09:46.063479300Z-690869459828000-0
2025-12-11T12:09:46.063479300Z-690869460110500-in
2025-12-11T12:09:46.063479300Z-690869460271700-0,[I@29c3dc68
2025-12-11T12:09:46.063479300Z-690869460358200-1,[I@29c3dc68
2025-12-11T12:09:46.063479300Z-690869460423900-2
2025-12-11T12:09:46.063479300Z-690869460525900-in
2025-12-11T12:09:46.063479300Z-690869460605100-0,[I@47bf0ec0
2025-12-11T12:09:46.064481600Z-690869460911300-1,[I@47bf0ec0
2025-12-11T12:09:46.064481600Z-690869461050100-4
2025-12-11T12:09:46.064481600Z-690869461191200-in
2025-12-11T12:09:46.064481600Z-690869461292000-0,[I@3be7372a
2025-12-11T12:09:46.064481600Z-690869461363500-1,[I@3be7372a
2025-12-11T12:09:46.064481600Z-690869461430600-1
2025-12-11T12:09:46.064481600Z-690869461528000-in
2025-12-11T12:09:46.064481600Z-690869461630700-0,[I@465f5aa4
2025-12-11T12:09:46.065478400Z-690869461684400-1,[I@465f5aa4
2025-12-11T12:09:46.065478400Z-690869461726500-3
2025-12-11T12:09:46.065478400Z-690869461795300-in
2025-12-11T12:09:46.065478400Z-690869461842500-0,[I@71c8ee9b
2025-12-11T12:09:46.065478400Z-690869461886500-1,[I@71c8ee9b
2025-12-11T12:09:46.065478400Z-690869461932400-5
2025-12-11T12:09:50.297151700Z-690873693781400-in2
2025-12-11T12:09:50.297151700Z-690873694063800-0,[I@783a0192
2025-12-11T12:09:50.297151700Z-690873694140500-1,[I@783a0192
2025-12-11T12:09:50.297151700Z-690873694204600-2,[I@783a0192
2025-12-11T12:09:50.297151700Z-690873694261200-5,[1, 2, 0]
2025-12-11T12:09:50.630963Z-690874028276200-in2
2025-12-11T12:09:50.630963Z-690874028541400-0,[I@783a0192
2025-12-11T12:09:50.630963Z-690874028608200-1,[I@783a0192
2025-12-11T12:09:50.630963Z-690874028655300-2,[I@783a0192
2025-12-11T12:09:50.632514800Z-690874028701200-4,[0, 2, 0]
2025-12-11T12:09:51.629608600Z-690875026141100-in2
2025-12-11T12:09:51.630115Z-690875026470300-0,[I@783a0192
2025-12-11T12:09:51.630115Z-690875026568400-1,[I@783a0192
2025-12-11T12:09:51.630115Z-690875026698000-2,[I@783a0192
2025-12-11T12:09:51.630115Z-690875026773500-4,[0, 2, 0]
2025-12-11T12:09:52.971952400Z-690876368818900-end