2025-12-10T19:31:25.906022300Z-630957628306300-in3
2025-12-10T19:31:25.906022300Z-630957628726200-[]
2025-12-10T19:31:25.912444Z-630957633610500-[I@2cdf8d8a
2025-12-10T19:31:25.912444Z-630957633893400-in3
2025-12-10T19:31:25.912444Z-630957634085200-0
2025-12-10T19:31:25.912444Z-630957634222700-[1]
2025-12-10T19:31:25.912444Z-630957634341300-[I@30946e09
2025-12-10T19:31:25.912444Z-630957634509000-1
2025-12-10T19:31:25.912444Z-630957634961700-in3
2025-12-10T19:31:25.914195900Z-630957635127600-0
2025-12-10T19:31:25.914195900Z-630957635957700-[1]
2025-12-10T19:31:25.914195900Z-630957636230700-[I@46fbb2c1
2025-12-10T19:31:25.914195900Z-630957636389400-
2025-12-10T19:31:25.914195900Z-630957636503300-.
2025-12-10T19:31:26.559209700Z-630958281003400-false
2025-12-10T19:31:26.576133700Z-630958297617100-in
2025-12-10T19:31:26.580137700Z-630958301423400-0,[I@32d992b2
2025-12-10T19:31:26.581136200Z-630958302430400-1,[I@32d992b2
2025-12-10T19:31:26.581136200Z-630958302551800-0
2025-12-10T19:31:26.583139800Z-630958304648900-in
2025-12-10T19:31:26.583139800Z-630958304849500-0,[I@9629756
2025-12-10T19:31:26.583139800Z-630958304908400-1,[I@9629756
2025-12-10T19:31:26.584134Z-630958304958400-2
2025-12-10T19:31:26.584134Z-630958305111100-in
2025-12-10T19:31:26.584134Z-630958305219800-0,[I@62ee68d8
2025-12-10T19:31:26.584134Z-630958305286800-1,[I@62ee68d8
2025-12-10T19:31:26.584134Z-630958305350800-4
2025-12-10T19:31:26.584134Z-630958305423400-in
2025-12-10T19:31:26.584134Z-630958305646100-0,[I@735b5592
2025-12-10T19:31:26.584134Z-630958305744500-1,[I@735b5592
2025-12-10T19:31:26.584134Z-630958305803300-1
2025-12-10T19:31:26.584134Z-630958305873600-in
2025-12-10T19:31:26.584134Z-630958305924200-0,[I@58651fd0
2025-12-10T19:31:26.585137100Z-630958306033600-1,[I@58651fd0
2025-12-10T19:31:26.585137100Z-630958306091600-3
2025-12-10T19:31:26.585137100Z-630958306162900-in
2025-12-10T19:31:26.585137100Z-630958306209100-0,[I@4520ebad
2025-12-10T19:31:26.585137100Z-630958306264600-1,[I@4520ebad
2025-12-10T19:31:26.585137100Z-630958306323600-5
2025-12-10T19:31:26.694809500Z-630958416189600-true
2025-12-10T19:31:27.529730500Z-630959252107400-false
2025-12-10T19:31:27.531477300Z-630959252463800-in
2025-12-10T19:31:27.531477300Z-630959252588100-0,[I@490ab905
2025-12-10T19:31:27.531477300Z-630959252649500-1,[I@490ab905
2025-12-10T19:31:27.531477300Z-630959252697600-0
2025-12-10T19:31:27.531477300Z-630959252801500-in
2025-12-10T19:31:27.531477300Z-630959252961200-0,[I@56ac3a89
2025-12-10T19:31:27.531477300Z-630959253108800-1,[I@56ac3a89
2025-12-10T19:31:27.531477300Z-630959253198400-2
2025-12-10T19:31:27.532493100Z-630959253297400-in
2025-12-10T19:31:27.532493100Z-630959253363400-0,[I@27c20538
2025-12-10T19:31:27.532493100Z-630959253462000-1,[I@27c20538
2025-12-10T19:31:27.532493100Z-630959253516800-4
2025-12-10T19:31:27.532493100Z-630959253605200-in
2025-12-10T19:31:27.532493100Z-630959253705000-0,[I@72d818d1
2025-12-10T19:31:27.532493100Z-630959253845600-1,[I@72d818d1
2025-12-10T19:31:27.532493100Z-630959253941600-1
2025-12-10T19:31:27.532493100Z-630959254052400-in
2025-12-10T19:31:27.532493100Z-630959254146600-0,[I@6e06451e
2025-12-10T19:31:27.532493100Z-630959254260400-1,[I@6e06451e
2025-12-10T19:31:27.533493700Z-630959254359300-3
2025-12-10T19:31:27.533493700Z-630959254443600-in
2025-12-10T19:31:27.533493700Z-630959254557400-0,[I@59494225
2025-12-10T19:31:27.533493700Z-630959254741000-1,[I@59494225
2025-12-10T19:31:27.533493700Z-630959254823600-5
2025-12-10T19:31:28.244896300Z-630959966291500-false
2025-12-10T19:31:28.244896300Z-630959966630000-in
2025-12-10T19:31:28.245897300Z-630959966723500-0,[I@6325a3ee
2025-12-10T19:31:28.245897300Z-630959966788700-1,[I@6325a3ee
2025-12-10T19:31:28.245897300Z-630959966838100-0
2025-12-10T19:31:28.245897300Z-630959966928000-in
2025-12-10T19:31:28.245897300Z-630959966993100-0,[I@1d16f93d
2025-12-10T19:31:28.245897300Z-630959967113600-1,[I@1d16f93d
2025-12-10T19:31:28.245897300Z-630959967187100-2
2025-12-10T19:31:28.245897300Z-630959967258300-in
2025-12-10T19:31:28.245897300Z-630959967392100-0,[I@67b92f0a
2025-12-10T19:31:28.246883500Z-630959967816100-1,[I@67b92f0a
2025-12-10T19:31:28.246883500Z-630959968103100-4
2025-12-10T19:31:28.246883500Z-630959968355000-in
2025-12-10T19:31:28.246883500Z-630959968515400-0,[I@2b9627bc
2025-12-10T19:31:28.246883500Z-630959968712100-1,[I@2b9627bc
2025-12-10T19:31:28.247880300Z-630959968979300-1
2025-12-10T19:31:28.247880300Z-630959969211700-in
2025-12-10T19:31:28.247880300Z-630959969406600-0,[I@65e2dbf3
2025-12-10T19:31:28.248891200Z-630959969795400-1,[I@65e2dbf3
2025-12-10T19:31:28.248891200Z-630959969927600-3
2025-12-10T19:31:28.248891200Z-630959970011100-in
2025-12-10T19:31:28.248891200Z-630959970154600-0,[I@4f970963
2025-12-10T19:31:28.248891200Z-630959970313400-1,[I@4f970963
2025-12-10T19:31:28.248891200Z-630959970458100-5
2025-12-10T19:31:28.993949100Z-630960715300600-in2
2025-12-10T19:31:28.994946300Z-630960715984400-0,[I@853b00
2025-12-10T19:31:28.994946300Z-630960716183900-1,[I@853b00
2025-12-10T19:31:28.994946300Z-630960716268300-2,[I@853b00
2025-12-10T19:31:28.994946300Z-630960716497900-4,[0, 2, 0]
2025-12-10T19:31:29.249978700Z-630960971579300-in2
2025-12-10T19:31:29.250979900Z-630960972065500-0,[I@853b00
2025-12-10T19:31:29.250979900Z-630960972333500-1,[I@853b00
2025-12-10T19:31:29.250979900Z-630960972454500-2,[I@853b00
2025-12-10T19:31:29.250979900Z-630960972509100-5,[1, 2, 0]
2025-12-10T19:31:29.404329200Z-630961126086300-in2
2025-12-10T19:31:29.405324300Z-630961126361600-0,[I@853b00
2025-12-10T19:31:29.405324300Z-630961126495500-1,[I@853b00
2025-12-10T19:31:29.405324300Z-630961126571900-2,[I@853b00
2025-12-10T19:31:29.405324300Z-630961126649700-5,[1, 2, 0]
2025-12-10T19:31:29.505133500Z-630961226802800-in2
2025-12-10T19:31:29.506135200Z-630961227093900-0,[I@853b00
2025-12-10T19:31:29.506135200Z-630961227173900-1,[I@853b00
2025-12-10T19:31:29.506135200Z-630961227263600-2,[I@853b00
2025-12-10T19:31:29.506135200Z-630961227391600-4,[0, 2, 0]
2025-12-10T19:31:29.607269100Z-630961328965700-in2
2025-12-10T19:31:29.608272700Z-630961329232200-0,[I@853b00
2025-12-10T19:31:29.608272700Z-630961329289700-1,[I@853b00
2025-12-10T19:31:29.608272700Z-630961329330600-2,[I@853b00
2025-12-10T19:31:29.608272700Z-630961329371500-2,[0, 1, 0]
2025-12-10T19:31:29.780419700Z-630961501394700-in2
2025-12-10T19:31:29.780419700Z-630961501695500-0,[I@853b00
2025-12-10T19:31:29.780419700Z-630961501814000-1,[I@853b00
2025-12-10T19:31:29.780419700Z-630961501871600-2,[I@853b00
2025-12-10T19:31:29.780419700Z-630961501909700-2,[0, 1, 0]
2025-12-10T19:31:29.874079700Z-630961595956400-in2
2025-12-10T19:31:29.875079900Z-630961596170200-0,[I@853b00
2025-12-10T19:31:29.875079900Z-630961596220700-1,[I@853b00
2025-12-10T19:31:29.875079900Z-630961596327200-2,[I@853b00
2025-12-10T19:31:29.875079900Z-630961596383000-3,[1, 1, 0]
2025-12-10T19:31:29.905615400Z-630961626499700-in2
2025-12-10T19:31:29.905615400Z-630961626884700-0,[I@853b00
2025-12-10T19:31:29.905615400Z-630961627083700-1,[I@853b00
2025-12-10T19:31:29.905615400Z-630961627182900-2,[I@853b00
2025-12-10T19:31:29.905615400Z-630961627362600-3,[1, 1, 0]
2025-12-10T19:31:30.015175500Z-630961736272700-in2
2025-12-10T19:31:30.015175500Z-630961736590200-0,[I@853b00
2025-12-10T19:31:30.015175500Z-630961736673600-1,[I@853b00
2025-12-10T19:31:30.015175500Z-630961736714900-2,[I@853b00
2025-12-10T19:31:30.015175500Z-630961736761300-2,[0, 1, 0]
2025-12-10T19:31:34.481309400Z-630966203055800-false
2025-12-10T19:31:34.482329600Z-630966203736600-in
2025-12-10T19:31:34.482329600Z-630966203898300-0,[I@26ff79a2
2025-12-10T19:31:34.482329600Z-630966204055800-1,[I@26ff79a2
2025-12-10T19:31:34.483331700Z-630966204133100-0
2025-12-10T19:31:34.483331700Z-630966204300000-in
2025-12-10T19:31:34.483331700Z-630966204429800-0,[I@77de13a8
2025-12-10T19:31:34.483331700Z-630966204509400-1,[I@77de13a8
2025-12-10T19:31:34.483331700Z-630966204564300-2
2025-12-10T19:31:34.483331700Z-630966204785200-in
2025-12-10T19:31:34.483331700Z-630966204920700-0,[I@418ebee3
2025-12-10T19:31:34.484275400Z-630966205107100-1,[I@418ebee3
2025-12-10T19:31:34.484275400Z-630966205161200-4
2025-12-10T19:31:34.484275400Z-630966205226700-in
2025-12-10T19:31:34.484275400Z-630966205286100-0,[I@930620
2025-12-10T19:31:34.484275400Z-630966205330600-1,[I@930620
2025-12-10T19:31:34.484275400Z-630966205369800-1
2025-12-10T19:31:34.484275400Z-630966205419400-in
2025-12-10T19:31:34.484275400Z-630966205464400-0,[I@5d7c4df9
2025-12-10T19:31:34.484275400Z-630966205506300-1,[I@5d7c4df9
2025-12-10T19:31:34.484275400Z-630966205550500-3
2025-12-10T19:31:34.484275400Z-630966205599500-in
2025-12-10T19:31:34.484275400Z-630966205644400-0,[I@5a3856ad
2025-12-10T19:31:34.484275400Z-630966205710500-1,[I@5a3856ad
2025-12-10T19:31:34.484275400Z-630966205763500-5
2025-12-10T19:31:34.670832300Z-630966392486600-false
2025-12-10T19:31:35.536843Z-630967257813800-false
2025-12-10T19:31:35.536843Z-630967258424600-in
2025-12-10T19:31:35.536843Z-630967258621600-0,[I@7a39eec2
2025-12-10T19:31:35.537839Z-630967258747900-1,[I@7a39eec2
2025-12-10T19:31:35.537839Z-630967258848400-0
2025-12-10T19:31:35.537839Z-630967259052000-in
2025-12-10T19:31:35.537839Z-630967259179000-0,[I@5ab5becd
2025-12-10T19:31:35.537839Z-630967259347300-1,[I@5ab5becd
2025-12-10T19:31:35.537839Z-630967259437900-2
2025-12-10T19:31:35.537839Z-630967259570600-in
2025-12-10T19:31:35.538840300Z-630967259705900-0,[I@15f6d815
2025-12-10T19:31:35.538840300Z-630967259812500-1,[I@15f6d815
2025-12-10T19:31:35.538840300Z-630967259903900-4
2025-12-10T19:31:35.538840300Z-630967260030900-in
2025-12-10T19:31:35.538840300Z-630967260152500-0,[I@1c5af98
2025-12-10T19:31:35.538840300Z-630967260254500-1,[I@1c5af98
2025-12-10T19:31:35.538840300Z-630967260389600-1
2025-12-10T19:31:35.538840300Z-630967260523600-in
2025-12-10T19:31:35.538840300Z-630967260632600-0,[I@343f0e9c
2025-12-10T19:31:35.539843400Z-630967260733300-1,[I@343f0e9c
2025-12-10T19:31:35.539843400Z-630967260819400-3
2025-12-10T19:31:35.539843400Z-630967260922500-in
2025-12-10T19:31:35.539843400Z-630967261000700-0,[I@438b9d00
2025-12-10T19:31:35.539843400Z-630967261088500-1,[I@438b9d00
2025-12-10T19:31:35.539843400Z-630967261156800-5
2025-12-10T19:31:35.973075500Z-630967694708600-false
2025-12-10T19:31:36.105119100Z-630967833910900-in2
2025-12-10T19:31:36.105119100Z-630967834413100-0,[I@853b00
2025-12-10T19:31:36.105119100Z-630967834515400-1,[I@853b00
2025-12-10T19:31:36.105119100Z-630967834592900-2,[I@853b00
2025-12-10T19:31:36.105119100Z-630967834669200-5,[1, 2, 0]
2025-12-10T19:31:36.382091900Z-630968103483200-false
2025-12-10T19:31:36.383091500Z-630968103971100-in
2025-12-10T19:31:36.383091500Z-630968104128500-0,[I@76a68bb
2025-12-10T19:31:36.383091500Z-630968104300700-1,[I@76a68bb
2025-12-10T19:31:36.383091500Z-630968104538100-0
2025-12-10T19:31:36.383091500Z-630968104765100-in
2025-12-10T19:31:36.384090200Z-630968104924600-0,[I@23effde7
2025-12-10T19:31:36.384090200Z-630968105064400-1,[I@23effde7
2025-12-10T19:31:36.384090200Z-630968105137400-2
2025-12-10T19:31:36.384090200Z-630968105230200-in
2025-12-10T19:31:36.384090200Z-630968105722300-0,[I@3dde78be
2025-12-10T19:31:36.384090200Z-630968105873600-1,[I@3dde78be
2025-12-10T19:31:36.385095800Z-630968105951400-4
2025-12-10T19:31:36.385095800Z-630968106084000-in
2025-12-10T19:31:36.385095800Z-630968106161900-0,[I@6af1e23e
2025-12-10T19:31:36.385095800Z-630968106234600-1,[I@6af1e23e
2025-12-10T19:31:36.385095800Z-630968106299100-1
2025-12-10T19:31:36.385095800Z-630968106385800-in
2025-12-10T19:31:36.385095800Z-630968106456800-0,[I@3e0a606b
2025-12-10T19:31:36.385095800Z-630968106525400-1,[I@3e0a606b
2025-12-10T19:31:36.385095800Z-630968106590800-3
2025-12-10T19:31:36.385095800Z-630968106668700-in
2025-12-10T19:31:36.385095800Z-630968106739000-0,[I@6256a288
2025-12-10T19:31:36.385095800Z-630968106839100-1,[I@6256a288
2025-12-10T19:31:36.386088800Z-630968106904400-5
2025-12-10T19:31:37.026310500Z-630968748201900-in2
2025-12-10T19:31:37.026310500Z-630968748650300-0,[I@853b00
2025-12-10T19:31:37.027902600Z-630968748762900-1,[I@853b00
2025-12-10T19:31:37.027902600Z-630968748852500-2,[I@853b00
2025-12-10T19:31:37.027902600Z-630968748930800-5,[1, 2, 0]
2025-12-10T19:31:37.860473700Z-630969581462300-false
2025-12-10T19:31:37.860473700Z-630969581762900-in
2025-12-10T19:31:37.860473700Z-630969581885700-0,[I@4a253aab
2025-12-10T19:31:37.860473700Z-630969581975400-1,[I@4a253aab
2025-12-10T19:31:37.860473700Z-630969582023300-0
2025-12-10T19:31:37.860473700Z-630969582120700-in
2025-12-10T19:31:37.860473700Z-630969582169700-0,[I@25fb028b
2025-12-10T19:31:37.860473700Z-630969582214800-1,[I@25fb028b
2025-12-10T19:31:37.860473700Z-630969582257400-2
2025-12-10T19:31:37.861473700Z-630969582308200-in
2025-12-10T19:31:37.861473700Z-630969582360900-0,[I@296c6e2
2025-12-10T19:31:37.861473700Z-630969582408700-1,[I@296c6e2
2025-12-10T19:31:37.861473700Z-630969582455700-4
2025-12-10T19:31:37.861473700Z-630969582504900-in
2025-12-10T19:31:37.861473700Z-630969582548200-0,[I@206a25d9
2025-12-10T19:31:37.861473700Z-630969582590000-1,[I@206a25d9
2025-12-10T19:31:37.861473700Z-630969582627400-1
2025-12-10T19:31:37.861473700Z-630969582675700-in
2025-12-10T19:31:37.861473700Z-630969582737900-0,[I@4379b31d
2025-12-10T19:31:37.861473700Z-630969582783100-1,[I@4379b31d
2025-12-10T19:31:37.861473700Z-630969582822400-3
2025-12-10T19:31:37.861473700Z-630969582869900-in
2025-12-10T19:31:37.861473700Z-630969582913900-0,[I@3eeb1ea3
2025-12-10T19:31:37.861473700Z-630969582958100-1,[I@3eeb1ea3
2025-12-10T19:31:37.861473700Z-630969582995700-5
2025-12-10T19:31:38.175903600Z-630969897097600-in2
2025-12-10T19:31:38.175903600Z-630969897488500-0,[I@853b00
2025-12-10T19:31:38.175903600Z-630969897642800-1,[I@853b00
2025-12-10T19:31:38.176903600Z-630969897758400-2,[I@853b00
2025-12-10T19:31:38.176903600Z-630969897894100-5,[1, 2, 0]
2025-12-10T19:31:43.823517700Z-630975545576500-in2
2025-12-10T19:31:43.824950300Z-630975545877000-0,[I@853b00
2025-12-10T19:31:43.824950300Z-630975545950000-1,[I@853b00
2025-12-10T19:31:43.824950300Z-630975546003300-2,[I@853b00
2025-12-10T19:31:43.824950300Z-630975546054000-5,[1, 2, 0]
2025-12-10T19:31:43.906281Z-630975627153900-in2
2025-12-10T19:31:43.906281Z-630975627622500-0,[I@853b00
2025-12-10T19:31:43.906281Z-630975627764300-1,[I@853b00
2025-12-10T19:31:43.906281Z-630975627883100-2,[I@853b00
2025-12-10T19:31:43.906281Z-630975627951100-4,[0, 2, 0]
