2026-01-16T16:45:05.801633100Z-1553151406890700-in3
2026-01-16T16:45:05.802631600Z-1553151407532800-tic_tac_toc$game$kit_with_logger$$Lambda/0x000001cbba00b430@67424e82
2026-01-16T16:45:05.802631600Z-1553151407756200-1732398722
2026-01-16T16:45:05.802631600Z-1553151407899500-[]
2026-01-16T16:45:05.808643700Z-1553151413131300-[I@443b7951
2026-01-16T16:45:05.808643700Z-1553151413441200-in3
2026-01-16T16:45:05.808643700Z-1553151413573200-tic_tac_toc$game$kit_with_logger$$Lambda/0x000001cbba00b430@14514713
2026-01-16T16:45:05.808643700Z-1553151413727800-340870931
2026-01-16T16:45:05.808643700Z-1553151413849800-0
2026-01-16T16:45:05.808643700Z-1553151413964200-[]
2026-01-16T16:45:05.809643900Z-1553151414865000-before:[]
2026-01-16T16:45:05.811644200Z-1553151416058300-1
2026-01-16T16:45:05.811644200Z-1553151416212700-0
2026-01-16T16:45:05.811644200Z-1553151416371500-[1]
2026-01-16T16:45:05.811644200Z-1553151416602200-after:[1]
2026-01-16T16:45:05.811644200Z-1553151416768900-1
2026-01-16T16:45:05.811644200Z-1553151416897400-1
2026-01-16T16:45:05.811644200Z-1553151416989200-[1]
2026-01-16T16:45:05.812644100Z-1553151417145200-[I@5b37e0d2
2026-01-16T16:45:05.812644100Z-1553151417493000-1
2026-01-16T16:45:05.812644100Z-1553151418294400-in3
2026-01-16T16:45:05.812644100Z-1553151418492300-tic_tac_toc$game$kit_with_logger$$Lambda/0x000001cbba00b878@5a2e4553
2026-01-16T16:45:05.814166200Z-1553151418627400-1512981843
2026-01-16T16:45:05.814166200Z-1553151418744600-0
2026-01-16T16:45:05.814166200Z-1553151418850100-[]
2026-01-16T16:45:05.814166200Z-1553151419091500-before:[]
2026-01-16T16:45:05.814166200Z-1553151419318700-1
2026-01-16T16:45:05.814166200Z-1553151419417400-0
2026-01-16T16:45:05.815190300Z-1553151419690100-[1]
2026-01-16T16:45:05.815190300Z-1553151419962100-after:[1]
2026-01-16T16:45:05.815190300Z-1553151420102800-1
2026-01-16T16:45:05.815190300Z-1553151420207800-1
2026-01-16T16:45:05.815190300Z-1553151420325800-[1]
2026-01-16T16:45:05.815190300Z-1553151420467600-[I@28c97a5
2026-01-16T16:45:05.816190Z-1553151420612900-
2026-01-16T16:45:05.816190Z-1553151420816100-.
2026-01-16T16:45:07.243339100Z-1553152848244500-false
2026-01-16T16:45:07.250338800Z-1553152855159500-in
2026-01-16T16:45:07.257334600Z-1553152862217200-0,[0, 1]
2026-01-16T16:45:07.257334600Z-1553152862532600-1,[0, 1]
2026-01-16T16:45:07.258338800Z-1553152863036400-0
2026-01-16T16:45:07.262338900Z-1553152867370000-in
2026-01-16T16:45:07.262338900Z-1553152867603600-0,[0, 1]
2026-01-16T16:45:07.262338900Z-1553152867697500-1,[0, 1]
2026-01-16T16:45:07.263338700Z-1553152867793400-2
2026-01-16T16:45:07.263338700Z-1553152868041500-in
2026-01-16T16:45:07.263338700Z-1553152868202300-0,[0, 1]
2026-01-16T16:45:07.263338700Z-1553152868289500-1,[0, 1]
2026-01-16T16:45:07.263338700Z-1553152868355400-4
2026-01-16T16:45:07.263338700Z-1553152868614500-in
2026-01-16T16:45:07.264339100Z-1553152868739800-0,[0, 1]
2026-01-16T16:45:07.264339100Z-1553152868857800-1,[0, 1]
2026-01-16T16:45:07.264339100Z-1553152868950700-1
2026-01-16T16:45:07.264339100Z-1553152869160900-in
2026-01-16T16:45:07.264339100Z-1553152869297000-0,[0, 1]
2026-01-16T16:45:07.264339100Z-1553152869395300-1,[0, 1]
2026-01-16T16:45:07.264339100Z-1553152869479900-3
2026-01-16T16:45:07.264339100Z-1553152869697700-in
2026-01-16T16:45:07.265338900Z-1553152869822900-0,[0, 1]
2026-01-16T16:45:07.265338900Z-1553152869930300-1,[0, 1]
2026-01-16T16:45:07.265338900Z-1553152870028500-5
2026-01-16T16:45:07.444251500Z-1553153049346700-true
2026-01-16T16:45:08.057653600Z-1553153662612800-false
2026-01-16T16:45:08.058656900Z-1553153663367500-in
2026-01-16T16:45:08.058656900Z-1553153663565300-0,[0, 1]
2026-01-16T16:45:08.058656900Z-1553153663662100-1,[0, 1]
2026-01-16T16:45:08.058656900Z-1553153663752500-0
2026-01-16T16:45:08.058656900Z-1553153664020300-in
2026-01-16T16:45:08.059656700Z-1553153664140600-0,[0, 1]
2026-01-16T16:45:08.059656700Z-1553153664240400-1,[0, 1]
2026-01-16T16:45:08.059656700Z-1553153664330700-2
2026-01-16T16:45:08.059656700Z-1553153664572100-in
2026-01-16T16:45:08.059656700Z-1553153664861100-0,[0, 1]
2026-01-16T16:45:08.059656700Z-1553153664979800-1,[0, 1]
2026-01-16T16:45:08.060657100Z-1553153665066800-4
2026-01-16T16:45:08.060657100Z-1553153665310100-in
2026-01-16T16:45:08.060657100Z-1553153665420500-0,[0, 1]
2026-01-16T16:45:08.060657100Z-1553153665515400-1,[0, 1]
2026-01-16T16:45:08.060657100Z-1553153665645900-1
2026-01-16T16:45:08.060657100Z-1553153665989800-in
2026-01-16T16:45:08.061652700Z-1553153666188100-0,[0, 1]
2026-01-16T16:45:08.061652700Z-1553153666352500-1,[0, 1]
2026-01-16T16:45:08.061652700Z-1553153666657900-3
2026-01-16T16:45:08.061652700Z-1553153666917800-in
2026-01-16T16:45:08.062653Z-1553153667515300-0,[0, 1]
2026-01-16T16:45:08.062653Z-1553153667686600-1,[0, 1]
2026-01-16T16:45:08.062653Z-1553153667816100-5
2026-01-16T16:45:08.613381300Z-1553154217898800-false
2026-01-16T16:45:08.613381300Z-1553154218585700-in
2026-01-16T16:45:08.614381300Z-1553154218777300-0,[0, 1]
2026-01-16T16:45:08.614381300Z-1553154218920100-1,[0, 1]
2026-01-16T16:45:08.614381300Z-1553154218994300-0
2026-01-16T16:45:08.614381300Z-1553154219445000-in
2026-01-16T16:45:08.614381300Z-1553154219717500-0,[0, 1]
2026-01-16T16:45:08.615381300Z-1553154219910100-1,[0, 1]
2026-01-16T16:45:08.615381300Z-1553154220021200-2
2026-01-16T16:45:08.615381300Z-1553154220278400-in
2026-01-16T16:45:08.615381300Z-1553154220471700-0,[0, 1]
2026-01-16T16:45:08.616381100Z-1553154220809400-1,[0, 1]
2026-01-16T16:45:08.616381100Z-1553154220957100-4
2026-01-16T16:45:08.616381100Z-1553154221220100-in
2026-01-16T16:45:08.616381100Z-1553154221331800-0,[0, 1]
2026-01-16T16:45:08.616381100Z-1553154221484500-1,[0, 1]
2026-01-16T16:45:08.616381100Z-1553154221651600-1
2026-01-16T16:45:08.617381900Z-1553154221995700-in
2026-01-16T16:45:08.617381900Z-1553154222180700-0,[0, 1]
2026-01-16T16:45:08.617381900Z-1553154222328500-1,[0, 1]
2026-01-16T16:45:08.617381900Z-1553154222429700-3
2026-01-16T16:45:08.618378600Z-1553154222770700-in
2026-01-16T16:45:08.618378600Z-1553154222969100-0,[0, 1]
2026-01-16T16:45:08.618378600Z-1553154223311200-1,[0, 1]
2026-01-16T16:45:08.618378600Z-1553154223673200-5
2026-01-16T16:45:12.293656500Z-1553157898330600-in2
2026-01-16T16:45:12.294656600Z-1553157899093600-0,[I@79ff7f93
2026-01-16T16:45:12.294656600Z-1553157899376500-1,[I@79ff7f93
2026-01-16T16:45:12.294656600Z-1553157899483700-2,[I@79ff7f93
2026-01-16T16:45:12.294656600Z-1553157899828300-5,[1, 2, 0]
2026-01-16T16:45:12.420825500Z-1553158025701500-in2
2026-01-16T16:45:12.420825500Z-1553158026072400-0,[I@79ff7f93
2026-01-16T16:45:12.421824900Z-1553158026226400-1,[I@79ff7f93
2026-01-16T16:45:12.421824900Z-1553158026383300-2,[I@79ff7f93
2026-01-16T16:45:12.421824900Z-1553158026464000-4,[0, 2, 0]
2026-01-16T16:45:13.075206600Z-1553158679741000-in2
2026-01-16T16:45:13.075206600Z-1553158680445700-0,[I@79ff7f93
2026-01-16T16:45:13.076216600Z-1553158680896700-1,[I@79ff7f93
2026-01-16T16:45:13.076216600Z-1553158681060100-2,[I@79ff7f93
2026-01-16T16:45:13.076216600Z-1553158681245100-3,[1, 1, 0]
2026-01-16T16:45:13.387454600Z-1553158992686800-in2
2026-01-16T16:45:13.388459600Z-1553158993173700-0,[I@79ff7f93
2026-01-16T16:45:13.388459600Z-1553158993432800-1,[I@79ff7f93
2026-01-16T16:45:13.388459600Z-1553158993508000-2,[I@79ff7f93
2026-01-16T16:45:13.388459600Z-1553158993569300-2,[0, 1, 0]
2026-01-16T16:45:13.588994500Z-1553159193896200-in2
2026-01-16T16:45:13.588994500Z-1553159194202400-0,[I@79ff7f93
2026-01-16T16:45:13.588994500Z-1553159194361200-1,[I@79ff7f93
2026-01-16T16:45:13.588994500Z-1553159194453100-2,[I@79ff7f93
2026-01-16T16:45:13.588994500Z-1553159194538100-3,[1, 1, 0]
2026-01-16T16:45:13.903287700Z-1553159508299000-in2
2026-01-16T16:45:13.903287700Z-1553159508549900-0,[I@79ff7f93
2026-01-16T16:45:13.903287700Z-1553159508630300-1,[I@79ff7f93
2026-01-16T16:45:13.904287600Z-1553159508729100-2,[I@79ff7f93
2026-01-16T16:45:13.904287600Z-1553159508784800-2,[0, 1, 0]
2026-01-16T16:45:13.963909900Z-1553159569171900-in2
2026-01-16T16:45:13.964909600Z-1553159569486700-0,[I@79ff7f93
2026-01-16T16:45:13.964909600Z-1553159569755400-1,[I@79ff7f93
2026-01-16T16:45:13.964909600Z-1553159569877600-2,[I@79ff7f93
2026-01-16T16:45:13.964909600Z-1553159569944300-3,[1, 1, 0]
2026-01-16T16:45:16.094521800Z-1553161699490000-in2
2026-01-16T16:45:16.094521800Z-1553161699783900-0,[I@79ff7f93
2026-01-16T16:45:16.094521800Z-1553161699873800-1,[I@79ff7f93
2026-01-16T16:45:16.095521500Z-1553161699932300-2,[I@79ff7f93
2026-01-16T16:45:16.095521500Z-1553161700002900-5,[1, 2, 0]
2026-01-16T16:45:16.165841100Z-1553161771095500-in2
2026-01-16T16:45:16.165841100Z-1553161771490400-0,[I@79ff7f93
2026-01-16T16:45:16.165841100Z-1553161771718300-1,[I@79ff7f93
2026-01-16T16:45:16.167417100Z-1553161771808800-2,[I@79ff7f93
2026-01-16T16:45:16.167417100Z-1553161771979200-3,[1, 1, 0]
2026-01-16T16:45:16.233122500Z-1553161838347300-in2
2026-01-16T16:45:16.234149100Z-1553161838823100-0,[I@79ff7f93
2026-01-16T16:45:16.234149100Z-1553161839033900-1,[I@79ff7f93
2026-01-16T16:45:16.234149100Z-1553161839124800-2,[I@79ff7f93
2026-01-16T16:45:16.234149100Z-1553161839187100-2,[0, 1, 0]
2026-01-16T16:45:44.254431100Z-1553189859258300-in2
2026-01-16T16:45:44.254431100Z-1553189859752200-0,[I@79ff7f93
2026-01-16T16:45:44.255430700Z-1553189859864800-1,[I@79ff7f93
2026-01-16T16:45:44.255430700Z-1553189859942600-2,[I@79ff7f93
2026-01-16T16:45:44.255430700Z-1553189860015500-2,[0, 1, 0]
2026-01-16T16:45:44.329927900Z-1553189935276000-in2
2026-01-16T16:45:44.330914400Z-1553189935564800-0,[I@79ff7f93
2026-01-16T16:45:44.330914400Z-1553189935726000-1,[I@79ff7f93
2026-01-16T16:45:44.330914400Z-1553189935862900-2,[I@79ff7f93
2026-01-16T16:45:44.330914400Z-1553189935936000-0,[0, 0, 0]
2026-01-16T16:45:44.422064400Z-1553190027211000-in2
2026-01-16T16:45:44.422064400Z-1553190027527000-0,[I@79ff7f93
2026-01-16T16:45:44.423223300Z-1553190027684100-1,[I@79ff7f93
2026-01-16T16:45:44.423223300Z-1553190027943800-2,[I@79ff7f93
2026-01-16T16:45:44.423223300Z-1553190028456600-2,[0, 1, 0]
2026-01-16T16:45:44.939053900Z-1553190544034700-in2
2026-01-16T16:45:44.939053900Z-1553190544354300-0,[I@79ff7f93
2026-01-16T16:45:44.940057700Z-1553190544461700-1,[I@79ff7f93
2026-01-16T16:45:44.940057700Z-1553190544546600-2,[I@79ff7f93
2026-01-16T16:45:44.940057700Z-1553190544683100-5,[1, 2, 0]
2026-01-16T16:45:45.115518500Z-1553190720228800-in2
2026-01-16T16:45:45.115518500Z-1553190720571200-0,[I@79ff7f93
2026-01-16T16:45:45.115518500Z-1553190720679000-1,[I@79ff7f93
2026-01-16T16:45:45.115518500Z-1553190720761000-2,[I@79ff7f93
2026-01-16T16:45:45.115518500Z-1553190720835100-4,[0, 2, 0]
2026-01-16T16:45:45.259061500Z-1553190864071500-in2
2026-01-16T16:45:45.259061500Z-1553190864351100-0,[I@79ff7f93
2026-01-16T16:45:45.260060900Z-1553190864508200-1,[I@79ff7f93
2026-01-16T16:45:45.260060900Z-1553190864757200-2,[I@79ff7f93
2026-01-16T16:45:45.260060900Z-1553190864947300-5,[1, 2, 0]
2026-01-16T16:45:45.454687800Z-1553191059999900-in2
2026-01-16T16:45:45.455677Z-1553191060343100-0,[I@79ff7f93
2026-01-16T16:45:45.455677Z-1553191060429100-1,[I@79ff7f93
2026-01-16T16:45:45.455677Z-1553191060485400-2,[I@79ff7f93
2026-01-16T16:45:45.455677Z-1553191060568300-4,[0, 2, 0]
2026-01-16T16:45:45.527963Z-1553191132659900-in2
2026-01-16T16:45:45.527963Z-1553191133237900-0,[I@79ff7f93
2026-01-16T16:45:45.528957Z-1553191133389300-1,[I@79ff7f93
2026-01-16T16:45:45.528957Z-1553191133483500-2,[I@79ff7f93
2026-01-16T16:45:45.528957Z-1553191133684100-5,[1, 2, 0]
2026-01-16T16:45:46.348994900Z-1553191954140200-in2
2026-01-16T16:45:46.349994700Z-1553191954411700-0,[I@79ff7f93
2026-01-16T16:45:46.349994700Z-1553191954481500-1,[I@79ff7f93
2026-01-16T16:45:46.349994700Z-1553191954536200-2,[I@79ff7f93
2026-01-16T16:45:46.349994700Z-1553191954663600-5,[1, 2, 0]
2026-01-16T16:45:46.436575300Z-1553192042062600-in2
2026-01-16T16:45:46.437769500Z-1553192042368500-0,[I@79ff7f93
2026-01-16T16:45:46.437769500Z-1553192042456100-1,[I@79ff7f93
2026-01-16T16:45:46.437769500Z-1553192042525200-2,[I@79ff7f93
2026-01-16T16:45:46.437769500Z-1553192042589500-3,[1, 1, 0]
2026-01-16T16:45:46.632270700Z-1553192237303100-in2
2026-01-16T16:45:46.632270700Z-1553192237640400-0,[I@79ff7f93
2026-01-16T16:45:46.633270300Z-1553192237971600-1,[I@79ff7f93
2026-01-16T16:45:46.633270300Z-1553192238197200-2,[I@79ff7f93
2026-01-16T16:45:46.633270300Z-1553192238327200-2,[0, 1, 0]
2026-01-16T16:45:49.698675600Z-1553195303949700-in2
2026-01-16T16:45:49.699676200Z-1553195304299300-0,[I@79ff7f93
2026-01-16T16:45:49.699676200Z-1553195304460800-1,[I@79ff7f93
2026-01-16T16:45:49.699676200Z-1553195304557600-2,[I@79ff7f93
2026-01-16T16:45:49.699676200Z-1553195304782400-2,[0, 1, 0]
2026-01-16T16:45:49.782216300Z-1553195387398600-in2
2026-01-16T16:45:49.783217300Z-1553195387737200-0,[I@79ff7f93
2026-01-16T16:45:49.783217300Z-1553195388045300-1,[I@79ff7f93
2026-01-16T16:45:49.783217300Z-1553195388196700-2,[I@79ff7f93
2026-01-16T16:45:49.783217300Z-1553195388291300-3,[1, 1, 0]
2026-01-16T16:45:49.852150600Z-1553195457581100-in2
2026-01-16T16:45:49.853146400Z-1553195458000700-0,[I@79ff7f93
2026-01-16T16:45:49.853146400Z-1553195458159400-1,[I@79ff7f93
2026-01-16T16:45:49.853146400Z-1553195458447400-2,[I@79ff7f93
2026-01-16T16:45:49.854151100Z-1553195458593700-3,[1, 1, 0]
2026-01-16T16:45:49.965146900Z-1553195570593400-in2
2026-01-16T16:45:49.966146900Z-1553195571045800-0,[I@79ff7f93
2026-01-16T16:45:49.966146900Z-1553195571149900-1,[I@79ff7f93
2026-01-16T16:45:49.966146900Z-1553195571205600-2,[I@79ff7f93
2026-01-16T16:45:49.966146900Z-1553195571257800-3,[1, 1, 0]
2026-01-16T16:45:51.643986300Z-1553197248472900-in2
2026-01-16T16:45:51.643986300Z-1553197248852600-0,[I@79ff7f93
2026-01-16T16:45:51.643986300Z-1553197248935200-1,[I@79ff7f93
2026-01-16T16:45:51.643986300Z-1553197248987100-2,[I@79ff7f93
2026-01-16T16:45:51.643986300Z-1553197249034700-1,[1, 0, 0]
2026-01-16T16:45:51.715894700Z-1553197321131100-in2
2026-01-16T16:45:51.716884Z-1553197321544200-0,[I@79ff7f93
2026-01-16T16:45:51.716884Z-1553197321720800-1,[I@79ff7f93
2026-01-16T16:45:51.716884Z-1553197321789300-2,[I@79ff7f93
2026-01-16T16:45:51.716884Z-1553197321836400-0,[0, 0, 0]
2026-01-16T16:45:55.218972200Z-1553200823599800-in2
2026-01-16T16:45:55.218972200Z-1553200824203700-0,[I@79ff7f93
2026-01-16T16:45:55.219972700Z-1553200824546700-1,[I@79ff7f93
2026-01-16T16:45:55.219972700Z-1553200824615500-2,[I@79ff7f93
2026-01-16T16:45:55.219972700Z-1553200824679900-1,[1, 0, 0]
2026-01-16T16:45:55.817112100Z-1553201421727900-in2
2026-01-16T16:45:55.817112100Z-1553201422048600-0,[I@79ff7f93
2026-01-16T16:45:55.817112100Z-1553201422241800-1,[I@79ff7f93
2026-01-16T16:45:55.817112100Z-1553201422357300-2,[I@79ff7f93
2026-01-16T16:45:55.817112100Z-1553201422406200-5,[1, 2, 0]
2026-01-16T16:45:55.866914Z-1553201471915200-in2
2026-01-16T16:45:55.867914500Z-1553201472364900-0,[I@79ff7f93
2026-01-16T16:45:55.867914500Z-1553201472498800-1,[I@79ff7f93
2026-01-16T16:45:55.867914500Z-1553201472619900-2,[I@79ff7f93
2026-01-16T16:45:55.867914500Z-1553201472807800-4,[0, 2, 0]
2026-01-16T16:45:56.531159500Z-1553202135970300-end