2026-01-16T17:05:58.249761400Z-1554403854598000-in3
2026-01-16T17:05:58.249761400Z-1554403855349600-tic_tac_toc$game$kit_with_logger$$Lambda/0x000002cd0100b430@67424e82
2026-01-16T17:05:58.251197300Z-1554403855744200-1732398722
2026-01-16T17:05:58.251197300Z-1554403856009100-[]
2026-01-16T17:05:58.258686600Z-1554403863192800-[I@443b7951
2026-01-16T17:05:58.258686600Z-1554403863550200-in3
2026-01-16T17:05:58.258686600Z-1554403863831100-tic_tac_toc$game$kit_with_logger$$Lambda/0x000002cd0100b430@14514713
2026-01-16T17:05:58.259689400Z-1554403864329900-340870931
2026-01-16T17:05:58.259689400Z-1554403864526700-0
2026-01-16T17:05:58.259689400Z-1554403864675600-[]
2026-01-16T17:05:58.260693300Z-1554403866355600-before:[]
2026-01-16T17:05:58.262172200Z-1554403867104100-1
2026-01-16T17:05:58.262172200Z-1554403867269400-0
2026-01-16T17:05:58.262172200Z-1554403867545800-[1]
2026-01-16T17:05:58.263178500Z-1554403867798600-after:[1]
2026-01-16T17:05:58.263178500Z-1554403868050400-1
2026-01-16T17:05:58.263178500Z-1554403868374500-1
2026-01-16T17:05:58.263178500Z-1554403868515700-[1]
2026-01-16T17:05:58.263178500Z-1554403868743700-[I@5b37e0d2
2026-01-16T17:05:58.264448100Z-1554403869254800-1
2026-01-16T17:05:58.265841400Z-1554403870372000-in3
2026-01-16T17:05:58.265841400Z-1554403870563800-tic_tac_toc$game$kit_with_logger$$Lambda/0x000002cd0100b878@5a2e4553
2026-01-16T17:05:58.265841400Z-1554403870740400-1512981843
2026-01-16T17:05:58.265841400Z-1554403870947700-0
2026-01-16T17:05:58.265841400Z-1554403871089800-[]
2026-01-16T17:05:58.265841400Z-1554403871203000-before:[]
2026-01-16T17:05:58.266836Z-1554403871398500-1
2026-01-16T17:05:58.266836Z-1554403871532200-0
2026-01-16T17:05:58.266836Z-1554403871698600-[1]
2026-01-16T17:05:58.266836Z-1554403871821100-after:[1]
2026-01-16T17:05:58.266836Z-1554403872149200-1
2026-01-16T17:05:58.267843800Z-1554403872302000-1
2026-01-16T17:05:58.267843800Z-1554403872508400-[1]
2026-01-16T17:05:58.267843800Z-1554403872713400-[I@28c97a5
2026-01-16T17:05:58.267843800Z-1554403872910600-
2026-01-16T17:05:58.267843800Z-1554403873073700-.
2026-01-16T17:05:59.923607500Z-1554405528209800-false
2026-01-16T17:05:59.928981700Z-1554405533847000-in
2026-01-16T17:05:59.934460900Z-1554405538971700-0,[0, 1]
2026-01-16T17:05:59.934460900Z-1554405539307200-1,[0, 1]
2026-01-16T17:05:59.934460900Z-1554405539536900-0
2026-01-16T17:05:59.939025900Z-1554405544562100-in
2026-01-16T17:05:59.940379600Z-1554405545012100-0,[0, 1]
2026-01-16T17:05:59.940379600Z-1554405545201200-1,[0, 1]
2026-01-16T17:05:59.940379600Z-1554405545351500-2
2026-01-16T17:05:59.940379600Z-1554405545691400-in
2026-01-16T17:05:59.941376400Z-1554405545827100-0,[0, 1]
2026-01-16T17:05:59.941376400Z-1554405545972700-1,[0, 1]
2026-01-16T17:05:59.941376400Z-1554405546123700-4
2026-01-16T17:05:59.941376400Z-1554405546495300-in
2026-01-16T17:05:59.941376400Z-1554405546692700-0,[0, 1]
2026-01-16T17:05:59.942436100Z-1554405546871700-1,[0, 1]
2026-01-16T17:05:59.942436100Z-1554405547024900-1
2026-01-16T17:05:59.942436100Z-1554405547284700-in
2026-01-16T17:05:59.942436100Z-1554405547774100-0,[0, 1]
2026-01-16T17:05:59.943438400Z-1554405548158800-1,[0, 1]
2026-01-16T17:05:59.943438400Z-1554405548415000-3
2026-01-16T17:05:59.944433900Z-1554405548926000-in
2026-01-16T17:05:59.944433900Z-1554405549114100-0,[0, 1]
2026-01-16T17:05:59.944433900Z-1554405549324700-1,[0, 1]
2026-01-16T17:05:59.944433900Z-1554405549435600-5
2026-01-16T17:06:00.416120200Z-1554406020722500-true
2026-01-16T17:06:01.850001Z-1554407458153600-false
2026-01-16T17:06:01.850001Z-1554407459040400-in
2026-01-16T17:06:01.850001Z-1554407459517700-0,[0, 1]
2026-01-16T17:06:01.850001Z-1554407459758500-1,[0, 1]
2026-01-16T17:06:01.850001Z-1554407459876500-0
2026-01-16T17:06:01.850001Z-1554407460210800-in
2026-01-16T17:06:01.850001Z-1554407460340600-0,[0, 1]
2026-01-16T17:06:01.850001Z-1554407460432800-1,[0, 1]
2026-01-16T17:06:01.850001Z-1554407460512100-2
2026-01-16T17:06:01.850001Z-1554407460759200-in
2026-01-16T17:06:01.850001Z-1554407460918000-0,[0, 1]
2026-01-16T17:06:01.850001Z-1554407461135800-1,[0, 1]
2026-01-16T17:06:01.850001Z-1554407461234200-4
2026-01-16T17:06:01.856948200Z-1554407461764600-in
2026-01-16T17:06:01.856948200Z-1554407461968400-0,[0, 1]
2026-01-16T17:06:01.856948200Z-1554407462063600-1,[0, 1]
2026-01-16T17:06:01.856948200Z-1554407462199900-1
2026-01-16T17:06:01.856948200Z-1554407462444200-in
2026-01-16T17:06:01.856948200Z-1554407462807000-0,[0, 1]
2026-01-16T17:06:01.858321100Z-1554407462994900-1,[0, 1]
2026-01-16T17:06:01.858321100Z-1554407463119700-3
2026-01-16T17:06:01.858321100Z-1554407463390900-in
2026-01-16T17:06:01.859285900Z-1554407463666100-0,[0, 1]
2026-01-16T17:06:01.859285900Z-1554407463822400-1,[0, 1]
2026-01-16T17:06:01.859285900Z-1554407463911600-5
2026-01-16T17:06:02.322869400Z-1554407927618200-list adding...
2026-01-16T17:06:02.322869400Z-1554407928015000-list adding...
2026-01-16T17:06:02.322869400Z-1554407928246400-list adding...
2026-01-16T17:06:02.323867200Z-1554407928509100-list done
2026-01-16T17:06:02.830441400Z-1554408435586200-false
2026-01-16T17:06:02.831520300Z-1554408436521600-in
2026-01-16T17:06:02.831520300Z-1554408436869000-0,[0, 1]
2026-01-16T17:06:02.832521500Z-1554408437062900-1,[0, 1]
2026-01-16T17:06:02.832521500Z-1554408437219700-0
2026-01-16T17:06:02.832521500Z-1554408437541800-in
2026-01-16T17:06:02.832521500Z-1554408437737400-0,[0, 1]
2026-01-16T17:06:02.832521500Z-1554408437842800-1,[0, 1]
2026-01-16T17:06:02.833519900Z-1554408437925000-2
2026-01-16T17:06:02.833519900Z-1554408438146300-in
2026-01-16T17:06:02.833519900Z-1554408438259800-0,[0, 1]
2026-01-16T17:06:02.833519900Z-1554408438425700-1,[0, 1]
2026-01-16T17:06:02.833519900Z-1554408438511300-4
2026-01-16T17:06:02.833519900Z-1554408438740900-in
2026-01-16T17:06:02.833519900Z-1554408438884900-0,[0, 1]
2026-01-16T17:06:02.834536600Z-1554408438970300-1,[0, 1]
2026-01-16T17:06:02.834536600Z-1554408439173800-1
2026-01-16T17:06:02.834536600Z-1554408439426500-in
2026-01-16T17:06:02.834536600Z-1554408439563700-0,[0, 1]
2026-01-16T17:06:02.834536600Z-1554408439634500-1,[0, 1]
2026-01-16T17:06:02.834536600Z-1554408439693500-3
2026-01-16T17:06:02.834536600Z-1554408440024600-in
2026-01-16T17:06:02.835706400Z-1554408440191200-0,[0, 1]
2026-01-16T17:06:02.835706400Z-1554408440286200-1,[0, 1]
2026-01-16T17:06:02.835706400Z-1554408440381400-5
2026-01-16T17:06:08.103030100Z-1554413708453900-in2
2026-01-16T17:06:08.104282800Z-1554413709224300-0,[I@4829d230
2026-01-16T17:06:08.104282800Z-1554413709452600-1,[I@4829d230
2026-01-16T17:06:08.104282800Z-1554413709539300-2,[I@4829d230
2026-01-16T17:06:08.104282800Z-1554413709743100-2,[0, 1, 0]
2026-01-16T17:06:08.345288400Z-1554413949944500-in2
2026-01-16T17:06:08.345288400Z-1554413950457900-0,[I@4829d230
2026-01-16T17:06:08.345288400Z-1554413950832100-1,[I@4829d230
2026-01-16T17:06:08.345288400Z-1554413951018300-2,[I@4829d230
2026-01-16T17:06:08.345288400Z-1554413951276600-4,[0, 2, 0]
2026-01-16T17:06:10.040798900Z-1554415645923200-in2
2026-01-16T17:06:10.041799200Z-1554415646604500-0,[I@4829d230
2026-01-16T17:06:10.041799200Z-1554415646821400-1,[I@4829d230
2026-01-16T17:06:10.041799200Z-1554415647000400-2,[I@4829d230
2026-01-16T17:06:10.041799200Z-1554415647130500-3,[1, 1, 0]
2026-01-16T17:06:11.269678600Z-1554416875249100-in2
2026-01-16T17:06:11.269678600Z-1554416875670800-0,[I@4829d230
2026-01-16T17:06:11.271264800Z-1554416875797300-1,[I@4829d230
2026-01-16T17:06:11.271264800Z-1554416876079300-2,[I@4829d230
2026-01-16T17:06:11.271264800Z-1554416876274400-3,[1, 1, 0]
2026-01-16T17:06:11.409020500Z-1554417013644900-in2
2026-01-16T17:06:11.409020500Z-1554417014010700-0,[I@4829d230
2026-01-16T17:06:11.409020500Z-1554417014474000-1,[I@4829d230
2026-01-16T17:06:11.409020500Z-1554417014661600-2,[I@4829d230
2026-01-16T17:06:11.409020500Z-1554417014781200-2,[0, 1, 0]
2026-01-16T17:06:11.759343900Z-1554417364097400-in2
2026-01-16T17:06:11.759343900Z-1554417364592300-0,[I@4829d230
2026-01-16T17:06:11.759343900Z-1554417364758300-1,[I@4829d230
2026-01-16T17:06:11.759343900Z-1554417364840000-2,[I@4829d230
2026-01-16T17:06:11.760559400Z-1554417365045000-0,[0, 0, 0]
2026-01-16T17:06:11.907434100Z-1554417512118800-in2
2026-01-16T17:06:11.907434100Z-1554417512490900-0,[I@4829d230
2026-01-16T17:06:11.907434100Z-1554417512679000-1,[I@4829d230
2026-01-16T17:06:11.907434100Z-1554417512781500-2,[I@4829d230
2026-01-16T17:06:11.908427700Z-1554417512843400-1,[1, 0, 0]
2026-01-16T17:06:12.111237400Z-1554417716432400-in2
2026-01-16T17:06:12.112238600Z-1554417716824700-0,[I@4829d230
2026-01-16T17:06:12.112238600Z-1554417716983400-1,[I@4829d230
2026-01-16T17:06:12.112238600Z-1554417717260200-2,[I@4829d230
2026-01-16T17:06:12.112238600Z-1554417717436500-3,[1, 1, 0]
2026-01-16T17:06:12.206668700Z-1554417813536300-in2
2026-01-16T17:06:12.206668700Z-1554417813847800-0,[I@4829d230
2026-01-16T17:06:12.206668700Z-1554417813968300-1,[I@4829d230
2026-01-16T17:06:12.206668700Z-1554417814051900-2,[I@4829d230
2026-01-16T17:06:12.206668700Z-1554417814118700-2,[0, 1, 0]
2026-01-16T17:06:13.919182300Z-1554419524301100-in2
2026-01-16T17:06:13.920182500Z-1554419524562800-0,[I@4829d230
2026-01-16T17:06:13.920182500Z-1554419524642800-1,[I@4829d230
2026-01-16T17:06:13.920182500Z-1554419524744100-2,[I@4829d230
2026-01-16T17:06:13.920182500Z-1554419524883900-4,[0, 2, 0]
2026-01-16T17:06:14.219055300Z-1554419824958000-in2
2026-01-16T17:06:14.220504500Z-1554419825342000-0,[I@4829d230
2026-01-16T17:06:14.220504500Z-1554419825517700-1,[I@4829d230
2026-01-16T17:06:14.220504500Z-1554419825653900-2,[I@4829d230
2026-01-16T17:06:14.220504500Z-1554419825736300-2,[0, 1, 0]
2026-01-16T17:06:14.298538300Z-1554419903272800-in2
2026-01-16T17:06:14.299077100Z-1554419903649800-0,[I@4829d230
2026-01-16T17:06:14.299077100Z-1554419903847100-1,[I@4829d230
2026-01-16T17:06:14.299077100Z-1554419904011700-2,[I@4829d230
2026-01-16T17:06:14.299077100Z-1554419904145700-0,[0, 0, 0]
2026-01-16T17:06:22.277747400Z-1554427882816600-input putting...
2026-01-16T17:06:22.277747400Z-1554427883314200-input putting...
2026-01-16T17:06:22.279023500Z-1554427883543600-input putting...
2026-01-16T17:06:22.279023500Z-1554427883750200-input done
2026-01-16T17:06:44.613879200Z-1554450219007000-in2
2026-01-16T17:06:44.614883100Z-1554450219309700-0,[I@4829d230
2026-01-16T17:06:44.614883100Z-1554450219595000-1,[I@4829d230
2026-01-16T17:06:44.614883100Z-1554450219858600-2,[I@4829d230
2026-01-16T17:06:44.614883100Z-1554450219974000-3,[1, 1, 0]
2026-01-16T17:06:44.715394100Z-1554450321261600-in2
2026-01-16T17:06:44.716890300Z-1554450321642800-0,[I@4829d230
2026-01-16T17:06:44.716890300Z-1554450321765900-1,[I@4829d230
2026-01-16T17:06:44.716890300Z-1554450321926300-2,[I@4829d230
2026-01-16T17:06:44.716890300Z-1554450322108100-2,[0, 1, 0]
2026-01-16T17:06:45.542248600Z-1554451147678400-in2
2026-01-16T17:06:45.543642Z-1554451148033000-0,[I@4829d230
2026-01-16T17:06:45.543642Z-1554451148191300-1,[I@4829d230
2026-01-16T17:06:45.543642Z-1554451148258600-2,[I@4829d230
2026-01-16T17:06:45.543642Z-1554451148326400-2,[0, 1, 0]
2026-01-16T17:06:46.771912700Z-1554452377334400-in2
2026-01-16T17:06:46.773044200Z-1554452377765000-0,[I@4829d230
2026-01-16T17:06:46.773044200Z-1554452377930600-1,[I@4829d230
2026-01-16T17:06:46.773558600Z-1554452378065100-2,[I@4829d230
2026-01-16T17:06:46.773558600Z-1554452378191800-2,[0, 1, 0]
2026-01-16T17:06:46.853465300Z-1554452458377000-in2
2026-01-16T17:06:46.853465300Z-1554452458661700-0,[I@4829d230
2026-01-16T17:06:46.853465300Z-1554452458751100-1,[I@4829d230
2026-01-16T17:06:46.853465300Z-1554452458819300-2,[I@4829d230
2026-01-16T17:06:46.854465800Z-1554452459004400-3,[1, 1, 0]
2026-01-16T17:06:51.115870800Z-1554456720396000-in2
2026-01-16T17:06:51.115870800Z-1554456720652200-0,[I@4829d230
2026-01-16T17:06:51.115870800Z-1554456720720300-1,[I@4829d230
2026-01-16T17:06:51.115870800Z-1554456720778600-2,[I@4829d230
2026-01-16T17:06:51.115870800Z-1554456720829700-1,[1, 0, 0]
2026-01-16T17:06:51.188977700Z-1554456793410200-in2
2026-01-16T17:06:51.188977700Z-1554456793677300-0,[I@4829d230
2026-01-16T17:06:51.188977700Z-1554456793756500-1,[I@4829d230
2026-01-16T17:06:51.188977700Z-1554456793812600-2,[I@4829d230
2026-01-16T17:06:51.188977700Z-1554456793930300-0,[0, 0, 0]
2026-01-16T17:07:03.885741600Z-1554469491469100-in2
2026-01-16T17:07:03.887087800Z-1554469491923200-0,[I@4829d230
2026-01-16T17:07:03.887087800Z-1554469492073300-1,[I@4829d230
2026-01-16T17:07:03.887087800Z-1554469492142500-2,[I@4829d230
2026-01-16T17:07:03.887087800Z-1554469492199200-2,[0, 1, 0]
2026-01-16T17:07:03.953660200Z-1554469558507100-in2
2026-01-16T17:07:03.953660200Z-1554469558847100-0,[I@4829d230
2026-01-16T17:07:03.953660200Z-1554469558974600-1,[I@4829d230
2026-01-16T17:07:03.954656400Z-1554469559474700-2,[I@4829d230
2026-01-16T17:07:03.955165Z-1554469560089100-3,[1, 1, 0]
2026-01-16T17:07:04.454222Z-1554470058760700-in2
2026-01-16T17:07:04.454222Z-1554470059250100-0,[I@4829d230
2026-01-16T17:07:04.454222Z-1554470059390700-1,[I@4829d230
2026-01-16T17:07:04.454222Z-1554470059475000-2,[I@4829d230
2026-01-16T17:07:04.454222Z-1554470059537400-3,[1, 1, 0]
2026-01-16T17:07:05.100402500Z-1554470705659900-in2
2026-01-16T17:07:05.101906500Z-1554470706470600-0,[I@4829d230
2026-01-16T17:07:05.101906500Z-1554470706748000-1,[I@4829d230
2026-01-16T17:07:05.101906500Z-1554470706910200-2,[I@4829d230
2026-01-16T17:07:05.101906500Z-1554470707004000-0,[0, 0, 0]
2026-01-16T17:07:11.975009Z-1554477580225900-in2
2026-01-16T17:07:11.975009Z-1554477580553200-0,[I@4829d230
2026-01-16T17:07:11.975009Z-1554477580667500-1,[I@4829d230
2026-01-16T17:07:11.975009Z-1554477580725700-2,[I@4829d230
2026-01-16T17:07:11.975009Z-1554477580889700-3,[1, 1, 0]
2026-01-16T17:07:12.070529800Z-1554477675805600-in2
2026-01-16T17:07:12.071535900Z-1554477676282400-0,[I@4829d230
2026-01-16T17:07:12.071535900Z-1554477676558600-1,[I@4829d230
2026-01-16T17:07:12.071535900Z-1554477676720000-2,[I@4829d230
2026-01-16T17:07:12.071535900Z-1554477676796100-2,[0, 1, 0]
2026-01-16T17:07:12.690625400Z-1554478296483900-in2
2026-01-16T17:07:12.692121800Z-1554478296740300-0,[I@4829d230
2026-01-16T17:07:12.692121800Z-1554478296800800-1,[I@4829d230
2026-01-16T17:07:12.692121800Z-1554478296971500-2,[I@4829d230
2026-01-16T17:07:12.692121800Z-1554478297067900-2,[0, 1, 0]
2026-01-16T17:07:12.780169200Z-1554478385893900-in2
2026-01-16T17:07:12.781616500Z-1554478387199100-0,[I@4829d230
2026-01-16T17:07:12.782584100Z-1554478387540300-1,[I@4829d230
2026-01-16T17:07:12.782584100Z-1554478387669500-2,[I@4829d230
2026-01-16T17:07:12.782584100Z-1554478387779900-5,[1, 2, 0]
2026-01-16T17:07:14.169776Z-1554479774355400-in2
2026-01-16T17:07:14.169776Z-1554479774633500-0,[I@4829d230
2026-01-16T17:07:14.169776Z-1554479774697100-1,[I@4829d230
2026-01-16T17:07:14.169776Z-1554479774743400-2,[I@4829d230
2026-01-16T17:07:14.169776Z-1554479774778500-5,[1, 2, 0]
2026-01-16T17:07:14.254173800Z-1554479859414700-in2
2026-01-16T17:07:14.255178100Z-1554479860078800-0,[I@4829d230
2026-01-16T17:07:14.255178100Z-1554479860286100-1,[I@4829d230
2026-01-16T17:07:14.255178100Z-1554479860357600-2,[I@4829d230
2026-01-16T17:07:14.255178100Z-1554479860418600-4,[0, 2, 0]
2026-01-16T17:07:22.084184800Z-1554487689356500-input putting...
2026-01-16T17:07:22.084184800Z-1554487689573200-input putting...
2026-01-16T17:07:22.084184800Z-1554487689620600-input putting...
2026-01-16T17:07:22.085276800Z-1554487689659800-input putting...
2026-01-16T17:07:22.085276800Z-1554487689819800-input done
2026-01-16T17:07:23.048121700Z-1554488653274300-in2
2026-01-16T17:07:23.049125200Z-1554488653523600-0,[I@4829d230
2026-01-16T17:07:23.049125200Z-1554488653579700-1,[I@4829d230
2026-01-16T17:07:23.049125200Z-1554488653629500-2,[I@4829d230
2026-01-16T17:07:23.049125200Z-1554488653687000-0,[0, 0, 0]
2026-01-16T17:07:23.135183700Z-1554488739987600-in2
2026-01-16T17:07:23.135183700Z-1554488740289000-0,[I@4829d230
2026-01-16T17:07:23.135183700Z-1554488740422800-1,[I@4829d230
2026-01-16T17:07:23.135183700Z-1554488740491600-2,[I@4829d230
2026-01-16T17:07:23.135183700Z-1554488740566700-1,[1, 0, 0]
2026-01-16T17:07:23.210381Z-1554488815335600-in2
2026-01-16T17:07:23.210381Z-1554488815635300-0,[I@4829d230
2026-01-16T17:07:23.210381Z-1554488815742500-1,[I@4829d230
2026-01-16T17:07:23.210381Z-1554488815788300-2,[I@4829d230
2026-01-16T17:07:23.210381Z-1554488815826600-3,[1, 1, 0]
2026-01-16T17:07:23.305076Z-1554488910662000-in2
2026-01-16T17:07:23.306427300Z-1554488910885200-0,[I@4829d230
2026-01-16T17:07:23.306427300Z-1554488910937600-1,[I@4829d230
2026-01-16T17:07:23.306427300Z-1554488910975900-2,[I@4829d230
2026-01-16T17:07:23.306427300Z-1554488911082300-0,[0, 0, 0]
2026-01-16T17:07:42.894829700Z-1554508499405600-in2
2026-01-16T17:07:42.894829700Z-1554508499713400-0,[I@4829d230
2026-01-16T17:07:42.894829700Z-1554508499828600-1,[I@4829d230
2026-01-16T17:07:42.894829700Z-1554508499884200-2,[I@4829d230
2026-01-16T17:07:42.894829700Z-1554508499930700-2,[0, 1, 0]
2026-01-16T17:07:42.999990400Z-1554508604502300-in2
2026-01-16T17:07:43.006531200Z-1554508611369900-0,[I@4829d230
2026-01-16T17:07:43.006531200Z-1554508611706100-1,[I@4829d230
2026-01-16T17:07:43.006531200Z-1554508611812800-2,[I@4829d230
2026-01-16T17:07:43.007532400Z-1554508611893000-0,[0, 0, 0]
2026-01-16T17:07:43.239277800Z-1554508844534800-in2
2026-01-16T17:07:43.240400400Z-1554508844866000-0,[I@4829d230
2026-01-16T17:07:43.240400400Z-1554508844979300-1,[I@4829d230
2026-01-16T17:07:43.240400400Z-1554508845035000-2,[I@4829d230
2026-01-16T17:07:43.240400400Z-1554508845124000-1,[1, 0, 0]
2026-01-16T17:07:43.317910200Z-1554508923277300-in2
2026-01-16T17:07:43.319150200Z-1554508923591600-0,[I@4829d230
2026-01-16T17:07:43.319150200Z-1554508923702000-1,[I@4829d230
2026-01-16T17:07:43.319150200Z-1554508923762700-2,[I@4829d230
2026-01-16T17:07:43.319150200Z-1554508923809100-0,[0, 0, 0]
2026-01-16T17:07:44.900903100Z-1554510505585500-end