in3-2025-12-10T17:09:47.185505Z-622430022328000
0-2025-12-10T17:09:47.185505Z-622430022914600
[0]-2025-12-10T17:09:47.186515500Z-622430023298100
[I@2cdf8d8a-2025-12-10T17:09:47.195758100Z-622430032240600
0-2025-12-10T17:09:47.195758100Z-622430032557300
in3-2025-12-10T17:09:47.195758100Z-622430033083300
0-2025-12-10T17:09:47.195758100Z-622430033236700
[0]-2025-12-10T17:09:47.196849700Z-622430033389600
[I@5cb0d902-2025-12-10T17:09:47.196849700Z-622430033521500
-2025-12-10T17:09:47.196849700Z-622430033630400
﻿--2025-12-10T17:09:47.196849700Z-622430033738100
false-2025-12-10T17:09:49.535101Z-622432372421900
in-2025-12-10T17:09:49.536156200Z-622432373220300
0,[I@1810399e-2025-12-10T17:09:49.542967600Z-622432379542100
1,[I@1810399e-2025-12-10T17:09:49.563675100Z-622432403699300
0-2025-12-10T17:09:49.563675100Z-622432404048900
in-2025-12-10T17:09:49.570739100Z-622432408764100
0,[I@7f9a81e8-2025-12-10T17:09:49.570739100Z-622432409085100
1,[I@7f9a81e8-2025-12-10T17:09:49.572774100Z-622432409277700
2-2025-12-10T17:09:49.572774100Z-622432409462800
in-2025-12-10T17:09:49.572774100Z-622432409645600
0,[I@9629756-2025-12-10T17:09:49.572774100Z-622432409859700
1,[I@9629756-2025-12-10T17:09:49.572774100Z-622432410111700
4-2025-12-10T17:09:49.572774100Z-622432410438600
in-2025-12-10T17:09:49.574035300Z-622432410622000
0,[I@62ee68d8-2025-12-10T17:09:49.574035300Z-622432410832000
1,[I@62ee68d8-2025-12-10T17:09:49.574035300Z-622432411035900
1-2025-12-10T17:09:49.574035300Z-622432411119900
in-2025-12-10T17:09:49.574035300Z-622432411387600
0,[I@735b5592-2025-12-10T17:09:49.574035300Z-622432411644400
1,[I@735b5592-2025-12-10T17:09:49.575206900Z-622432411929400
3-2025-12-10T17:09:49.575206900Z-622432412123100
in-2025-12-10T17:09:49.575206900Z-622432412254500
0,[I@58651fd0-2025-12-10T17:09:49.575206900Z-622432412357500
1,[I@58651fd0-2025-12-10T17:09:49.575206900Z-622432412472900
5-2025-12-10T17:09:49.575206900Z-622432412566900
true-2025-12-10T17:09:49.965669500Z-622432806512100
false-2025-12-10T17:09:51.434586700Z-622434272011600
in-2025-12-10T17:09:51.435709700Z-622434272369100
0,[I@1e397ed7-2025-12-10T17:09:51.435709700Z-622434272478400
1,[I@1e397ed7-2025-12-10T17:09:51.435709700Z-622434272550200
0-2025-12-10T17:09:51.435709700Z-622434272691800
in-2025-12-10T17:09:51.435709700Z-622434272823900
0,[I@490ab905-2025-12-10T17:09:51.435709700Z-622434272934000
1,[I@490ab905-2025-12-10T17:09:51.435709700Z-622434273022100
2-2025-12-10T17:09:51.435709700Z-622434273115000
in-2025-12-10T17:09:51.436695400Z-622434273219500
0,[I@56ac3a89-2025-12-10T17:09:51.436695400Z-622434273304300
1,[I@56ac3a89-2025-12-10T17:09:51.436695400Z-622434273410900
4-2025-12-10T17:09:51.436695400Z-622434273516600
in-2025-12-10T17:09:51.436695400Z-622434273619100
0,[I@27c20538-2025-12-10T17:09:51.436695400Z-622434273718100
1,[I@27c20538-2025-12-10T17:09:51.436695400Z-622434273786400
1-2025-12-10T17:09:51.436695400Z-622434273847900
in-2025-12-10T17:09:51.436695400Z-622434273922100
0,[I@72d818d1-2025-12-10T17:09:51.436695400Z-622434273990200
1,[I@72d818d1-2025-12-10T17:09:51.436695400Z-622434274055000
3-2025-12-10T17:09:51.436695400Z-622434274115900
in-2025-12-10T17:09:51.437693600Z-622434274191800
0,[I@6e06451e-2025-12-10T17:09:51.437693600Z-622434274259200
1,[I@6e06451e-2025-12-10T17:09:51.437693600Z-622434274327200
5-2025-12-10T17:09:51.437693600Z-622434274396600
false-2025-12-10T17:09:52.058316100Z-622434895466100
in-2025-12-10T17:09:52.059316800Z-622434896151000
0,[I@3a5ed7a6-2025-12-10T17:09:52.059316800Z-622434896587300
1,[I@3a5ed7a6-2025-12-10T17:09:52.059316800Z-622434896737200
0-2025-12-10T17:09:52.060316600Z-622434896851500
in-2025-12-10T17:09:52.060316600Z-622434897036700
0,[I@6325a3ee-2025-12-10T17:09:52.060316600Z-622434897229500
1,[I@6325a3ee-2025-12-10T17:09:52.060316600Z-622434897355300
2-2025-12-10T17:09:52.060316600Z-622434897434600
in-2025-12-10T17:09:52.060316600Z-622434897571300
0,[I@1d16f93d-2025-12-10T17:09:52.060316600Z-622434897842000
1,[I@1d16f93d-2025-12-10T17:09:52.060316600Z-622434898000500
4-2025-12-10T17:09:52.060316600Z-622434898257400
in-2025-12-10T17:09:52.060316600Z-622434898524800
0,[I@67b92f0a-2025-12-10T17:09:52.062075400Z-622434898698000
1,[I@67b92f0a-2025-12-10T17:09:52.062075400Z-622434898803300
1-2025-12-10T17:09:52.062075400Z-622434898887800
in-2025-12-10T17:09:52.062075400Z-622434899162200
0,[I@2b9627bc-2025-12-10T17:09:52.062075400Z-622434899438500
1,[I@2b9627bc-2025-12-10T17:09:52.062075400Z-622434899766700
3-2025-12-10T17:09:52.063359400Z-622434899871900
in-2025-12-10T17:09:52.063359400Z-622434900005300
0,[I@65e2dbf3-2025-12-10T17:09:52.063359400Z-622434900103500
1,[I@65e2dbf3-2025-12-10T17:09:52.063359400Z-622434900181600
5-2025-12-10T17:09:52.063359400Z-622434900251300
in2-2025-12-10T17:09:53.592107800Z-622436428634900
0,[I@30af76bc-2025-12-10T17:09:53.592107800Z-622436429579000
1,[I@30af76bc-2025-12-10T17:09:53.593106700Z-622436429926000
2,[I@30af76bc-2025-12-10T17:09:53.593106700Z-622436430156400
3,[1, 1, 0]-2025-12-10T17:09:53.594106700Z-622436430674100
in2-2025-12-10T17:09:53.785909300Z-622436622660300
0,[I@30af76bc-2025-12-10T17:09:53.785909300Z-622436623118600
1,[I@30af76bc-2025-12-10T17:09:53.785909300Z-622436623235800
2,[I@30af76bc-2025-12-10T17:09:53.786896400Z-622436623339700
2,[0, 1, 0]-2025-12-10T17:09:53.786896400Z-622436623439300
in2-2025-12-10T17:09:54.244088500Z-622437081592700
0,[I@30af76bc-2025-12-10T17:09:54.244088500Z-622437082028800
1,[I@30af76bc-2025-12-10T17:09:54.245545700Z-622437082158600
2,[I@30af76bc-2025-12-10T17:09:54.245545700Z-622437082240900
4,[0, 2, 0]-2025-12-10T17:09:54.245545700Z-622437082388800
in2-2025-12-10T17:09:54.844831300Z-622437683833900
0,[I@30af76bc-2025-12-10T17:09:54.844831300Z-622437684180700
1,[I@30af76bc-2025-12-10T17:09:54.844831300Z-622437684291900
2,[I@30af76bc-2025-12-10T17:09:54.847862300Z-622437684372500
2,[0, 1, 0]-2025-12-10T17:09:54.847862300Z-622437684488400
in2-2025-12-10T17:09:55.151382300Z-622437988907100
0,[I@30af76bc-2025-12-10T17:09:55.152721100Z-622437989245000
1,[I@30af76bc-2025-12-10T17:09:55.152721100Z-622437989443400
2,[I@30af76bc-2025-12-10T17:09:55.152721100Z-622437989538100
4,[0, 2, 0]-2025-12-10T17:09:55.152721100Z-622437989624100
false-2025-12-10T17:09:55.461102600Z-622438297834000
in-2025-12-10T17:09:55.461612300Z-622438298193700
0,[I@32fdb6ec-2025-12-10T17:09:55.461612300Z-622438298311300
1,[I@32fdb6ec-2025-12-10T17:09:55.461612300Z-622438298376100
0-2025-12-10T17:09:55.461612300Z-622438298433000
in-2025-12-10T17:09:55.461612300Z-622438298542800
0,[I@6fd98d9a-2025-12-10T17:09:55.461612300Z-622438298603700
1,[I@6fd98d9a-2025-12-10T17:09:55.461612300Z-622438298663900
2-2025-12-10T17:09:55.461612300Z-622438298798300
in-2025-12-10T17:09:55.461612300Z-622438298878300
0,[I@8914ac-2025-12-10T17:09:55.461612300Z-622438298941000
1,[I@8914ac-2025-12-10T17:09:55.461612300Z-622438299125900
4-2025-12-10T17:09:55.461612300Z-622438299220800
in-2025-12-10T17:09:55.461612300Z-622438299311800
0,[I@12dc97cd-2025-12-10T17:09:55.461612300Z-622438299426200
1,[I@12dc97cd-2025-12-10T17:09:55.461612300Z-622438299493600
1-2025-12-10T17:09:55.461612300Z-622438299547600
in-2025-12-10T17:09:55.463167100Z-622438299613000
0,[I@4dc919ac-2025-12-10T17:09:55.463167100Z-622438299670500
1,[I@4dc919ac-2025-12-10T17:09:55.463167100Z-622438299726700
3-2025-12-10T17:09:55.463167100Z-622438299780900
in-2025-12-10T17:09:55.463167100Z-622438299844200
0,[I@6e5fe8d2-2025-12-10T17:09:55.463167100Z-622438299904200
1,[I@6e5fe8d2-2025-12-10T17:09:55.463167100Z-622438300836000
5-2025-12-10T17:09:55.463167100Z-622438301089400
false-2025-12-10T17:09:55.778865700Z-622438615821200
in2-2025-12-10T17:09:55.852290400Z-622438689080300
0,[I@30af76bc-2025-12-10T17:09:55.852799600Z-622438689320200
1,[I@30af76bc-2025-12-10T17:09:55.852799600Z-622438689393800
2,[I@30af76bc-2025-12-10T17:09:55.852799600Z-622438689456000
5,[1, 2, 0]-2025-12-10T17:09:55.852799600Z-622438689522500
in2-2025-12-10T17:09:55.882297Z-622438718842200
0,[I@30af76bc-2025-12-10T17:09:55.882297Z-622438719348100
1,[I@30af76bc-2025-12-10T17:09:55.882297Z-622438719538400
2,[I@30af76bc-2025-12-10T17:09:55.882297Z-622438719710600
4,[0, 2, 0]-2025-12-10T17:09:55.883301300Z-622438719888500
in2-2025-12-10T17:09:56.126484700Z-622438963702500
0,[I@30af76bc-2025-12-10T17:09:56.127483700Z-622438963956500
1,[I@30af76bc-2025-12-10T17:09:56.127483700Z-622438964027400
2,[I@30af76bc-2025-12-10T17:09:56.127483700Z-622438964087900
5,[1, 2, 0]-2025-12-10T17:09:56.127483700Z-622438964144200
false-2025-12-10T17:09:56.476476300Z-622439313894800
in-2025-12-10T17:09:56.477480Z-622439314249100
0,[I@785fda3e-2025-12-10T17:09:56.477480Z-622439314425600
1,[I@785fda3e-2025-12-10T17:09:56.477480Z-622439314518300
0-2025-12-10T17:09:56.477480Z-622439314637600
in-2025-12-10T17:09:56.477480Z-622439314751100
0,[I@45a4b09b-2025-12-10T17:09:56.477480Z-622439314813800
1,[I@45a4b09b-2025-12-10T17:09:56.477480Z-622439314870600
2-2025-12-10T17:09:56.478480200Z-622439314933400
in-2025-12-10T17:09:56.478480200Z-622439315040900
0,[I@118b3777-2025-12-10T17:09:56.478480200Z-622439315110300
1,[I@118b3777-2025-12-10T17:09:56.478480200Z-622439315170100
4-2025-12-10T17:09:56.478480200Z-622439315220000
in-2025-12-10T17:09:56.478480200Z-622439315362700
0,[I@3c82c52b-2025-12-10T17:09:56.478480200Z-622439315479700
1,[I@3c82c52b-2025-12-10T17:09:56.478480200Z-622439315577000
1-2025-12-10T17:09:56.478480200Z-622439315647500
in-2025-12-10T17:09:56.478480200Z-622439315838100
0,[I@3a8a76af-2025-12-10T17:09:56.479480100Z-622439315931400
1,[I@3a8a76af-2025-12-10T17:09:56.479480100Z-622439315992300
3-2025-12-10T17:09:56.479480100Z-622439316043000
in-2025-12-10T17:09:56.479480100Z-622439316143100
0,[I@5aca390d-2025-12-10T17:09:56.479480100Z-622439316208900
1,[I@5aca390d-2025-12-10T17:09:56.479480100Z-622439316264800
5-2025-12-10T17:09:56.479480100Z-622439316313800
false-2025-12-10T17:09:56.912744500Z-622439750159900
in2-2025-12-10T17:09:56.993080400Z-622439829623300
0,[I@30af76bc-2025-12-10T17:09:56.993080400Z-622439829876600
1,[I@30af76bc-2025-12-10T17:09:56.993080400Z-622439829951300
2,[I@30af76bc-2025-12-10T17:09:56.993080400Z-622439830009400
4,[0, 2, 0]-2025-12-10T17:09:56.993080400Z-622439830084500
