in3-2025-12-10T17:08:12.092494700Z-622334929758500
0-2025-12-10T17:08:12.093496800Z-622334930244400
[0]-2025-12-10T17:08:12.093496800Z-622334930773300
[I@2cdf8d8a-2025-12-10T17:08:12.102015200Z-622334939043500
0-2025-12-10T17:08:12.103020300Z-622334939761800
in3-2025-12-10T17:08:12.104023800Z-622334941108300
0-2025-12-10T17:08:12.105015700Z-622334941968100
[0]-2025-12-10T17:08:12.106019700Z-622334942996300
[I@5cb0d902-2025-12-10T17:08:12.107017200Z-622334943589400
-2025-12-10T17:08:12.107525500Z-622334944046400
﻿--2025-12-10T17:08:12.107525500Z-622334944308000
false-2025-12-10T17:08:13.056752300Z-622335893967500
in-2025-12-10T17:08:13.057757100Z-622335894431100
0,[I@1810399e-2025-12-10T17:08:13.060765100Z-622335897652000
1,[I@1810399e-2025-12-10T17:08:13.061763200Z-622335898343100
0-2025-12-10T17:08:13.061763200Z-622335898500700
in-2025-12-10T17:08:13.064761Z-622335901235800
0,[I@7f9a81e8-2025-12-10T17:08:13.064761Z-622335901491300
1,[I@7f9a81e8-2025-12-10T17:08:13.064761Z-622335901639600
2-2025-12-10T17:08:13.064761Z-622335901797900
in-2025-12-10T17:08:13.064761Z-622335901941000
0,[I@9629756-2025-12-10T17:08:13.064761Z-622335902075000
1,[I@9629756-2025-12-10T17:08:13.064761Z-622335902183200
4-2025-12-10T17:08:13.065764200Z-622335902472900
in-2025-12-10T17:08:13.065764200Z-622335902666400
0,[I@62ee68d8-2025-12-10T17:08:13.065764200Z-622335902785100
1,[I@62ee68d8-2025-12-10T17:08:13.065764200Z-622335902877700
1-2025-12-10T17:08:13.065764200Z-622335902951500
in-2025-12-10T17:08:13.065764200Z-622335903087700
0,[I@735b5592-2025-12-10T17:08:13.065764200Z-622335903164400
1,[I@735b5592-2025-12-10T17:08:13.066763800Z-622335903244700
3-2025-12-10T17:08:13.066763800Z-622335903306100
in-2025-12-10T17:08:13.066763800Z-622335903376300
0,[I@58651fd0-2025-12-10T17:08:13.066763800Z-622335903441800
1,[I@58651fd0-2025-12-10T17:08:13.066763800Z-622335903512900
5-2025-12-10T17:08:13.066763800Z-622335903586500
true-2025-12-10T17:08:13.169373800Z-622336006364000
false-2025-12-10T17:08:14.050557400Z-622336887122400
in-2025-12-10T17:08:14.050557400Z-622336887545800
0,[I@1e397ed7-2025-12-10T17:08:14.050557400Z-622336887721100
1,[I@1e397ed7-2025-12-10T17:08:14.050557400Z-622336887824800
0-2025-12-10T17:08:14.050557400Z-622336887963400
in-2025-12-10T17:08:14.050557400Z-622336888101800
0,[I@490ab905-2025-12-10T17:08:14.050557400Z-622336888203100
1,[I@490ab905-2025-12-10T17:08:14.051832600Z-622336888294600
2-2025-12-10T17:08:14.051832600Z-622336888388500
in-2025-12-10T17:08:14.051832600Z-622336888529900
0,[I@56ac3a89-2025-12-10T17:08:14.051832600Z-622336888649600
1,[I@56ac3a89-2025-12-10T17:08:14.051832600Z-622336888735800
4-2025-12-10T17:08:14.051832600Z-622336888818700
in-2025-12-10T17:08:14.051832600Z-622336888966900
0,[I@27c20538-2025-12-10T17:08:14.051832600Z-622336889068400
1,[I@27c20538-2025-12-10T17:08:14.051832600Z-622336889163000
1-2025-12-10T17:08:14.051832600Z-622336889419500
in-2025-12-10T17:08:14.051832600Z-622336889584800
0,[I@72d818d1-2025-12-10T17:08:14.053227400Z-622336889766100
1,[I@72d818d1-2025-12-10T17:08:14.053227400Z-622336890030400
3-2025-12-10T17:08:14.053227400Z-622336890260500
in-2025-12-10T17:08:14.053227400Z-622336890459000
0,[I@6e06451e-2025-12-10T17:08:14.053227400Z-622336890621900
1,[I@6e06451e-2025-12-10T17:08:14.053227400Z-622336890742100
5-2025-12-10T17:08:14.054408800Z-622336890928700
false-2025-12-10T17:08:14.472111900Z-622337309208800
in-2025-12-10T17:08:14.473115200Z-622337309671400
0,[I@3a5ed7a6-2025-12-10T17:08:14.473115200Z-622337309899000
1,[I@3a5ed7a6-2025-12-10T17:08:14.473115200Z-622337310039100
0-2025-12-10T17:08:14.473115200Z-622337310128200
in-2025-12-10T17:08:14.473115200Z-622337310256800
0,[I@6325a3ee-2025-12-10T17:08:14.473115200Z-622337310358100
1,[I@6325a3ee-2025-12-10T17:08:14.473115200Z-622337310442700
2-2025-12-10T17:08:14.473115200Z-622337310518700
in-2025-12-10T17:08:14.473115200Z-622337310641200
0,[I@1d16f93d-2025-12-10T17:08:14.473115200Z-622337310756300
1,[I@1d16f93d-2025-12-10T17:08:14.473115200Z-622337310839200
4-2025-12-10T17:08:14.473115200Z-622337311040700
in-2025-12-10T17:08:14.474600200Z-622337311183300
0,[I@67b92f0a-2025-12-10T17:08:14.474600200Z-622337311315200
1,[I@67b92f0a-2025-12-10T17:08:14.474600200Z-622337311412800
1-2025-12-10T17:08:14.474600200Z-622337311505400
in-2025-12-10T17:08:14.474600200Z-622337311645900
0,[I@2b9627bc-2025-12-10T17:08:14.474600200Z-622337312073500
1,[I@2b9627bc-2025-12-10T17:08:14.474600200Z-622337312247400
3-2025-12-10T17:08:14.475943600Z-622337312502800
in-2025-12-10T17:08:14.475943600Z-622337312752900
0,[I@65e2dbf3-2025-12-10T17:08:14.475943600Z-622337312960100
1,[I@65e2dbf3-2025-12-10T17:08:14.475943600Z-622337313114800
5-2025-12-10T17:08:14.475943600Z-622337313202900
in2-2025-12-10T17:08:39.683067500Z-622362520257300
0,[I@5fd47a8b-2025-12-10T17:08:39.684068800Z-622362520974500
1,[I@5fd47a8b-2025-12-10T17:08:39.684068800Z-622362521220400
2,[I@5fd47a8b-2025-12-10T17:08:39.684068800Z-622362521356300
2,[0, 1, 0]-2025-12-10T17:08:39.685066400Z-622362521614800
in2-2025-12-10T17:08:41.677947900Z-622364514530300
0,[I@5fd47a8b-2025-12-10T17:08:41.677947900Z-622364514825200
1,[I@5fd47a8b-2025-12-10T17:08:41.677947900Z-622364514920600
2,[I@5fd47a8b-2025-12-10T17:08:41.677947900Z-622364515000500
2,[0, 1, 0]-2025-12-10T17:08:41.677947900Z-622364515079100
false-2025-12-10T17:08:41.957584100Z-622364797310100
in-2025-12-10T17:08:41.961223500Z-622364797776600
0,[I@77781a1e-2025-12-10T17:08:41.961223500Z-622364797936400
1,[I@77781a1e-2025-12-10T17:08:41.961223500Z-622364798219700
0-2025-12-10T17:08:41.961223500Z-622364798345300
in-2025-12-10T17:08:41.961223500Z-622364798577300
0,[I@89abc7d-2025-12-10T17:08:41.961223500Z-622364798738700
1,[I@89abc7d-2025-12-10T17:08:41.961223500Z-622364798832600
2-2025-12-10T17:08:41.961223500Z-622364798909200
in-2025-12-10T17:08:41.961223500Z-622364799094000
0,[I@4f640b76-2025-12-10T17:08:41.961223500Z-622364799267800
1,[I@4f640b76-2025-12-10T17:08:41.961223500Z-622364799450400
4-2025-12-10T17:08:41.961223500Z-622364799590100
in-2025-12-10T17:08:41.963234900Z-622364799692900
0,[I@5e2f4a4-2025-12-10T17:08:41.963234900Z-622364799831700
1,[I@5e2f4a4-2025-12-10T17:08:41.963234900Z-622364800042100
1-2025-12-10T17:08:41.963234900Z-622364800189700
in-2025-12-10T17:08:41.963234900Z-622364800444700
0,[I@32fdb6ec-2025-12-10T17:08:41.963234900Z-622364800625200
1,[I@32fdb6ec-2025-12-10T17:08:41.963234900Z-622364800764800
3-2025-12-10T17:08:41.963234900Z-622364800855700
in-2025-12-10T17:08:41.963234900Z-622364800967100
0,[I@6fd98d9a-2025-12-10T17:08:41.963234900Z-622364801054500
1,[I@6fd98d9a-2025-12-10T17:08:41.963234900Z-622364801228300
5-2025-12-10T17:08:41.963234900Z-622364801303700
false-2025-12-10T17:08:42.408297300Z-622365245878700
in2-2025-12-10T17:08:42.586175500Z-622365423088900
0,[I@5fd47a8b-2025-12-10T17:08:42.586175500Z-622365423384300
1,[I@5fd47a8b-2025-12-10T17:08:42.586175500Z-622365423493000
2,[I@5fd47a8b-2025-12-10T17:08:42.586175500Z-622365423785100
3,[1, 1, 0]-2025-12-10T17:08:42.586175500Z-622365423907100
in2-2025-12-10T17:08:42.689798200Z-622365527538700
0,[I@5fd47a8b-2025-12-10T17:08:42.691218900Z-622365527982400
1,[I@5fd47a8b-2025-12-10T17:08:42.691218900Z-622365528201800
2,[I@5fd47a8b-2025-12-10T17:08:42.691218900Z-622365528388800
2,[0, 1, 0]-2025-12-10T17:08:42.691218900Z-622365528505200
in2-2025-12-10T17:08:42.789337Z-622365626653900
0,[I@5fd47a8b-2025-12-10T17:08:42.790342900Z-622365626917400
1,[I@5fd47a8b-2025-12-10T17:08:42.790342900Z-622365627106900
2,[I@5fd47a8b-2025-12-10T17:08:42.790342900Z-622365627219000
4,[0, 2, 0]-2025-12-10T17:08:42.790342900Z-622365627314300
false-2025-12-10T17:08:44.008769400Z-622366845406800
in-2025-12-10T17:08:44.008769400Z-622366846192000
0,[I@2cf659a-2025-12-10T17:08:44.009790500Z-622366846553600
1,[I@2cf659a-2025-12-10T17:08:44.009790500Z-622366846786100
0-2025-12-10T17:08:44.009790500Z-622366846862900
in-2025-12-10T17:08:44.009790500Z-622366847145900
0,[I@4b9ecb0d-2025-12-10T17:08:44.010792600Z-622366847342600
1,[I@4b9ecb0d-2025-12-10T17:08:44.010792600Z-622366847419100
2-2025-12-10T17:08:44.010792600Z-622366847643300
in-2025-12-10T17:08:44.010792600Z-622366847899900
0,[I@20de94ac-2025-12-10T17:08:44.010792600Z-622366847999000
1,[I@20de94ac-2025-12-10T17:08:44.010792600Z-622366848060800
4-2025-12-10T17:08:44.010792600Z-622366848112400
in-2025-12-10T17:08:44.010792600Z-622366848193900
0,[I@1459c39-2025-12-10T17:08:44.010792600Z-622366848248900
1,[I@1459c39-2025-12-10T17:08:44.010792600Z-622366848307300
1-2025-12-10T17:08:44.011876300Z-622366848393500
in-2025-12-10T17:08:44.011876300Z-622366848560300
0,[I@785fda3e-2025-12-10T17:08:44.011876300Z-622366848655700
1,[I@785fda3e-2025-12-10T17:08:44.011876300Z-622366848756000
3-2025-12-10T17:08:44.011876300Z-622366848849200
in-2025-12-10T17:08:44.011876300Z-622366848930700
0,[I@45a4b09b-2025-12-10T17:08:44.011876300Z-622366848999400
1,[I@45a4b09b-2025-12-10T17:08:44.011876300Z-622366849065500
5-2025-12-10T17:08:44.011876300Z-622366849247500
false-2025-12-10T17:08:44.202973300Z-622367040525400
in2-2025-12-10T17:08:45.401166800Z-622368238609400
0,[I@5fd47a8b-2025-12-10T17:08:45.402167200Z-622368238961000
1,[I@5fd47a8b-2025-12-10T17:08:45.402167200Z-622368239142000
2,[I@5fd47a8b-2025-12-10T17:08:45.402167200Z-622368239256400
5,[1, 2, 0]-2025-12-10T17:08:45.402167200Z-622368239337900
in2-2025-12-10T17:08:46.052742800Z-622368890545200
0,[I@5fd47a8b-2025-12-10T17:08:46.054287800Z-622368890866500
1,[I@5fd47a8b-2025-12-10T17:08:46.054287800Z-622368891040400
2,[I@5fd47a8b-2025-12-10T17:08:46.054287800Z-622368891118200
5,[1, 2, 0]-2025-12-10T17:08:46.054287800Z-622368891187100
false-2025-12-10T17:08:46.477488Z-622369314401100
in-2025-12-10T17:08:46.477488Z-622369314830300
0,[I@7f6ebae8-2025-12-10T17:08:46.478490100Z-622369315103700
1,[I@7f6ebae8-2025-12-10T17:08:46.478490100Z-622369315217300
0-2025-12-10T17:08:46.478490100Z-622369315297600
in-2025-12-10T17:08:46.478490100Z-622369315495800
0,[I@8205b17-2025-12-10T17:08:46.478490100Z-622369315654300
1,[I@8205b17-2025-12-10T17:08:46.478490100Z-622369315757600
2-2025-12-10T17:08:46.478490100Z-622369315836700
in-2025-12-10T17:08:46.479485400Z-622369315962100
0,[I@b5451c6-2025-12-10T17:08:46.479485400Z-622369316045800
1,[I@b5451c6-2025-12-10T17:08:46.479485400Z-622369316128300
4-2025-12-10T17:08:46.479485400Z-622369316198700
in-2025-12-10T17:08:46.479485400Z-622369316293600
0,[I@65c350ae-2025-12-10T17:08:46.479485400Z-622369316371400
1,[I@65c350ae-2025-12-10T17:08:46.479485400Z-622369316446200
1-2025-12-10T17:08:46.479485400Z-622369316546600
in-2025-12-10T17:08:46.479485400Z-622369316633300
0,[I@6ff00f04-2025-12-10T17:08:46.479485400Z-622369316720000
1,[I@6ff00f04-2025-12-10T17:08:46.479485400Z-622369316798500
3-2025-12-10T17:08:46.479485400Z-622369316866700
in-2025-12-10T17:08:46.480487800Z-622369316966500
0,[I@6502190e-2025-12-10T17:08:46.480487800Z-622369317052000
1,[I@6502190e-2025-12-10T17:08:46.480487800Z-622369317127500
5-2025-12-10T17:08:46.480487800Z-622369317193600
false-2025-12-10T17:08:46.664587400Z-622369501596300
in2-2025-12-10T17:08:46.728031400Z-622369564933800
0,[I@5fd47a8b-2025-12-10T17:08:46.728031400Z-622369565245400
1,[I@5fd47a8b-2025-12-10T17:08:46.728031400Z-622369565340900
2,[I@5fd47a8b-2025-12-10T17:08:46.728031400Z-622369565411100
5,[1, 2, 0]-2025-12-10T17:08:46.728031400Z-622369565497900
in2-2025-12-10T17:08:47.111206400Z-622369948147600
0,[I@5fd47a8b-2025-12-10T17:08:47.111206400Z-622369948592400
1,[I@5fd47a8b-2025-12-10T17:08:47.111206400Z-622369948800300
2,[I@5fd47a8b-2025-12-10T17:08:47.112525100Z-622369949062100
4,[0, 2, 0]-2025-12-10T17:08:47.112525100Z-622369949178700
in2-2025-12-10T17:08:48.360186100Z-622371197114100
0,[I@5fd47a8b-2025-12-10T17:08:48.360186100Z-622371197441800
1,[I@5fd47a8b-2025-12-10T17:08:48.360186100Z-622371197534900
2,[I@5fd47a8b-2025-12-10T17:08:48.360186100Z-622371197597800
5,[1, 2, 0]-2025-12-10T17:08:48.360186100Z-622371197657800
false-2025-12-10T17:08:48.876411200Z-622371713301200
in-2025-12-10T17:08:48.876411200Z-622371713836300
0,[I@11e6d322-2025-12-10T17:08:48.876411200Z-622371714078200
1,[I@11e6d322-2025-12-10T17:08:48.876411200Z-622371714239100
0-2025-12-10T17:08:48.877879300Z-622371714324900
in-2025-12-10T17:08:48.877879300Z-622371714558700
0,[I@6a58c9ac-2025-12-10T17:08:48.877879300Z-622371714727500
1,[I@6a58c9ac-2025-12-10T17:08:48.877879300Z-622371714816900
2-2025-12-10T17:08:48.877879300Z-622371714887300
in-2025-12-10T17:08:48.877879300Z-622371715094100
0,[I@6f64439-2025-12-10T17:08:48.877879300Z-622371715307600
1,[I@6f64439-2025-12-10T17:08:48.877879300Z-622371715460500
4-2025-12-10T17:08:48.877879300Z-622371715781500
in-2025-12-10T17:08:48.877879300Z-622371715965300
0,[I@10409549-2025-12-10T17:08:48.879609400Z-622371716066500
1,[I@10409549-2025-12-10T17:08:48.879609400Z-622371716147700
1-2025-12-10T17:08:48.879609400Z-622371716196000
in-2025-12-10T17:08:48.879609400Z-622371716262500
0,[I@37983ba0-2025-12-10T17:08:48.879609400Z-622371716312000
1,[I@37983ba0-2025-12-10T17:08:48.879609400Z-622371716361700
3-2025-12-10T17:08:48.879609400Z-622371716403900
in-2025-12-10T17:08:48.879609400Z-622371716470000
0,[I@1ba18156-2025-12-10T17:08:48.879609400Z-622371716539300
1,[I@1ba18156-2025-12-10T17:08:48.879609400Z-622371716596400
5-2025-12-10T17:08:48.879609400Z-622371716643700
in2-2025-12-10T17:08:49.577804500Z-622372415247200
0,[I@5fd47a8b-2025-12-10T17:08:49.579198300Z-622372415694900
1,[I@5fd47a8b-2025-12-10T17:08:49.579198300Z-622372415803100
2,[I@5fd47a8b-2025-12-10T17:08:49.579198300Z-622372415867300
2,[0, 1, 0]-2025-12-10T17:08:49.579198300Z-622372415930700
in2-2025-12-10T17:08:49.777223700Z-622372614543300
0,[I@5fd47a8b-2025-12-10T17:08:49.777223700Z-622372615211100
1,[I@5fd47a8b-2025-12-10T17:08:49.777223700Z-622372615456400
2,[I@5fd47a8b-2025-12-10T17:08:49.777223700Z-622372615821200
5,[1, 2, 0]-2025-12-10T17:08:49.777223700Z-622372615941900
false-2025-12-10T17:08:50.441146100Z-622373277825300
in-2025-12-10T17:08:50.441146100Z-622373278271700
0,[I@27f503f5-2025-12-10T17:08:50.441146100Z-622373278432800
1,[I@27f503f5-2025-12-10T17:08:50.441146100Z-622373278544200
0-2025-12-10T17:08:50.442145700Z-622373278619000
in-2025-12-10T17:08:50.442145700Z-622373278754600
0,[I@76842954-2025-12-10T17:08:50.442145700Z-622373278840500
1,[I@76842954-2025-12-10T17:08:50.442145700Z-622373278896900
2-2025-12-10T17:08:50.442145700Z-622373278947700
in-2025-12-10T17:08:50.442145700Z-622373279025400
0,[I@7bfe6ec1-2025-12-10T17:08:50.442145700Z-622373279084300
1,[I@7bfe6ec1-2025-12-10T17:08:50.442145700Z-622373279167000
4-2025-12-10T17:08:50.442145700Z-622373279218000
in-2025-12-10T17:08:50.442145700Z-622373279506400
0,[I@5982bf8a-2025-12-10T17:08:50.443147600Z-622373279838600
1,[I@5982bf8a-2025-12-10T17:08:50.443147600Z-622373280017400
1-2025-12-10T17:08:50.443147600Z-622373280115600
in-2025-12-10T17:08:50.443147600Z-622373280445100
0,[I@56e7e5e4-2025-12-10T17:08:50.443147600Z-622373280775200
1,[I@56e7e5e4-2025-12-10T17:08:50.443147600Z-622373280915300
3-2025-12-10T17:08:50.443147600Z-622373281015800
in-2025-12-10T17:08:50.444594400Z-622373281140600
0,[I@17ea8e5-2025-12-10T17:08:50.444594400Z-622373281218800
1,[I@17ea8e5-2025-12-10T17:08:50.444594400Z-622373281281200
5-2025-12-10T17:08:50.444594400Z-622373281353300
false-2025-12-10T17:08:50.679960700Z-622373516568200
false-2025-12-10T17:08:51.343647300Z-622374180364900
in-2025-12-10T17:08:51.343647300Z-622374180705700
0,[I@68a37759-2025-12-10T17:08:51.343647300Z-622374180903300
1,[I@68a37759-2025-12-10T17:08:51.343647300Z-622374180997100
0-2025-12-10T17:08:51.343647300Z-622374181060300
in-2025-12-10T17:08:51.344648400Z-622374181198100
0,[I@3e594a82-2025-12-10T17:08:51.344648400Z-622374181276200
1,[I@3e594a82-2025-12-10T17:08:51.344648400Z-622374181346900
2-2025-12-10T17:08:51.344648400Z-622374181399400
in-2025-12-10T17:08:51.344648400Z-622374181480200
0,[I@d9a5416-2025-12-10T17:08:51.344648400Z-622374181542300
1,[I@d9a5416-2025-12-10T17:08:51.344648400Z-622374181599900
4-2025-12-10T17:08:51.344648400Z-622374181659300
in-2025-12-10T17:08:51.344648400Z-622374181822100
0,[I@6724944b-2025-12-10T17:08:51.344648400Z-622374181972600
1,[I@6724944b-2025-12-10T17:08:51.344648400Z-622374182031600
1-2025-12-10T17:08:51.345646800Z-622374182132700
in-2025-12-10T17:08:51.345646800Z-622374182446800
0,[I@14ce3e49-2025-12-10T17:08:51.345646800Z-622374182605700
1,[I@14ce3e49-2025-12-10T17:08:51.345646800Z-622374182892600
3-2025-12-10T17:08:51.345646800Z-622374183033500
in-2025-12-10T17:08:51.346647300Z-622374183161200
0,[I@60377b08-2025-12-10T17:08:51.346647300Z-622374183294000
1,[I@60377b08-2025-12-10T17:08:51.346647300Z-622374183464900
5-2025-12-10T17:08:51.346647300Z-622374183535400
false-2025-12-10T17:08:51.539073800Z-622374377011200
false-2025-12-10T17:08:52.143620800Z-622374980357200
in-2025-12-10T17:08:52.143620800Z-622374980662800
0,[I@256bfcb3-2025-12-10T17:08:52.143620800Z-622374980767600
1,[I@256bfcb3-2025-12-10T17:08:52.143620800Z-622374980826700
0-2025-12-10T17:08:52.143620800Z-622374980868600
in-2025-12-10T17:08:52.143620800Z-622374980961000
0,[I@365c39f4-2025-12-10T17:08:52.143620800Z-622374981009400
1,[I@365c39f4-2025-12-10T17:08:52.143620800Z-622374981051800
2-2025-12-10T17:08:52.143620800Z-622374981091600
in-2025-12-10T17:08:52.143620800Z-622374981142600
0,[I@138b83f1-2025-12-10T17:08:52.143620800Z-622374981187000
1,[I@138b83f1-2025-12-10T17:08:52.143620800Z-622374981227000
4-2025-12-10T17:08:52.143620800Z-622374981262800
in-2025-12-10T17:08:52.143620800Z-622374981310500
0,[I@2107127f-2025-12-10T17:08:52.143620800Z-622374981363100
1,[I@2107127f-2025-12-10T17:08:52.143620800Z-622374981411400
1-2025-12-10T17:08:52.143620800Z-622374981479700
in-2025-12-10T17:08:52.143620800Z-622374981621700
0,[I@5b73fc88-2025-12-10T17:08:52.143620800Z-622374981957500
1,[I@5b73fc88-2025-12-10T17:08:52.143620800Z-622374982092600
3-2025-12-10T17:08:52.143620800Z-622374982155000
in-2025-12-10T17:08:52.143620800Z-622374982349800
0,[I@c37ed8b-2025-12-10T17:08:52.143620800Z-622374982541300
1,[I@c37ed8b-2025-12-10T17:08:52.143620800Z-622374982593000
5-2025-12-10T17:08:52.143620800Z-622374982633600
false-2025-12-10T17:08:52.361646900Z-622375198659900
false-2025-12-10T17:08:52.861008300Z-622375698589700
in-2025-12-10T17:08:52.862311300Z-622375698867100
0,[I@f1a0c24-2025-12-10T17:08:52.862311300Z-622375698944000
1,[I@f1a0c24-2025-12-10T17:08:52.862311300Z-622375698997300
0-2025-12-10T17:08:52.862311300Z-622375699035100
in-2025-12-10T17:08:52.862311300Z-622375699149600
0,[I@38f645a0-2025-12-10T17:08:52.862311300Z-622375699201700
1,[I@38f645a0-2025-12-10T17:08:52.862311300Z-622375699241900
2-2025-12-10T17:08:52.862311300Z-622375699276900
in-2025-12-10T17:08:52.862311300Z-622375699326800
0,[I@64e2d5ce-2025-12-10T17:08:52.862311300Z-622375699368800
1,[I@64e2d5ce-2025-12-10T17:08:52.862311300Z-622375699406000
4-2025-12-10T17:08:52.862311300Z-622375699484500
in-2025-12-10T17:08:52.862311300Z-622375699545900
0,[I@4951d254-2025-12-10T17:08:52.862311300Z-622375699603600
1,[I@4951d254-2025-12-10T17:08:52.862311300Z-622375699737800
1-2025-12-10T17:08:52.862311300Z-622375699842500
in-2025-12-10T17:08:52.863457500Z-622375699935300
0,[I@16f58c76-2025-12-10T17:08:52.863457500Z-622375699997100
1,[I@16f58c76-2025-12-10T17:08:52.863457500Z-622375700039300
3-2025-12-10T17:08:52.863457500Z-622375700108200
in-2025-12-10T17:08:52.863457500Z-622375700181600
0,[I@1ca4004d-2025-12-10T17:08:52.863457500Z-622375700238700
1,[I@1ca4004d-2025-12-10T17:08:52.863457500Z-622375700311000
5-2025-12-10T17:08:52.863457500Z-622375700358400
false-2025-12-10T17:08:53.191528400Z-622376028522400
in2-2025-12-10T17:08:53.358187100Z-622376196086200
0,[I@5fd47a8b-2025-12-10T17:08:53.359675100Z-622376196329900
1,[I@5fd47a8b-2025-12-10T17:08:53.359675100Z-622376196415100
2,[I@5fd47a8b-2025-12-10T17:08:53.359675100Z-622376196470200
5,[1, 2, 0]-2025-12-10T17:08:53.359675100Z-622376196574700
in2-2025-12-10T17:08:53.440487900Z-622376277565600
0,[I@5fd47a8b-2025-12-10T17:08:53.440487900Z-622376278059100
1,[I@5fd47a8b-2025-12-10T17:08:53.441702800Z-622376278158600
2,[I@5fd47a8b-2025-12-10T17:08:53.441702800Z-622376278207500
4,[0, 2, 0]-2025-12-10T17:08:53.441702800Z-622376278260500
