2025-12-11T12:56:51.098863800Z-693694495207400-in3
2025-12-11T12:56:51.098863800Z-693694495581100-[]
2025-12-11T12:56:51.103866400Z-693694500491900-[I@2cdf8d8a
2025-12-11T12:56:51.103866400Z-693694500739000-in3
2025-12-11T12:56:51.103866400Z-693694500854200-0
2025-12-11T12:56:51.103866400Z-693694500973300-[1]
2025-12-11T12:56:51.104868500Z-693694501114300-[I@30946e09
2025-12-11T12:56:51.104868500Z-693694501252900-1
2025-12-11T12:56:51.104868500Z-693694501675900-in3
2025-12-11T12:56:51.104868500Z-693694501801000-0
2025-12-11T12:56:51.104868500Z-693694501924800-[1]
2025-12-11T12:56:51.104868500Z-693694502043400-[I@46fbb2c1
2025-12-11T12:56:51.104868500Z-693694502148700-
2025-12-11T12:56:51.106042400Z-693694502250700-.
2025-12-11T12:56:52.006675900Z-693695404234000-false
2025-12-11T12:56:52.008249Z-693695404803800-in
2025-12-11T12:56:52.015095700Z-693695411843000-0,[I@32d992b2
2025-12-11T12:56:52.015095700Z-693695412562700-1,[I@32d992b2
2025-12-11T12:56:52.015095700Z-693695412777300-0
2025-12-11T12:56:52.020205700Z-693695416536800-in
2025-12-11T12:56:52.020205700Z-693695416838900-0,[I@9629756
2025-12-11T12:56:52.020205700Z-693695416951300-1,[I@9629756
2025-12-11T12:56:52.020205700Z-693695417047900-2
2025-12-11T12:56:52.020205700Z-693695417256700-in
2025-12-11T12:56:52.020205700Z-693695417379700-0,[I@62ee68d8
2025-12-11T12:56:52.020205700Z-693695417485500-1,[I@62ee68d8
2025-12-11T12:56:52.020205700Z-693695417592800-4
2025-12-11T12:56:52.020205700Z-693695417711000-in
2025-12-11T12:56:52.021599800Z-693695417976100-0,[I@735b5592
2025-12-11T12:56:52.021599800Z-693695418100500-1,[I@735b5592
2025-12-11T12:56:52.021599800Z-693695418281000-1
2025-12-11T12:56:52.021599800Z-693695418405600-in
2025-12-11T12:56:52.021599800Z-693695418506000-0,[I@58651fd0
2025-12-11T12:56:52.021599800Z-693695418585300-1,[I@58651fd0
2025-12-11T12:56:52.021599800Z-693695418652400-3
2025-12-11T12:56:52.021599800Z-693695418735000-in
2025-12-11T12:56:52.022599200Z-693695418818500-0,[I@4520ebad
2025-12-11T12:56:52.022599200Z-693695418921700-1,[I@4520ebad
2025-12-11T12:56:52.022599200Z-693695418991000-5
2025-12-11T12:56:52.395621200Z-693695792554000-true
2025-12-11T12:56:53.169563100Z-693696566957200-false
2025-12-11T12:56:53.170853600Z-693696567382800-in
2025-12-11T12:56:53.170853600Z-693696567534100-0,[I@490ab905
2025-12-11T12:56:53.170853600Z-693696567613400-1,[I@490ab905
2025-12-11T12:56:53.170853600Z-693696567727800-0
2025-12-11T12:56:53.170853600Z-693696567859100-in
2025-12-11T12:56:53.170853600Z-693696567956600-0,[I@56ac3a89
2025-12-11T12:56:53.171854200Z-693696568041000-1,[I@56ac3a89
2025-12-11T12:56:53.171854200Z-693696568111600-2
2025-12-11T12:56:53.171854200Z-693696568246900-in
2025-12-11T12:56:53.171854200Z-693696568342100-0,[I@27c20538
2025-12-11T12:56:53.171854200Z-693696568525700-1,[I@27c20538
2025-12-11T12:56:53.171854200Z-693696568680900-4
2025-12-11T12:56:53.171854200Z-693696568854400-in
2025-12-11T12:56:53.171854200Z-693696569001100-0,[I@72d818d1
2025-12-11T12:56:53.172851600Z-693696569127200-1,[I@72d818d1
2025-12-11T12:56:53.172851600Z-693696569206100-1
2025-12-11T12:56:53.172851600Z-693696569414700-in
2025-12-11T12:56:53.172851600Z-693696569533400-0,[I@6e06451e
2025-12-11T12:56:53.172851600Z-693696569633900-1,[I@6e06451e
2025-12-11T12:56:53.172851600Z-693696569716600-3
2025-12-11T12:56:53.172851600Z-693696569841800-in
2025-12-11T12:56:53.172851600Z-693696570015700-0,[I@59494225
2025-12-11T12:56:53.173856200Z-693696570145200-1,[I@59494225
2025-12-11T12:56:53.173856200Z-693696570236100-5
2025-12-11T12:56:53.557588100Z-693696954492800-false
2025-12-11T12:56:53.557588100Z-693696954857200-in
2025-12-11T12:56:53.557588100Z-693696954965700-0,[I@6325a3ee
2025-12-11T12:56:53.557588100Z-693696955096600-1,[I@6325a3ee
2025-12-11T12:56:53.558907400Z-693696955278900-0
2025-12-11T12:56:53.558907400Z-693696955408900-in
2025-12-11T12:56:53.558907400Z-693696955493700-0,[I@1d16f93d
2025-12-11T12:56:53.558907400Z-693696955616400-1,[I@1d16f93d
2025-12-11T12:56:53.558907400Z-693696955684500-2
2025-12-11T12:56:53.558907400Z-693696955913300-in
2025-12-11T12:56:53.558907400Z-693696956020000-0,[I@67b92f0a
2025-12-11T12:56:53.558907400Z-693696956144500-1,[I@67b92f0a
2025-12-11T12:56:53.558907400Z-693696956221700-4
2025-12-11T12:56:53.558907400Z-693696956327100-in
2025-12-11T12:56:53.558907400Z-693696956428500-0,[I@2b9627bc
2025-12-11T12:56:53.560355100Z-693696956554000-1,[I@2b9627bc
2025-12-11T12:56:53.560355100Z-693696956686700-1
2025-12-11T12:56:53.560355100Z-693696956880700-in
2025-12-11T12:56:53.560355100Z-693696956985600-0,[I@65e2dbf3
2025-12-11T12:56:53.560355100Z-693696957070400-1,[I@65e2dbf3
2025-12-11T12:56:53.560355100Z-693696957141900-3
2025-12-11T12:56:53.560355100Z-693696957236400-in
2025-12-11T12:56:53.560355100Z-693696957325400-0,[I@4f970963
2025-12-11T12:56:53.560355100Z-693696957424500-1,[I@4f970963
2025-12-11T12:56:53.560355100Z-693696957508900-5
2025-12-11T12:56:56.781195600Z-693700177788600-in2
2025-12-11T12:56:56.782190500Z-693700178460900-0,[I@41618428
2025-12-11T12:56:56.782190500Z-693700178669000-1,[I@41618428
2025-12-11T12:56:56.782190500Z-693700178759700-2,[I@41618428
2025-12-11T12:56:56.782190500Z-693700179068300-4,[0, 2, 0]
2025-12-11T12:56:57.086853500Z-693700483226300-false
2025-12-11T12:56:57.086853500Z-693700483703600-in
2025-12-11T12:56:57.087855600Z-693700484139500-0,[I@70db1d89
2025-12-11T12:56:57.087855600Z-693700484345200-1,[I@70db1d89
2025-12-11T12:56:57.087855600Z-693700484441500-0
2025-12-11T12:56:57.087855600Z-693700484592800-in
2025-12-11T12:56:57.087855600Z-693700484686300-0,[I@73f86dbb
2025-12-11T12:56:57.087855600Z-693700484811300-1,[I@73f86dbb
2025-12-11T12:56:57.087855600Z-693700484889000-2
2025-12-11T12:56:57.088853500Z-693700485039300-in
2025-12-11T12:56:57.088853500Z-693700485126000-0,[I@7d22ecb7
2025-12-11T12:56:57.088853500Z-693700485213500-1,[I@7d22ecb7
2025-12-11T12:56:57.088853500Z-693700485282500-4
2025-12-11T12:56:57.088853500Z-693700485373700-in
2025-12-11T12:56:57.088853500Z-693700485497200-0,[I@3afa4488
2025-12-11T12:56:57.088853500Z-693700485579400-1,[I@3afa4488
2025-12-11T12:56:57.088853500Z-693700485750600-1
2025-12-11T12:56:57.088853500Z-693700486001000-in
2025-12-11T12:56:57.088853500Z-693700486189200-0,[I@12e5310b
2025-12-11T12:56:57.088853500Z-693700486302900-1,[I@12e5310b
2025-12-11T12:56:57.088853500Z-693700486386400-3
2025-12-11T12:56:57.090311500Z-693700486503900-in
2025-12-11T12:56:57.090311500Z-693700486681600-0,[I@22c00359
2025-12-11T12:56:57.090311500Z-693700486793800-1,[I@22c00359
2025-12-11T12:56:57.090311500Z-693700486872300-5
2025-12-11T12:56:57.461025300Z-693700857752100-false
2025-12-11T12:56:57.714120900Z-693701110407100-in2
2025-12-11T12:56:57.714120900Z-693701110752000-0,[I@41618428
2025-12-11T12:56:57.714120900Z-693701111050700-1,[I@41618428
2025-12-11T12:56:57.714120900Z-693701111187700-2,[I@41618428
2025-12-11T12:56:57.715121700Z-693701111453300-5,[1, 2, 0]
2025-12-11T12:56:57.805436800Z-693701202426500-in2
2025-12-11T12:56:57.805436800Z-693701202837300-0,[I@41618428
2025-12-11T12:56:57.806784100Z-693701203256700-1,[I@41618428
2025-12-11T12:56:57.806784100Z-693701203633600-2,[I@41618428
2025-12-11T12:56:57.806784100Z-693701203824300-4,[0, 2, 0]
2025-12-11T12:56:57.874966600Z-693701271567400-in2
2025-12-11T12:56:57.874966600Z-693701271830200-0,[I@41618428
2025-12-11T12:56:57.874966600Z-693701271912800-1,[I@41618428
2025-12-11T12:56:57.874966600Z-693701272171300-2,[I@41618428
2025-12-11T12:56:57.874966600Z-693701272307800-4,[0, 2, 0]
2025-12-11T12:56:58.167555500Z-693701564052400-false
2025-12-11T12:56:58.167555500Z-693701564668900-in
2025-12-11T12:56:58.167555500Z-693701564781200-0,[I@60db51bd
2025-12-11T12:56:58.167555500Z-693701564844700-1,[I@60db51bd
2025-12-11T12:56:58.167555500Z-693701564898000-0
2025-12-11T12:56:58.168890100Z-693701565094100-in
2025-12-11T12:56:58.168890100Z-693701565264200-0,[I@32b264d9
2025-12-11T12:56:58.168890100Z-693701565332800-1,[I@32b264d9
2025-12-11T12:56:58.168890100Z-693701565416200-2
2025-12-11T12:56:58.168890100Z-693701565496800-in
2025-12-11T12:56:58.168890100Z-693701565672100-0,[I@4911c521
2025-12-11T12:56:58.168890100Z-693701565747700-1,[I@4911c521
2025-12-11T12:56:58.168890100Z-693701565809400-4
2025-12-11T12:56:58.168890100Z-693701565878400-in
2025-12-11T12:56:58.168890100Z-693701565934400-0,[I@2100c5e6
2025-12-11T12:56:58.168890100Z-693701565988000-1,[I@2100c5e6
2025-12-11T12:56:58.168890100Z-693701566034600-1
2025-12-11T12:56:58.168890100Z-693701566092500-in
2025-12-11T12:56:58.168890100Z-693701566144000-0,[I@1b6c2ec2
2025-12-11T12:56:58.168890100Z-693701566194000-1,[I@1b6c2ec2
2025-12-11T12:56:58.168890100Z-693701566239400-3
2025-12-11T12:56:58.168890100Z-693701566295600-in
2025-12-11T12:56:58.168890100Z-693701566361100-0,[I@3ad915da
2025-12-11T12:56:58.168890100Z-693701566417100-1,[I@3ad915da
2025-12-11T12:56:58.168890100Z-693701566464700-5
2025-12-11T12:56:58.516601200Z-693701913219600-false
2025-12-11T12:56:58.656317200Z-693702053411100-in2
2025-12-11T12:56:58.657319300Z-693702053651500-0,[I@41618428
2025-12-11T12:56:58.657319300Z-693702053722800-1,[I@41618428
2025-12-11T12:56:58.657319300Z-693702053781100-2,[I@41618428
2025-12-11T12:56:58.657319300Z-693702053838600-4,[0, 2, 0]
2025-12-11T12:56:59.814903Z-693703212455200-in2
2025-12-11T12:56:59.816272400Z-693703212723800-0,[I@41618428
2025-12-11T12:56:59.816272400Z-693703212799200-1,[I@41618428
2025-12-11T12:56:59.816272400Z-693703212854000-2,[I@41618428
2025-12-11T12:56:59.816272400Z-693703212917700-5,[1, 2, 0]
2025-12-11T12:57:00.447018200Z-693703843454700-false
2025-12-11T12:57:00.447018200Z-693703843961000-in
2025-12-11T12:57:00.447018200Z-693703844103400-0,[I@67f699e9
2025-12-11T12:57:00.447018200Z-693703844183500-1,[I@67f699e9
2025-12-11T12:57:00.448016300Z-693703844249800-0
2025-12-11T12:57:00.448016300Z-693703844440300-in
2025-12-11T12:57:00.448016300Z-693703844520900-0,[I@4c1a0646
2025-12-11T12:57:00.448016300Z-693703844587900-1,[I@4c1a0646
2025-12-11T12:57:00.448016300Z-693703844647700-2
2025-12-11T12:57:00.448016300Z-693703844740500-in
2025-12-11T12:57:00.448016300Z-693703844808400-0,[I@2390e2c2
2025-12-11T12:57:00.448016300Z-693703844874100-1,[I@2390e2c2
2025-12-11T12:57:00.448016300Z-693703844932900-4
2025-12-11T12:57:00.448016300Z-693703845009600-in
2025-12-11T12:57:00.448016300Z-693703845076100-0,[I@46f1b7dd
2025-12-11T12:57:00.448016300Z-693703845152500-1,[I@46f1b7dd
2025-12-11T12:57:00.449016900Z-693703845210800-1
2025-12-11T12:57:00.449016900Z-693703845286300-in
2025-12-11T12:57:00.449016900Z-693703845380700-0,[I@151b573b
2025-12-11T12:57:00.449016900Z-693703845446600-1,[I@151b573b
2025-12-11T12:57:00.449016900Z-693703845515500-3
2025-12-11T12:57:00.449016900Z-693703845603200-in
2025-12-11T12:57:00.449016900Z-693703845672300-0,[I@9af5be8
2025-12-11T12:57:00.449016900Z-693703845738100-1,[I@9af5be8
2025-12-11T12:57:00.449016900Z-693703845798500-5
2025-12-11T12:57:00.745015500Z-693704142217800-false
2025-12-11T12:57:01.393097900Z-693704789674600-in2
2025-12-11T12:57:01.393097900Z-693704790016300-0,[I@41618428
2025-12-11T12:57:01.393097900Z-693704790117900-1,[I@41618428
2025-12-11T12:57:01.393097900Z-693704790181600-2,[I@41618428
2025-12-11T12:57:01.393097900Z-693704790241000-5,[1, 2, 0]
2025-12-11T12:57:02.108876600Z-693705506224900-false
2025-12-11T12:57:02.110065200Z-693705506774300-in
2025-12-11T12:57:02.110065200Z-693705507005000-0,[I@6a48dbe1
2025-12-11T12:57:02.110065200Z-693705507194400-1,[I@6a48dbe1
2025-12-11T12:57:02.110065200Z-693705507359200-0
2025-12-11T12:57:02.111408100Z-693705507787200-in
2025-12-11T12:57:02.111408100Z-693705508045700-0,[I@7bbdfcc5
2025-12-11T12:57:02.111408100Z-693705508139700-1,[I@7bbdfcc5
2025-12-11T12:57:02.111408100Z-693705508206000-2
2025-12-11T12:57:02.111408100Z-693705508407800-in
2025-12-11T12:57:02.111408100Z-693705508527800-0,[I@1db7db2
2025-12-11T12:57:02.111408100Z-693705508796100-1,[I@1db7db2
2025-12-11T12:57:02.111408100Z-693705508908200-4
2025-12-11T12:57:02.111408100Z-693705509027000-in
2025-12-11T12:57:02.112894800Z-693705509102300-0,[I@5e91058d
2025-12-11T12:57:02.112894800Z-693705509190000-1,[I@5e91058d
2025-12-11T12:57:02.112894800Z-693705509253800-1
2025-12-11T12:57:02.112894800Z-693705509679100-in
2025-12-11T12:57:02.112894800Z-693705510040700-0,[I@722a4a6d
2025-12-11T12:57:02.113896100Z-693705510142900-1,[I@722a4a6d
2025-12-11T12:57:02.113896100Z-693705510200200-3
2025-12-11T12:57:02.113896100Z-693705510415100-in
2025-12-11T12:57:02.113896100Z-693705510756600-0,[I@66e5cb39
2025-12-11T12:57:02.113896100Z-693705510953400-1,[I@66e5cb39
2025-12-11T12:57:02.113896100Z-693705511048000-5
2025-12-11T12:57:04.610645300Z-693708007563400-end