2026-01-16T15:10:43.339502400Z-1547488944588700-in3
2026-01-16T15:10:43.340503500Z-1547488945047500-tic_tac_toc$game$kit_with_logger$$Lambda/0x000002b08900b430@67424e82
2026-01-16T15:10:43.340503500Z-1547488945551600-1732398722
2026-01-16T15:10:43.340503500Z-1547488945857400-[]
2026-01-16T15:10:43.345498Z-1547488950573600-[I@443b7951
2026-01-16T15:10:43.345498Z-1547488950807200-in3
2026-01-16T15:10:43.346502600Z-1547488950930900-tic_tac_toc$game$kit_with_logger$$Lambda/0x000002b08900b430@14514713
2026-01-16T15:10:43.346502600Z-1547488951060800-340870931
2026-01-16T15:10:43.346502600Z-1547488951155700-0
2026-01-16T15:10:43.346502600Z-1547488951250000-[]
2026-01-16T15:10:43.347499400Z-1547488952107900-before:[]
2026-01-16T15:10:43.347499400Z-1547488952743200-1
2026-01-16T15:10:43.348498800Z-1547488952876500-0
2026-01-16T15:10:43.348498800Z-1547488953014600-[1]
2026-01-16T15:10:43.348498800Z-1547488953211700-after:[1]
2026-01-16T15:10:43.348498800Z-1547488953311900-1
2026-01-16T15:10:43.348498800Z-1547488953397600-1
2026-01-16T15:10:43.348498800Z-1547488953471300-[1]
2026-01-16T15:10:43.348498800Z-1547488953582200-[I@5b37e0d2
2026-01-16T15:10:43.348498800Z-1547488953667800-1
2026-01-16T15:10:43.349498300Z-1547488954068500-in3
2026-01-16T15:10:43.349498300Z-1547488955047800-tic_tac_toc$game$kit_with_logger$$Lambda/0x000002b08900b878@5a2e4553
2026-01-16T15:10:43.350500300Z-1547488955231100-1512981843
2026-01-16T15:10:43.350500300Z-1547488955324300-0
2026-01-16T15:10:43.350500300Z-1547488955401100-[]
2026-01-16T15:10:43.350500300Z-1547488955974100-before:[]
2026-01-16T15:10:43.351500600Z-1547488956133700-1
2026-01-16T15:10:43.351500600Z-1547488956210300-0
2026-01-16T15:10:43.351500600Z-1547488956691600-[1]
2026-01-16T15:10:43.352500200Z-1547488956956100-after:[1]
2026-01-16T15:10:43.352500200Z-1547488957050300-1
2026-01-16T15:10:43.352500200Z-1547488957116900-1
2026-01-16T15:10:43.352500200Z-1547488957183400-[1]
2026-01-16T15:10:43.352500200Z-1547488957273000-[I@28c97a5
2026-01-16T15:10:43.352500200Z-1547488957349900-
2026-01-16T15:10:43.352500200Z-1547488957407700-.
2026-01-16T15:10:44.440697800Z-1547490045793800-false
2026-01-16T15:10:44.444698300Z-1547490049136000-in
2026-01-16T15:10:44.447700800Z-1547490052832500-0,[0, 1]
2026-01-16T15:10:44.447700800Z-1547490053045000-1,[0, 1]
2026-01-16T15:10:44.448705800Z-1547490053131000-0
2026-01-16T15:10:44.450697900Z-1547490055985300-in
2026-01-16T15:10:44.451697500Z-1547490056238400-0,[0, 1]
2026-01-16T15:10:44.451697500Z-1547490056409900-1,[0, 1]
2026-01-16T15:10:44.451697500Z-1547490056510600-2
2026-01-16T15:10:44.451697500Z-1547490056699700-in
2026-01-16T15:10:44.451697500Z-1547490056791300-0,[0, 1]
2026-01-16T15:10:44.451697500Z-1547490056850100-1,[0, 1]
2026-01-16T15:10:44.451697500Z-1547490056899800-4
2026-01-16T15:10:44.451697500Z-1547490057020400-in
2026-01-16T15:10:44.452698100Z-1547490057080800-0,[0, 1]
2026-01-16T15:10:44.452698100Z-1547490057136300-1,[0, 1]
2026-01-16T15:10:44.452698100Z-1547490057187000-1
2026-01-16T15:10:44.452698100Z-1547490057290500-in
2026-01-16T15:10:44.452698100Z-1547490057358300-0,[0, 1]
2026-01-16T15:10:44.452698100Z-1547490057413300-1,[0, 1]
2026-01-16T15:10:44.452698100Z-1547490057462400-3
2026-01-16T15:10:44.452698100Z-1547490057568500-in
2026-01-16T15:10:44.452698100Z-1547490057787800-0,[0, 1]
2026-01-16T15:10:44.452698100Z-1547490058036900-1,[0, 1]
2026-01-16T15:10:44.453698400Z-1547490058119300-5
2026-01-16T15:10:44.659357200Z-1547490264152500-true
2026-01-16T15:10:45.140051700Z-1547490744597500-false
2026-01-16T15:10:45.140051700Z-1547490745111400-in
2026-01-16T15:10:45.140051700Z-1547490745258300-0,[0, 1]
2026-01-16T15:10:45.140051700Z-1547490745321000-1,[0, 1]
2026-01-16T15:10:45.140051700Z-1547490745376000-0
2026-01-16T15:10:45.141056Z-1547490745544500-in
2026-01-16T15:10:45.141056Z-1547490745610100-0,[0, 1]
2026-01-16T15:10:45.141056Z-1547490745663400-1,[0, 1]
2026-01-16T15:10:45.141056Z-1547490745713700-2
2026-01-16T15:10:45.141056Z-1547490745818300-in
2026-01-16T15:10:45.141056Z-1547490745890100-0,[0, 1]
2026-01-16T15:10:45.141056Z-1547490746050500-1,[0, 1]
2026-01-16T15:10:45.141056Z-1547490746110500-4
2026-01-16T15:10:45.141056Z-1547490746247800-in
2026-01-16T15:10:45.141056Z-1547490746311400-0,[0, 1]
2026-01-16T15:10:45.141056Z-1547490746367900-1,[0, 1]
2026-01-16T15:10:45.142051Z-1547490746485200-1
2026-01-16T15:10:45.142051Z-1547490746752700-in
2026-01-16T15:10:45.142051Z-1547490746838300-0,[0, 1]
2026-01-16T15:10:45.142051Z-1547490746904500-1,[0, 1]
2026-01-16T15:10:45.142051Z-1547490746960100-3
2026-01-16T15:10:45.142051Z-1547490747178600-in
2026-01-16T15:10:45.142051Z-1547490747253700-0,[0, 1]
2026-01-16T15:10:45.142051Z-1547490747308200-1,[0, 1]
2026-01-16T15:10:45.142051Z-1547490747359000-5
2026-01-16T15:10:45.547933Z-1547491152687700-false
2026-01-16T15:10:45.547933Z-1547491153243800-in
2026-01-16T15:10:45.548932100Z-1547491153371800-0,[0, 1]
2026-01-16T15:10:45.548932100Z-1547491153432400-1,[0, 1]
2026-01-16T15:10:45.548932100Z-1547491153480600-0
2026-01-16T15:10:45.548932100Z-1547491153666100-in
2026-01-16T15:10:45.548932100Z-1547491153728900-0,[0, 1]
2026-01-16T15:10:45.548932100Z-1547491153801100-1,[0, 1]
2026-01-16T15:10:45.548932100Z-1547491153854600-2
2026-01-16T15:10:45.548932100Z-1547491154003100-in
2026-01-16T15:10:45.548932100Z-1547491154129600-0,[0, 1]
2026-01-16T15:10:45.548932100Z-1547491154194700-1,[0, 1]
2026-01-16T15:10:45.548932100Z-1547491154254100-4
2026-01-16T15:10:45.549933600Z-1547491154383800-in
2026-01-16T15:10:45.549933600Z-1547491154441500-0,[0, 1]
2026-01-16T15:10:45.549933600Z-1547491154531300-1,[0, 1]
2026-01-16T15:10:45.549933600Z-1547491154579100-1
2026-01-16T15:10:45.549933600Z-1547491154682100-in
2026-01-16T15:10:45.549933600Z-1547491154757800-0,[0, 1]
2026-01-16T15:10:45.549933600Z-1547491154835700-1,[0, 1]
2026-01-16T15:10:45.549933600Z-1547491154888100-3
2026-01-16T15:10:45.549933600Z-1547491154985300-in
2026-01-16T15:10:45.549933600Z-1547491155078200-0,[0, 1]
2026-01-16T15:10:45.549933600Z-1547491155136800-1,[0, 1]
2026-01-16T15:10:45.549933600Z-1547491155181000-5
2026-01-16T15:10:48.742703400Z-1547494347629700-in2
2026-01-16T15:10:48.743701600Z-1547494348139200-0,[I@69d12bdb
2026-01-16T15:10:48.743701600Z-1547494348260500-1,[I@69d12bdb
2026-01-16T15:10:48.743701600Z-1547494348314800-2,[I@69d12bdb
2026-01-16T15:10:48.743701600Z-1547494348473800-2,[0, 1, 0]
2026-01-16T15:10:49.341110100Z-1547494945589700-in2
2026-01-16T15:10:49.341110100Z-1547494945888800-0,[I@69d12bdb
2026-01-16T15:10:49.341110100Z-1547494945991200-1,[I@69d12bdb
2026-01-16T15:10:49.341110100Z-1547494946045200-2,[I@69d12bdb
2026-01-16T15:10:49.341110100Z-1547494946095800-4,[0, 2, 0]
2026-01-16T15:10:50.659735800Z-1547496265082500-in2
2026-01-16T15:10:50.660739200Z-1547496265425300-0,[I@69d12bdb
2026-01-16T15:10:50.660739200Z-1547496265513400-1,[I@69d12bdb
2026-01-16T15:10:50.660739200Z-1547496265566100-2,[I@69d12bdb
2026-01-16T15:10:50.660739200Z-1547496265643700-4,[0, 2, 0]
2026-01-16T15:10:51.035198100Z-1547496640481300-false
2026-01-16T15:10:51.036198Z-1547496641011600-in
2026-01-16T15:10:51.036198Z-1547496641134800-0,[0, 1]
2026-01-16T15:10:51.036198Z-1547496641187900-1,[0, 1]
2026-01-16T15:10:51.036198Z-1547496641233000-0
2026-01-16T15:10:51.036198Z-1547496641406700-in
2026-01-16T15:10:51.036198Z-1547496641466300-0,[0, 1]
2026-01-16T15:10:51.036198Z-1547496641542100-1,[0, 1]
2026-01-16T15:10:51.037201300Z-1547496641590800-2
2026-01-16T15:10:51.037201300Z-1547496641866600-in
2026-01-16T15:10:51.037201300Z-1547496642076000-0,[0, 1]
2026-01-16T15:10:51.037201300Z-1547496642160800-1,[0, 1]
2026-01-16T15:10:51.037201300Z-1547496642205400-4
2026-01-16T15:10:51.037201300Z-1547496642368600-in
2026-01-16T15:10:51.037201300Z-1547496642426300-0,[0, 1]
2026-01-16T15:10:51.037201300Z-1547496642476000-1,[0, 1]
2026-01-16T15:10:51.037201300Z-1547496642548400-1
2026-01-16T15:10:51.038203800Z-1547496642753500-in
2026-01-16T15:10:51.038203800Z-1547496642855300-0,[0, 1]
2026-01-16T15:10:51.038203800Z-1547496642928500-1,[0, 1]
2026-01-16T15:10:51.038203800Z-1547496643112300-3
2026-01-16T15:10:51.038203800Z-1547496643275500-in
2026-01-16T15:10:51.038203800Z-1547496643351600-0,[0, 1]
2026-01-16T15:10:51.038203800Z-1547496643409600-1,[0, 1]
2026-01-16T15:10:51.038203800Z-1547496643452000-5
2026-01-16T15:10:51.268215Z-1547496872727200-false
2026-01-16T15:10:51.330307100Z-1547496935282100-in2
2026-01-16T15:10:51.330307100Z-1547496935596000-0,[I@69d12bdb
2026-01-16T15:10:51.331300600Z-1547496935661700-1,[I@69d12bdb
2026-01-16T15:10:51.331300600Z-1547496935715500-2,[I@69d12bdb
2026-01-16T15:10:51.331300600Z-1547496935768600-5,[1, 2, 0]
2026-01-16T15:10:51.387307400Z-1547496991726700-in2
2026-01-16T15:10:51.387307400Z-1547496992040700-0,[I@69d12bdb
2026-01-16T15:10:51.387307400Z-1547496992135600-1,[I@69d12bdb
2026-01-16T15:10:51.387307400Z-1547496992184200-2,[I@69d12bdb
2026-01-16T15:10:51.387307400Z-1547496992230500-4,[0, 2, 0]
2026-01-16T15:10:52.252979200Z-1547497858044800-end