2026-01-16T17:02:28.452248700Z-1554194057014200-in3
2026-01-16T17:02:28.452248700Z-1554194057946600-tic_tac_toc$game$kit_with_logger$$Lambda/0x000002518d00b430@67424e82
2026-01-16T17:02:28.453680800Z-1554194058315000-1732398722
2026-01-16T17:02:28.453680800Z-1554194058663000-[]
2026-01-16T17:02:28.460083900Z-1554194064705700-[I@443b7951
2026-01-16T17:02:28.460083900Z-1554194064991800-in3
2026-01-16T17:02:28.460083900Z-1554194065118900-tic_tac_toc$game$kit_with_logger$$Lambda/0x000002518d00b430@14514713
2026-01-16T17:02:28.460083900Z-1554194065247700-340870931
2026-01-16T17:02:28.460083900Z-1554194065338800-0
2026-01-16T17:02:28.460083900Z-1554194065434700-[]
2026-01-16T17:02:28.461089200Z-1554194066270700-before:[]
2026-01-16T17:02:28.461089200Z-1554194066717200-1
2026-01-16T17:02:28.462345600Z-1554194066821900-0
2026-01-16T17:02:28.462345600Z-1554194066939000-[1]
2026-01-16T17:02:28.462345600Z-1554194067100900-after:[1]
2026-01-16T17:02:28.462345600Z-1554194067205200-1
2026-01-16T17:02:28.462345600Z-1554194067294800-1
2026-01-16T17:02:28.462345600Z-1554194067376500-[1]
2026-01-16T17:02:28.462345600Z-1554194067513900-[I@5b37e0d2
2026-01-16T17:02:28.463388Z-1554194067855400-1
2026-01-16T17:02:28.464385600Z-1554194069840400-in3
2026-01-16T17:02:28.464385600Z-1554194070039200-tic_tac_toc$game$kit_with_logger$$Lambda/0x000002518d00b878@5a2e4553
2026-01-16T17:02:28.464385600Z-1554194070193000-1512981843
2026-01-16T17:02:28.465818100Z-1554194070299000-0
2026-01-16T17:02:28.465818100Z-1554194070394000-[]
2026-01-16T17:02:28.465818100Z-1554194070521300-before:[]
2026-01-16T17:02:28.465818100Z-1554194070595900-1
2026-01-16T17:02:28.465818100Z-1554194070667800-0
2026-01-16T17:02:28.465818100Z-1554194070768500-[1]
2026-01-16T17:02:28.465818100Z-1554194070859100-after:[1]
2026-01-16T17:02:28.465818100Z-1554194070939300-1
2026-01-16T17:02:28.465818100Z-1554194071039100-1
2026-01-16T17:02:28.466816Z-1554194071240600-[1]
2026-01-16T17:02:28.466816Z-1554194071411700-[I@28c97a5
2026-01-16T17:02:28.466816Z-1554194071557800-
2026-01-16T17:02:28.466816Z-1554194071655800-.
2026-01-16T17:02:30.191394700Z-1554195796923800-false
2026-01-16T17:02:30.196917800Z-1554195802968400-in
2026-01-16T17:02:30.203850800Z-1554195809309100-0,[0, 1]
2026-01-16T17:02:30.205010Z-1554195809806100-1,[0, 1]
2026-01-16T17:02:30.205010Z-1554195809945800-0
2026-01-16T17:02:30.209009600Z-1554195814063400-in
2026-01-16T17:02:30.209009600Z-1554195814381500-0,[0, 1]
2026-01-16T17:02:30.210007600Z-1554195814627700-1,[0, 1]
2026-01-16T17:02:30.210007600Z-1554195814752500-2
2026-01-16T17:02:30.210007600Z-1554195815030200-in
2026-01-16T17:02:30.210007600Z-1554195815158800-0,[0, 1]
2026-01-16T17:02:30.210007600Z-1554195815293000-1,[0, 1]
2026-01-16T17:02:30.211008300Z-1554195815384700-4
2026-01-16T17:02:30.211008300Z-1554195815581700-in
2026-01-16T17:02:30.211008300Z-1554195815671600-0,[0, 1]
2026-01-16T17:02:30.211008300Z-1554195815744900-1,[0, 1]
2026-01-16T17:02:30.211008300Z-1554195815812000-1
2026-01-16T17:02:30.211008300Z-1554195815950400-in
2026-01-16T17:02:30.211008300Z-1554195816064600-0,[0, 1]
2026-01-16T17:02:30.211008300Z-1554195816155000-1,[0, 1]
2026-01-16T17:02:30.211008300Z-1554195816230400-3
2026-01-16T17:02:30.212007300Z-1554195816431100-in
2026-01-16T17:02:30.212007300Z-1554195816538200-0,[0, 1]
2026-01-16T17:02:30.212007300Z-1554195816614500-1,[0, 1]
2026-01-16T17:02:30.212007300Z-1554195816698700-5
2026-01-16T17:02:30.484914100Z-1554196089505400-true
2026-01-16T17:02:31.515744900Z-1554197121662800-false
2026-01-16T17:02:31.517296900Z-1554197122219700-in
2026-01-16T17:02:31.517296900Z-1554197122355000-0,[0, 1]
2026-01-16T17:02:31.517296900Z-1554197122477200-1,[0, 1]
2026-01-16T17:02:31.517296900Z-1554197122546700-0
2026-01-16T17:02:31.517296900Z-1554197122717600-in
2026-01-16T17:02:31.517296900Z-1554197122796300-0,[0, 1]
2026-01-16T17:02:31.517296900Z-1554197122867700-1,[0, 1]
2026-01-16T17:02:31.517296900Z-1554197122933800-2
2026-01-16T17:02:31.517296900Z-1554197123061400-in
2026-01-16T17:02:31.517296900Z-1554197123150700-0,[0, 1]
2026-01-16T17:02:31.518863400Z-1554197123349300-1,[0, 1]
2026-01-16T17:02:31.518863400Z-1554197123422300-4
2026-01-16T17:02:31.518863400Z-1554197123778700-in
2026-01-16T17:02:31.518863400Z-1554197123904900-0,[0, 1]
2026-01-16T17:02:31.518863400Z-1554197124048200-1,[0, 1]
2026-01-16T17:02:31.518863400Z-1554197124187800-1
2026-01-16T17:02:31.518863400Z-1554197124390900-in
2026-01-16T17:02:31.518863400Z-1554197124518600-0,[0, 1]
2026-01-16T17:02:31.518863400Z-1554197124660500-1,[0, 1]
2026-01-16T17:02:31.518863400Z-1554197124788400-3
2026-01-16T17:02:31.520430200Z-1554197125489900-in
2026-01-16T17:02:31.520430200Z-1554197125786200-0,[0, 1]
2026-01-16T17:02:31.521519Z-1554197125941000-1,[0, 1]
2026-01-16T17:02:31.521519Z-1554197126088900-5
2026-01-16T17:02:32.394656300Z-1554198000017300-false
2026-01-16T17:02:32.395654900Z-1554198001015200-in
2026-01-16T17:02:32.396657600Z-1554198001350200-0,[0, 1]
2026-01-16T17:02:32.396657600Z-1554198001485200-1,[0, 1]
2026-01-16T17:02:32.396657600Z-1554198001563500-0
2026-01-16T17:02:32.396657600Z-1554198002008800-in
2026-01-16T17:02:32.397660500Z-1554198002220600-0,[0, 1]
2026-01-16T17:02:32.397660500Z-1554198002404800-1,[0, 1]
2026-01-16T17:02:32.397660500Z-1554198002708100-2
2026-01-16T17:02:32.397660500Z-1554198003029800-in
2026-01-16T17:02:32.398657700Z-1554198003268800-0,[0, 1]
2026-01-16T17:02:32.398657700Z-1554198003420900-1,[0, 1]
2026-01-16T17:02:32.398657700Z-1554198003573100-4
2026-01-16T17:02:32.398657700Z-1554198003842600-in
2026-01-16T17:02:32.398657700Z-1554198003948200-0,[0, 1]
2026-01-16T17:02:32.399655Z-1554198004942100-1,[0, 1]
2026-01-16T17:02:32.400655700Z-1554198005242600-1
2026-01-16T17:02:32.400655700Z-1554198005750500-in
2026-01-16T17:02:32.400655700Z-1554198006035000-0,[0, 1]
2026-01-16T17:02:32.400655700Z-1554198006208300-1,[0, 1]
2026-01-16T17:02:32.400655700Z-1554198006321200-3
2026-01-16T17:02:32.402019900Z-1554198006629700-in
2026-01-16T17:02:32.402019900Z-1554198006862100-0,[0, 1]
2026-01-16T17:02:32.402019900Z-1554198007009900-1,[0, 1]
2026-01-16T17:02:32.402019900Z-1554198007097400-5
2026-01-16T17:02:33.245165Z-1554198850537900-in2
2026-01-16T17:02:33.246167500Z-1554198851333300-0,[I@6b65556f
2026-01-16T17:02:33.246167500Z-1554198851602800-1,[I@6b65556f
2026-01-16T17:02:33.247273600Z-1554198851726500-2,[I@6b65556f
2026-01-16T17:02:33.247273600Z-1554198852072600-3,[1, 1, 0]
2026-01-16T17:02:33.507471700Z-1554199112616900-in2
2026-01-16T17:02:33.508471400Z-1554199112956200-0,[I@6b65556f
2026-01-16T17:02:33.508471400Z-1554199113074000-1,[I@6b65556f
2026-01-16T17:02:33.508471400Z-1554199113146500-2,[I@6b65556f
2026-01-16T17:02:33.508471400Z-1554199113216300-3,[1, 1, 0]
2026-01-16T17:02:33.607096800Z-1554199212835700-in2
2026-01-16T17:02:33.608577400Z-1554199213271400-0,[I@6b65556f
2026-01-16T17:02:33.608577400Z-1554199213493400-1,[I@6b65556f
2026-01-16T17:02:33.608577400Z-1554199213614800-2,[I@6b65556f
2026-01-16T17:02:33.608577400Z-1554199213759100-2,[0, 1, 0]
2026-01-16T17:02:34.160098900Z-1554199765050100-in2
2026-01-16T17:02:34.161094300Z-1554199765537900-0,[I@6b65556f
2026-01-16T17:02:34.161094300Z-1554199765713700-1,[I@6b65556f
2026-01-16T17:02:34.161094300Z-1554199765817300-2,[I@6b65556f
2026-01-16T17:02:34.161094300Z-1554199765901900-5,[1, 2, 0]
2026-01-16T17:02:34.419376400Z-1554200024386900-in2
2026-01-16T17:02:34.419376400Z-1554200024706600-0,[I@6b65556f
2026-01-16T17:02:34.419376400Z-1554200024944300-1,[I@6b65556f
2026-01-16T17:02:34.419376400Z-1554200025058600-2,[I@6b65556f
2026-01-16T17:02:34.420700200Z-1554200025220300-4,[0, 2, 0]
2026-01-16T17:02:36.559767200Z-1554202164272200-in2
2026-01-16T17:02:36.559767200Z-1554202164611500-0,[I@6b65556f
2026-01-16T17:02:36.559767200Z-1554202164729700-1,[I@6b65556f
2026-01-16T17:02:36.559767200Z-1554202164881200-2,[I@6b65556f
2026-01-16T17:02:36.559767200Z-1554202164961100-4,[0, 2, 0]
2026-01-16T17:02:36.974139600Z-1554202578650300-in2
2026-01-16T17:02:36.974139600Z-1554202579126400-0,[I@6b65556f
2026-01-16T17:02:36.974139600Z-1554202579541600-1,[I@6b65556f
2026-01-16T17:02:36.974139600Z-1554202579695400-2,[I@6b65556f
2026-01-16T17:02:36.975389800Z-1554202579815600-4,[0, 2, 0]
2026-01-16T17:02:37.168248300Z-1554202773555600-in2
2026-01-16T17:02:37.169250700Z-1554202773999500-0,[I@6b65556f
2026-01-16T17:02:37.169250700Z-1554202774214300-1,[I@6b65556f
2026-01-16T17:02:37.169250700Z-1554202774364800-2,[I@6b65556f
2026-01-16T17:02:37.169250700Z-1554202774445600-2,[0, 1, 0]
2026-01-16T17:02:37.273730100Z-1554202878412600-in2
2026-01-16T17:02:37.273730100Z-1554202878682900-0,[I@6b65556f
2026-01-16T17:02:37.273730100Z-1554202878755700-1,[I@6b65556f
2026-01-16T17:02:37.273730100Z-1554202878858100-2,[I@6b65556f
2026-01-16T17:02:37.273730100Z-1554202878917300-4,[0, 2, 0]
2026-01-16T17:02:37.335636800Z-1554202941263800-in2
2026-01-16T17:02:37.337057700Z-1554202941545900-0,[I@6b65556f
2026-01-16T17:02:37.337057700Z-1554202941645400-1,[I@6b65556f
2026-01-16T17:02:37.337057700Z-1554202941704400-2,[I@6b65556f
2026-01-16T17:02:37.337057700Z-1554202941777400-5,[1, 2, 0]
2026-01-16T17:02:38.369292700Z-1554203974394000-in2
2026-01-16T17:02:38.369292700Z-1554203974671300-0,[I@6b65556f
2026-01-16T17:02:38.369292700Z-1554203974776000-1,[I@6b65556f
2026-01-16T17:02:38.369292700Z-1554203974842800-2,[I@6b65556f
2026-01-16T17:02:38.369292700Z-1554203974900700-5,[1, 2, 0]
2026-01-16T17:02:38.479513500Z-1554204084360600-in2
2026-01-16T17:02:38.479513500Z-1554204084714100-0,[I@6b65556f
2026-01-16T17:02:38.479513500Z-1554204084934200-1,[I@6b65556f
2026-01-16T17:02:38.480641200Z-1554204085082900-2,[I@6b65556f
2026-01-16T17:02:38.480641200Z-1554204085267100-3,[1, 1, 0]
2026-01-16T17:02:38.577573Z-1554204182778300-in2
2026-01-16T17:02:38.577573Z-1554204183154800-0,[I@6b65556f
2026-01-16T17:02:38.578861100Z-1554204183291000-1,[I@6b65556f
2026-01-16T17:02:38.578861100Z-1554204183376100-2,[I@6b65556f
2026-01-16T17:02:38.578861100Z-1554204183514800-2,[0, 1, 0]
2026-01-16T17:02:47.096433400Z-1554212701287400-input putting...
2026-01-16T17:02:47.096433400Z-1554212701681300-input putting...
2026-01-16T17:02:47.096433400Z-1554212701757600-input putting...
2026-01-16T17:02:47.096433400Z-1554212701825000-input done
2026-01-16T17:02:51.606033700Z-1554217211042400-in2
2026-01-16T17:02:51.606033700Z-1554217211329900-0,[I@6b65556f
2026-01-16T17:02:51.606033700Z-1554217211406300-1,[I@6b65556f
2026-01-16T17:02:51.606033700Z-1554217211466400-2,[I@6b65556f
2026-01-16T17:02:51.607149Z-1554217211539500-3,[1, 1, 0]
2026-01-16T17:02:51.678368900Z-1554217282836900-in2
2026-01-16T17:02:51.678368900Z-1554217283154200-0,[I@6b65556f
2026-01-16T17:02:51.678368900Z-1554217283245500-1,[I@6b65556f
2026-01-16T17:02:51.678368900Z-1554217283314000-2,[I@6b65556f
2026-01-16T17:02:51.678368900Z-1554217283559600-2,[0, 1, 0]
2026-01-16T17:02:51.767790Z-1554217372466700-in2
2026-01-16T17:02:51.767790Z-1554217373251800-0,[I@6b65556f
2026-01-16T17:02:51.768985800Z-1554217373626300-1,[I@6b65556f
2026-01-16T17:02:51.768985800Z-1554217374330500-2,[I@6b65556f
2026-01-16T17:02:51.769984900Z-1554217374587400-4,[0, 2, 0]
2026-01-16T17:03:19.529230900Z-1554245134994900-in2
2026-01-16T17:03:19.530678800Z-1554245135421400-0,[I@6b65556f
2026-01-16T17:03:19.530678800Z-1554245135679500-1,[I@6b65556f
2026-01-16T17:03:19.530678800Z-1554245135903500-2,[I@6b65556f
2026-01-16T17:03:19.530678800Z-1554245135993300-4,[0, 2, 0]
2026-01-16T17:03:19.667253800Z-1554245271956100-in2
2026-01-16T17:03:19.667679200Z-1554245272334800-0,[I@6b65556f
2026-01-16T17:03:19.667679200Z-1554245272439400-1,[I@6b65556f
2026-01-16T17:03:19.667679200Z-1554245272540000-2,[I@6b65556f
2026-01-16T17:03:19.667679200Z-1554245272610600-5,[1, 2, 0]
2026-01-16T17:03:20.160889200Z-1554245772717200-in2
2026-01-16T17:03:20.160889200Z-1554245773022500-0,[I@6b65556f
2026-01-16T17:03:20.160889200Z-1554245773103700-1,[I@6b65556f
2026-01-16T17:03:20.160889200Z-1554245773164700-2,[I@6b65556f
2026-01-16T17:03:20.160889200Z-1554245773221600-5,[1, 2, 0]
2026-01-16T17:03:21.859458Z-1554247463893400-in2
2026-01-16T17:03:21.859458Z-1554247464191700-0,[I@6b65556f
2026-01-16T17:03:21.859458Z-1554247464272700-1,[I@6b65556f
2026-01-16T17:03:21.859458Z-1554247464445500-2,[I@6b65556f
2026-01-16T17:03:21.859458Z-1554247464566700-1,[1, 0, 0]
2026-01-16T17:03:21.939993400Z-1554247545336700-in2
2026-01-16T17:03:21.940992600Z-1554247545727500-0,[I@6b65556f
2026-01-16T17:03:21.940992600Z-1554247545905600-1,[I@6b65556f
2026-01-16T17:03:21.940992600Z-1554247546197900-2,[I@6b65556f
2026-01-16T17:03:21.941993400Z-1554247546374500-0,[0, 0, 0]
2026-01-16T17:03:24.300422800Z-1554249905217800-in2
2026-01-16T17:03:24.300422800Z-1554249905474000-0,[I@6b65556f
2026-01-16T17:03:24.300422800Z-1554249905579900-1,[I@6b65556f
2026-01-16T17:03:24.300422800Z-1554249905760400-2,[I@6b65556f
2026-01-16T17:03:24.301451500Z-1554249905822800-0,[0, 0, 0]
2026-01-16T17:03:24.367735700Z-1554249972784700-in2
2026-01-16T17:03:24.368735900Z-1554249973203100-0,[I@6b65556f
2026-01-16T17:03:24.368735900Z-1554249973369000-1,[I@6b65556f
2026-01-16T17:03:24.368735900Z-1554249973437300-2,[I@6b65556f
2026-01-16T17:03:24.368735900Z-1554249973569900-1,[1, 0, 0]
2026-01-16T17:03:25.231495900Z-1554250836135600-in2
2026-01-16T17:03:25.231495900Z-1554250836561600-0,[I@6b65556f
2026-01-16T17:03:25.231495900Z-1554250836637700-1,[I@6b65556f
2026-01-16T17:03:25.231495900Z-1554250836688100-2,[I@6b65556f
2026-01-16T17:03:25.231495900Z-1554250836735800-3,[1, 1, 0]
2026-01-16T17:03:25.303443Z-1554250908894800-in2
2026-01-16T17:03:25.304443Z-1554250909238400-0,[I@6b65556f
2026-01-16T17:03:25.304443Z-1554250909658600-1,[I@6b65556f
2026-01-16T17:03:25.305442600Z-1554250910326800-2,[I@6b65556f
2026-01-16T17:03:25.305442600Z-1554250910522300-1,[1, 0, 0]
2026-01-16T17:03:25.369482900Z-1554250974805900-in2
2026-01-16T17:03:25.370470200Z-1554250975776400-0,[I@6b65556f
2026-01-16T17:03:25.371469500Z-1554250976022800-1,[I@6b65556f
2026-01-16T17:03:25.371469500Z-1554250976135200-2,[I@6b65556f
2026-01-16T17:03:25.371469500Z-1554250976207100-0,[0, 0, 0]
2026-01-16T17:03:26.698165200Z-1554252302626300-in2
2026-01-16T17:03:26.698165200Z-1554252302906800-0,[I@6b65556f
2026-01-16T17:03:26.698165200Z-1554252303078900-1,[I@6b65556f
2026-01-16T17:03:26.698165200Z-1554252303180300-2,[I@6b65556f
2026-01-16T17:03:26.698165200Z-1554252303247300-0,[0, 0, 0]
2026-01-16T17:03:27.048889100Z-1554252654298400-in2
2026-01-16T17:03:27.049888Z-1554252654657400-0,[I@6b65556f
2026-01-16T17:03:27.049888Z-1554252654796400-1,[I@6b65556f
2026-01-16T17:03:27.049888Z-1554252654877400-2,[I@6b65556f
2026-01-16T17:03:27.049888Z-1554252654954600-3,[1, 1, 0]
2026-01-16T17:03:28.263303Z-1554253868812600-in2
2026-01-16T17:03:28.264303100Z-1554253869255100-0,[I@6b65556f
2026-01-16T17:03:28.264303100Z-1554253869412900-1,[I@6b65556f
2026-01-16T17:03:28.264303100Z-1554253869532400-2,[I@6b65556f
2026-01-16T17:03:28.264303100Z-1554253869604300-3,[1, 1, 0]
2026-01-16T17:03:35.868931800Z-1554261473790900-in2
2026-01-16T17:03:35.868931800Z-1554261474191500-0,[I@6b65556f
2026-01-16T17:03:35.869931500Z-1554261474350100-1,[I@6b65556f
2026-01-16T17:03:35.869931500Z-1554261474428600-2,[I@6b65556f
2026-01-16T17:03:35.869931500Z-1554261474484800-3,[1, 1, 0]
2026-01-16T17:03:35.947942700Z-1554261552518100-in2
2026-01-16T17:03:35.947942700Z-1554261552788100-0,[I@6b65556f
2026-01-16T17:03:35.947942700Z-1554261552871300-1,[I@6b65556f
2026-01-16T17:03:35.947942700Z-1554261552925800-2,[I@6b65556f
2026-01-16T17:03:35.947942700Z-1554261552975400-1,[1, 0, 0]
2026-01-16T17:03:36.823841500Z-1554262428611500-in2
2026-01-16T17:03:36.823841500Z-1554262428847900-0,[I@6b65556f
2026-01-16T17:03:36.823841500Z-1554262428920500-1,[I@6b65556f
2026-01-16T17:03:36.823841500Z-1554262428962300-2,[I@6b65556f
2026-01-16T17:03:36.823841500Z-1554262429002100-1,[1, 0, 0]
2026-01-16T17:03:36.903416100Z-1554262508114200-in2
2026-01-16T17:03:36.903416100Z-1554262508384600-0,[I@6b65556f
2026-01-16T17:03:36.903416100Z-1554262508531400-1,[I@6b65556f
2026-01-16T17:03:36.903416100Z-1554262508642400-2,[I@6b65556f
2026-01-16T17:03:36.904415800Z-1554262508913100-0,[0, 0, 0]
2026-01-16T17:03:41.190789Z-1554266795738800-in2
2026-01-16T17:03:41.190789Z-1554266796116700-0,[I@6b65556f
2026-01-16T17:03:41.191788900Z-1554266796202200-1,[I@6b65556f
2026-01-16T17:03:41.191788900Z-1554266796262800-2,[I@6b65556f
2026-01-16T17:03:41.191788900Z-1554266796319200-4,[0, 2, 0]
2026-01-16T17:05:45.036101700Z-1554390641827700-in2
2026-01-16T17:05:45.037659200Z-1554390642090100-0,[I@6b65556f
2026-01-16T17:05:45.037659200Z-1554390642159800-1,[I@6b65556f
2026-01-16T17:05:45.037659200Z-1554390642208100-2,[I@6b65556f
2026-01-16T17:05:45.037659200Z-1554390642262500-4,[0, 2, 0]
2026-01-16T17:05:45.211598900Z-1554390816865800-in2
2026-01-16T17:05:45.212600600Z-1554390817157100-0,[I@6b65556f
2026-01-16T17:05:45.212600600Z-1554390817293000-1,[I@6b65556f
2026-01-16T17:05:45.212600600Z-1554390817344700-2,[I@6b65556f
2026-01-16T17:05:45.212600600Z-1554390817389300-1,[1, 0, 0]
2026-01-16T17:05:45.334555200Z-1554390939278200-in2
2026-01-16T17:05:45.334555200Z-1554390939589100-0,[I@6b65556f
2026-01-16T17:05:45.334555200Z-1554390939756700-1,[I@6b65556f
2026-01-16T17:05:45.334555200Z-1554390939891300-2,[I@6b65556f
2026-01-16T17:05:45.335556100Z-1554390939967700-2,[0, 1, 0]
2026-01-16T17:05:46.230481500Z-1554391835012700-end