2026-02-21T08:27:00.535695500Z-506245411629600-in3
2026-02-21T08:27:00.535695500Z-506245411969500-tic_tac_toc$game$kit_with_logger$$Lambda/0x000001d13800b430@67424e82
2026-02-21T08:27:00.535695500Z-506245412096500-1732398722
2026-02-21T08:27:00.535695500Z-506245412189200-[]
2026-02-21T08:27:00.541693400Z-506245418247300-[I@443b7951
2026-02-21T08:27:00.541693400Z-506245418428300-in3
2026-02-21T08:27:00.542699900Z-506245418510100-tic_tac_toc$game$kit_with_logger$$Lambda/0x000001d13800b430@14514713
2026-02-21T08:27:00.542699900Z-506245418609600-340870931
2026-02-21T08:27:00.542699900Z-506245418675000-0
2026-02-21T08:27:00.542699900Z-506245418738700-[]
2026-02-21T08:27:00.542699900Z-506245419395700-before:[]
2026-02-21T08:27:00.543694200Z-506245419506700-1
2026-02-21T08:27:00.543694200Z-506245419923300-0
2026-02-21T08:27:00.543694200Z-506245420050600-[1]
2026-02-21T08:27:00.543694200Z-506245420176200-after:[1]
2026-02-21T08:27:00.543694200Z-506245420270800-1
2026-02-21T08:27:00.543694200Z-506245420339400-1
2026-02-21T08:27:00.543694200Z-506245420399600-[1]
2026-02-21T08:27:00.544695100Z-506245420510700-[I@5b37e0d2
2026-02-21T08:27:00.544695100Z-506245420605300-1
2026-02-21T08:27:00.544695100Z-506245421125600-in3
2026-02-21T08:27:00.544695100Z-506245421239900-tic_tac_toc$game$kit_with_logger$$Lambda/0x000001d13800b878@5a2e4553
2026-02-21T08:27:00.544695100Z-506245421304400-1512981843
2026-02-21T08:27:00.544695100Z-506245421361200-0
2026-02-21T08:27:00.544695100Z-506245421432500-[]
2026-02-21T08:27:00.544695100Z-506245421499200-before:[]
2026-02-21T08:27:00.545700300Z-506245421556100-1
2026-02-21T08:27:00.545700300Z-506245421626000-0
2026-02-21T08:27:00.545700300Z-506245421700600-[1]
2026-02-21T08:27:00.545700300Z-506245421763900-after:[1]
2026-02-21T08:27:00.545700300Z-506245421828100-1
2026-02-21T08:27:00.545700300Z-506245421891700-1
2026-02-21T08:27:00.545700300Z-506245421974800-[1]
2026-02-21T08:27:00.545700300Z-506245422046800-[I@28c97a5
2026-02-21T08:27:00.545700300Z-506245422111300-
2026-02-21T08:27:00.545700300Z-506245422173600-.
2026-02-21T08:27:01.236130300Z-506246114500300-false
2026-02-21T08:27:01.236130300Z-506246117545900-in
2026-02-21T08:27:01.244439800Z-506246120911000-0,[0, 1]
2026-02-21T08:27:01.244439800Z-506246121097000-1,[0, 1]
2026-02-21T08:27:01.244439800Z-506246121161100-0
2026-02-21T08:27:01.247909200Z-506246124304400-in
2026-02-21T08:27:01.247909200Z-506246124476600-0,[0, 1]
2026-02-21T08:27:01.247909200Z-506246124542600-1,[0, 1]
2026-02-21T08:27:01.247909200Z-506246124611800-2
2026-02-21T08:27:01.248905700Z-506246124759800-in
2026-02-21T08:27:01.248905700Z-506246124820300-0,[0, 1]
2026-02-21T08:27:01.248905700Z-506246124894900-1,[0, 1]
2026-02-21T08:27:01.248905700Z-506246124942100-4
2026-02-21T08:27:01.248905700Z-506246125047000-in
2026-02-21T08:27:01.248905700Z-506246125116400-0,[0, 1]
2026-02-21T08:27:01.248905700Z-506246125178400-1,[0, 1]
2026-02-21T08:27:01.248905700Z-506246125226800-1
2026-02-21T08:27:01.248905700Z-506246125327000-in
2026-02-21T08:27:01.248905700Z-506246125393300-0,[0, 1]
2026-02-21T08:27:01.248905700Z-506246125445500-1,[0, 1]
2026-02-21T08:27:01.248905700Z-506246125492800-3
2026-02-21T08:27:01.248905700Z-506246125597500-in
2026-02-21T08:27:01.248905700Z-506246125663500-0,[0, 1]
2026-02-21T08:27:01.249904800Z-506246125728400-1,[0, 1]
2026-02-21T08:27:01.249904800Z-506246125779100-5
2026-02-21T08:27:01.321425300Z-506246197538200-true
2026-02-21T08:27:01.530991200Z-506246407405900-false
2026-02-21T08:27:01.531991100Z-506246407837400-in
2026-02-21T08:27:01.531991100Z-506246407937600-0,[0, 1]
2026-02-21T08:27:01.531991100Z-506246407991900-1,[0, 1]
2026-02-21T08:27:01.531991100Z-506246408055300-0
2026-02-21T08:27:01.531991100Z-506246408187200-in
2026-02-21T08:27:01.531991100Z-506246408243800-0,[0, 1]
2026-02-21T08:27:01.531991100Z-506246408294500-1,[0, 1]
2026-02-21T08:27:01.531991100Z-506246408339600-2
2026-02-21T08:27:01.531991100Z-506246408437800-in
2026-02-21T08:27:01.531991100Z-506246408505100-0,[0, 1]
2026-02-21T08:27:01.531991100Z-506246408554500-1,[0, 1]
2026-02-21T08:27:01.531991100Z-506246408691600-4
2026-02-21T08:27:01.532993700Z-506246408820700-in
2026-02-21T08:27:01.532993700Z-506246408878800-0,[0, 1]
2026-02-21T08:27:01.532993700Z-506246408939600-1,[0, 1]
2026-02-21T08:27:01.532993700Z-506246408994100-1
2026-02-21T08:27:01.532993700Z-506246409157800-in
2026-02-21T08:27:01.532993700Z-506246409268700-0,[0, 1]
2026-02-21T08:27:01.532993700Z-506246409338300-1,[0, 1]
2026-02-21T08:27:01.532993700Z-506246409386300-3
2026-02-21T08:27:01.532993700Z-506246409568200-in
2026-02-21T08:27:01.534001800Z-506246410012600-0,[0, 1]
2026-02-21T08:27:01.534001800Z-506246410127000-1,[0, 1]
2026-02-21T08:27:01.534001800Z-506246410186100-5
2026-02-21T08:27:01.645638100Z-506246521615400-list adding...
2026-02-21T08:27:01.646637Z-506246522528300-list adding...
2026-02-21T08:27:01.647637800Z-506246523606700-list adding...
2026-02-21T08:27:01.647637800Z-506246523747200-list done
2026-02-21T08:27:01.677360200Z-506246553963500-false
2026-02-21T08:27:01.678359800Z-506246554376800-in
2026-02-21T08:27:01.678359800Z-506246554473100-0,[0, 1]
2026-02-21T08:27:01.678359800Z-506246554536200-1,[0, 1]
2026-02-21T08:27:01.678359800Z-506246554589900-0
2026-02-21T08:27:01.678359800Z-506246554721100-in
2026-02-21T08:27:01.678359800Z-506246554825900-0,[0, 1]
2026-02-21T08:27:01.678359800Z-506246554892400-1,[0, 1]
2026-02-21T08:27:01.678359800Z-506246554951700-2
2026-02-21T08:27:01.678359800Z-506246555054100-in
2026-02-21T08:27:01.678359800Z-506246555107000-0,[0, 1]
2026-02-21T08:27:01.679357200Z-506246555172300-1,[0, 1]
2026-02-21T08:27:01.679357200Z-506246555216600-4
2026-02-21T08:27:01.679357200Z-506246555308200-in
2026-02-21T08:27:01.679357200Z-506246555358400-0,[0, 1]
2026-02-21T08:27:01.679357200Z-506246555406500-1,[0, 1]
2026-02-21T08:27:01.679357200Z-506246555459400-1
2026-02-21T08:27:01.679357200Z-506246555547600-in
2026-02-21T08:27:01.679357200Z-506246555642700-0,[0, 1]
2026-02-21T08:27:01.679357200Z-506246555691000-1,[0, 1]
2026-02-21T08:27:01.679357200Z-506246555754300-3
2026-02-21T08:27:01.679357200Z-506246555848600-in
2026-02-21T08:27:01.679357200Z-506246555908300-0,[0, 1]
2026-02-21T08:27:01.679357200Z-506246555953500-1,[0, 1]
2026-02-21T08:27:01.679357200Z-506246556003000-5
2026-02-21T08:27:02.545346300Z-506247421646000-in2
2026-02-21T08:27:02.545346300Z-506247422116900-0,[I@460b1591
2026-02-21T08:27:02.546349700Z-506247422246500-1,[I@460b1591
2026-02-21T08:27:02.546349700Z-506247422303600-2,[I@460b1591
2026-02-21T08:27:02.546349700Z-506247422429500-5,[1, 2, 0]
2026-02-21T08:27:02.579347Z-506247455576700-in2
2026-02-21T08:27:02.579347Z-506247455826000-0,[I@460b1591
2026-02-21T08:27:02.579347Z-506247455958600-1,[I@460b1591
2026-02-21T08:27:02.579347Z-506247456009700-2,[I@460b1591
2026-02-21T08:27:02.579347Z-506247456058300-4,[0, 2, 0]
2026-02-21T08:27:04.964260500Z-506249840201800-in2
2026-02-21T08:27:04.964260500Z-506249840473800-0,[I@460b1591
2026-02-21T08:27:04.964260500Z-506249840530500-1,[I@460b1591
2026-02-21T08:27:04.964260500Z-506249840575400-2,[I@460b1591
2026-02-21T08:27:04.964260500Z-506249840618800-3,[1, 1, 0]
2026-02-21T08:27:05.490078200Z-506250366063300-false
2026-02-21T08:27:05.490078200Z-506250366568500-in
2026-02-21T08:27:05.490078200Z-506250366685900-0,[0, 1]
2026-02-21T08:27:05.490078200Z-506250366738400-1,[0, 1]
2026-02-21T08:27:05.490078200Z-506250366782400-0
2026-02-21T08:27:05.491081700Z-506250366924800-in
2026-02-21T08:27:05.491081700Z-506250366975200-0,[0, 1]
2026-02-21T08:27:05.491081700Z-506250367020100-1,[0, 1]
2026-02-21T08:27:05.491081700Z-506250367059500-2
2026-02-21T08:27:05.491081700Z-506250367152600-in
2026-02-21T08:27:05.491081700Z-506250367200500-0,[0, 1]
2026-02-21T08:27:05.491081700Z-506250367243800-1,[0, 1]
2026-02-21T08:27:05.491081700Z-506250367283300-4
2026-02-21T08:27:05.491081700Z-506250367393800-in
2026-02-21T08:27:05.491081700Z-506250367449800-0,[0, 1]
2026-02-21T08:27:05.491081700Z-506250367497200-1,[0, 1]
2026-02-21T08:27:05.491081700Z-506250367536600-1
2026-02-21T08:27:05.491081700Z-506250367726900-in
2026-02-21T08:27:05.491081700Z-506250367789900-0,[0, 1]
2026-02-21T08:27:05.491081700Z-506250367847600-1,[0, 1]
2026-02-21T08:27:05.492081Z-506250367927000-3
2026-02-21T08:27:05.492081Z-506250368089800-in
2026-02-21T08:27:05.492081Z-506250368164900-0,[0, 1]
2026-02-21T08:27:05.492081Z-506250368211500-1,[0, 1]
2026-02-21T08:27:05.492081Z-506250368288700-5
2026-02-21T08:27:05.627465300Z-506250504442000-in2
2026-02-21T08:27:05.627465300Z-506250504657400-0,[I@460b1591
2026-02-21T08:27:05.627465300Z-506250504728300-1,[I@460b1591
2026-02-21T08:27:05.628974900Z-506250504771400-2,[I@460b1591
2026-02-21T08:27:05.628974900Z-506250504811600-3,[1, 1, 0]
2026-02-21T08:27:06.620109400Z-506251496405500-in
2026-02-21T08:27:06.620109400Z-506251496638100-0,[0, 1]
2026-02-21T08:27:06.620109400Z-506251496694600-1,[0, 1]
2026-02-21T08:27:06.642633600Z-506251533211500-false
2026-02-21T08:27:06.642633600Z-506251533634800-in
2026-02-21T08:27:06.642633600Z-506251533711100-0,[0, 1]
2026-02-21T08:27:06.642633600Z-506251533757000-1,[0, 1]
2026-02-21T08:27:06.642633600Z-506251533796900-0
2026-02-21T08:27:06.642633600Z-506251533932300-in
2026-02-21T08:27:06.642633600Z-506251533981200-0,[0, 1]
2026-02-21T08:27:06.642633600Z-506251534036400-1,[0, 1]
2026-02-21T08:27:06.642633600Z-506251534073900-2
2026-02-21T08:27:06.642633600Z-506251534170800-in
2026-02-21T08:27:06.658396500Z-506251534217200-0,[0, 1]
2026-02-21T08:27:06.658396500Z-506251534260600-1,[0, 1]
2026-02-21T08:27:06.658396500Z-506251534297700-4
2026-02-21T08:27:06.658396500Z-506251534401700-in
2026-02-21T08:27:06.658396500Z-506251534458500-0,[0, 1]
2026-02-21T08:27:06.658396500Z-506251534502800-1,[0, 1]
2026-02-21T08:27:06.658396500Z-506251534539600-1
2026-02-21T08:27:06.658396500Z-506251534630300-in
2026-02-21T08:27:06.658396500Z-506251534677200-0,[0, 1]
2026-02-21T08:27:06.658396500Z-506251534718500-1,[0, 1]
2026-02-21T08:27:06.658396500Z-506251534754900-3
2026-02-21T08:27:06.658396500Z-506251534859000-in
2026-02-21T08:27:06.658396500Z-506251534906900-0,[0, 1]
2026-02-21T08:27:06.658396500Z-506251534948000-1,[0, 1]
2026-02-21T08:27:06.658396500Z-506251534985900-5
2026-02-21T08:27:06.791581500Z-506251667668100-in2
2026-02-21T08:27:06.791581500Z-506251667925700-0,[I@460b1591
2026-02-21T08:27:06.791581500Z-506251667984500-1,[I@460b1591
2026-02-21T08:27:06.791581500Z-506251668036400-2,[I@460b1591
2026-02-21T08:27:06.791581500Z-506251668082400-3,[1, 1, 0]
2026-02-21T08:27:07.141616400Z-506252017505400-in2
2026-02-21T08:27:07.141616400Z-506252017901400-0,[I@460b1591
2026-02-21T08:27:07.141616400Z-506252018017000-1,[I@460b1591
2026-02-21T08:27:07.141616400Z-506252018058300-2,[I@460b1591
2026-02-21T08:27:07.141616400Z-506252018097300-5,[1, 2, 0]
2026-02-21T08:27:07.725072200Z-506252601521700-false
2026-02-21T08:27:07.726074600Z-506252602148100-in
2026-02-21T08:27:07.726074600Z-506252602221600-0,[0, 1]
2026-02-21T08:27:07.726074600Z-506252602266800-1,[0, 1]
2026-02-21T08:27:07.726074600Z-506252602307900-0
2026-02-21T08:27:07.726074600Z-506252602584500-in
2026-02-21T08:27:07.726074600Z-506252602680700-0,[0, 1]
2026-02-21T08:27:07.726074600Z-506252602738100-1,[0, 1]
2026-02-21T08:27:07.726074600Z-506252602781700-2
2026-02-21T08:27:07.727076300Z-506252602908900-in
2026-02-21T08:27:07.727076300Z-506252602957600-0,[0, 1]
2026-02-21T08:27:07.727076300Z-506252602999700-1,[0, 1]
2026-02-21T08:27:07.727076300Z-506252603035800-4
2026-02-21T08:27:07.727076300Z-506252603134400-in
2026-02-21T08:27:07.727076300Z-506252603180000-0,[0, 1]
2026-02-21T08:27:07.727076300Z-506252603220300-1,[0, 1]
2026-02-21T08:27:07.727076300Z-506252603261800-1
2026-02-21T08:27:07.727076300Z-506252603351700-in
2026-02-21T08:27:07.727076300Z-506252603409900-0,[0, 1]
2026-02-21T08:27:07.727076300Z-506252603455000-1,[0, 1]
2026-02-21T08:27:07.727076300Z-506252603491700-3
2026-02-21T08:27:07.727076300Z-506252603711900-in
2026-02-21T08:27:07.727076300Z-506252603828000-0,[0, 1]
2026-02-21T08:27:07.728074700Z-506252603878500-1,[0, 1]
2026-02-21T08:27:07.728074700Z-506252603928700-5
2026-02-21T08:27:07.854582100Z-506252731202900-in2
2026-02-21T08:27:07.855582800Z-506252731489000-0,[I@460b1591
2026-02-21T08:27:07.855582800Z-506252731562000-1,[I@460b1591
2026-02-21T08:27:07.855582800Z-506252731650100-2,[I@460b1591
2026-02-21T08:27:07.855582800Z-506252731698200-5,[1, 2, 0]
2026-02-21T08:27:08.451692Z-506253328144200-in2
2026-02-21T08:27:08.451692Z-506253328448100-0,[I@460b1591
2026-02-21T08:27:08.452693400Z-506253328508100-1,[I@460b1591
2026-02-21T08:27:08.452693400Z-506253328548700-2,[I@460b1591
2026-02-21T08:27:08.452693400Z-506253328586100-2,[0, 1, 0]
2026-02-21T08:27:08.780992400Z-506253657101300-false
2026-02-21T08:27:08.780992400Z-506253657688600-in
2026-02-21T08:27:08.781995400Z-506253657835700-0,[0, 1]
2026-02-21T08:27:08.781995400Z-506253657887900-1,[0, 1]
2026-02-21T08:27:08.781995400Z-506253657921700-0
2026-02-21T08:27:08.781995400Z-506253658160900-in
2026-02-21T08:27:08.781995400Z-506253658241800-0,[0, 1]
2026-02-21T08:27:08.781995400Z-506253658282400-1,[0, 1]
2026-02-21T08:27:08.781995400Z-506253658348300-2
2026-02-21T08:27:08.781995400Z-506253658491800-in
2026-02-21T08:27:08.781995400Z-506253658548700-0,[0, 1]
2026-02-21T08:27:08.781995400Z-506253658585600-1,[0, 1]
2026-02-21T08:27:08.781995400Z-506253658617000-4
2026-02-21T08:27:08.782993Z-506253658959000-in
2026-02-21T08:27:08.782993Z-506253659090200-0,[0, 1]
2026-02-21T08:27:08.782993Z-506253659149600-1,[0, 1]
2026-02-21T08:27:08.782993Z-506253659187700-1
2026-02-21T08:27:08.782993Z-506253659395900-in
2026-02-21T08:27:08.782993Z-506253659474500-0,[0, 1]
2026-02-21T08:27:08.782993Z-506253659521000-1,[0, 1]
2026-02-21T08:27:08.782993Z-506253659563200-3
2026-02-21T08:27:08.783993700Z-506253659968500-in
2026-02-21T08:27:08.783993700Z-506253660240700-0,[0, 1]
2026-02-21T08:27:08.783993700Z-506253660316800-1,[0, 1]
2026-02-21T08:27:08.783993700Z-506253660362800-5
2026-02-21T08:27:09.039027500Z-506253915161300-false
2026-02-21T08:27:09.086025700Z-506253962419600-in2
2026-02-21T08:27:09.086025700Z-506253962643900-0,[I@460b1591
2026-02-21T08:27:09.086025700Z-506253962692000-1,[I@460b1591
2026-02-21T08:27:09.086025700Z-506253962729000-2,[I@460b1591
2026-02-21T08:27:09.086025700Z-506253962765600-3,[1, 1, 0]
2026-02-21T08:27:09.123040800Z-506253999270800-in2
2026-02-21T08:27:09.123040800Z-506253999589000-0,[I@460b1591
2026-02-21T08:27:09.123040800Z-506253999697500-1,[I@460b1591
2026-02-21T08:27:09.123040800Z-506253999763700-2,[I@460b1591
2026-02-21T08:27:09.123040800Z-506253999824500-2,[0, 1, 0]
2026-02-21T08:27:09.408498Z-506254284994700-in2
2026-02-21T08:27:09.408498Z-506254285238100-0,[I@460b1591
2026-02-21T08:27:09.409494400Z-506254285322000-1,[I@460b1591
2026-02-21T08:27:09.409494400Z-506254285362800-2,[I@460b1591
2026-02-21T08:27:09.409494400Z-506254285401200-5,[1, 2, 0]
2026-02-21T08:27:09.438020100Z-506254314287700-in2
2026-02-21T08:27:09.438020100Z-506254314548500-0,[I@460b1591
2026-02-21T08:27:09.438020100Z-506254314665500-1,[I@460b1591
2026-02-21T08:27:09.438020100Z-506254314714600-2,[I@460b1591
2026-02-21T08:27:09.438020100Z-506254314750900-4,[0, 2, 0]
2026-02-21T08:27:09.964605300Z-506254841343100-in2
2026-02-21T08:27:09.965601300Z-506254841552500-0,[I@460b1591
2026-02-21T08:27:09.965601300Z-506254841594900-1,[I@460b1591
2026-02-21T08:27:09.965601300Z-506254841627000-2,[I@460b1591
2026-02-21T08:27:09.965601300Z-506254841681200-4,[0, 2, 0]
2026-02-21T08:27:09.987600400Z-506254863858300-in2
2026-02-21T08:27:09.987600400Z-506254864103600-0,[I@460b1591
2026-02-21T08:27:09.987600400Z-506254864174100-1,[I@460b1591
2026-02-21T08:27:09.987600400Z-506254864206300-2,[I@460b1591
2026-02-21T08:27:09.987600400Z-506254864245600-5,[1, 2, 0]
2026-02-21T08:27:10.481851700Z-506255357704300-in2
2026-02-21T08:27:10.481851700Z-506255357908800-0,[I@460b1591
2026-02-21T08:27:10.481851700Z-506255357950000-1,[I@460b1591
2026-02-21T08:27:10.481851700Z-506255357985700-2,[I@460b1591
2026-02-21T08:27:10.481851700Z-506255358016000-2,[0, 1, 0]
2026-02-21T08:27:10.521374Z-506255397248900-in2
2026-02-21T08:27:10.521374Z-506255397475900-0,[I@460b1591
2026-02-21T08:27:10.521374Z-506255397522800-1,[I@460b1591
2026-02-21T08:27:10.521374Z-506255397570400-2,[I@460b1591
2026-02-21T08:27:10.521374Z-506255397599800-3,[1, 1, 0]
2026-02-21T08:27:10.656449200Z-506255533090800-in2
2026-02-21T08:27:10.657449400Z-506255533287700-0,[I@460b1591
2026-02-21T08:27:10.657449400Z-506255533328300-1,[I@460b1591
2026-02-21T08:27:10.657449400Z-506255533358700-2,[I@460b1591
2026-02-21T08:27:10.657449400Z-506255533388800-2,[0, 1, 0]
2026-02-21T08:27:10.740669500Z-506255617446800-in2
2026-02-21T08:27:10.741670700Z-506255617643500-0,[I@460b1591
2026-02-21T08:27:10.741670700Z-506255617686700-1,[I@460b1591
2026-02-21T08:27:10.741670700Z-506255617717300-2,[I@460b1591
2026-02-21T08:27:10.741670700Z-506255617747000-0,[0, 0, 0]
2026-02-21T08:27:11.007813200Z-506255896040200-false
2026-02-21T08:27:11.007813200Z-506255896471100-in
2026-02-21T08:27:11.007813200Z-506255896550300-0,[0, 1]
2026-02-21T08:27:11.007813200Z-506255896586400-1,[0, 1]
2026-02-21T08:27:11.007813200Z-506255896615300-0
2026-02-21T08:27:11.007813200Z-506255896746700-in
2026-02-21T08:27:11.007813200Z-506255896785900-0,[0, 1]
2026-02-21T08:27:11.007813200Z-506255896817800-1,[0, 1]
2026-02-21T08:27:11.007813200Z-506255896856200-2
2026-02-21T08:27:11.007813200Z-506255896939100-in
2026-02-21T08:27:11.007813200Z-506255897097200-0,[0, 1]
2026-02-21T08:27:11.007813200Z-506255897162800-1,[0, 1]
2026-02-21T08:27:11.007813200Z-506255897196200-4
2026-02-21T08:27:11.007813200Z-506255897324800-in
2026-02-21T08:27:11.007813200Z-506255897366300-0,[0, 1]
2026-02-21T08:27:11.007813200Z-506255897407100-1,[0, 1]
2026-02-21T08:27:11.007813200Z-506255897435300-1
2026-02-21T08:27:11.007813200Z-506255897518100-in
2026-02-21T08:27:11.007813200Z-506255897554600-0,[0, 1]
2026-02-21T08:27:11.007813200Z-506255897586100-1,[0, 1]
2026-02-21T08:27:11.007813200Z-506255897613400-3
2026-02-21T08:27:11.007813200Z-506255897690800-in
2026-02-21T08:27:11.007813200Z-506255897725700-0,[0, 1]
2026-02-21T08:27:11.007813200Z-506255897756800-1,[0, 1]
2026-02-21T08:27:11.007813200Z-506255897810900-5
2026-02-21T08:27:11.087706500Z-506255971278800-false
2026-02-21T08:27:11.120258500Z-506255996133100-in2
2026-02-21T08:27:11.120258500Z-506255996316900-0,[I@460b1591
2026-02-21T08:27:11.120258500Z-506255996357800-1,[I@460b1591
2026-02-21T08:27:11.120258500Z-506255996389400-2,[I@460b1591
2026-02-21T08:27:11.120258500Z-506255996419200-1,[1, 0, 0]
2026-02-21T08:27:11.131265500Z-506256007188900-in2
2026-02-21T08:27:11.131265500Z-506256007352700-0,[I@460b1591
2026-02-21T08:27:11.131265500Z-506256007410900-1,[I@460b1591
2026-02-21T08:27:11.131265500Z-506256007440400-2,[I@460b1591
2026-02-21T08:27:11.131265500Z-506256007469100-0,[0, 0, 0]
2026-02-21T08:27:11.395077600Z-506256270994000-in2
2026-02-21T08:27:11.395077600Z-506256271186900-0,[I@460b1591
2026-02-21T08:27:11.395077600Z-506256271228900-1,[I@460b1591
2026-02-21T08:27:11.395077600Z-506256271259300-2,[I@460b1591
2026-02-21T08:27:11.395077600Z-506256271289100-0,[0, 0, 0]
2026-02-21T08:27:11.414077900Z-506256290121900-in2
2026-02-21T08:27:11.414077900Z-506256290303800-0,[I@460b1591
2026-02-21T08:27:11.414077900Z-506256290342000-1,[I@460b1591
2026-02-21T08:27:11.414077900Z-506256290374600-2,[I@460b1591
2026-02-21T08:27:11.414077900Z-506256290403600-1,[1, 0, 0]
2026-02-21T08:27:11.699207500Z-506256575144200-false
2026-02-21T08:27:11.699207500Z-506256575578100-in
2026-02-21T08:27:11.699207500Z-506256575642500-0,[0, 1]
2026-02-21T08:27:11.699207500Z-506256575682800-1,[0, 1]
2026-02-21T08:27:11.699207500Z-506256575709100-0
2026-02-21T08:27:11.699207500Z-506256575830200-in
2026-02-21T08:27:11.699207500Z-506256575872700-0,[0, 1]
2026-02-21T08:27:11.699207500Z-506256575901600-1,[0, 1]
2026-02-21T08:27:11.699207500Z-506256575950000-2
2026-02-21T08:27:11.700207400Z-506256576026400-in
2026-02-21T08:27:11.700207400Z-506256576061700-0,[0, 1]
2026-02-21T08:27:11.700207400Z-506256576109300-1,[0, 1]
2026-02-21T08:27:11.700207400Z-506256576173200-4
2026-02-21T08:27:11.700207400Z-506256576248600-in
2026-02-21T08:27:11.700207400Z-506256576280500-0,[0, 1]
2026-02-21T08:27:11.700207400Z-506256576307700-1,[0, 1]
2026-02-21T08:27:11.700207400Z-506256576330900-1
2026-02-21T08:27:11.700207400Z-506256576400700-in
2026-02-21T08:27:11.700207400Z-506256576433900-0,[0, 1]
2026-02-21T08:27:11.700207400Z-506256576461600-1,[0, 1]
2026-02-21T08:27:11.700207400Z-506256576485200-3
2026-02-21T08:27:11.700207400Z-506256576602300-in
2026-02-21T08:27:11.700207400Z-506256576642300-0,[0, 1]
2026-02-21T08:27:11.700207400Z-506256576686400-1,[0, 1]
2026-02-21T08:27:11.700207400Z-506256576712100-5
2026-02-21T08:27:11.776733500Z-506256653084700-false
2026-02-21T08:27:11.804734300Z-506256681195100-in2
2026-02-21T08:27:11.805733500Z-506256681594900-0,[I@460b1591
2026-02-21T08:27:11.805733500Z-506256681623600-1,[I@460b1591
2026-02-21T08:27:11.805733500Z-506256681641300-2,[I@460b1591
2026-02-21T08:27:11.805733500Z-506256681687300-1,[1, 0, 0]
2026-02-21T08:27:12.018883300Z-506256894810400-in2
2026-02-21T08:27:12.018883300Z-506256895001900-0,[I@460b1591
2026-02-21T08:27:12.018883300Z-506256895032900-1,[I@460b1591
2026-02-21T08:27:12.018883300Z-506256895051800-2,[I@460b1591
2026-02-21T08:27:12.018883300Z-506256895070900-0,[0, 0, 0]
2026-02-21T08:27:12.171945900Z-506257047896600-in2
2026-02-21T08:27:12.171945900Z-506257048056400-0,[I@460b1591
2026-02-21T08:27:12.171945900Z-506257048085400-1,[I@460b1591
2026-02-21T08:27:12.171945900Z-506257048104100-2,[I@460b1591
2026-02-21T08:27:12.171945900Z-506257048122000-1,[1, 0, 0]
2026-02-21T08:27:12.187947200Z-506257064090100-in2
2026-02-21T08:27:12.187947200Z-506257064237600-0,[I@460b1591
2026-02-21T08:27:12.187947200Z-506257064265400-1,[I@460b1591
2026-02-21T08:27:12.187947200Z-506257064283700-2,[I@460b1591
2026-02-21T08:27:12.187947200Z-506257064301800-3,[1, 1, 0]
2026-02-21T08:27:12.319357200Z-506257195325800-in2
2026-02-21T08:27:12.319357200Z-506257195492700-0,[I@460b1591
2026-02-21T08:27:12.319357200Z-506257195523700-1,[I@460b1591
2026-02-21T08:27:12.319357200Z-506257195540000-2,[I@460b1591
2026-02-21T08:27:12.319357200Z-506257195557000-5,[1, 2, 0]
2026-02-21T08:27:12.786568100Z-506257662468800-false
2026-02-21T08:27:12.786568100Z-506257662862300-in
2026-02-21T08:27:12.786568100Z-506257662999800-0,[0, 1]
2026-02-21T08:27:12.786568100Z-506257663036700-1,[0, 1]
2026-02-21T08:27:12.786568100Z-506257663053800-0
2026-02-21T08:27:12.786568100Z-506257663240300-in
2026-02-21T08:27:12.786568100Z-506257663273500-0,[0, 1]
2026-02-21T08:27:12.786568100Z-506257663301800-1,[0, 1]
2026-02-21T08:27:12.786568100Z-506257663314500-2
2026-02-21T08:27:12.787571900Z-506257663426500-in
2026-02-21T08:27:12.787571900Z-506257663484900-0,[0, 1]
2026-02-21T08:27:12.787571900Z-506257663549600-1,[0, 1]
2026-02-21T08:27:12.787571900Z-506257663572900-4
2026-02-21T08:27:12.787571900Z-506257663759300-in
2026-02-21T08:27:12.787571900Z-506257663835600-0,[0, 1]
2026-02-21T08:27:12.787571900Z-506257663862800-1,[0, 1]
2026-02-21T08:27:12.787571900Z-506257663879400-1
2026-02-21T08:27:12.788571900Z-506257664470300-in
2026-02-21T08:27:12.788571900Z-506257664644800-0,[0, 1]
2026-02-21T08:27:12.788571900Z-506257664678600-1,[0, 1]
2026-02-21T08:27:12.788571900Z-506257664806600-3
2026-02-21T08:27:12.788571900Z-506257664976700-in
2026-02-21T08:27:12.788571900Z-506257665025700-0,[0, 1]
2026-02-21T08:27:12.788571900Z-506257665048900-1,[0, 1]
2026-02-21T08:27:12.788571900Z-506257665073000-5
2026-02-21T08:27:12.974843900Z-506257851592400-false
2026-02-21T08:27:13.103225900Z-506257979355700-in2
2026-02-21T08:27:13.103225900Z-506257979518600-0,[I@460b1591
2026-02-21T08:27:13.103225900Z-506257979549500-1,[I@460b1591
2026-02-21T08:27:13.103225900Z-506257979621300-2,[I@460b1591
2026-02-21T08:27:13.103225900Z-506257979648000-5,[1, 2, 0]
2026-02-21T08:27:13.661775200Z-506258537611700-false
2026-02-21T08:27:13.661775200Z-506258537959700-in
2026-02-21T08:27:13.661775200Z-506258538114700-0,[0, 1]
2026-02-21T08:27:13.661775200Z-506258538143700-1,[0, 1]
2026-02-21T08:27:13.661775200Z-506258538159100-0
2026-02-21T08:27:13.661775200Z-506258538294800-in
2026-02-21T08:27:13.661775200Z-506258538323200-0,[0, 1]
2026-02-21T08:27:13.661775200Z-506258538342300-1,[0, 1]
2026-02-21T08:27:13.661775200Z-506258538355700-2
2026-02-21T08:27:13.661775200Z-506258538437700-in
2026-02-21T08:27:13.661775200Z-506258538461200-0,[0, 1]
2026-02-21T08:27:13.661775200Z-506258538477500-1,[0, 1]
2026-02-21T08:27:13.661775200Z-506258538490600-4
2026-02-21T08:27:13.662775400Z-506258538565300-in
2026-02-21T08:27:13.662775400Z-506258538585100-0,[0, 1]
2026-02-21T08:27:13.662775400Z-506258538602000-1,[0, 1]
2026-02-21T08:27:13.662775400Z-506258538617500-1
2026-02-21T08:27:13.662775400Z-506258538677600-in
2026-02-21T08:27:13.662775400Z-506258538706700-0,[0, 1]
2026-02-21T08:27:13.662775400Z-506258538722500-1,[0, 1]
2026-02-21T08:27:13.662775400Z-506258538734900-3
2026-02-21T08:27:13.662775400Z-506258538793800-in
2026-02-21T08:27:13.662775400Z-506258538812900-0,[0, 1]
2026-02-21T08:27:13.662775400Z-506258538828100-1,[0, 1]
2026-02-21T08:27:13.662775400Z-506258538841100-5
2026-02-21T08:27:13.741303400Z-506258617772300-false
2026-02-21T08:27:13.773306200Z-506258650004100-in2
2026-02-21T08:27:13.774309700Z-506258650178900-0,[I@460b1591
2026-02-21T08:27:13.774309700Z-506258650213700-1,[I@460b1591
2026-02-21T08:27:13.774309700Z-506258650231900-2,[I@460b1591
2026-02-21T08:27:13.774309700Z-506258650261300-5,[1, 2, 0]
2026-02-21T08:27:14.269437Z-506259145840600-false
2026-02-21T08:27:14.269437Z-506259146187200-in
2026-02-21T08:27:14.270437600Z-506259146275500-0,[0, 1]
2026-02-21T08:27:14.270437600Z-506259146296800-1,[0, 1]
2026-02-21T08:27:14.270437600Z-506259146311600-0
2026-02-21T08:27:14.270437600Z-506259146438100-in
2026-02-21T08:27:14.270437600Z-506259146460200-0,[0, 1]
2026-02-21T08:27:14.270437600Z-506259146477100-1,[0, 1]
2026-02-21T08:27:14.270437600Z-506259146491100-2
2026-02-21T08:27:14.270437600Z-506259146563000-in
2026-02-21T08:27:14.270437600Z-506259146582600-0,[0, 1]
2026-02-21T08:27:14.270437600Z-506259146608700-1,[0, 1]
2026-02-21T08:27:14.270437600Z-506259146622600-4
2026-02-21T08:27:14.270437600Z-506259146680200-in
2026-02-21T08:27:14.270437600Z-506259146699500-0,[0, 1]
2026-02-21T08:27:14.270437600Z-506259146714400-1,[0, 1]
2026-02-21T08:27:14.270437600Z-506259146727000-1
2026-02-21T08:27:14.270437600Z-506259146824100-in
2026-02-21T08:27:14.270437600Z-506259146886200-0,[0, 1]
2026-02-21T08:27:14.270437600Z-506259146902200-1,[0, 1]
2026-02-21T08:27:14.270437600Z-506259146916000-3
2026-02-21T08:27:14.270437600Z-506259146978900-in
2026-02-21T08:27:14.270437600Z-506259146999200-0,[0, 1]
2026-02-21T08:27:14.270437600Z-506259147014500-1,[0, 1]
2026-02-21T08:27:14.270437600Z-506259147027100-5
2026-02-21T08:27:14.349471600Z-506259225297200-false
2026-02-21T08:27:14.374477500Z-506259251046700-in2
2026-02-21T08:27:14.374477500Z-506259251219800-0,[I@460b1591
2026-02-21T08:27:14.374477500Z-506259251242600-1,[I@460b1591
2026-02-21T08:27:14.375471200Z-506259251257100-2,[I@460b1591
2026-02-21T08:27:14.375471200Z-506259251272400-5,[1, 2, 0]
2026-02-21T08:27:14.430476100Z-506259306826600-in2
2026-02-21T08:27:14.430476100Z-506259307027500-0,[I@460b1591
2026-02-21T08:27:14.430476100Z-506259307069800-1,[I@460b1591
2026-02-21T08:27:14.430476100Z-506259307098100-2,[I@460b1591
2026-02-21T08:27:14.430476100Z-506259307125100-4,[0, 2, 0]
2026-02-21T08:27:14.568293200Z-506259444513600-in2
2026-02-21T08:27:14.568293200Z-506259444661900-0,[I@460b1591
2026-02-21T08:27:14.568293200Z-506259444685800-1,[I@460b1591
2026-02-21T08:27:14.568293200Z-506259444699800-2,[I@460b1591
2026-02-21T08:27:14.568293200Z-506259444786200-2,[0, 1, 0]
2026-02-21T08:27:14.881335800Z-506259757845900-false
2026-02-21T08:27:14.882333400Z-506259758334800-in
2026-02-21T08:27:14.882333400Z-506259758481000-0,[0, 1]
2026-02-21T08:27:14.882333400Z-506259758522200-1,[0, 1]
2026-02-21T08:27:14.882333400Z-506259758543300-0
2026-02-21T08:27:14.882333400Z-506259758678200-in
2026-02-21T08:27:14.882333400Z-506259758697000-0,[0, 1]
2026-02-21T08:27:14.882333400Z-506259758729000-1,[0, 1]
2026-02-21T08:27:14.882333400Z-506259758904900-2
2026-02-21T08:27:14.882333400Z-506259759051500-in
2026-02-21T08:27:14.882333400Z-506259759080300-0,[0, 1]
2026-02-21T08:27:14.882333400Z-506259759091200-1,[0, 1]
2026-02-21T08:27:14.882333400Z-506259759101200-4
2026-02-21T08:27:14.883336200Z-506259759158500-in
2026-02-21T08:27:14.883336200Z-506259759173200-0,[0, 1]
2026-02-21T08:27:14.883336200Z-506259759186200-1,[0, 1]
2026-02-21T08:27:14.883336200Z-506259759197600-1
2026-02-21T08:27:14.883336200Z-506259759254400-in
2026-02-21T08:27:14.883336200Z-506259759271900-0,[0, 1]
2026-02-21T08:27:14.883336200Z-506259759284400-1,[0, 1]
2026-02-21T08:27:14.883336200Z-506259759296200-3
2026-02-21T08:27:14.883336200Z-506259759356400-in
2026-02-21T08:27:14.883336200Z-506259759373100-0,[0, 1]
2026-02-21T08:27:14.883336200Z-506259759386100-1,[0, 1]
2026-02-21T08:27:14.883336200Z-506259759401100-5
2026-02-21T08:27:14.967867900Z-506259843763900-false
2026-02-21T08:27:14.995862Z-506259872322000-in2
2026-02-21T08:27:14.995862Z-506259872451900-0,[I@460b1591
2026-02-21T08:27:14.995862Z-506259872508500-1,[I@460b1591
2026-02-21T08:27:14.995862Z-506259872524500-2,[I@460b1591
2026-02-21T08:27:14.995862Z-506259872543700-3,[1, 1, 0]
2026-02-21T08:27:15.007861Z-506259884411800-in2
2026-02-21T08:27:15.007861Z-506259884511400-0,[I@460b1591
2026-02-21T08:27:15.007861Z-506259884526300-1,[I@460b1591
2026-02-21T08:27:15.007861Z-506259884536800-2,[I@460b1591
2026-02-21T08:27:15.007861Z-506259884549900-2,[0, 1, 0]
2026-02-21T08:27:15.233443200Z-506260109597300-in2
2026-02-21T08:27:15.233443200Z-506260109715900-0,[I@460b1591
2026-02-21T08:27:15.233443200Z-506260109731300-1,[I@460b1591
2026-02-21T08:27:15.233443200Z-506260109742100-2,[I@460b1591
2026-02-21T08:27:15.233443200Z-506260109763200-3,[1, 1, 0]
2026-02-21T08:27:15.379996600Z-506260256444600-false
2026-02-21T08:27:15.380995700Z-506260256890500-in
2026-02-21T08:27:15.380995700Z-506260256984200-0,[0, 1]
2026-02-21T08:27:15.380995700Z-506260257000100-1,[0, 1]
2026-02-21T08:27:15.380995700Z-506260257010700-0
2026-02-21T08:27:15.380995700Z-506260257142100-in
2026-02-21T08:27:15.380995700Z-506260257157800-0,[0, 1]
2026-02-21T08:27:15.380995700Z-506260257168600-1,[0, 1]
2026-02-21T08:27:15.380995700Z-506260257177600-2
2026-02-21T08:27:15.380995700Z-506260257253800-in
2026-02-21T08:27:15.380995700Z-506260257266300-0,[0, 1]
2026-02-21T08:27:15.380995700Z-506260257276600-1,[0, 1]
2026-02-21T08:27:15.380995700Z-506260257286300-4
2026-02-21T08:27:15.380995700Z-506260257339100-in
2026-02-21T08:27:15.380995700Z-506260257351200-0,[0, 1]
2026-02-21T08:27:15.380995700Z-506260257364600-1,[0, 1]
2026-02-21T08:27:15.380995700Z-506260257374000-1
2026-02-21T08:27:15.380995700Z-506260257419100-in
2026-02-21T08:27:15.380995700Z-506260257429700-0,[0, 1]
2026-02-21T08:27:15.380995700Z-506260257439500-1,[0, 1]
2026-02-21T08:27:15.380995700Z-506260257449700-3
2026-02-21T08:27:15.380995700Z-506260257515700-in
2026-02-21T08:27:15.380995700Z-506260257527400-0,[0, 1]
2026-02-21T08:27:15.380995700Z-506260257537100-1,[0, 1]
2026-02-21T08:27:15.380995700Z-506260257546700-5
2026-02-21T08:27:15.456169700Z-506260332007800-false
2026-02-21T08:27:15.486174100Z-506260362869300-in2
2026-02-21T08:27:15.487170500Z-506260362989600-0,[I@460b1591
2026-02-21T08:27:15.487170500Z-506260363007700-1,[I@460b1591
2026-02-21T08:27:15.487170500Z-506260363020400-2,[I@460b1591
2026-02-21T08:27:15.487170500Z-506260363036100-3,[1, 1, 0]
2026-02-21T08:27:15.663841900Z-506260540619100-in2
2026-02-21T08:27:15.664841700Z-506260540740500-0,[I@460b1591
2026-02-21T08:27:15.664841700Z-506260540757300-1,[I@460b1591
2026-02-21T08:27:15.664841700Z-506260540769400-2,[I@460b1591
2026-02-21T08:27:15.664841700Z-506260540784300-2,[0, 1, 0]
2026-02-21T08:27:15.706841800Z-506260583226900-in2
2026-02-21T08:27:15.706841800Z-506260583531600-0,[I@460b1591
2026-02-21T08:27:15.706841800Z-506260583597900-1,[I@460b1591
2026-02-21T08:27:15.706841800Z-506260583619200-2,[I@460b1591
2026-02-21T08:27:15.707840700Z-506260583638800-4,[0, 2, 0]
2026-02-21T08:27:16.003916900Z-506260879858100-false
2026-02-21T08:27:16.003916900Z-506260880346200-in
2026-02-21T08:27:16.003916900Z-506260880474600-0,[0, 1]
2026-02-21T08:27:16.003916900Z-506260880498700-1,[0, 1]
2026-02-21T08:27:16.003916900Z-506260880512500-0
2026-02-21T08:27:16.004924300Z-506260880739800-in
2026-02-21T08:27:16.004924300Z-506260880760300-0,[0, 1]
2026-02-21T08:27:16.004924300Z-506260880774200-1,[0, 1]
2026-02-21T08:27:16.004924300Z-506260880785000-2
2026-02-21T08:27:16.004924300Z-506260880858200-in
2026-02-21T08:27:16.004924300Z-506260880872400-0,[0, 1]
2026-02-21T08:27:16.004924300Z-506260880885300-1,[0, 1]
2026-02-21T08:27:16.004924300Z-506260880896500-4
2026-02-21T08:27:16.004924300Z-506260880951800-in
2026-02-21T08:27:16.004924300Z-506260880967500-0,[0, 1]
2026-02-21T08:27:16.004924300Z-506260880979800-1,[0, 1]
2026-02-21T08:27:16.004924300Z-506260880991700-1
2026-02-21T08:27:16.004924300Z-506260881041500-in
2026-02-21T08:27:16.004924300Z-506260881054000-0,[0, 1]
2026-02-21T08:27:16.004924300Z-506260881176200-1,[0, 1]
2026-02-21T08:27:16.004924300Z-506260881227800-3
2026-02-21T08:27:16.004924300Z-506260881410700-in
2026-02-21T08:27:16.004924300Z-506260881473000-0,[0, 1]
2026-02-21T08:27:16.004924300Z-506260881485200-1,[0, 1]
2026-02-21T08:27:16.004924300Z-506260881495900-5
2026-02-21T08:27:16.098453700Z-506260974902100-false
2026-02-21T08:27:16.126450600Z-506261002577000-in2
2026-02-21T08:27:16.126450600Z-506261002787800-0,[I@460b1591
2026-02-21T08:27:16.126450600Z-506261002807200-1,[I@460b1591
2026-02-21T08:27:16.126450600Z-506261002818700-2,[I@460b1591
2026-02-21T08:27:16.126450600Z-506261002853100-5,[1, 2, 0]
2026-02-21T08:27:16.141735600Z-506261018035500-in2
2026-02-21T08:27:16.141735600Z-506261018218700-0,[I@460b1591
2026-02-21T08:27:16.141735600Z-506261018234800-1,[I@460b1591
2026-02-21T08:27:16.141735600Z-506261018244700-2,[I@460b1591
2026-02-21T08:27:16.141735600Z-506261018257900-4,[0, 2, 0]
2026-02-21T08:27:16.163735700Z-506261039964000-in2
2026-02-21T08:27:16.163735700Z-506261040079900-0,[I@460b1591
2026-02-21T08:27:16.163735700Z-506261040095500-1,[I@460b1591
2026-02-21T08:27:16.163735700Z-506261040106700-2,[I@460b1591
2026-02-21T08:27:16.163735700Z-506261040118700-5,[1, 2, 0]
2026-02-21T08:27:16.599312600Z-506261475529100-false
2026-02-21T08:27:16.599312600Z-506261475835400-in
2026-02-21T08:27:16.599312600Z-506261475877100-0,[0, 1]
2026-02-21T08:27:16.599312600Z-506261475889500-1,[0, 1]
2026-02-21T08:27:16.599312600Z-506261475919000-0
2026-02-21T08:27:16.599312600Z-506261476012500-in
2026-02-21T08:27:16.599312600Z-506261476025500-0,[0, 1]
2026-02-21T08:27:16.599312600Z-506261476036000-1,[0, 1]
2026-02-21T08:27:16.599312600Z-506261476045500-2
2026-02-21T08:27:16.599312600Z-506261476089200-in
2026-02-21T08:27:16.600312600Z-506261476100400-0,[0, 1]
2026-02-21T08:27:16.600312600Z-506261476110200-1,[0, 1]
2026-02-21T08:27:16.600312600Z-506261476119800-4
2026-02-21T08:27:16.600312600Z-506261476159800-in
2026-02-21T08:27:16.600312600Z-506261476172100-0,[0, 1]
2026-02-21T08:27:16.600312600Z-506261476181900-1,[0, 1]
2026-02-21T08:27:16.600312600Z-506261476191500-1
2026-02-21T08:27:16.600312600Z-506261476234500-in
2026-02-21T08:27:16.600312600Z-506261476250400-0,[0, 1]
2026-02-21T08:27:16.600312600Z-506261476261800-1,[0, 1]
2026-02-21T08:27:16.600312600Z-506261476270700-3
2026-02-21T08:27:16.600312600Z-506261476318600-in
2026-02-21T08:27:16.600312600Z-506261476329600-0,[0, 1]
2026-02-21T08:27:16.600312600Z-506261476339800-1,[0, 1]
2026-02-21T08:27:16.600312600Z-506261476349300-5
2026-02-21T08:27:16.674403100Z-506261551197500-false
2026-02-21T08:27:16.708403300Z-506261584493300-in2
2026-02-21T08:27:16.708403300Z-506261584607000-0,[I@460b1591
2026-02-21T08:27:16.708403300Z-506261584622300-1,[I@460b1591
2026-02-21T08:27:16.708403300Z-506261584639800-2,[I@460b1591
2026-02-21T08:27:16.708403300Z-506261584656400-5,[1, 2, 0]
2026-02-21T08:27:17.497597200Z-506262373762600-in2
2026-02-21T08:27:17.497597200Z-506262373895500-0,[I@460b1591
2026-02-21T08:27:17.497597200Z-506262373937400-1,[I@460b1591
2026-02-21T08:27:17.497597200Z-506262373947400-2,[I@460b1591
2026-02-21T08:27:17.497597200Z-506262373959400-5,[1, 2, 0]
2026-02-21T08:27:18.869660Z-506263746067900-in2
2026-02-21T08:27:18.869660Z-506263746205300-0,[I@460b1591
2026-02-21T08:27:18.869660Z-506263746224000-1,[I@460b1591
2026-02-21T08:27:18.869660Z-506263746234000-2,[I@460b1591
2026-02-21T08:27:18.869660Z-506263746246100-5,[1, 2, 0]
2026-02-21T08:27:18.887658100Z-506263763651300-in2
2026-02-21T08:27:18.887658100Z-506263763780800-0,[I@460b1591
2026-02-21T08:27:18.887658100Z-506263763794500-1,[I@460b1591
2026-02-21T08:27:18.887658100Z-506263763804600-2,[I@460b1591
2026-02-21T08:27:18.887658100Z-506263763818600-2,[0, 1, 0]
2026-02-21T08:27:19.178221200Z-506264054163500-in2
2026-02-21T08:27:19.178221200Z-506264054306000-0,[I@460b1591
2026-02-21T08:27:19.178221200Z-506264054343200-1,[I@460b1591
2026-02-21T08:27:19.178221200Z-506264054353400-2,[I@460b1591
2026-02-21T08:27:19.178221200Z-506264054365900-3,[1, 1, 0]
2026-02-21T08:27:19.196216600Z-506264072529200-in2
2026-02-21T08:27:19.196216600Z-506264072676100-0,[I@460b1591
2026-02-21T08:27:19.196216600Z-506264072693200-1,[I@460b1591
2026-02-21T08:27:19.196216600Z-506264072712300-2,[I@460b1591
2026-02-21T08:27:19.196216600Z-506264072727600-2,[0, 1, 0]
2026-02-21T08:27:19.498071900Z-506264374142500-in2
2026-02-21T08:27:19.498071900Z-506264374278700-0,[I@460b1591
2026-02-21T08:27:19.498071900Z-506264374293900-1,[I@460b1591
2026-02-21T08:27:19.498071900Z-506264374305500-2,[I@460b1591
2026-02-21T08:27:19.498071900Z-506264374320100-0,[0, 0, 0]
2026-02-21T08:27:19.529074900Z-506264405601100-in2
2026-02-21T08:27:19.529074900Z-506264405741000-0,[I@460b1591
2026-02-21T08:27:19.529074900Z-506264405756500-1,[I@460b1591
2026-02-21T08:27:19.529074900Z-506264405767200-2,[I@460b1591
2026-02-21T08:27:19.529074900Z-506264405779500-0,[0, 0, 0]
2026-02-21T08:27:19.545589400Z-506264421433900-in2
2026-02-21T08:27:19.545589400Z-506264421564400-0,[I@460b1591
2026-02-21T08:27:19.545589400Z-506264421580300-1,[I@460b1591
2026-02-21T08:27:19.545589400Z-506264421597700-2,[I@460b1591
2026-02-21T08:27:19.545589400Z-506264421612800-1,[1, 0, 0]
2026-02-21T08:27:19.604589100Z-506264480994100-in2
2026-02-21T08:27:19.604589100Z-506264481120600-0,[I@460b1591
2026-02-21T08:27:19.604589100Z-506264481140400-1,[I@460b1591
2026-02-21T08:27:19.604589100Z-506264481149800-2,[I@460b1591
2026-02-21T08:27:19.604589100Z-506264481162000-3,[1, 1, 0]
2026-02-21T08:27:19.892588300Z-506264769184200-in2
2026-02-21T08:27:19.892588300Z-506264769355800-0,[I@460b1591
2026-02-21T08:27:19.893594300Z-506264769382800-1,[I@460b1591
2026-02-21T08:27:19.893594300Z-506264769401800-2,[I@460b1591
2026-02-21T08:27:19.893594300Z-506264769423300-5,[1, 2, 0]
2026-02-21T08:27:19.912588800Z-506264788968300-in2
2026-02-21T08:27:19.912588800Z-506264789084700-0,[I@460b1591
2026-02-21T08:27:19.912588800Z-506264789100300-1,[I@460b1591
2026-02-21T08:27:19.912588800Z-506264789110300-2,[I@460b1591
2026-02-21T08:27:19.912588800Z-506264789122700-4,[0, 2, 0]
2026-02-21T08:27:20.485486200Z-506265361686800-in2
2026-02-21T08:27:20.485486200Z-506265361805200-0,[I@460b1591
2026-02-21T08:27:20.485486200Z-506265361820300-1,[I@460b1591
2026-02-21T08:27:20.485486200Z-506265361878200-2,[I@460b1591
2026-02-21T08:27:20.485486200Z-506265361890400-2,[0, 1, 0]
2026-02-21T08:27:20.562005900Z-506265438689900-in2
2026-02-21T08:27:20.563005700Z-506265438876800-0,[I@460b1591
2026-02-21T08:27:20.563005700Z-506265438916800-1,[I@460b1591
2026-02-21T08:27:20.563005700Z-506265438926500-2,[I@460b1591
2026-02-21T08:27:20.563005700Z-506265438939400-2,[0, 1, 0]
2026-02-21T08:27:20.597019300Z-506265473434200-in2
2026-02-21T08:27:20.597019300Z-506265473550400-0,[I@460b1591
2026-02-21T08:27:20.597019300Z-506265473575700-1,[I@460b1591
2026-02-21T08:27:20.597019300Z-506265473589500-2,[I@460b1591
2026-02-21T08:27:20.597019300Z-506265473617600-2,[0, 1, 0]
2026-02-21T08:27:20.626525500Z-506265502978700-in2
2026-02-21T08:27:20.626525500Z-506265503093000-0,[I@460b1591
2026-02-21T08:27:20.626525500Z-506265503107900-1,[I@460b1591
2026-02-21T08:27:20.626525500Z-506265503117400-2,[I@460b1591
2026-02-21T08:27:20.626525500Z-506265503130400-2,[0, 1, 0]
2026-02-21T08:27:28.813821400Z-506273690165300-in
2026-02-21T08:27:28.813821400Z-506273690289800-0,[0]
2026-02-21T08:27:28.813821400Z-506273690328800-tic_tac_toc$game$unit@5097691c
2026-02-21T08:27:28.858152800Z-506273734536000-false
2026-02-21T08:27:28.858152800Z-506273734833000-in
2026-02-21T08:27:28.858152800Z-506273734893400-0,[0, 1]
2026-02-21T08:27:28.858152800Z-506273734905300-1,[0, 1]
2026-02-21T08:27:28.858152800Z-506273734914100-0
2026-02-21T08:27:28.859154100Z-506273735025600-in
2026-02-21T08:27:28.859154100Z-506273735038600-0,[0, 1]
2026-02-21T08:27:28.859154100Z-506273735048000-1,[0, 1]
2026-02-21T08:27:28.859154100Z-506273735055900-2
2026-02-21T08:27:28.859154100Z-506273735103300-in
2026-02-21T08:27:28.859154100Z-506273735113600-0,[0, 1]
2026-02-21T08:27:28.859154100Z-506273735123500-1,[0, 1]
2026-02-21T08:27:28.859154100Z-506273735131800-4
2026-02-21T08:27:28.859154100Z-506273735196700-in
2026-02-21T08:27:28.859154100Z-506273735208600-0,[0, 1]
2026-02-21T08:27:28.859154100Z-506273735217800-1,[0, 1]
2026-02-21T08:27:28.859154100Z-506273735226400-1
2026-02-21T08:27:28.859154100Z-506273735262800-in
2026-02-21T08:27:28.859154100Z-506273735273600-0,[0, 1]
2026-02-21T08:27:28.859154100Z-506273735284900-1,[0, 1]
2026-02-21T08:27:28.859154100Z-506273735296100-3
2026-02-21T08:27:28.859154100Z-506273735462800-in
2026-02-21T08:27:28.859154100Z-506273735478600-0,[0, 1]
2026-02-21T08:27:28.859154100Z-506273735488200-1,[0, 1]
2026-02-21T08:27:28.859154100Z-506273735496600-5
2026-02-21T08:27:28.946424900Z-506273823076300-false
2026-02-21T08:27:31.657461700Z-506276533556700-in
2026-02-21T08:27:31.657461700Z-506276533673800-0,[0]
2026-02-21T08:27:31.657461700Z-506276533696900-tic_tac_toc$game$unit@5097691c
2026-02-21T08:27:31.725459200Z-506276601859000-false
2026-02-21T08:27:31.725459200Z-506276602210400-in
2026-02-21T08:27:31.726459600Z-506276602255700-0,[0, 1]
2026-02-21T08:27:31.726459600Z-506276602267300-1,[0, 1]
2026-02-21T08:27:31.726459600Z-506276602277000-0
2026-02-21T08:27:31.726459600Z-506276602373500-in
2026-02-21T08:27:31.726459600Z-506276602385500-0,[0, 1]
2026-02-21T08:27:31.726459600Z-506276602394600-1,[0, 1]
2026-02-21T08:27:31.726459600Z-506276602403200-2
2026-02-21T08:27:31.726459600Z-506276602448100-in
2026-02-21T08:27:31.726459600Z-506276602458000-0,[0, 1]
2026-02-21T08:27:31.726459600Z-506276602466700-1,[0, 1]
2026-02-21T08:27:31.726459600Z-506276602474900-4
2026-02-21T08:27:31.726459600Z-506276602511200-in
2026-02-21T08:27:31.726459600Z-506276602521400-0,[0, 1]
2026-02-21T08:27:31.726459600Z-506276602531200-1,[0, 1]
2026-02-21T08:27:31.726459600Z-506276602539000-1
2026-02-21T08:27:31.726459600Z-506276602577400-in
2026-02-21T08:27:31.726459600Z-506276602588300-0,[0, 1]
2026-02-21T08:27:31.726459600Z-506276602597900-1,[0, 1]
2026-02-21T08:27:31.726459600Z-506276602606500-3
2026-02-21T08:27:31.726459600Z-506276602644600-in
2026-02-21T08:27:31.726459600Z-506276602654400-0,[0, 1]
2026-02-21T08:27:31.726459600Z-506276602663000-1,[0, 1]
2026-02-21T08:27:31.726459600Z-506276602670800-5
2026-02-21T08:27:31.790547400Z-506276680223900-false
2026-02-21T08:27:35.803126900Z-506280679456000-in
2026-02-21T08:27:35.803126900Z-506280679563400-0,[0]
2026-02-21T08:27:35.803126900Z-506280679585500-tic_tac_toc$game$unit@5097691c
2026-02-21T08:27:35.849643300Z-506280726175500-false
2026-02-21T08:27:35.850642900Z-506280726552300-in
2026-02-21T08:27:35.850642900Z-506280726632000-0,[0, 1]
2026-02-21T08:27:35.850642900Z-506280726647400-1,[0, 1]
2026-02-21T08:27:35.850642900Z-506280726657500-0
2026-02-21T08:27:35.850642900Z-506280726811900-in
2026-02-21T08:27:35.850642900Z-506280726831200-0,[0, 1]
2026-02-21T08:27:35.850642900Z-506280726840700-1,[0, 1]
2026-02-21T08:27:35.850642900Z-506280726849000-2
2026-02-21T08:27:35.850642900Z-506280726909100-in
2026-02-21T08:27:35.850642900Z-506280726920200-0,[0, 1]
2026-02-21T08:27:35.850642900Z-506280726929700-1,[0, 1]
2026-02-21T08:27:35.850642900Z-506280726938000-4
2026-02-21T08:27:35.850642900Z-506280727064000-in
2026-02-21T08:27:35.850642900Z-506280727116500-0,[0, 1]
2026-02-21T08:27:35.850642900Z-506280727130900-1,[0, 1]
2026-02-21T08:27:35.850642900Z-506280727140600-1
2026-02-21T08:27:35.850642900Z-506280727210400-in
2026-02-21T08:27:35.850642900Z-506280727221900-0,[0, 1]
2026-02-21T08:27:35.850642900Z-506280727231100-1,[0, 1]
2026-02-21T08:27:35.850642900Z-506280727239700-3
2026-02-21T08:27:35.850642900Z-506280727294600-in
2026-02-21T08:27:35.850642900Z-506280727305500-0,[0, 1]
2026-02-21T08:27:35.850642900Z-506280727315100-1,[0, 1]
2026-02-21T08:27:35.850642900Z-506280727324200-5
2026-02-21T08:27:35.929234500Z-506280805618200-false
2026-02-21T08:27:37.875980900Z-506282752025300-end