2025-12-11T13:31:29.698462800Z-695786571657800-in3
2025-12-11T13:31:29.698462800Z-695786571936200-[]
2025-12-11T13:31:29.703469Z-695786576863000-[I@2cdf8d8a
2025-12-11T13:31:29.703469Z-695786577043200-in3
2025-12-11T13:31:29.703469Z-695786577137600-0
2025-12-11T13:31:29.703469Z-695786577237200-[1]
2025-12-11T13:31:29.704469300Z-695786577341100-[I@30946e09
2025-12-11T13:31:29.704469300Z-695786577518300-1
2025-12-11T13:31:29.704469300Z-695786577907100-in3
2025-12-11T13:31:29.704469300Z-695786578000500-0
2025-12-11T13:31:29.704469300Z-695786578121700-[1]
2025-12-11T13:31:29.704469300Z-695786578243000-[I@46fbb2c1
2025-12-11T13:31:29.705462600Z-695786578406800-
2025-12-11T13:31:29.705462600Z-695786578504000-.
2025-12-11T13:31:30.296574800Z-695787170195800-false
2025-12-11T13:31:30.298573100Z-695787171571000-in
2025-12-11T13:31:30.301575300Z-695787175193100-0,[I@32d992b2
2025-12-11T13:31:30.302570900Z-695787175498200-1,[I@32d992b2
2025-12-11T13:31:30.302570900Z-695787175836900-0
2025-12-11T13:31:30.305574300Z-695787178722600-in
2025-12-11T13:31:30.305574300Z-695787178868200-0,[I@9629756
2025-12-11T13:31:30.305574300Z-695787178931600-1,[I@9629756
2025-12-11T13:31:30.305574300Z-695787178987300-2
2025-12-11T13:31:30.305574300Z-695787179112500-in
2025-12-11T13:31:30.305574300Z-695787179178300-0,[I@62ee68d8
2025-12-11T13:31:30.305574300Z-695787179249300-1,[I@62ee68d8
2025-12-11T13:31:30.305574300Z-695787179296900-4
2025-12-11T13:31:30.305574300Z-695787179364300-in
2025-12-11T13:31:30.306572200Z-695787179568500-0,[I@735b5592
2025-12-11T13:31:30.306572200Z-695787179636000-1,[I@735b5592
2025-12-11T13:31:30.306572200Z-695787179684200-1
2025-12-11T13:31:30.306572200Z-695787179741500-in
2025-12-11T13:31:30.306572200Z-695787179810100-0,[I@58651fd0
2025-12-11T13:31:30.306572200Z-695787179861400-1,[I@58651fd0
2025-12-11T13:31:30.306572200Z-695787179905900-3
2025-12-11T13:31:30.306572200Z-695787179958600-in
2025-12-11T13:31:30.306572200Z-695787180012300-0,[I@4520ebad
2025-12-11T13:31:30.306572200Z-695787180071400-1,[I@4520ebad
2025-12-11T13:31:30.306572200Z-695787180115800-5
2025-12-11T13:31:30.621689300Z-695787495151000-true
2025-12-11T13:31:32.022737700Z-695788896203600-false
2025-12-11T13:31:32.022737700Z-695788896510900-in
2025-12-11T13:31:32.023742800Z-695788896606500-0,[I@490ab905
2025-12-11T13:31:32.023742800Z-695788896671000-1,[I@490ab905
2025-12-11T13:31:32.023742800Z-695788896723300-0
2025-12-11T13:31:32.023742800Z-695788896882500-in
2025-12-11T13:31:32.023742800Z-695788896982000-0,[I@56ac3a89
2025-12-11T13:31:32.023742800Z-695788897047100-1,[I@56ac3a89
2025-12-11T13:31:32.023742800Z-695788897104400-2
2025-12-11T13:31:32.023742800Z-695788897202400-in
2025-12-11T13:31:32.023742800Z-695788897262600-0,[I@27c20538
2025-12-11T13:31:32.023742800Z-695788897329200-1,[I@27c20538
2025-12-11T13:31:32.023742800Z-695788897384100-4
2025-12-11T13:31:32.023742800Z-695788897453900-in
2025-12-11T13:31:32.023742800Z-695788897523200-0,[I@72d818d1
2025-12-11T13:31:32.024738500Z-695788897590600-1,[I@72d818d1
2025-12-11T13:31:32.024738500Z-695788897652300-1
2025-12-11T13:31:32.024738500Z-695788897737500-in
2025-12-11T13:31:32.024738500Z-695788897810200-0,[I@6e06451e
2025-12-11T13:31:32.024738500Z-695788897869700-1,[I@6e06451e
2025-12-11T13:31:32.024738500Z-695788897928000-3
2025-12-11T13:31:32.024738500Z-695788898005700-in
2025-12-11T13:31:32.024738500Z-695788898072700-0,[I@59494225
2025-12-11T13:31:32.024738500Z-695788898138600-1,[I@59494225
2025-12-11T13:31:32.024738500Z-695788898195100-5
2025-12-11T13:31:32.413103300Z-695789286130300-false
2025-12-11T13:31:32.413103300Z-695789286453400-in
2025-12-11T13:31:32.413103300Z-695789286544400-0,[I@6325a3ee
2025-12-11T13:31:32.413103300Z-695789286606500-1,[I@6325a3ee
2025-12-11T13:31:32.413103300Z-695789286653200-0
2025-12-11T13:31:32.413103300Z-695789286741300-in
2025-12-11T13:31:32.413103300Z-695789286796100-0,[I@1d16f93d
2025-12-11T13:31:32.413103300Z-695789286869200-1,[I@1d16f93d
2025-12-11T13:31:32.413103300Z-695789286913900-2
2025-12-11T13:31:32.414102700Z-695789286977000-in
2025-12-11T13:31:32.414102700Z-695789287118300-0,[I@67b92f0a
2025-12-11T13:31:32.414102700Z-695789287186000-1,[I@67b92f0a
2025-12-11T13:31:32.414102700Z-695789287232700-4
2025-12-11T13:31:32.414102700Z-695789287292400-in
2025-12-11T13:31:32.414102700Z-695789287344500-0,[I@2b9627bc
2025-12-11T13:31:32.414102700Z-695789287399800-1,[I@2b9627bc
2025-12-11T13:31:32.414102700Z-695789287477700-1
2025-12-11T13:31:32.414102700Z-695789287531700-in
2025-12-11T13:31:32.414102700Z-695789287578600-0,[I@65e2dbf3
2025-12-11T13:31:32.414102700Z-695789287626200-1,[I@65e2dbf3
2025-12-11T13:31:32.414102700Z-695789287683800-3
2025-12-11T13:31:32.414102700Z-695789287732800-in
2025-12-11T13:31:32.414102700Z-695789287805100-0,[I@4f970963
2025-12-11T13:31:32.414102700Z-695789287862000-1,[I@4f970963
2025-12-11T13:31:32.414102700Z-695789287913400-5
2025-12-11T13:31:33.914102Z-695790787289300-in2
2025-12-11T13:31:33.915098900Z-695790788114600-0,[I@29279caf
2025-12-11T13:31:33.915098900Z-695790788317100-1,[I@29279caf
2025-12-11T13:31:33.915098900Z-695790788404900-2,[I@29279caf
2025-12-11T13:31:33.916101200Z-695790789062100-5,[1, 2, 0]
2025-12-11T13:31:33.987617Z-695790861154200-in2
2025-12-11T13:31:33.987617Z-695790861404500-0,[I@29279caf
2025-12-11T13:31:33.988618700Z-695790861531400-1,[I@29279caf
2025-12-11T13:31:33.988618700Z-695790861605800-2,[I@29279caf
2025-12-11T13:31:33.988618700Z-695790861657300-4,[0, 2, 0]
2025-12-11T13:31:34.100738700Z-695790974385300-in2
2025-12-11T13:31:34.101735700Z-695790974644300-0,[I@29279caf
2025-12-11T13:31:34.101735700Z-695790974731000-1,[I@29279caf
2025-12-11T13:31:34.101735700Z-695790974780100-2,[I@29279caf
2025-12-11T13:31:34.101735700Z-695790974828100-4,[0, 2, 0]
2025-12-11T13:31:34.180260Z-695791053359200-in2
2025-12-11T13:31:34.180260Z-695791053650200-0,[I@29279caf
2025-12-11T13:31:34.180260Z-695791053722600-1,[I@29279caf
2025-12-11T13:31:34.180260Z-695791053800900-2,[I@29279caf
2025-12-11T13:31:34.180260Z-695791053859500-4,[0, 2, 0]
2025-12-11T13:31:34.248783300Z-695791122268400-in2
2025-12-11T13:31:34.248783300Z-695791122512500-0,[I@29279caf
2025-12-11T13:31:34.248783300Z-695791122569900-1,[I@29279caf
2025-12-11T13:31:34.248783300Z-695791122615900-2,[I@29279caf
2025-12-11T13:31:34.249783Z-695791122659700-5,[1, 2, 0]
2025-12-11T13:31:34.548471Z-695791422199900-false
2025-12-11T13:31:34.549473200Z-695791422474400-in
2025-12-11T13:31:34.549473200Z-695791422550300-0,[I@3afa4488
2025-12-11T13:31:34.549473200Z-695791422596700-1,[I@3afa4488
2025-12-11T13:31:34.549473200Z-695791422637200-0
2025-12-11T13:31:34.549473200Z-695791422792300-in
2025-12-11T13:31:34.549473200Z-695791422848000-0,[I@12e5310b
2025-12-11T13:31:34.549473200Z-695791422891700-1,[I@12e5310b
2025-12-11T13:31:34.549473200Z-695791422985500-2
2025-12-11T13:31:34.549473200Z-695791423043400-in
2025-12-11T13:31:34.549473200Z-695791423091500-0,[I@22c00359
2025-12-11T13:31:34.549473200Z-695791423176200-1,[I@22c00359
2025-12-11T13:31:34.549473200Z-695791423221100-4
2025-12-11T13:31:34.549473200Z-695791423269000-in
2025-12-11T13:31:34.549473200Z-695791423310400-0,[I@486d14e2
2025-12-11T13:31:34.550477Z-695791423351800-1,[I@486d14e2
2025-12-11T13:31:34.550477Z-695791423388900-1
2025-12-11T13:31:34.550477Z-695791423433300-in
2025-12-11T13:31:34.550477Z-695791423475700-0,[I@20dbd763
2025-12-11T13:31:34.550477Z-695791423517000-1,[I@20dbd763
2025-12-11T13:31:34.550477Z-695791423553100-3
2025-12-11T13:31:34.550477Z-695791423597800-in
2025-12-11T13:31:34.550477Z-695791423638800-0,[I@1b0dc71a
2025-12-11T13:31:34.550477Z-695791423678300-1,[I@1b0dc71a
2025-12-11T13:31:34.550477Z-695791423714300-5
2025-12-11T13:31:34.819046100Z-695791692780900-false
2025-12-11T13:31:36.018926500Z-695792892654400-in2
2025-12-11T13:31:36.019923600Z-695792892900700-0,[I@29279caf
2025-12-11T13:31:36.019923600Z-695792892960900-1,[I@29279caf
2025-12-11T13:31:36.019923600Z-695792893063300-2,[I@29279caf
2025-12-11T13:31:36.019923600Z-695792893129100-4,[0, 2, 0]
2025-12-11T13:31:37.007549900Z-695793880782300-in2
2025-12-11T13:31:37.007549900Z-695793881248500-0,[I@29279caf
2025-12-11T13:31:37.007549900Z-695793881360900-1,[I@29279caf
2025-12-11T13:31:37.008552700Z-695793881411400-2,[I@29279caf
2025-12-11T13:31:37.008552700Z-695793881454100-3,[1, 1, 0]
2025-12-11T13:31:37.440299Z-695794313510100-false
2025-12-11T13:31:37.440299Z-695794313816300-in
2025-12-11T13:31:37.440299Z-695794313898600-0,[I@338fea75
2025-12-11T13:31:37.440299Z-695794313949200-1,[I@338fea75
2025-12-11T13:31:37.440299Z-695794313987300-0
2025-12-11T13:31:37.440299Z-695794314077700-in
2025-12-11T13:31:37.440299Z-695794314120100-0,[I@63fadc62
2025-12-11T13:31:37.441299300Z-695794314190000-1,[I@63fadc62
2025-12-11T13:31:37.441299300Z-695794314231800-2
2025-12-11T13:31:37.441299300Z-695794314281400-in
2025-12-11T13:31:37.441299300Z-695794314344500-0,[I@6c6553fb
2025-12-11T13:31:37.441299300Z-695794314394100-1,[I@6c6553fb
2025-12-11T13:31:37.441299300Z-695794314440500-4
2025-12-11T13:31:37.441299300Z-695794314516600-in
2025-12-11T13:31:37.441299300Z-695794314564600-0,[I@119a0f6a
2025-12-11T13:31:37.441299300Z-695794314609700-1,[I@119a0f6a
2025-12-11T13:31:37.441299300Z-695794314653100-1
2025-12-11T13:31:37.441299300Z-695794314704900-in
2025-12-11T13:31:37.441299300Z-695794314752000-0,[I@5d8a936e
2025-12-11T13:31:37.441299300Z-695794314801200-1,[I@5d8a936e
2025-12-11T13:31:37.441299300Z-695794314861500-3
2025-12-11T13:31:37.441299300Z-695794314932600-in
2025-12-11T13:31:37.441299300Z-695794314997900-0,[I@68a65d71
2025-12-11T13:31:37.441299300Z-695794315060300-1,[I@68a65d71
2025-12-11T13:31:37.442298800Z-695794315260900-5
2025-12-11T13:31:37.818655600Z-695794691873300-in2
2025-12-11T13:31:37.818655600Z-695794692132600-0,[I@29279caf
2025-12-11T13:31:37.818655600Z-695794692258500-1,[I@29279caf
2025-12-11T13:31:37.818655600Z-695794692325600-2,[I@29279caf
2025-12-11T13:31:37.818655600Z-695794692374900-3,[1, 1, 0]
2025-12-11T13:31:38.113286300Z-695794986792200-in2
2025-12-11T13:31:38.113286300Z-695794987046100-0,[I@29279caf
2025-12-11T13:31:38.113286300Z-695794987106500-1,[I@29279caf
2025-12-11T13:31:38.114285700Z-695794987160100-2,[I@29279caf
2025-12-11T13:31:38.114285700Z-695794987211000-5,[1, 2, 0]
2025-12-11T13:31:38.874823600Z-695795747775800-false
2025-12-11T13:31:38.874823600Z-695795748109100-in
2025-12-11T13:31:38.874823600Z-695795748190000-0,[I@38193910
2025-12-11T13:31:38.874823600Z-695795748240200-1,[I@38193910
2025-12-11T13:31:38.874823600Z-695795748295900-0
2025-12-11T13:31:38.874823600Z-695795748386400-in
2025-12-11T13:31:38.874823600Z-695795748439400-0,[I@593c3eb3
2025-12-11T13:31:38.874823600Z-695795748507500-1,[I@593c3eb3
2025-12-11T13:31:38.874823600Z-695795748549300-2
2025-12-11T13:31:38.874823600Z-695795748612700-in
2025-12-11T13:31:38.875823Z-695795748691000-0,[I@dad3bcc
2025-12-11T13:31:38.875823Z-695795748738500-1,[I@dad3bcc
2025-12-11T13:31:38.875823Z-695795748779300-4
2025-12-11T13:31:38.875823Z-695795748828400-in
2025-12-11T13:31:38.875823Z-695795748877600-0,[I@36d1c910
2025-12-11T13:31:38.875823Z-695795748927300-1,[I@36d1c910
2025-12-11T13:31:38.875823Z-695795748967500-1
2025-12-11T13:31:38.875823Z-695795749129600-in
2025-12-11T13:31:38.875823Z-695795749274500-0,[I@4771a763
2025-12-11T13:31:38.875823Z-695795749341300-1,[I@4771a763
2025-12-11T13:31:38.875823Z-695795749392400-3
2025-12-11T13:31:38.875823Z-695795749461700-in
2025-12-11T13:31:38.875823Z-695795749519200-0,[I@7f00c098
2025-12-11T13:31:38.875823Z-695795749572300-1,[I@7f00c098
2025-12-11T13:31:38.875823Z-695795749616000-5
2025-12-11T13:31:39.027764400Z-695795900902200-false
2025-12-11T13:31:39.079259Z-695795953149800-in2
2025-12-11T13:31:39.080260600Z-695795953393000-0,[I@29279caf
2025-12-11T13:31:39.080260600Z-695795953470700-1,[I@29279caf
2025-12-11T13:31:39.080260600Z-695795953556600-2,[I@29279caf
2025-12-11T13:31:39.080260600Z-695795953631000-5,[1, 2, 0]
2025-12-11T13:31:40.977607700Z-695797850653700-in
2025-12-11T13:31:40.977607700Z-695797850973900-0,[I@1cd423cf
2025-12-11T13:31:40.977607700Z-695797851030400-1,[I@1cd423cf
2025-12-11T13:31:41.039940500Z-695797913019500-false
2025-12-11T13:31:41.039940500Z-695797913308800-in
2025-12-11T13:31:41.039940500Z-695797913416900-0,[I@67bd2163
2025-12-11T13:31:41.039940500Z-695797913464300-1,[I@67bd2163
2025-12-11T13:31:41.039940500Z-695797913500900-0
2025-12-11T13:31:41.039940500Z-695797913620100-in
2025-12-11T13:31:41.039940500Z-695797913677500-0,[I@29f8fd45
2025-12-11T13:31:41.039940500Z-695797913730300-1,[I@29f8fd45
2025-12-11T13:31:41.039940500Z-695797913771300-2
2025-12-11T13:31:41.040940600Z-695797913849900-in
2025-12-11T13:31:41.040940600Z-695797913908000-0,[I@1a0cc518
2025-12-11T13:31:41.040940600Z-695797913956600-1,[I@1a0cc518
2025-12-11T13:31:41.040940600Z-695797913997500-4
2025-12-11T13:31:41.040940600Z-695797914050600-in
2025-12-11T13:31:41.040940600Z-695797914095600-0,[I@27fb57cd
2025-12-11T13:31:41.040940600Z-695797914138500-1,[I@27fb57cd
2025-12-11T13:31:41.040940600Z-695797914179000-1
2025-12-11T13:31:41.040940600Z-695797914239500-in
2025-12-11T13:31:41.040940600Z-695797914285200-0,[I@29c3dc68
2025-12-11T13:31:41.040940600Z-695797914343000-1,[I@29c3dc68
2025-12-11T13:31:41.040940600Z-695797914396100-3
2025-12-11T13:31:41.040940600Z-695797914457100-in
2025-12-11T13:31:41.040940600Z-695797914511400-0,[I@47bf0ec0
2025-12-11T13:31:41.040940600Z-695797914562200-1,[I@47bf0ec0
2025-12-11T13:31:41.040940600Z-695797914625800-5
2025-12-11T13:31:41.327010Z-695798200253800-in2
2025-12-11T13:31:41.327010Z-695798200513900-0,[I@29279caf
2025-12-11T13:31:41.327010Z-695798200571800-1,[I@29279caf
2025-12-11T13:31:41.327010Z-695798200634900-2,[I@29279caf
2025-12-11T13:31:41.327010Z-695798200678800-5,[1, 2, 0]
2025-12-11T13:31:41.351535700Z-695798225166900-in2
2025-12-11T13:31:41.352542Z-695798225451700-0,[I@29279caf
2025-12-11T13:31:41.352542Z-695798225519700-1,[I@29279caf
2025-12-11T13:31:41.352542Z-695798225563100-2,[I@29279caf
2025-12-11T13:31:41.352542Z-695798225612400-4,[0, 2, 0]
2025-12-11T13:31:43.068395900Z-695799941792100-in
2025-12-11T13:31:43.068395900Z-695799942043800-0,[I@5935889a
2025-12-11T13:31:43.068395900Z-695799942096700-1,[I@5935889a
2025-12-11T13:31:43.128404300Z-695800001859500-false
2025-12-11T13:31:43.128404300Z-695800002124300-in
2025-12-11T13:31:43.128404300Z-695800002191900-0,[I@eb368d2
2025-12-11T13:31:43.128404300Z-695800002230100-1,[I@eb368d2
2025-12-11T13:31:43.129403900Z-695800002262600-0
2025-12-11T13:31:43.129403900Z-695800002340300-in
2025-12-11T13:31:43.129403900Z-695800002375800-0,[I@6fba6508
2025-12-11T13:31:43.129403900Z-695800002408800-1,[I@6fba6508
2025-12-11T13:31:43.129403900Z-695800002438100-2
2025-12-11T13:31:43.129403900Z-695800002476500-in
2025-12-11T13:31:43.129403900Z-695800002508900-0,[I@6417e9f2
2025-12-11T13:31:43.129403900Z-695800002540000-1,[I@6417e9f2
2025-12-11T13:31:43.129403900Z-695800002568300-4
2025-12-11T13:31:43.129403900Z-695800002625600-in
2025-12-11T13:31:43.129403900Z-695800002658400-0,[I@1193dcb2
2025-12-11T13:31:43.129403900Z-695800002689300-1,[I@1193dcb2
2025-12-11T13:31:43.129403900Z-695800002738900-1
2025-12-11T13:31:43.129403900Z-695800002775800-in
2025-12-11T13:31:43.129403900Z-695800002807700-0,[I@473d3aa
2025-12-11T13:31:43.129403900Z-695800002855100-1,[I@473d3aa
2025-12-11T13:31:43.129403900Z-695800002882800-3
2025-12-11T13:31:43.129403900Z-695800002919100-in
2025-12-11T13:31:43.129403900Z-695800002951300-0,[I@38dd6409
2025-12-11T13:31:43.129403900Z-695800002981600-1,[I@38dd6409
2025-12-11T13:31:43.129403900Z-695800003009500-5
2025-12-11T13:31:44.414198600Z-695801287187800-false
2025-12-11T13:31:44.414198600Z-695801287462400-in
2025-12-11T13:31:44.414198600Z-695801287558300-0,[I@39d0f68a
2025-12-11T13:31:44.414198600Z-695801287615400-1,[I@39d0f68a
2025-12-11T13:31:44.414198600Z-695801287707700-0
2025-12-11T13:31:44.414198600Z-695801287845300-in
2025-12-11T13:31:44.414198600Z-695801287909200-0,[I@107635e0
2025-12-11T13:31:44.414198600Z-695801287982600-1,[I@107635e0
2025-12-11T13:31:44.414198600Z-695801288017500-2
2025-12-11T13:31:44.415205500Z-695801288197600-in
2025-12-11T13:31:44.415205500Z-695801288274200-0,[I@6dfd0d40
2025-12-11T13:31:44.415205500Z-695801288319700-1,[I@6dfd0d40
2025-12-11T13:31:44.415205500Z-695801288413900-4
2025-12-11T13:31:44.415205500Z-695801288487700-in
2025-12-11T13:31:44.415205500Z-695801288534600-0,[I@6f74ba5f
2025-12-11T13:31:44.415205500Z-695801288579600-1,[I@6f74ba5f
2025-12-11T13:31:44.415205500Z-695801288623200-1
2025-12-11T13:31:44.415205500Z-695801288756800-in
2025-12-11T13:31:44.415205500Z-695801288887500-0,[I@512e659d
2025-12-11T13:31:44.415205500Z-695801288939900-1,[I@512e659d
2025-12-11T13:31:44.415205500Z-695801288973300-3
2025-12-11T13:31:44.416199900Z-695801289155400-in
2025-12-11T13:31:44.416199900Z-695801289264900-0,[I@7056936d
2025-12-11T13:31:44.416199900Z-695801289309700-1,[I@7056936d
2025-12-11T13:31:44.416199900Z-695801289346100-5
2025-12-11T13:31:44.528723700Z-695801401656600-false
2025-12-11T13:31:45.980210600Z-695802853782800-end