2025-12-18T15:34:54.179062300Z-351697795047200-in3
2025-12-18T15:34:54.179062300Z-351697795435100-[]
2025-12-18T15:34:54.183002300Z-351697798602100-[I@30946e09
2025-12-18T15:34:54.183002300Z-351697798833100-in3
2025-12-18T15:34:54.183002300Z-351697798912800-0
2025-12-18T15:34:54.183002300Z-351697798990900-[1]
2025-12-18T15:34:54.183002300Z-351697799072600-[I@5cb0d902
2025-12-18T15:34:54.183002300Z-351697799163600-1
2025-12-18T15:34:54.183002300Z-351697799444700-in3
2025-12-18T15:34:54.183002300Z-351697799520200-0
2025-12-18T15:34:54.184039200Z-351697799599100-[1]
2025-12-18T15:34:54.184039200Z-351697799761000-[I@1698c449
2025-12-18T15:34:54.184039200Z-351697799870600-
2025-12-18T15:34:54.184039200Z-351697799959700-.
2025-12-18T15:34:54.980215600Z-351698596795700-false
2025-12-18T15:34:54.984213200Z-351698600357500-in
2025-12-18T15:34:54.987217200Z-351698603212300-0,[0, 1]
2025-12-18T15:34:54.987217200Z-351698603431500-1,[0, 1]
2025-12-18T15:34:54.987217200Z-351698603539300-0
2025-12-18T15:34:54.989214400Z-351698605714900-in
2025-12-18T15:34:54.990215500Z-351698605923400-0,[0, 1]
2025-12-18T15:34:54.990215500Z-351698606002600-1,[0, 1]
2025-12-18T15:34:54.990215500Z-351698606092400-2
2025-12-18T15:34:54.990215500Z-351698606469400-in
2025-12-18T15:34:54.990215500Z-351698606587100-0,[0, 1]
2025-12-18T15:34:54.990215500Z-351698606679200-1,[0, 1]
2025-12-18T15:34:54.991218900Z-351698606760700-4
2025-12-18T15:34:54.991218900Z-351698606935800-in
2025-12-18T15:34:54.991218900Z-351698607078700-0,[0, 1]
2025-12-18T15:34:54.991218900Z-351698607181400-1,[0, 1]
2025-12-18T15:34:54.991218900Z-351698607240900-1
2025-12-18T15:34:54.991218900Z-351698607382000-in
2025-12-18T15:34:54.991218900Z-351698607451900-0,[0, 1]
2025-12-18T15:34:54.991218900Z-351698607510400-1,[0, 1]
2025-12-18T15:34:54.991218900Z-351698607561700-3
2025-12-18T15:34:54.991218900Z-351698607672800-in
2025-12-18T15:34:54.992211300Z-351698607735900-0,[0, 1]
2025-12-18T15:34:54.992211300Z-351698607808400-1,[0, 1]
2025-12-18T15:34:54.992211300Z-351698607860000-5
2025-12-18T15:34:55.088755300Z-351698705058600-true
2025-12-18T15:34:55.711897300Z-351699328252400-false
2025-12-18T15:34:55.712883500Z-351699328705900-in
2025-12-18T15:34:55.712883500Z-351699328815400-0,[0, 1]
2025-12-18T15:34:55.712883500Z-351699328876000-1,[0, 1]
2025-12-18T15:34:55.712883500Z-351699328938500-0
2025-12-18T15:34:55.712883500Z-351699329169200-in
2025-12-18T15:34:55.712883500Z-351699329310700-0,[0, 1]
2025-12-18T15:34:55.712883500Z-351699329362800-1,[0, 1]
2025-12-18T15:34:55.713880500Z-351699329401900-2
2025-12-18T15:34:55.713880500Z-351699329521000-in
2025-12-18T15:34:55.713880500Z-351699329572800-0,[0, 1]
2025-12-18T15:34:55.713880500Z-351699329616700-1,[0, 1]
2025-12-18T15:34:55.713880500Z-351699329659500-4
2025-12-18T15:34:55.713880500Z-351699329761300-in
2025-12-18T15:34:55.713880500Z-351699329821700-0,[0, 1]
2025-12-18T15:34:55.713880500Z-351699329882100-1,[0, 1]
2025-12-18T15:34:55.713880500Z-351699329922400-1
2025-12-18T15:34:55.713880500Z-351699330059700-in
2025-12-18T15:34:55.713880500Z-351699330112800-0,[0, 1]
2025-12-18T15:34:55.713880500Z-351699330160900-1,[0, 1]
2025-12-18T15:34:55.713880500Z-351699330200100-3
2025-12-18T15:34:55.713880500Z-351699330288000-in
2025-12-18T15:34:55.713880500Z-351699330337400-0,[0, 1]
2025-12-18T15:34:55.714879300Z-351699330396200-1,[0, 1]
2025-12-18T15:34:55.714879300Z-351699330437000-5
2025-12-18T15:34:55.881412700Z-351699497483800-false
2025-12-18T15:34:55.881412700Z-351699497896200-in
2025-12-18T15:34:55.882412500Z-351699498010900-0,[0, 1]
2025-12-18T15:34:55.882412500Z-351699498070800-1,[0, 1]
2025-12-18T15:34:55.882412500Z-351699498112700-0
2025-12-18T15:34:55.882412500Z-351699498254400-in
2025-12-18T15:34:55.882412500Z-351699498305200-0,[0, 1]
2025-12-18T15:34:55.882412500Z-351699498389400-1,[0, 1]
2025-12-18T15:34:55.882412500Z-351699498430200-2
2025-12-18T15:34:55.882412500Z-351699498548000-in
2025-12-18T15:34:55.882412500Z-351699498615400-0,[0, 1]
2025-12-18T15:34:55.882412500Z-351699498759600-1,[0, 1]
2025-12-18T15:34:55.882412500Z-351699498869000-4
2025-12-18T15:34:55.883412900Z-351699499025300-in
2025-12-18T15:34:55.883412900Z-351699499141300-0,[0, 1]
2025-12-18T15:34:55.883412900Z-351699499278000-1,[0, 1]
2025-12-18T15:34:55.883412900Z-351699499376800-1
2025-12-18T15:34:55.883412900Z-351699499563600-in
2025-12-18T15:34:55.883412900Z-351699499726400-0,[0, 1]
2025-12-18T15:34:55.883412900Z-351699499854600-1,[0, 1]
2025-12-18T15:34:55.884412500Z-351699499942700-3
2025-12-18T15:34:55.884412500Z-351699500058100-in
2025-12-18T15:34:55.884412500Z-351699500118300-0,[0, 1]
2025-12-18T15:34:55.884412500Z-351699500165400-1,[0, 1]
2025-12-18T15:34:55.884412500Z-351699500201300-5
2025-12-18T15:34:56.662094Z-351700277898900-in2
2025-12-18T15:34:56.663105Z-351700278740700-0,[I@46722b21
2025-12-18T15:34:56.663105Z-351700278895400-1,[I@46722b21
2025-12-18T15:34:56.663105Z-351700278962800-2,[I@46722b21
2025-12-18T15:34:56.663105Z-351700279187300-2,[0, 1, 0]
2025-12-18T15:34:58.604901500Z-351702221013700-in2
2025-12-18T15:34:58.604901500Z-351702221299300-0,[I@46722b21
2025-12-18T15:34:58.604901500Z-351702221490400-1,[I@46722b21
2025-12-18T15:34:58.604901500Z-351702221580300-2,[I@46722b21
2025-12-18T15:34:58.604901500Z-351702221636600-2,[0, 1, 0]
2025-12-18T15:34:59.097213300Z-351702713024300-false
2025-12-18T15:34:59.097555400Z-351702713825000-in
2025-12-18T15:34:59.098581Z-351702714141600-0,[0, 1]
2025-12-18T15:34:59.098581Z-351702714317000-1,[0, 1]
2025-12-18T15:34:59.098581Z-351702714442500-0
2025-12-18T15:34:59.098581Z-351702714962000-in
2025-12-18T15:34:59.098581Z-351702715234200-0,[0, 1]
2025-12-18T15:34:59.098581Z-351702715313700-1,[0, 1]
2025-12-18T15:34:59.098581Z-351702715371300-2
2025-12-18T15:34:59.098581Z-351702715610500-in
2025-12-18T15:34:59.100176800Z-351702715717900-0,[0, 1]
2025-12-18T15:34:59.100176800Z-351702715781400-1,[0, 1]
2025-12-18T15:34:59.100176800Z-351702716164000-4
2025-12-18T15:34:59.100176800Z-351702716444300-in
2025-12-18T15:34:59.100176800Z-351702716530900-0,[0, 1]
2025-12-18T15:34:59.100176800Z-351702716590600-1,[0, 1]
2025-12-18T15:34:59.100176800Z-351702716639800-1
2025-12-18T15:34:59.100176800Z-351702716789900-in
2025-12-18T15:34:59.100176800Z-351702716893700-0,[0, 1]
2025-12-18T15:34:59.100176800Z-351702716959100-1,[0, 1]
2025-12-18T15:34:59.100176800Z-351702717008100-3
2025-12-18T15:34:59.100176800Z-351702717148100-in
2025-12-18T15:34:59.100176800Z-351702717224300-0,[0, 1]
2025-12-18T15:34:59.100176800Z-351702717320200-1,[0, 1]
2025-12-18T15:34:59.100176800Z-351702717372600-5
2025-12-18T15:34:59.468687Z-351703084693900-false
2025-12-18T15:34:59.809680100Z-351703425891200-in2
2025-12-18T15:34:59.810680300Z-351703426194600-0,[I@46722b21
2025-12-18T15:34:59.810680300Z-351703426284900-1,[I@46722b21
2025-12-18T15:34:59.810680300Z-351703426340800-2,[I@46722b21
2025-12-18T15:34:59.810680300Z-351703426391200-4,[0, 2, 0]
2025-12-18T15:34:59.866512700Z-351703482105900-in2
2025-12-18T15:34:59.866512700Z-351703482355700-0,[I@46722b21
2025-12-18T15:34:59.866512700Z-351703482430800-1,[I@46722b21
2025-12-18T15:34:59.866512700Z-351703482515900-2,[I@46722b21
2025-12-18T15:34:59.866512700Z-351703482563400-5,[1, 2, 0]
2025-12-18T15:35:00.215691100Z-351703831517800-false
2025-12-18T15:35:00.215691100Z-351703832062400-in
2025-12-18T15:35:00.216691400Z-351703832227500-0,[0, 1]
2025-12-18T15:35:00.216691400Z-351703832287400-1,[0, 1]
2025-12-18T15:35:00.216691400Z-351703832322700-0
2025-12-18T15:35:00.216691400Z-351703832485700-in
2025-12-18T15:35:00.216691400Z-351703832527200-0,[0, 1]
2025-12-18T15:35:00.216691400Z-351703832560600-1,[0, 1]
2025-12-18T15:35:00.216691400Z-351703832660100-2
2025-12-18T15:35:00.216691400Z-351703832815600-in
2025-12-18T15:35:00.216691400Z-351703832868900-0,[0, 1]
2025-12-18T15:35:00.216691400Z-351703832929400-1,[0, 1]
2025-12-18T15:35:00.216691400Z-351703832961600-4
2025-12-18T15:35:00.216691400Z-351703833041800-in
2025-12-18T15:35:00.216691400Z-351703833108000-0,[0, 1]
2025-12-18T15:35:00.216691400Z-351703833143100-1,[0, 1]
2025-12-18T15:35:00.217718200Z-351703833239700-1
2025-12-18T15:35:00.217718200Z-351703833412000-in
2025-12-18T15:35:00.217718200Z-351703833489200-0,[0, 1]
2025-12-18T15:35:00.217718200Z-351703833530500-1,[0, 1]
2025-12-18T15:35:00.217718200Z-351703833562600-3
2025-12-18T15:35:00.217718200Z-351703833734200-in
2025-12-18T15:35:00.217718200Z-351703833839400-0,[0, 1]
2025-12-18T15:35:00.217718200Z-351703833895300-1,[0, 1]
2025-12-18T15:35:00.217718200Z-351703833965300-5
2025-12-18T15:35:00.411494800Z-351704027525500-false
2025-12-18T15:35:00.494076900Z-351704110575600-in2
2025-12-18T15:35:00.495077Z-351704110818100-0,[I@46722b21
2025-12-18T15:35:00.495077Z-351704110908700-1,[I@46722b21
2025-12-18T15:35:00.495077Z-351704110958400-2,[I@46722b21
2025-12-18T15:35:00.495077Z-351704110994000-5,[1, 2, 0]
2025-12-18T15:35:00.537643300Z-351704153851700-in2
2025-12-18T15:35:00.537643300Z-351704154080500-0,[I@46722b21
2025-12-18T15:35:00.538643300Z-351704154150500-1,[I@46722b21
2025-12-18T15:35:00.538643300Z-351704154246800-2,[I@46722b21
2025-12-18T15:35:00.538643300Z-351704154352400-4,[0, 2, 0]
2025-12-18T15:35:01.421771300Z-351705037581100-in2
2025-12-18T15:35:01.421771300Z-351705037817200-0,[I@46722b21
2025-12-18T15:35:01.421771300Z-351705037898100-1,[I@46722b21
2025-12-18T15:35:01.421771300Z-351705037953500-2,[I@46722b21
2025-12-18T15:35:01.421771300Z-351705038009000-4,[0, 2, 0]
2025-12-18T15:35:01.569900100Z-351705186323600-in2
2025-12-18T15:35:01.570899800Z-351705186666500-0,[I@46722b21
2025-12-18T15:35:01.570899800Z-351705186893300-1,[I@46722b21
2025-12-18T15:35:01.570899800Z-351705187024000-2,[I@46722b21
2025-12-18T15:35:01.570899800Z-351705187112600-5,[1, 2, 0]
2025-12-18T15:35:01.785296200Z-351705401714500-in2
2025-12-18T15:35:01.785296200Z-351705401946300-0,[I@46722b21
2025-12-18T15:35:01.785296200Z-351705401995900-1,[I@46722b21
2025-12-18T15:35:01.785296200Z-351705402029900-2,[I@46722b21
2025-12-18T15:35:01.785296200Z-351705402062200-4,[0, 2, 0]
2025-12-18T15:35:02.184819300Z-351705800574000-false
2025-12-18T15:35:02.184819300Z-351705801007700-in
2025-12-18T15:35:02.184819300Z-351705801070300-0,[0, 1]
2025-12-18T15:35:02.184819300Z-351705801109400-1,[0, 1]
2025-12-18T15:35:02.184819300Z-351705801148000-0
2025-12-18T15:35:02.185804Z-351705801343400-in
2025-12-18T15:35:02.185804Z-351705801432000-0,[0, 1]
2025-12-18T15:35:02.185804Z-351705801478000-1,[0, 1]
2025-12-18T15:35:02.185804Z-351705801510100-2
2025-12-18T15:35:02.185804Z-351705801603400-in
2025-12-18T15:35:02.185804Z-351705801644200-0,[0, 1]
2025-12-18T15:35:02.185804Z-351705801678400-1,[0, 1]
2025-12-18T15:35:02.185804Z-351705801707800-4
2025-12-18T15:35:02.185804Z-351705801782800-in
2025-12-18T15:35:02.185804Z-351705801827000-0,[0, 1]
2025-12-18T15:35:02.185804Z-351705801859500-1,[0, 1]
2025-12-18T15:35:02.185804Z-351705801888100-1
2025-12-18T15:35:02.185804Z-351705802084000-in
2025-12-18T15:35:02.185804Z-351705802143600-0,[0, 1]
2025-12-18T15:35:02.185804Z-351705802181500-1,[0, 1]
2025-12-18T15:35:02.185804Z-351705802212900-3
2025-12-18T15:35:02.186799800Z-351705802303500-in
2025-12-18T15:35:02.186799800Z-351705802344900-0,[0, 1]
2025-12-18T15:35:02.186799800Z-351705802378600-1,[0, 1]
2025-12-18T15:35:02.186799800Z-351705802409200-5
2025-12-18T15:35:02.402437Z-351706019870900-false
2025-12-18T15:35:02.562700700Z-351706179118900-in2
2025-12-18T15:35:02.563700300Z-351706179362100-0,[I@46722b21
2025-12-18T15:35:02.563700300Z-351706179521000-1,[I@46722b21
2025-12-18T15:35:02.563700300Z-351706179637600-2,[I@46722b21
2025-12-18T15:35:02.563700300Z-351706179698300-5,[1, 2, 0]
2025-12-18T15:35:02.739176600Z-351706354937100-in2
2025-12-18T15:35:02.739176600Z-351706355293300-0,[I@46722b21
2025-12-18T15:35:02.739176600Z-351706355487800-1,[I@46722b21
2025-12-18T15:35:02.739176600Z-351706355558000-2,[I@46722b21
2025-12-18T15:35:02.739176600Z-351706355700800-4,[0, 2, 0]
2025-12-18T15:35:02.810176300Z-351706426726200-in2
2025-12-18T15:35:02.811176400Z-351706427096300-0,[I@46722b21
2025-12-18T15:35:02.811176400Z-351706427268600-1,[I@46722b21
2025-12-18T15:35:02.811176400Z-351706427349500-2,[I@46722b21
2025-12-18T15:35:02.811176400Z-351706427391700-2,[0, 1, 0]
2025-12-18T15:35:02.883605900Z-351706500096600-in2
2025-12-18T15:35:02.884605900Z-351706500370000-0,[I@46722b21
2025-12-18T15:35:02.884605900Z-351706500461100-1,[I@46722b21
2025-12-18T15:35:02.884605900Z-351706500495800-2,[I@46722b21
2025-12-18T15:35:02.884605900Z-351706500530400-0,[0, 0, 0]
2025-12-18T15:35:03.141997500Z-351706758019300-in2
2025-12-18T15:35:03.141997500Z-351706758326500-0,[I@46722b21
2025-12-18T15:35:03.141997500Z-351706758419400-1,[I@46722b21
2025-12-18T15:35:03.141997500Z-351706758464800-2,[I@46722b21
2025-12-18T15:35:03.142997300Z-351706758498500-3,[1, 1, 0]
2025-12-18T15:35:03.284738400Z-351706900603500-in2
2025-12-18T15:35:03.284738400Z-351706900845200-0,[I@46722b21
2025-12-18T15:35:03.284738400Z-351706900888500-1,[I@46722b21
2025-12-18T15:35:03.284738400Z-351706900919000-2,[I@46722b21
2025-12-18T15:35:03.284738400Z-351706900953900-5,[1, 2, 0]
2025-12-18T15:35:03.327765400Z-351706944188800-in2
2025-12-18T15:35:03.328766400Z-351706944576900-0,[I@46722b21
2025-12-18T15:35:03.328766400Z-351706944630400-1,[I@46722b21
2025-12-18T15:35:03.328766400Z-351706944668300-2,[I@46722b21
2025-12-18T15:35:03.328766400Z-351706944706000-4,[0, 2, 0]
2025-12-18T15:35:03.483878400Z-351707100003900-in2
2025-12-18T15:35:03.483878400Z-351707100354600-0,[I@46722b21
2025-12-18T15:35:03.484878400Z-351707100443100-1,[I@46722b21
2025-12-18T15:35:03.484878400Z-351707100578600-2,[I@46722b21
2025-12-18T15:35:03.484878400Z-351707100618300-5,[1, 2, 0]
2025-12-18T15:35:03.769165300Z-351707385260600-false
2025-12-18T15:35:03.770165400Z-351707386014400-in
2025-12-18T15:35:03.770165400Z-351707386122100-0,[0, 1]
2025-12-18T15:35:03.770165400Z-351707386165200-1,[0, 1]
2025-12-18T15:35:03.770165400Z-351707386195100-0
2025-12-18T15:35:03.770165400Z-351707386380200-in
2025-12-18T15:35:03.770165400Z-351707386460200-0,[0, 1]
2025-12-18T15:35:03.770165400Z-351707386553300-1,[0, 1]
2025-12-18T15:35:03.770165400Z-351707386586400-2
2025-12-18T15:35:03.771165200Z-351707386728300-in
2025-12-18T15:35:03.771165200Z-351707386797300-0,[0, 1]
2025-12-18T15:35:03.771165200Z-351707386828700-1,[0, 1]
2025-12-18T15:35:03.771165200Z-351707386849900-4
2025-12-18T15:35:03.771165200Z-351707386972100-in
2025-12-18T15:35:03.771165200Z-351707387047100-0,[0, 1]
2025-12-18T15:35:03.771165200Z-351707387077900-1,[0, 1]
2025-12-18T15:35:03.771165200Z-351707387099800-1
2025-12-18T15:35:03.771165200Z-351707387189300-in
2025-12-18T15:35:03.771165200Z-351707387220800-0,[0, 1]
2025-12-18T15:35:03.771165200Z-351707387248200-1,[0, 1]
2025-12-18T15:35:03.771165200Z-351707387269200-3
2025-12-18T15:35:03.771165200Z-351707387336400-in
2025-12-18T15:35:03.771165200Z-351707387364500-0,[0, 1]
2025-12-18T15:35:03.771165200Z-351707387388500-1,[0, 1]
2025-12-18T15:35:03.771165200Z-351707387408600-5
2025-12-18T15:35:04.036456400Z-351707652802800-in2
2025-12-18T15:35:04.037456500Z-351707653110500-0,[I@46722b21
2025-12-18T15:35:04.037456500Z-351707653180600-1,[I@46722b21
2025-12-18T15:35:04.037456500Z-351707653211400-2,[I@46722b21
2025-12-18T15:35:04.037456500Z-351707653238500-5,[1, 2, 0]
2025-12-18T15:35:06.441438500Z-351710057278600-in
2025-12-18T15:35:06.441999400Z-351710057990300-0,[0, 1]
2025-12-18T15:35:06.441999400Z-351710058250600-1,[0, 1]
2025-12-18T15:35:06.823224400Z-351710439620900-false
2025-12-18T15:35:06.824228Z-351710440623900-in
2025-12-18T15:35:06.825234300Z-351710440911400-0,[0, 1]
2025-12-18T15:35:06.825234300Z-351710441186900-1,[0, 1]
2025-12-18T15:35:06.825234300Z-351710441403800-0
2025-12-18T15:35:06.826227300Z-351710442381200-in
2025-12-18T15:35:06.827225100Z-351710442825000-0,[0, 1]
2025-12-18T15:35:06.827225100Z-351710443032400-1,[0, 1]
2025-12-18T15:35:06.827225100Z-351710443268100-2
2025-12-18T15:35:06.827225100Z-351710443680900-in
2025-12-18T15:35:06.828237700Z-351710443806100-0,[0, 1]
2025-12-18T15:35:06.828237700Z-351710443880500-1,[0, 1]
2025-12-18T15:35:06.828237700Z-351710444254300-4
2025-12-18T15:35:06.828237700Z-351710444642400-in
2025-12-18T15:35:06.829241Z-351710444781600-0,[0, 1]
2025-12-18T15:35:06.829241Z-351710444908100-1,[0, 1]
2025-12-18T15:35:06.829241Z-351710444961400-1
2025-12-18T15:35:06.829241Z-351710445474000-in
2025-12-18T15:35:06.829241Z-351710445608700-0,[0, 1]
2025-12-18T15:35:06.830242600Z-351710445825200-1,[0, 1]
2025-12-18T15:35:06.830242600Z-351710445977900-3
2025-12-18T15:35:06.830242600Z-351710446229700-in
2025-12-18T15:35:06.830242600Z-351710446286200-0,[0, 1]
2025-12-18T15:35:06.830242600Z-351710446320600-1,[0, 1]
2025-12-18T15:35:06.830242600Z-351710446344200-5
2025-12-18T15:35:08.001982400Z-351711617769800-in2
2025-12-18T15:35:08.001982400Z-351711618020500-0,[I@46722b21
2025-12-18T15:35:08.001982400Z-351711618113200-1,[I@46722b21
2025-12-18T15:35:08.001982400Z-351711618177200-2,[I@46722b21
2025-12-18T15:35:08.001982400Z-351711618215700-3,[1, 1, 0]
2025-12-18T15:35:08.321891900Z-351711938175300-in2
2025-12-18T15:35:08.322894500Z-351711938436800-0,[I@46722b21
2025-12-18T15:35:08.322894500Z-351711938503500-1,[I@46722b21
2025-12-18T15:35:08.322894500Z-351711938552100-2,[I@46722b21
2025-12-18T15:35:08.322894500Z-351711938792900-2,[0, 1, 0]
2025-12-18T15:35:08.474127500Z-351712090918100-in2
2025-12-18T15:35:08.474127500Z-351712091195300-0,[I@46722b21
2025-12-18T15:35:08.474127500Z-351712091283500-1,[I@46722b21
2025-12-18T15:35:08.474127500Z-351712091343000-2,[I@46722b21
2025-12-18T15:35:08.474127500Z-351712091390200-4,[0, 2, 0]
2025-12-18T15:35:08.866038300Z-351712483334200-in2
2025-12-18T15:35:08.867924700Z-351712483623800-0,[I@46722b21
2025-12-18T15:35:08.867924700Z-351712483743500-1,[I@46722b21
2025-12-18T15:35:08.867924700Z-351712483802900-2,[I@46722b21
2025-12-18T15:35:08.867924700Z-351712483904500-5,[1, 2, 0]
2025-12-18T15:35:09.253007400Z-351712869065100-in2
2025-12-18T15:35:09.253007400Z-351712869392600-0,[I@46722b21
2025-12-18T15:35:09.253007400Z-351712869465200-1,[I@46722b21
2025-12-18T15:35:09.253007400Z-351712869511300-2,[I@46722b21
2025-12-18T15:35:09.254044200Z-351712869560000-3,[1, 1, 0]
2025-12-18T15:35:11.760394800Z-351715376151200-in2
2025-12-18T15:35:11.760394800Z-351715376330000-0,[I@46722b21
2025-12-18T15:35:11.760394800Z-351715376376400-1,[I@46722b21
2025-12-18T15:35:11.760394800Z-351715376407700-2,[I@46722b21
2025-12-18T15:35:11.760394800Z-351715376434000-3,[1, 1, 0]
2025-12-18T15:35:11.897470500Z-351715513902000-in2
2025-12-18T15:35:11.898471200Z-351715514082200-0,[I@46722b21
2025-12-18T15:35:11.898471200Z-351715514155200-1,[I@46722b21
2025-12-18T15:35:11.898471200Z-351715514182100-2,[I@46722b21
2025-12-18T15:35:11.898471200Z-351715514206900-2,[0, 1, 0]
2025-12-18T15:35:11.959045100Z-351715574615100-in2
2025-12-18T15:35:11.959045100Z-351715574816300-0,[I@46722b21
2025-12-18T15:35:11.959045100Z-351715574944300-1,[I@46722b21
2025-12-18T15:35:11.959045100Z-351715574975100-2,[I@46722b21
2025-12-18T15:35:11.959045100Z-351715574995100-4,[0, 2, 0]
2025-12-18T15:35:12.051468300Z-351715667359600-in2
2025-12-18T15:35:12.051468300Z-351715667555400-0,[I@46722b21
2025-12-18T15:35:12.051468300Z-351715667616000-1,[I@46722b21
2025-12-18T15:35:12.051468300Z-351715667651600-2,[I@46722b21
2025-12-18T15:35:12.051468300Z-351715667694700-5,[1, 2, 0]
2025-12-18T15:35:12.211051100Z-351715826678200-in2
2025-12-18T15:35:12.211051100Z-351715826857600-0,[I@46722b21
2025-12-18T15:35:12.211051100Z-351715826907400-1,[I@46722b21
2025-12-18T15:35:12.211051100Z-351715826963000-2,[I@46722b21
2025-12-18T15:35:12.211051100Z-351715827027500-5,[1, 2, 0]
2025-12-18T15:35:12.496204Z-351716112545700-false
2025-12-18T15:35:12.497205700Z-351716113000500-in
2025-12-18T15:35:12.497205700Z-351716113108000-0,[0, 1]
2025-12-18T15:35:12.497205700Z-351716113136400-1,[0, 1]
2025-12-18T15:35:12.497205700Z-351716113172900-0
2025-12-18T15:35:12.497205700Z-351716113285500-in
2025-12-18T15:35:12.497205700Z-351716113317600-0,[0, 1]
2025-12-18T15:35:12.497205700Z-351716113337300-1,[0, 1]
2025-12-18T15:35:12.497205700Z-351716113360500-2
2025-12-18T15:35:12.497205700Z-351716113430700-in
2025-12-18T15:35:12.497205700Z-351716113476100-0,[0, 1]
2025-12-18T15:35:12.497205700Z-351716113497400-1,[0, 1]
2025-12-18T15:35:12.497205700Z-351716113521800-4
2025-12-18T15:35:12.497205700Z-351716113582300-in
2025-12-18T15:35:12.497205700Z-351716113606500-0,[0, 1]
2025-12-18T15:35:12.497205700Z-351716113628300-1,[0, 1]
2025-12-18T15:35:12.497205700Z-351716113650800-1
2025-12-18T15:35:12.498205200Z-351716113709800-in
2025-12-18T15:35:12.498205200Z-351716113746400-0,[0, 1]
2025-12-18T15:35:12.498205200Z-351716113767600-1,[0, 1]
2025-12-18T15:35:12.498205200Z-351716113805200-3
2025-12-18T15:35:12.498205200Z-351716113888000-in
2025-12-18T15:35:12.498205200Z-351716113919300-0,[0, 1]
2025-12-18T15:35:12.498205200Z-351716113954300-1,[0, 1]
2025-12-18T15:35:12.498205200Z-351716113970500-5
2025-12-18T15:35:12.634637100Z-351716251007300-false
2025-12-18T15:35:12.685626800Z-351716301448400-in2
2025-12-18T15:35:12.685626800Z-351716301595100-0,[I@46722b21
2025-12-18T15:35:12.685626800Z-351716301617400-1,[I@46722b21
2025-12-18T15:35:12.685626800Z-351716301631300-2,[I@46722b21
2025-12-18T15:35:12.685626800Z-351716301645800-5,[1, 2, 0]
2025-12-18T15:35:12.913290600Z-351716529033300-in2
2025-12-18T15:35:12.913290600Z-351716529177500-0,[I@46722b21
2025-12-18T15:35:12.913290600Z-351716529245500-1,[I@46722b21
2025-12-18T15:35:12.913290600Z-351716529261100-2,[I@46722b21
2025-12-18T15:35:12.913290600Z-351716529275300-3,[1, 1, 0]
2025-12-18T15:35:13.367370200Z-351716983366000-false
2025-12-18T15:35:13.367370200Z-351716983822600-in
2025-12-18T15:35:13.367370200Z-351716983943600-0,[0, 1]
2025-12-18T15:35:13.367370200Z-351716983986600-1,[0, 1]
2025-12-18T15:35:13.367370200Z-351716984005800-0
2025-12-18T15:35:13.367370200Z-351716984132400-in
2025-12-18T15:35:13.368738500Z-351716984298300-0,[0, 1]
2025-12-18T15:35:13.368738500Z-351716984371700-1,[0, 1]
2025-12-18T15:35:13.368738500Z-351716984399200-2
2025-12-18T15:35:13.368738500Z-351716984517000-in
2025-12-18T15:35:13.368738500Z-351716984570400-0,[0, 1]
2025-12-18T15:35:13.368738500Z-351716984600100-1,[0, 1]
2025-12-18T15:35:13.368738500Z-351716984614800-4
2025-12-18T15:35:13.368738500Z-351716984757500-in
2025-12-18T15:35:13.368738500Z-351716984817500-0,[0, 1]
2025-12-18T15:35:13.368738500Z-351716984860300-1,[0, 1]
2025-12-18T15:35:13.368738500Z-351716984880700-1
2025-12-18T15:35:13.368738500Z-351716984964600-in
2025-12-18T15:35:13.368738500Z-351716985003600-0,[0, 1]
2025-12-18T15:35:13.368738500Z-351716985018500-1,[0, 1]
2025-12-18T15:35:13.368738500Z-351716985029000-3
2025-12-18T15:35:13.368738500Z-351716985090000-in
2025-12-18T15:35:13.368738500Z-351716985106300-0,[0, 1]
2025-12-18T15:35:13.368738500Z-351716985119900-1,[0, 1]
2025-12-18T15:35:13.368738500Z-351716985130000-5
2025-12-18T15:35:13.509703600Z-351717125997100-false
2025-12-18T15:35:13.558758300Z-351717175203700-in2
2025-12-18T15:35:13.558758300Z-351717175366800-0,[I@46722b21
2025-12-18T15:35:13.558758300Z-351717175399500-1,[I@46722b21
2025-12-18T15:35:13.558758300Z-351717175419600-2,[I@46722b21
2025-12-18T15:35:13.559931700Z-351717175437900-3,[1, 1, 0]
2025-12-18T15:35:13.590960100Z-351717207122500-in2
2025-12-18T15:35:13.590960100Z-351717207336400-0,[I@46722b21
2025-12-18T15:35:13.590960100Z-351717207382200-1,[I@46722b21
2025-12-18T15:35:13.590960100Z-351717207400100-2,[I@46722b21
2025-12-18T15:35:13.590960100Z-351717207417400-1,[1, 0, 0]
2025-12-18T15:35:14.693261400Z-351718309345800-in2
2025-12-18T15:35:14.693261400Z-351718309561300-0,[I@46722b21
2025-12-18T15:35:14.693261400Z-351718309587300-1,[I@46722b21
2025-12-18T15:35:14.693261400Z-351718309605500-2,[I@46722b21
2025-12-18T15:35:14.693261400Z-351718309628300-1,[1, 0, 0]
2025-12-18T15:35:17.991015700Z-351721606939200-in
2025-12-18T15:35:17.991015700Z-351721607107800-0,[0, 1]
2025-12-18T15:35:17.991015700Z-351721607190300-1,[0, 1]
2025-12-18T15:35:18.071240300Z-351721686901700-false
2025-12-18T15:35:18.071240300Z-351721687267600-in
2025-12-18T15:35:18.071240300Z-351721687398100-0,[0, 1]
2025-12-18T15:35:18.071240300Z-351721687425400-1,[0, 1]
2025-12-18T15:35:18.071240300Z-351721687441300-0
2025-12-18T15:35:18.071240300Z-351721687625100-in
2025-12-18T15:35:18.071240300Z-351721687716600-0,[0, 1]
2025-12-18T15:35:18.071240300Z-351721687769800-1,[0, 1]
2025-12-18T15:35:18.071240300Z-351721687787100-2
2025-12-18T15:35:18.072332Z-351721687916900-in
2025-12-18T15:35:18.072332Z-351721687950300-0,[0, 1]
2025-12-18T15:35:18.072332Z-351721687966000-1,[0, 1]
2025-12-18T15:35:18.072332Z-351721687976200-4
2025-12-18T15:35:18.072332Z-351721688036600-in
2025-12-18T15:35:18.072332Z-351721688053200-0,[0, 1]
2025-12-18T15:35:18.072332Z-351721688064300-1,[0, 1]
2025-12-18T15:35:18.072332Z-351721688077300-1
2025-12-18T15:35:18.072332Z-351721688148800-in
2025-12-18T15:35:18.072332Z-351721688175800-0,[0, 1]
2025-12-18T15:35:18.072332Z-351721688228800-1,[0, 1]
2025-12-18T15:35:18.072332Z-351721688253900-3
2025-12-18T15:35:18.072332Z-351721688354800-in
2025-12-18T15:35:18.072332Z-351721688386100-0,[0, 1]
2025-12-18T15:35:18.072332Z-351721688403300-1,[0, 1]
2025-12-18T15:35:18.072332Z-351721688416800-5
2025-12-18T15:35:18.814880500Z-351722430987500-in2
2025-12-18T15:35:18.814880500Z-351722431185400-0,[I@46722b21
2025-12-18T15:35:18.814880500Z-351722431205700-1,[I@46722b21
2025-12-18T15:35:18.814880500Z-351722431217800-2,[I@46722b21
2025-12-18T15:35:18.814880500Z-351722431231200-0,[0, 0, 0]
2025-12-18T15:35:19.600691900Z-351723216854000-false
2025-12-18T15:35:19.600691900Z-351723217218200-in
2025-12-18T15:35:19.601800600Z-351723217441600-0,[0, 1]
2025-12-18T15:35:19.601800600Z-351723217472200-1,[0, 1]
2025-12-18T15:35:19.601800600Z-351723217488400-0
2025-12-18T15:35:19.601800600Z-351723217724900-in
2025-12-18T15:35:19.601800600Z-351723217787400-0,[0, 1]
2025-12-18T15:35:19.601800600Z-351723217808000-1,[0, 1]
2025-12-18T15:35:19.601800600Z-351723217819700-2
2025-12-18T15:35:19.601800600Z-351723217921700-in
2025-12-18T15:35:19.601800600Z-351723217938900-0,[0, 1]
2025-12-18T15:35:19.601800600Z-351723217952200-1,[0, 1]
2025-12-18T15:35:19.601800600Z-351723217963100-4
2025-12-18T15:35:19.601800600Z-351723218021000-in
2025-12-18T15:35:19.601800600Z-351723218037400-0,[0, 1]
2025-12-18T15:35:19.601800600Z-351723218048700-1,[0, 1]
2025-12-18T15:35:19.601800600Z-351723218058300-1
2025-12-18T15:35:19.601800600Z-351723218141400-in
2025-12-18T15:35:19.601800600Z-351723218156400-0,[0, 1]
2025-12-18T15:35:19.601800600Z-351723218167400-1,[0, 1]
2025-12-18T15:35:19.601800600Z-351723218177200-3
2025-12-18T15:35:19.601800600Z-351723218225400-in
2025-12-18T15:35:19.601800600Z-351723218239100-0,[0, 1]
2025-12-18T15:35:19.601800600Z-351723218249800-1,[0, 1]
2025-12-18T15:35:19.601800600Z-351723218259500-5
2025-12-18T15:35:19.904911800Z-351723520804100-false
2025-12-18T15:35:20.444445200Z-351724060644600-in2
2025-12-18T15:35:20.444445200Z-351724060894100-0,[I@46722b21
2025-12-18T15:35:20.444445200Z-351724060921600-1,[I@46722b21
2025-12-18T15:35:20.444445200Z-351724060937200-2,[I@46722b21
2025-12-18T15:35:20.444445200Z-351724060954800-3,[1, 1, 0]
2025-12-18T15:35:22.103065400Z-351725719801100-in2
2025-12-18T15:35:22.103065400Z-351725719979900-0,[I@46722b21
2025-12-18T15:35:22.103065400Z-351725720005000-1,[I@46722b21
2025-12-18T15:35:22.103065400Z-351725720017600-2,[I@46722b21
2025-12-18T15:35:22.103065400Z-351725720030400-3,[1, 1, 0]
2025-12-18T15:35:22.134871100Z-351725750482700-in
2025-12-18T15:35:22.134871100Z-351725750631100-0,[0, 1]
2025-12-18T15:35:22.134871100Z-351725750665200-1,[0, 1]
2025-12-18T15:35:22.212531100Z-351725829444700-false
2025-12-18T15:35:22.214090900Z-351725830227200-in
2025-12-18T15:35:22.214090900Z-351725830387100-0,[0, 1]
2025-12-18T15:35:22.214090900Z-351725830461500-1,[0, 1]
2025-12-18T15:35:22.214090900Z-351725830481300-0
2025-12-18T15:35:22.214090900Z-351725830693600-in
2025-12-18T15:35:22.214090900Z-351725830731900-0,[0, 1]
2025-12-18T15:35:22.214090900Z-351725830747300-1,[0, 1]
2025-12-18T15:35:22.214090900Z-351725830772700-2
2025-12-18T15:35:22.214090900Z-351725830890600-in
2025-12-18T15:35:22.214090900Z-351725830902200-0,[0, 1]
2025-12-18T15:35:22.214090900Z-351725830909600-1,[0, 1]
2025-12-18T15:35:22.214090900Z-351725830916100-4
2025-12-18T15:35:22.215630100Z-351725831152400-in
2025-12-18T15:35:22.215630100Z-351725831167700-0,[0, 1]
2025-12-18T15:35:22.215630100Z-351725831174900-1,[0, 1]
2025-12-18T15:35:22.215630100Z-351725831183600-1
2025-12-18T15:35:22.215630100Z-351725831236600-in
2025-12-18T15:35:22.215630100Z-351725831244800-0,[0, 1]
2025-12-18T15:35:22.215630100Z-351725831252100-1,[0, 1]
2025-12-18T15:35:22.215630100Z-351725831258800-3
2025-12-18T15:35:22.215630100Z-351725831451200-in
2025-12-18T15:35:22.215630100Z-351725831503500-0,[0, 1]
2025-12-18T15:35:22.215630100Z-351725831514900-1,[0, 1]
2025-12-18T15:35:22.215630100Z-351725831523100-5
2025-12-18T15:35:23.290188400Z-351726906867800-in2
2025-12-18T15:35:23.291451800Z-351726906998700-0,[I@46722b21
2025-12-18T15:35:23.291451800Z-351726907012000-1,[I@46722b21
2025-12-18T15:35:23.291451800Z-351726907020400-2,[I@46722b21
2025-12-18T15:35:23.291451800Z-351726907031100-2,[0, 1, 0]
2025-12-18T15:35:23.684386800Z-351727301121600-false
2025-12-18T15:35:23.685935Z-351727301652500-in
2025-12-18T15:35:23.685935Z-351727301714800-0,[0, 1]
2025-12-18T15:35:23.685935Z-351727301729500-1,[0, 1]
2025-12-18T15:35:23.685935Z-351727301740500-0
2025-12-18T15:35:23.685935Z-351727302023900-in
2025-12-18T15:35:23.685935Z-351727302203100-0,[0, 1]
2025-12-18T15:35:23.685935Z-351727302240500-1,[0, 1]
2025-12-18T15:35:23.685935Z-351727302266600-2
2025-12-18T15:35:23.685935Z-351727302567900-in
2025-12-18T15:35:23.685935Z-351727302792800-0,[0, 1]
2025-12-18T15:35:23.685935Z-351727302919600-1,[0, 1]
2025-12-18T15:35:23.687471100Z-351727302986200-4
2025-12-18T15:35:23.687471100Z-351727303247200-in
2025-12-18T15:35:23.687471100Z-351727303358000-0,[0, 1]
2025-12-18T15:35:23.687471100Z-351727303393400-1,[0, 1]
2025-12-18T15:35:23.687471100Z-351727303416900-1
2025-12-18T15:35:23.687471100Z-351727303714000-in
2025-12-18T15:35:23.687471100Z-351727303863500-0,[0, 1]
2025-12-18T15:35:23.687471100Z-351727303910400-1,[0, 1]
2025-12-18T15:35:23.687471100Z-351727303978300-3
2025-12-18T15:35:23.687471100Z-351727304352300-in
2025-12-18T15:35:23.687471100Z-351727304427300-0,[0, 1]
2025-12-18T15:35:23.687471100Z-351727304470400-1,[0, 1]
2025-12-18T15:35:23.687471100Z-351727304483000-5
2025-12-18T15:35:24.015111700Z-351727631591800-false
2025-12-18T15:35:24.438846Z-351728055017300-in2
2025-12-18T15:35:24.438846Z-351728055149600-0,[I@46722b21
2025-12-18T15:35:24.438846Z-351728055168300-1,[I@46722b21
2025-12-18T15:35:24.438846Z-351728055182100-2,[I@46722b21
2025-12-18T15:35:24.438846Z-351728055196200-3,[1, 1, 0]
2025-12-18T15:35:24.760775700Z-351728376819800-in2
2025-12-18T15:35:24.760775700Z-351728377005000-0,[I@46722b21
2025-12-18T15:35:24.760775700Z-351728377040900-1,[I@46722b21
2025-12-18T15:35:24.760775700Z-351728377058700-2,[I@46722b21
2025-12-18T15:35:24.760775700Z-351728377088100-2,[0, 1, 0]
2025-12-18T15:35:24.917912100Z-351728533445900-in2
2025-12-18T15:35:24.917912100Z-351728533572200-0,[I@46722b21
2025-12-18T15:35:24.917912100Z-351728533590900-1,[I@46722b21
2025-12-18T15:35:24.917912100Z-351728533608900-2,[I@46722b21
2025-12-18T15:35:24.917912100Z-351728533622600-4,[0, 2, 0]
2025-12-18T15:35:26.382875700Z-351729998428600-in2
2025-12-18T15:35:26.382875700Z-351729998547600-0,[I@46722b21
2025-12-18T15:35:26.382875700Z-351729998559500-1,[I@46722b21
2025-12-18T15:35:26.382875700Z-351729998567400-2,[I@46722b21
2025-12-18T15:35:26.382875700Z-351729998577800-4,[0, 2, 0]
2025-12-18T15:35:26.407521200Z-351730024341500-in
2025-12-18T15:35:26.407521200Z-351730024463000-0,[0, 1]
2025-12-18T15:35:26.407521200Z-351730024478700-1,[0, 1]
2025-12-18T15:35:26.479176600Z-351730095125800-false
2025-12-18T15:35:26.479176600Z-351730095524000-in
2025-12-18T15:35:26.479176600Z-351730095585300-0,[0, 1]
2025-12-18T15:35:26.479176600Z-351730095690400-1,[0, 1]
2025-12-18T15:35:26.479176600Z-351730095704800-0
2025-12-18T15:35:26.479176600Z-351730095856500-in
2025-12-18T15:35:26.480398100Z-351730095899200-0,[0, 1]
2025-12-18T15:35:26.480398100Z-351730095917900-1,[0, 1]
2025-12-18T15:35:26.480398100Z-351730095927200-2
2025-12-18T15:35:26.480398100Z-351730096146700-in
2025-12-18T15:35:26.480398100Z-351730096226300-0,[0, 1]
2025-12-18T15:35:26.480398100Z-351730096251600-1,[0, 1]
2025-12-18T15:35:26.480398100Z-351730096286400-4
2025-12-18T15:35:26.480398100Z-351730096411600-in
2025-12-18T15:35:26.480398100Z-351730096430800-0,[0, 1]
2025-12-18T15:35:26.480398100Z-351730096446200-1,[0, 1]
2025-12-18T15:35:26.480398100Z-351730096460100-1
2025-12-18T15:35:26.480398100Z-351730096565100-in
2025-12-18T15:35:26.480398100Z-351730096582300-0,[0, 1]
2025-12-18T15:35:26.480398100Z-351730096596200-1,[0, 1]
2025-12-18T15:35:26.480398100Z-351730096608600-3
2025-12-18T15:35:26.480398100Z-351730096680900-in
2025-12-18T15:35:26.480398100Z-351730096696000-0,[0, 1]
2025-12-18T15:35:26.480398100Z-351730096709700-1,[0, 1]
2025-12-18T15:35:26.480398100Z-351730096722400-5
2025-12-18T15:35:26.716628400Z-351730332932700-in2
2025-12-18T15:35:26.716628400Z-351730333044100-0,[I@46722b21
2025-12-18T15:35:26.716628400Z-351730333056200-1,[I@46722b21
2025-12-18T15:35:26.716628400Z-351730333063700-2,[I@46722b21
2025-12-18T15:35:26.716628400Z-351730333074200-4,[0, 2, 0]
2025-12-18T15:35:26.738864600Z-351730354979600-in2
2025-12-18T15:35:26.738864600Z-351730355089300-0,[I@46722b21
2025-12-18T15:35:26.738864600Z-351730355110300-1,[I@46722b21
2025-12-18T15:35:26.738864600Z-351730355118000-2,[I@46722b21
2025-12-18T15:35:26.738864600Z-351730355139900-5,[1, 2, 0]
2025-12-18T15:35:26.787442900Z-351730403264200-in2
2025-12-18T15:35:26.787442900Z-351730403416100-0,[I@46722b21
2025-12-18T15:35:26.787442900Z-351730403436400-1,[I@46722b21
2025-12-18T15:35:26.787442900Z-351730403444300-2,[I@46722b21
2025-12-18T15:35:26.787442900Z-351730403454800-5,[1, 2, 0]
2025-12-18T15:35:27.770157100Z-351731386414000-false
2025-12-18T15:35:27.770157100Z-351731386786000-in
2025-12-18T15:35:27.770157100Z-351731386837400-0,[0, 1]
2025-12-18T15:35:27.770157100Z-351731386849500-1,[0, 1]
2025-12-18T15:35:27.770157100Z-351731386859200-0
2025-12-18T15:35:27.771455800Z-351731386988500-in
2025-12-18T15:35:27.771455800Z-351731387015800-0,[0, 1]
2025-12-18T15:35:27.771455800Z-351731387027100-1,[0, 1]
2025-12-18T15:35:27.771455800Z-351731387036600-2
2025-12-18T15:35:27.771455800Z-351731387116300-in
2025-12-18T15:35:27.771455800Z-351731387132500-0,[0, 1]
2025-12-18T15:35:27.771455800Z-351731387142900-1,[0, 1]
2025-12-18T15:35:27.771455800Z-351731387151800-4
2025-12-18T15:35:27.771455800Z-351731387207800-in
2025-12-18T15:35:27.771455800Z-351731387223100-0,[0, 1]
2025-12-18T15:35:27.771455800Z-351731387233200-1,[0, 1]
2025-12-18T15:35:27.771455800Z-351731387242100-1
2025-12-18T15:35:27.771455800Z-351731387295500-in
2025-12-18T15:35:27.771455800Z-351731387309200-0,[0, 1]
2025-12-18T15:35:27.771455800Z-351731387318900-1,[0, 1]
2025-12-18T15:35:27.771455800Z-351731387329000-3
2025-12-18T15:35:27.771455800Z-351731387418700-in
2025-12-18T15:35:27.771455800Z-351731387466700-0,[0, 1]
2025-12-18T15:35:27.771455800Z-351731387482400-1,[0, 1]
2025-12-18T15:35:27.771455800Z-351731387492500-5
2025-12-18T15:35:27.899122Z-351731516066300-false
2025-12-18T15:35:28.166281800Z-351731782051400-in2
2025-12-18T15:35:28.166281800Z-351731782171500-0,[I@46722b21
2025-12-18T15:35:28.166281800Z-351731782183400-1,[I@46722b21
2025-12-18T15:35:28.166281800Z-351731782191100-2,[I@46722b21
2025-12-18T15:35:28.166281800Z-351731782201600-5,[1, 2, 0]
2025-12-18T15:35:28.254456700Z-351731870883400-in2
2025-12-18T15:35:28.254456700Z-351731871066500-0,[I@46722b21
2025-12-18T15:35:28.254456700Z-351731871084900-1,[I@46722b21
2025-12-18T15:35:28.254456700Z-351731871117100-2,[I@46722b21
2025-12-18T15:35:28.254456700Z-351731871139900-4,[0, 2, 0]
2025-12-18T15:35:31.852160600Z-351735467827300-end