2025-12-19T15:54:52.299469300Z-439301811277900-in3
2025-12-19T15:54:52.299469300Z-439301811495600-[]
2025-12-19T15:54:52.301971500Z-439301813792300-[I@30946e09
2025-12-19T15:54:52.301971500Z-439301813908200-in3
2025-12-19T15:54:52.301971500Z-439301813966900-0
2025-12-19T15:54:52.301971500Z-439301814015700-[]
2025-12-19T15:54:52.301971500Z-439301814148100-before:[]
2025-12-19T15:54:52.301971500Z-439301814215600-1
2025-12-19T15:54:52.301971500Z-439301814263100-0
2025-12-19T15:54:52.301971500Z-439301814320300-[1]
2025-12-19T15:54:52.301971500Z-439301814412400-after:[1]
2025-12-19T15:54:52.301971500Z-439301814465900-[1]
2025-12-19T15:54:52.302978900Z-439301814536000-[I@5cb0d902
2025-12-19T15:54:52.302978900Z-439301814581800-1
2025-12-19T15:54:52.302978900Z-439301815288100-in3
2025-12-19T15:54:52.302978900Z-439301815386200-0
2025-12-19T15:54:52.302978900Z-439301815439000-[]
2025-12-19T15:54:52.302978900Z-439301815484900-before:[]
2025-12-19T15:54:52.302978900Z-439301815528600-1
2025-12-19T15:54:52.302978900Z-439301815587400-0
2025-12-19T15:54:52.302978900Z-439301815640700-[1]
2025-12-19T15:54:52.302978900Z-439301815941100-after:[1]
2025-12-19T15:54:52.304485500Z-439301816232700-[1]
2025-12-19T15:54:52.304485500Z-439301816456500-[I@1698c449
2025-12-19T15:54:52.304485500Z-439301816749500-
2025-12-19T15:54:52.304485500Z-439301816848900-.
2025-12-19T15:54:53.052165300Z-439302564389800-false
2025-12-19T15:54:53.055682600Z-439302567712500-in
2025-12-19T15:54:53.058196100Z-439302570211500-0,[0, 1]
2025-12-19T15:54:53.058196100Z-439302570373900-1,[0, 1]
2025-12-19T15:54:53.058196100Z-439302570420600-0
2025-12-19T15:54:53.060198600Z-439302572457500-in
2025-12-19T15:54:53.060198600Z-439302572615700-0,[0, 1]
2025-12-19T15:54:53.060198600Z-439302572746000-1,[0, 1]
2025-12-19T15:54:53.060198600Z-439302572788700-2
2025-12-19T15:54:53.060198600Z-439302572927700-in
2025-12-19T15:54:53.060198600Z-439302572972400-0,[0, 1]
2025-12-19T15:54:53.060198600Z-439302573028200-1,[0, 1]
2025-12-19T15:54:53.060198600Z-439302573062000-4
2025-12-19T15:54:53.060198600Z-439302573151900-in
2025-12-19T15:54:53.060198600Z-439302573192800-0,[0, 1]
2025-12-19T15:54:53.061705300Z-439302573346100-1,[0, 1]
2025-12-19T15:54:53.061705300Z-439302573389300-1
2025-12-19T15:54:53.061705300Z-439302573483200-in
2025-12-19T15:54:53.061705300Z-439302573553400-0,[0, 1]
2025-12-19T15:54:53.061705300Z-439302573720300-1,[0, 1]
2025-12-19T15:54:53.061705300Z-439302573933200-3
2025-12-19T15:54:53.061705300Z-439302574127400-in
2025-12-19T15:54:53.061705300Z-439302574207400-0,[0, 1]
2025-12-19T15:54:53.061705300Z-439302574260900-1,[0, 1]
2025-12-19T15:54:53.062711300Z-439302574306500-5
2025-12-19T15:54:53.140884700Z-439302652617900-true
2025-12-19T15:54:53.498751400Z-439303011205600-false
2025-12-19T15:54:53.499749800Z-439303011694500-in
2025-12-19T15:54:53.499749800Z-439303011887600-0,[0, 1]
2025-12-19T15:54:53.499749800Z-439303011945200-1,[0, 1]
2025-12-19T15:54:53.499749800Z-439303011980300-0
2025-12-19T15:54:53.499749800Z-439303012164500-in
2025-12-19T15:54:53.499749800Z-439303012216700-0,[0, 1]
2025-12-19T15:54:53.499749800Z-439303012257100-1,[0, 1]
2025-12-19T15:54:53.499749800Z-439303012287000-2
2025-12-19T15:54:53.500750400Z-439303012378900-in
2025-12-19T15:54:53.500750400Z-439303012419600-0,[0, 1]
2025-12-19T15:54:53.500750400Z-439303012463300-1,[0, 1]
2025-12-19T15:54:53.500750400Z-439303012494700-4
2025-12-19T15:54:53.500750400Z-439303012618100-in
2025-12-19T15:54:53.500750400Z-439303012665100-0,[0, 1]
2025-12-19T15:54:53.500750400Z-439303012697300-1,[0, 1]
2025-12-19T15:54:53.500750400Z-439303012726600-1
2025-12-19T15:54:53.500750400Z-439303012804900-in
2025-12-19T15:54:53.500750400Z-439303012840300-0,[0, 1]
2025-12-19T15:54:53.500750400Z-439303012873200-1,[0, 1]
2025-12-19T15:54:53.500750400Z-439303012913500-3
2025-12-19T15:54:53.500750400Z-439303012975200-in
2025-12-19T15:54:53.500750400Z-439303013008900-0,[0, 1]
2025-12-19T15:54:53.500750400Z-439303013043600-1,[0, 1]
2025-12-19T15:54:53.500750400Z-439303013082300-5
2025-12-19T15:54:53.695395Z-439303207512600-false
2025-12-19T15:54:53.695395Z-439303207966600-in
2025-12-19T15:54:53.696398400Z-439303208045900-0,[0, 1]
2025-12-19T15:54:53.696398400Z-439303208087000-1,[0, 1]
2025-12-19T15:54:53.696398400Z-439303208124800-0
2025-12-19T15:54:53.696398400Z-439303208243800-in
2025-12-19T15:54:53.696398400Z-439303208292000-0,[0, 1]
2025-12-19T15:54:53.696398400Z-439303208349300-1,[0, 1]
2025-12-19T15:54:53.696398400Z-439303208717200-2
2025-12-19T15:54:53.696398400Z-439303208874600-in
2025-12-19T15:54:53.696398400Z-439303208941300-0,[0, 1]
2025-12-19T15:54:53.697395200Z-439303208989800-1,[0, 1]
2025-12-19T15:54:53.697395200Z-439303209022300-4
2025-12-19T15:54:53.697395200Z-439303209093500-in
2025-12-19T15:54:53.697395200Z-439303209133900-0,[0, 1]
2025-12-19T15:54:53.697395200Z-439303209303900-1,[0, 1]
2025-12-19T15:54:53.697395200Z-439303209388000-1
2025-12-19T15:54:53.697395200Z-439303209490700-in
2025-12-19T15:54:53.697395200Z-439303209534800-0,[0, 1]
2025-12-19T15:54:53.697395200Z-439303209571700-1,[0, 1]
2025-12-19T15:54:53.697395200Z-439303209628500-3
2025-12-19T15:54:53.697395200Z-439303209705600-in
2025-12-19T15:54:53.697395200Z-439303209775700-0,[0, 1]
2025-12-19T15:54:53.697395200Z-439303209815000-1,[0, 1]
2025-12-19T15:54:53.697395200Z-439303209845500-5
2025-12-19T15:55:44.541392400Z-439354054319200-in2
2025-12-19T15:55:44.542899600Z-439354054879500-0,[I@2fd6f43d
2025-12-19T15:55:44.542899600Z-439354054963900-1,[I@2fd6f43d
2025-12-19T15:55:44.542899600Z-439354055014200-2,[I@2fd6f43d
2025-12-19T15:55:44.542899600Z-439354055154800-5,[1, 2, 0]
2025-12-19T15:55:44.573549Z-439354086007600-in2
2025-12-19T15:55:44.574554200Z-439354086228200-0,[I@2fd6f43d
2025-12-19T15:55:44.574554200Z-439354086272600-1,[I@2fd6f43d
2025-12-19T15:55:44.574554200Z-439354086304000-2,[I@2fd6f43d
2025-12-19T15:55:44.574554200Z-439354086333000-4,[0, 2, 0]
2025-12-19T15:55:44.602605700Z-439354114654200-in2
2025-12-19T15:55:44.602605700Z-439354114903900-0,[I@2fd6f43d
2025-12-19T15:55:44.602605700Z-439354114975200-1,[I@2fd6f43d
2025-12-19T15:55:44.602605700Z-439354115019900-2,[I@2fd6f43d
2025-12-19T15:55:44.602605700Z-439354115049400-2,[0, 1, 0]
2025-12-19T15:55:45.187385500Z-439354699626000-in2
2025-12-19T15:55:45.187385500Z-439354699973700-0,[I@2fd6f43d
2025-12-19T15:55:45.187385500Z-439354700060200-1,[I@2fd6f43d
2025-12-19T15:55:45.187385500Z-439354700107300-2,[I@2fd6f43d
2025-12-19T15:55:45.187385500Z-439354700150900-2,[0, 1, 0]
2025-12-19T15:55:45.241648400Z-439354753486500-in2
2025-12-19T15:55:45.241648400Z-439354753752400-0,[I@2fd6f43d
2025-12-19T15:55:45.241648400Z-439354753798100-1,[I@2fd6f43d
2025-12-19T15:55:45.241648400Z-439354753837700-2,[I@2fd6f43d
2025-12-19T15:55:45.241648400Z-439354753904200-2,[0, 1, 0]
2025-12-19T15:55:46.498353500Z-439356010553900-in2
2025-12-19T15:55:46.498353500Z-439356010766700-0,[I@2fd6f43d
2025-12-19T15:55:46.498353500Z-439356010809200-1,[I@2fd6f43d
2025-12-19T15:55:46.498353500Z-439356010840100-2,[I@2fd6f43d
2025-12-19T15:55:46.498353500Z-439356010871400-2,[0, 1, 0]
2025-12-19T15:55:47.848572700Z-439357360774800-false
2025-12-19T15:55:47.849573900Z-439357361144900-in
2025-12-19T15:55:47.849573900Z-439357361197700-0,[0, 1]
2025-12-19T15:55:47.849573900Z-439357361228800-1,[0, 1]
2025-12-19T15:55:47.849573900Z-439357361255800-0
2025-12-19T15:55:47.849573900Z-439357361354600-in
2025-12-19T15:55:47.849573900Z-439357361406900-0,[0, 1]
2025-12-19T15:55:47.849573900Z-439357361435300-1,[0, 1]
2025-12-19T15:55:47.849573900Z-439357361459600-2
2025-12-19T15:55:47.849573900Z-439357361519600-in
2025-12-19T15:55:47.849573900Z-439357361550000-0,[0, 1]
2025-12-19T15:55:47.849573900Z-439357361578300-1,[0, 1]
2025-12-19T15:55:47.849573900Z-439357361604100-4
2025-12-19T15:55:47.849573900Z-439357361662400-in
2025-12-19T15:55:47.849573900Z-439357361693200-0,[0, 1]
2025-12-19T15:55:47.849573900Z-439357361735100-1,[0, 1]
2025-12-19T15:55:47.849573900Z-439357361759700-1
2025-12-19T15:55:47.849573900Z-439357361824300-in
2025-12-19T15:55:47.849573900Z-439357361951700-0,[0, 1]
2025-12-19T15:55:47.849573900Z-439357361984300-1,[0, 1]
2025-12-19T15:55:47.849573900Z-439357362016900-3
2025-12-19T15:55:47.849573900Z-439357362084300-in
2025-12-19T15:55:47.849573900Z-439357362113500-0,[0, 1]
2025-12-19T15:55:47.850572600Z-439357362140500-1,[0, 1]
2025-12-19T15:55:47.850572600Z-439357362164900-5
2025-12-19T15:55:47.956452500Z-439357468684900-false
2025-12-19T15:55:48.006667100Z-439357518926100-in2
2025-12-19T15:55:48.006667100Z-439357519133000-0,[I@2fd6f43d
2025-12-19T15:55:48.006667100Z-439357519171400-1,[I@2fd6f43d
2025-12-19T15:55:48.006667100Z-439357519204800-2,[I@2fd6f43d
2025-12-19T15:55:48.007662200Z-439357519236600-3,[1, 1, 0]
2025-12-19T15:55:48.023698700Z-439357536023300-in2
2025-12-19T15:55:48.023698700Z-439357536246100-0,[I@2fd6f43d
2025-12-19T15:55:48.024701Z-439357536288700-1,[I@2fd6f43d
2025-12-19T15:55:48.024701Z-439357536317200-2,[I@2fd6f43d
2025-12-19T15:55:48.024701Z-439357536345600-2,[0, 1, 0]
2025-12-19T15:55:58.769783600Z-439368282789600-in2
2025-12-19T15:55:58.771293900Z-439368283011200-0,[I@2fd6f43d
2025-12-19T15:55:58.771293900Z-439368283060100-1,[I@2fd6f43d
2025-12-19T15:55:58.771293900Z-439368283119200-2,[I@2fd6f43d
2025-12-19T15:55:58.771293900Z-439368283158100-4,[0, 2, 0]
2025-12-19T15:56:06.341848300Z-439375853592500-in2
2025-12-19T15:56:06.341848300Z-439375853813800-0,[I@2fd6f43d
2025-12-19T15:56:06.341848300Z-439375853856300-1,[I@2fd6f43d
2025-12-19T15:56:06.341848300Z-439375853882900-2,[I@2fd6f43d
2025-12-19T15:56:06.341848300Z-439375853910100-4,[0, 2, 0]
2025-12-19T15:56:06.362274900Z-439375874707400-in2
2025-12-19T15:56:06.363276Z-439375874938300-0,[I@2fd6f43d
2025-12-19T15:56:06.363276Z-439375875004800-1,[I@2fd6f43d
2025-12-19T15:56:06.363276Z-439375875049200-2,[I@2fd6f43d
2025-12-19T15:56:06.363276Z-439375875096500-5,[1, 2, 0]
2025-12-19T15:56:10.262018600Z-439379773643900-in2
2025-12-19T15:56:10.262018600Z-439379774145900-0,[I@2fd6f43d
2025-12-19T15:56:10.262018600Z-439379774182800-1,[I@2fd6f43d
2025-12-19T15:56:10.262018600Z-439379774212800-2,[I@2fd6f43d
2025-12-19T15:56:10.262018600Z-439379774240800-3,[1, 1, 0]
2025-12-19T15:56:10.468728500Z-439379980694400-in2
2025-12-19T15:56:10.468728500Z-439379981005000-0,[I@2fd6f43d
2025-12-19T15:56:10.468728500Z-439379981156500-1,[I@2fd6f43d
2025-12-19T15:56:10.468728500Z-439379981231700-2,[I@2fd6f43d
2025-12-19T15:56:10.469732Z-439379981313900-2,[0, 1, 0]
2025-12-19T15:56:12.798781Z-439382311024900-false
2025-12-19T15:56:12.799781100Z-439382311630100-in
2025-12-19T15:56:12.799781100Z-439382311737800-0,[0, 1]
2025-12-19T15:56:12.799781100Z-439382311827400-1,[0, 1]
2025-12-19T15:56:12.799781100Z-439382311882000-0
2025-12-19T15:56:12.799781100Z-439382312046200-in
2025-12-19T15:56:12.799781100Z-439382312122600-0,[0, 1]
2025-12-19T15:56:12.799781100Z-439382312159200-1,[0, 1]
2025-12-19T15:56:12.799781100Z-439382312184200-2
2025-12-19T15:56:12.799781100Z-439382312259700-in
2025-12-19T15:56:12.799781100Z-439382312293600-0,[0, 1]
2025-12-19T15:56:12.799781100Z-439382312322600-1,[0, 1]
2025-12-19T15:56:12.800781400Z-439382312349100-4
2025-12-19T15:56:12.800781400Z-439382312419600-in
2025-12-19T15:56:12.800781400Z-439382312452800-0,[0, 1]
2025-12-19T15:56:12.800781400Z-439382312481000-1,[0, 1]
2025-12-19T15:56:12.800781400Z-439382312506000-1
2025-12-19T15:56:12.800781400Z-439382312570500-in
2025-12-19T15:56:12.800781400Z-439382312604400-0,[0, 1]
2025-12-19T15:56:12.800781400Z-439382312713100-1,[0, 1]
2025-12-19T15:56:12.800781400Z-439382312771500-3
2025-12-19T15:56:12.800781400Z-439382312879900-in
2025-12-19T15:56:12.800781400Z-439382313183500-0,[0, 1]
2025-12-19T15:56:12.800781400Z-439382313243200-1,[0, 1]
2025-12-19T15:56:12.800781400Z-439382313272600-5
2025-12-19T15:56:12.995898500Z-439382507806000-in2
2025-12-19T15:56:12.995898500Z-439382508014000-0,[I@2fd6f43d
2025-12-19T15:56:12.995898500Z-439382508058900-1,[I@2fd6f43d
2025-12-19T15:56:12.995898500Z-439382508087800-2,[I@2fd6f43d
2025-12-19T15:56:12.995898500Z-439382508116500-4,[0, 2, 0]
2025-12-19T15:56:13.011012300Z-439382522907300-in2
2025-12-19T15:56:13.011012300Z-439382523121000-0,[I@2fd6f43d
2025-12-19T15:56:13.011012300Z-439382523198300-1,[I@2fd6f43d
2025-12-19T15:56:13.011012300Z-439382523232500-2,[I@2fd6f43d
2025-12-19T15:56:13.011012300Z-439382523284300-2,[0, 1, 0]
2025-12-19T15:56:14.779970500Z-439384292399600-false
2025-12-19T15:56:14.780968900Z-439384292978500-in
2025-12-19T15:56:14.780968900Z-439384293072300-0,[0, 1]
2025-12-19T15:56:14.780968900Z-439384293102800-1,[0, 1]
2025-12-19T15:56:14.780968900Z-439384293127900-0
2025-12-19T15:56:14.780968900Z-439384293266400-in
2025-12-19T15:56:14.780968900Z-439384293300200-0,[0, 1]
2025-12-19T15:56:14.780968900Z-439384293329200-1,[0, 1]
2025-12-19T15:56:14.780968900Z-439384293351500-2
2025-12-19T15:56:14.780968900Z-439384293417400-in
2025-12-19T15:56:14.780968900Z-439384293445700-0,[0, 1]
2025-12-19T15:56:14.780968900Z-439384293470200-1,[0, 1]
2025-12-19T15:56:14.780968900Z-439384293492000-4
2025-12-19T15:56:14.781968800Z-439384293548300-in
2025-12-19T15:56:14.781968800Z-439384293576800-0,[0, 1]
2025-12-19T15:56:14.781968800Z-439384293601900-1,[0, 1]
2025-12-19T15:56:14.781968800Z-439384293623200-1
2025-12-19T15:56:14.781968800Z-439384293677700-in
2025-12-19T15:56:14.781968800Z-439384293724400-0,[0, 1]
2025-12-19T15:56:14.781968800Z-439384293748600-1,[0, 1]
2025-12-19T15:56:14.781968800Z-439384293771400-3
2025-12-19T15:56:14.781968800Z-439384293831900-in
2025-12-19T15:56:14.781968800Z-439384293860000-0,[0, 1]
2025-12-19T15:56:14.781968800Z-439384293889300-1,[0, 1]
2025-12-19T15:56:14.781968800Z-439384293913700-5
2025-12-19T15:56:14.956147800Z-439384468397000-in2
2025-12-19T15:56:14.956147800Z-439384468636000-0,[I@2fd6f43d
2025-12-19T15:56:14.956147800Z-439384468692000-1,[I@2fd6f43d
2025-12-19T15:56:14.957147300Z-439384468718000-2,[I@2fd6f43d
2025-12-19T15:56:14.957147300Z-439384468743000-4,[0, 2, 0]
2025-12-19T15:56:14.970679200Z-439384482528800-in2
2025-12-19T15:56:14.970679200Z-439384483000500-0,[I@2fd6f43d
2025-12-19T15:56:14.970679200Z-439384483082400-1,[I@2fd6f43d
2025-12-19T15:56:14.970679200Z-439384483136900-2,[I@2fd6f43d
2025-12-19T15:56:14.970679200Z-439384483188900-2,[0, 1, 0]
2025-12-19T15:56:15.939476300Z-439385451380800-false
2025-12-19T15:56:15.939476300Z-439385451730500-in
2025-12-19T15:56:15.939476300Z-439385451789500-0,[0, 1]
2025-12-19T15:56:15.939476300Z-439385451816100-1,[0, 1]
2025-12-19T15:56:15.939476300Z-439385451835000-0
2025-12-19T15:56:15.939476300Z-439385451962400-in
2025-12-19T15:56:15.939476300Z-439385451988400-0,[0, 1]
2025-12-19T15:56:15.939476300Z-439385452008900-1,[0, 1]
2025-12-19T15:56:15.940476700Z-439385452025700-2
2025-12-19T15:56:15.940476700Z-439385452081600-in
2025-12-19T15:56:15.940476700Z-439385452105900-0,[0, 1]
2025-12-19T15:56:15.940476700Z-439385452127200-1,[0, 1]
2025-12-19T15:56:15.940476700Z-439385452143800-4
2025-12-19T15:56:15.940476700Z-439385452201400-in
2025-12-19T15:56:15.940476700Z-439385452223300-0,[0, 1]
2025-12-19T15:56:15.940476700Z-439385452242500-1,[0, 1]
2025-12-19T15:56:15.940476700Z-439385452268700-1
2025-12-19T15:56:15.940476700Z-439385452678700-in
2025-12-19T15:56:15.940476700Z-439385452914000-0,[0, 1]
2025-12-19T15:56:15.940476700Z-439385452987200-1,[0, 1]
2025-12-19T15:56:15.941476Z-439385453039600-3
2025-12-19T15:56:15.941476Z-439385453329100-in
2025-12-19T15:56:15.941476Z-439385453368400-0,[0, 1]
2025-12-19T15:56:15.941476Z-439385453399000-1,[0, 1]
2025-12-19T15:56:15.941476Z-439385453423000-5
2025-12-19T15:56:16.132398500Z-439385644527300-in2
2025-12-19T15:56:16.132398500Z-439385644703700-0,[I@2fd6f43d
2025-12-19T15:56:16.132398500Z-439385644739900-1,[I@2fd6f43d
2025-12-19T15:56:16.132398500Z-439385644760400-2,[I@2fd6f43d
2025-12-19T15:56:16.132398500Z-439385644781300-4,[0, 2, 0]
2025-12-19T15:56:16.146959100Z-439385658702700-in2
2025-12-19T15:56:16.146959100Z-439385658905900-0,[I@2fd6f43d
2025-12-19T15:56:16.146959100Z-439385658933300-1,[I@2fd6f43d
2025-12-19T15:56:16.146959100Z-439385658950600-2,[I@2fd6f43d
2025-12-19T15:56:16.146959100Z-439385659034200-2,[0, 1, 0]
2025-12-19T15:56:17.631734600Z-439387143334300-in2
2025-12-19T15:56:17.631734600Z-439387143503000-0,[I@2fd6f43d
2025-12-19T15:56:17.631734600Z-439387143527700-1,[I@2fd6f43d
2025-12-19T15:56:17.631734600Z-439387143565500-2,[I@2fd6f43d
2025-12-19T15:56:17.631734600Z-439387143584400-3,[1, 1, 0]
2025-12-19T15:56:18.210233800Z-439387722140100-in2
2025-12-19T15:56:18.210233800Z-439387722367100-0,[I@2fd6f43d
2025-12-19T15:56:18.210233800Z-439387722390700-1,[I@2fd6f43d
2025-12-19T15:56:18.210233800Z-439387722408800-2,[I@2fd6f43d
2025-12-19T15:56:18.210233800Z-439387722425700-3,[1, 1, 0]
2025-12-19T15:56:18.340139Z-439387852476300-in2
2025-12-19T15:56:18.340139Z-439387852657800-0,[I@2fd6f43d
2025-12-19T15:56:18.340139Z-439387852682000-1,[I@2fd6f43d
2025-12-19T15:56:18.341140600Z-439387852699600-2,[I@2fd6f43d
2025-12-19T15:56:18.341140600Z-439387852718400-2,[0, 1, 0]
2025-12-19T15:56:19.048175600Z-439388560412000-in2
2025-12-19T15:56:19.048175600Z-439388560568000-0,[I@2fd6f43d
2025-12-19T15:56:19.048175600Z-439388560590300-1,[I@2fd6f43d
2025-12-19T15:56:19.048175600Z-439388560606000-2,[I@2fd6f43d
2025-12-19T15:56:19.048175600Z-439388560621500-2,[0, 1, 0]
2025-12-19T15:56:19.317141800Z-439388829226700-false
2025-12-19T15:56:19.317141800Z-439388829752500-in
2025-12-19T15:56:19.318140800Z-439388830051700-0,[0, 1]
2025-12-19T15:56:19.318140800Z-439388830131800-1,[0, 1]
2025-12-19T15:56:19.318140800Z-439388830179500-0
2025-12-19T15:56:19.318140800Z-439388830436700-in
2025-12-19T15:56:19.318140800Z-439388830512100-0,[0, 1]
2025-12-19T15:56:19.318140800Z-439388830555600-1,[0, 1]
2025-12-19T15:56:19.318140800Z-439388830577000-2
2025-12-19T15:56:19.318140800Z-439388830653800-in
2025-12-19T15:56:19.318140800Z-439388830683000-0,[0, 1]
2025-12-19T15:56:19.319144500Z-439388830708600-1,[0, 1]
2025-12-19T15:56:19.319144500Z-439388830732100-4
2025-12-19T15:56:19.319144500Z-439388830809900-in
2025-12-19T15:56:19.319144500Z-439388830841100-0,[0, 1]
2025-12-19T15:56:19.319144500Z-439388830867800-1,[0, 1]
2025-12-19T15:56:19.319144500Z-439388830890400-1
2025-12-19T15:56:19.319144500Z-439388830965700-in
2025-12-19T15:56:19.319144500Z-439388830996000-0,[0, 1]
2025-12-19T15:56:19.319144500Z-439388831021500-1,[0, 1]
2025-12-19T15:56:19.319144500Z-439388831043300-3
2025-12-19T15:56:19.319144500Z-439388831110500-in
2025-12-19T15:56:19.319144500Z-439388831139600-0,[0, 1]
2025-12-19T15:56:19.319144500Z-439388831253200-1,[0, 1]
2025-12-19T15:56:19.319144500Z-439388831344500-5
2025-12-19T15:56:19.490111700Z-439389002217200-in2
2025-12-19T15:56:19.490111700Z-439389002391500-0,[I@2fd6f43d
2025-12-19T15:56:19.490111700Z-439389002429200-1,[I@2fd6f43d
2025-12-19T15:56:19.490111700Z-439389002450000-2,[I@2fd6f43d
2025-12-19T15:56:19.490111700Z-439389002468300-2,[0, 1, 0]
2025-12-19T15:56:20.851965300Z-439390364060800-false
2025-12-19T15:56:20.851965300Z-439390364398400-in
2025-12-19T15:56:20.851965300Z-439390364472000-0,[0, 1]
2025-12-19T15:56:20.851965300Z-439390364497800-1,[0, 1]
2025-12-19T15:56:20.851965300Z-439390364513800-0
2025-12-19T15:56:20.851965300Z-439390364622300-in
2025-12-19T15:56:20.851965300Z-439390364647400-0,[0, 1]
2025-12-19T15:56:20.851965300Z-439390364671100-1,[0, 1]
2025-12-19T15:56:20.851965300Z-439390364687500-2
2025-12-19T15:56:20.851965300Z-439390364746300-in
2025-12-19T15:56:20.851965300Z-439390364774300-0,[0, 1]
2025-12-19T15:56:20.851965300Z-439390364790900-1,[0, 1]
2025-12-19T15:56:20.851965300Z-439390364804200-4
2025-12-19T15:56:20.851965300Z-439390364856000-in
2025-12-19T15:56:20.851965300Z-439390364875000-0,[0, 1]
2025-12-19T15:56:20.851965300Z-439390364899700-1,[0, 1]
2025-12-19T15:56:20.851965300Z-439390364913700-1
2025-12-19T15:56:20.851965300Z-439390364961700-in
2025-12-19T15:56:20.851965300Z-439390365008200-0,[0, 1]
2025-12-19T15:56:20.853473600Z-439390365025700-1,[0, 1]
2025-12-19T15:56:20.853473600Z-439390365039700-3
2025-12-19T15:56:20.853473600Z-439390365089700-in
2025-12-19T15:56:20.853473600Z-439390365198900-0,[0, 1]
2025-12-19T15:56:20.853473600Z-439390365223000-1,[0, 1]
2025-12-19T15:56:20.853473600Z-439390365236800-5
2025-12-19T15:56:21.047046500Z-439390559427700-in2
2025-12-19T15:56:21.047046500Z-439390559600600-0,[I@2fd6f43d
2025-12-19T15:56:21.048053900Z-439390559628300-1,[I@2fd6f43d
2025-12-19T15:56:21.048053900Z-439390559654000-2,[I@2fd6f43d
2025-12-19T15:56:21.048053900Z-439390559670900-4,[0, 2, 0]
2025-12-19T15:56:21.066104200Z-439390577963700-in2
2025-12-19T15:56:21.066104200Z-439390578151900-0,[I@2fd6f43d
2025-12-19T15:56:21.066104200Z-439390578180700-1,[I@2fd6f43d
2025-12-19T15:56:21.066104200Z-439390578209900-2,[I@2fd6f43d
2025-12-19T15:56:21.066104200Z-439390578229900-2,[0, 1, 0]
2025-12-19T15:56:28.389833400Z-439397902314700-in
2025-12-19T15:56:28.390831900Z-439397902531000-0,[0, 1]
2025-12-19T15:56:28.390831900Z-439397902548400-1,[0, 1]
2025-12-19T15:56:28.437045800Z-439397949112500-false
2025-12-19T15:56:28.437045800Z-439397949499600-in
2025-12-19T15:56:28.437045800Z-439397949553200-0,[0, 1]
2025-12-19T15:56:28.437045800Z-439397949567000-1,[0, 1]
2025-12-19T15:56:28.437045800Z-439397949576900-0
2025-12-19T15:56:28.438054800Z-439397949666600-in
2025-12-19T15:56:28.438054800Z-439397949680400-0,[0, 1]
2025-12-19T15:56:28.438054800Z-439397949690900-1,[0, 1]
2025-12-19T15:56:28.438054800Z-439397949710400-2
2025-12-19T15:56:28.438054800Z-439397949771700-in
2025-12-19T15:56:28.438054800Z-439397949784800-0,[0, 1]
2025-12-19T15:56:28.438054800Z-439397949797200-1,[0, 1]
2025-12-19T15:56:28.438054800Z-439397949805600-4
2025-12-19T15:56:28.438054800Z-439397949852400-in
2025-12-19T15:56:28.438054800Z-439397949866000-0,[0, 1]
2025-12-19T15:56:28.438054800Z-439397949875900-1,[0, 1]
2025-12-19T15:56:28.438054800Z-439397949884100-1
2025-12-19T15:56:28.438054800Z-439397949921000-in
2025-12-19T15:56:28.438054800Z-439397949933100-0,[0, 1]
2025-12-19T15:56:28.438054800Z-439397949944300-1,[0, 1]
2025-12-19T15:56:28.438054800Z-439397949952500-3
2025-12-19T15:56:28.438054800Z-439397949991100-in
2025-12-19T15:56:28.438054800Z-439397950002900-0,[0, 1]
2025-12-19T15:56:28.438054800Z-439397950012500-1,[0, 1]
2025-12-19T15:56:28.438054800Z-439397950020300-5
2025-12-19T15:56:29.434947700Z-439398946976600-in2
2025-12-19T15:56:29.434947700Z-439398947124300-0,[I@2fd6f43d
2025-12-19T15:56:29.434947700Z-439398947142400-1,[I@2fd6f43d
2025-12-19T15:56:29.434947700Z-439398947152200-2,[I@2fd6f43d
2025-12-19T15:56:29.434947700Z-439398947162500-3,[1, 1, 0]
2025-12-19T15:56:29.771803Z-439399284019300-in2
2025-12-19T15:56:29.771803Z-439399284165500-0,[I@2fd6f43d
2025-12-19T15:56:29.771803Z-439399284181900-1,[I@2fd6f43d
2025-12-19T15:56:29.771803Z-439399284223600-2,[I@2fd6f43d
2025-12-19T15:56:29.771803Z-439399284237600-5,[1, 2, 0]
2025-12-19T15:56:31.082153600Z-439400595199600-false
2025-12-19T15:56:31.083657900Z-439400595594900-in
2025-12-19T15:56:31.083657900Z-439400595711700-0,[0, 1]
2025-12-19T15:56:31.083657900Z-439400595730000-1,[0, 1]
2025-12-19T15:56:31.083657900Z-439400595740500-0
2025-12-19T15:56:31.083657900Z-439400595835400-in
2025-12-19T15:56:31.083657900Z-439400595862900-0,[0, 1]
2025-12-19T15:56:31.083657900Z-439400595874500-1,[0, 1]
2025-12-19T15:56:31.083657900Z-439400595882900-2
2025-12-19T15:56:31.083657900Z-439400595937800-in
2025-12-19T15:56:31.083657900Z-439400595953800-0,[0, 1]
2025-12-19T15:56:31.083657900Z-439400595964500-1,[0, 1]
2025-12-19T15:56:31.083657900Z-439400595972600-4
2025-12-19T15:56:31.083657900Z-439400596015300-in
2025-12-19T15:56:31.083657900Z-439400596027900-0,[0, 1]
2025-12-19T15:56:31.083657900Z-439400596037900-1,[0, 1]
2025-12-19T15:56:31.083657900Z-439400596046000-1
2025-12-19T15:56:31.083657900Z-439400596085800-in
2025-12-19T15:56:31.083657900Z-439400596097900-0,[0, 1]
2025-12-19T15:56:31.083657900Z-439400596107900-1,[0, 1]
2025-12-19T15:56:31.083657900Z-439400596116000-3
2025-12-19T15:56:31.083657900Z-439400596151900-in
2025-12-19T15:56:31.083657900Z-439400596163500-0,[0, 1]
2025-12-19T15:56:31.084666200Z-439400596294500-1,[0, 1]
2025-12-19T15:56:31.084666200Z-439400596309600-5
2025-12-19T15:56:31.198469800Z-439400710974300-false
2025-12-19T15:56:32.863440Z-439402375505800-in2
2025-12-19T15:56:32.863946500Z-439402375723400-0,[I@2fd6f43d
2025-12-19T15:56:32.863946500Z-439402375740900-1,[I@2fd6f43d
2025-12-19T15:56:32.863946500Z-439402375750600-2,[I@2fd6f43d
2025-12-19T15:56:32.863946500Z-439402375761600-4,[0, 2, 0]
2025-12-19T15:56:32.970000900Z-439402482005000-in2
2025-12-19T15:56:32.970000900Z-439402482174800-0,[I@2fd6f43d
2025-12-19T15:56:32.970000900Z-439402482191800-1,[I@2fd6f43d
2025-12-19T15:56:32.970000900Z-439402482201500-2,[I@2fd6f43d
2025-12-19T15:56:32.970000900Z-439402482211900-5,[1, 2, 0]
2025-12-19T15:56:33.318598300Z-439402831041700-in2
2025-12-19T15:56:33.318598300Z-439402831198600-0,[I@2fd6f43d
2025-12-19T15:56:33.318598300Z-439402831237000-1,[I@2fd6f43d
2025-12-19T15:56:33.318598300Z-439402831247200-2,[I@2fd6f43d
2025-12-19T15:56:33.318598300Z-439402831258100-4,[0, 2, 0]
2025-12-19T15:56:38.902291600Z-439408414838000-in2
2025-12-19T15:56:38.903289400Z-439408415012100-0,[I@2fd6f43d
2025-12-19T15:56:38.903289400Z-439408415028200-1,[I@2fd6f43d
2025-12-19T15:56:38.903289400Z-439408415037100-2,[I@2fd6f43d
2025-12-19T15:56:38.903289400Z-439408415047800-4,[0, 2, 0]
2025-12-19T15:56:38.923840600Z-439408436383000-in2
2025-12-19T15:56:38.924870900Z-439408436647900-0,[I@2fd6f43d
2025-12-19T15:56:38.924870900Z-439408436664400-1,[I@2fd6f43d
2025-12-19T15:56:38.924870900Z-439408436674600-2,[I@2fd6f43d
2025-12-19T15:56:38.924870900Z-439408436697100-4,[0, 2, 0]
2025-12-19T15:56:38.967617100Z-439408480191400-in2
2025-12-19T15:56:38.968616900Z-439408480326200-0,[I@2fd6f43d
2025-12-19T15:56:38.968616900Z-439408480340500-1,[I@2fd6f43d
2025-12-19T15:56:38.968616900Z-439408480355500-2,[I@2fd6f43d
2025-12-19T15:56:38.968616900Z-439408480365500-4,[0, 2, 0]
2025-12-19T15:56:38.986657200Z-439408498446200-in2
2025-12-19T15:56:38.986657200Z-439408498760300-0,[I@2fd6f43d
2025-12-19T15:56:38.986657200Z-439408498806100-1,[I@2fd6f43d
2025-12-19T15:56:38.986657200Z-439408498832900-2,[I@2fd6f43d
2025-12-19T15:56:38.986657200Z-439408498858100-4,[0, 2, 0]
2025-12-19T15:56:39.001685900Z-439408513417600-in
2025-12-19T15:56:39.001685900Z-439408513549400-0,[0, 1]
2025-12-19T15:56:39.001685900Z-439408513561400-1,[0, 1]
2025-12-19T15:56:39.044821700Z-439408556757900-false
2025-12-19T15:56:39.044821700Z-439408557084100-in
2025-12-19T15:56:39.044821700Z-439408557124500-0,[0, 1]
2025-12-19T15:56:39.044821700Z-439408557135500-1,[0, 1]
2025-12-19T15:56:39.044821700Z-439408557144200-0
2025-12-19T15:56:39.044821700Z-439408557248200-in
2025-12-19T15:56:39.044821700Z-439408557260400-0,[0, 1]
2025-12-19T15:56:39.044821700Z-439408557268600-1,[0, 1]
2025-12-19T15:56:39.044821700Z-439408557275700-2
2025-12-19T15:56:39.044821700Z-439408557322300-in
2025-12-19T15:56:39.044821700Z-439408557332500-0,[0, 1]
2025-12-19T15:56:39.044821700Z-439408557340000-1,[0, 1]
2025-12-19T15:56:39.044821700Z-439408557346900-4
2025-12-19T15:56:39.044821700Z-439408557389500-in
2025-12-19T15:56:39.044821700Z-439408557399500-0,[0, 1]
2025-12-19T15:56:39.044821700Z-439408557407500-1,[0, 1]
2025-12-19T15:56:39.044821700Z-439408557415900-1
2025-12-19T15:56:39.044821700Z-439408557449600-in
2025-12-19T15:56:39.044821700Z-439408557460300-0,[0, 1]
2025-12-19T15:56:39.044821700Z-439408557468200-1,[0, 1]
2025-12-19T15:56:39.044821700Z-439408557475000-3
2025-12-19T15:56:39.044821700Z-439408557513000-in
2025-12-19T15:56:39.044821700Z-439408557524000-0,[0, 1]
2025-12-19T15:56:39.044821700Z-439408557532000-1,[0, 1]
2025-12-19T15:56:39.044821700Z-439408557544800-5
2025-12-19T15:56:39.236300900Z-439408748477300-in2
2025-12-19T15:56:39.236300900Z-439408748822500-0,[I@2fd6f43d
2025-12-19T15:56:39.236300900Z-439408748833900-1,[I@2fd6f43d
2025-12-19T15:56:39.236300900Z-439408748839600-2,[I@2fd6f43d
2025-12-19T15:56:39.236300900Z-439408748848800-4,[0, 2, 0]
2025-12-19T15:56:40.012514200Z-439409524434000-in2
2025-12-19T15:56:40.012514200Z-439409524558100-0,[I@2fd6f43d
2025-12-19T15:56:40.012514200Z-439409524601200-1,[I@2fd6f43d
2025-12-19T15:56:40.012514200Z-439409524607000-2,[I@2fd6f43d
2025-12-19T15:56:40.012514200Z-439409524617000-5,[1, 2, 0]
2025-12-19T15:56:40.124374700Z-439409636329200-in2
2025-12-19T15:56:40.124374700Z-439409636454100-0,[I@2fd6f43d
2025-12-19T15:56:40.124374700Z-439409636462700-1,[I@2fd6f43d
2025-12-19T15:56:40.124374700Z-439409636476200-2,[I@2fd6f43d
2025-12-19T15:56:40.124374700Z-439409636506600-5,[1, 2, 0]
2025-12-19T15:56:41.131544200Z-439410643981000-in2
2025-12-19T15:56:41.132543600Z-439410644150000-0,[I@2fd6f43d
2025-12-19T15:56:41.132543600Z-439410644183600-1,[I@2fd6f43d
2025-12-19T15:56:41.132543600Z-439410644200400-2,[I@2fd6f43d
2025-12-19T15:56:41.132543600Z-439410644221900-4,[0, 2, 0]
2025-12-19T15:56:41.218334400Z-439410730437400-in2
2025-12-19T15:56:41.218334400Z-439410730554300-0,[I@2fd6f43d
2025-12-19T15:56:41.218334400Z-439410730563800-1,[I@2fd6f43d
2025-12-19T15:56:41.218334400Z-439410730569400-2,[I@2fd6f43d
2025-12-19T15:56:41.218334400Z-439410730582600-4,[0, 2, 0]
2025-12-19T15:56:44.371045900Z-439413883104300-in2
2025-12-19T15:56:44.371045900Z-439413883221000-0,[I@2fd6f43d
2025-12-19T15:56:44.371045900Z-439413883229000-1,[I@2fd6f43d
2025-12-19T15:56:44.371045900Z-439413883234200-2,[I@2fd6f43d
2025-12-19T15:56:44.371045900Z-439413883242700-4,[0, 2, 0]
2025-12-19T15:56:44.674140900Z-439414186116100-in2
2025-12-19T15:56:44.674140900Z-439414186231100-0,[I@2fd6f43d
2025-12-19T15:56:44.674140900Z-439414186248900-1,[I@2fd6f43d
2025-12-19T15:56:44.674140900Z-439414186254100-2,[I@2fd6f43d
2025-12-19T15:56:44.674140900Z-439414186262100-4,[0, 2, 0]
2025-12-19T15:56:44.761786800Z-439414273842700-in2
2025-12-19T15:56:44.761786800Z-439414274016900-0,[I@2fd6f43d
2025-12-19T15:56:44.761786800Z-439414274041700-1,[I@2fd6f43d
2025-12-19T15:56:44.761786800Z-439414274059700-2,[I@2fd6f43d
2025-12-19T15:56:44.761786800Z-439414274093300-5,[1, 2, 0]
2025-12-19T15:56:45.156755500Z-439414669204700-in2
2025-12-19T15:56:45.157765200Z-439414669322900-0,[I@2fd6f43d
2025-12-19T15:56:45.157765200Z-439414669356000-1,[I@2fd6f43d
2025-12-19T15:56:45.157765200Z-439414669361200-2,[I@2fd6f43d
2025-12-19T15:56:45.157765200Z-439414669371000-5,[1, 2, 0]
2025-12-19T15:56:45.999425400Z-439415511665500-false
2025-12-19T15:56:46.000428600Z-439415512021300-in
2025-12-19T15:56:46.000428600Z-439415512092100-0,[0, 1]
2025-12-19T15:56:46.000428600Z-439415512100900-1,[0, 1]
2025-12-19T15:56:46.000428600Z-439415512107400-0
2025-12-19T15:56:46.000428600Z-439415512201300-in
2025-12-19T15:56:46.000428600Z-439415512211400-0,[0, 1]
2025-12-19T15:56:46.000428600Z-439415512218500-1,[0, 1]
2025-12-19T15:56:46.000428600Z-439415512223800-2
2025-12-19T15:56:46.000428600Z-439415512273600-in
2025-12-19T15:56:46.000428600Z-439415512280000-0,[0, 1]
2025-12-19T15:56:46.000428600Z-439415512286600-1,[0, 1]
2025-12-19T15:56:46.000428600Z-439415512291700-4
2025-12-19T15:56:46.000428600Z-439415512329900-in
2025-12-19T15:56:46.000428600Z-439415512337000-0,[0, 1]
2025-12-19T15:56:46.000428600Z-439415512342400-1,[0, 1]
2025-12-19T15:56:46.000428600Z-439415512347200-1
2025-12-19T15:56:46.000428600Z-439415512375400-in
2025-12-19T15:56:46.000428600Z-439415512381400-0,[0, 1]
2025-12-19T15:56:46.000428600Z-439415512387700-1,[0, 1]
2025-12-19T15:56:46.000428600Z-439415512394100-3
2025-12-19T15:56:46.000428600Z-439415512423000-in
2025-12-19T15:56:46.000428600Z-439415512429100-0,[0, 1]
2025-12-19T15:56:46.000428600Z-439415512434500-1,[0, 1]
2025-12-19T15:56:46.000428600Z-439415512439600-5
2025-12-19T15:56:46.118551800Z-439415630981500-false
2025-12-19T15:56:46.197404600Z-439415708989900-in2
2025-12-19T15:56:46.197404600Z-439415709098900-0,[I@2fd6f43d
2025-12-19T15:56:46.197404600Z-439415709107900-1,[I@2fd6f43d
2025-12-19T15:56:46.197404600Z-439415709113700-2,[I@2fd6f43d
2025-12-19T15:56:46.197404600Z-439415709122000-5,[1, 2, 0]
2025-12-19T15:56:48.759420800Z-439418271042400-false
2025-12-19T15:56:48.759420800Z-439418271318400-in
2025-12-19T15:56:48.759420800Z-439418271351300-0,[0, 1]
2025-12-19T15:56:48.759420800Z-439418271357500-1,[0, 1]
2025-12-19T15:56:48.759420800Z-439418271363000-0
2025-12-19T15:56:48.759420800Z-439418271430800-in
2025-12-19T15:56:48.759420800Z-439418271441800-0,[0, 1]
2025-12-19T15:56:48.759420800Z-439418271466900-1,[0, 1]
2025-12-19T15:56:48.759420800Z-439418271472900-2
2025-12-19T15:56:48.759420800Z-439418271509300-in
2025-12-19T15:56:48.759420800Z-439418271515200-0,[0, 1]
2025-12-19T15:56:48.759420800Z-439418271521700-1,[0, 1]
2025-12-19T15:56:48.759420800Z-439418271526800-4
2025-12-19T15:56:48.759420800Z-439418271739400-in
2025-12-19T15:56:48.759420800Z-439418271867000-0,[0, 1]
2025-12-19T15:56:48.759420800Z-439418271896300-1,[0, 1]
2025-12-19T15:56:48.759420800Z-439418271908500-1
2025-12-19T15:56:48.760421900Z-439418272018600-in
2025-12-19T15:56:48.760421900Z-439418272031700-0,[0, 1]
2025-12-19T15:56:48.760421900Z-439418272039800-1,[0, 1]
2025-12-19T15:56:48.760421900Z-439418272047400-3
2025-12-19T15:56:48.760421900Z-439418272117700-in
2025-12-19T15:56:48.760421900Z-439418272127100-0,[0, 1]
2025-12-19T15:56:48.760421900Z-439418272136200-1,[0, 1]
2025-12-19T15:56:48.760421900Z-439418272143300-5
2025-12-19T15:56:48.849686Z-439418361852100-false
2025-12-19T15:56:48.897792200Z-439418410108300-in2
2025-12-19T15:56:48.897792200Z-439418410224500-0,[I@2fd6f43d
2025-12-19T15:56:48.897792200Z-439418410233300-1,[I@2fd6f43d
2025-12-19T15:56:48.897792200Z-439418410238800-2,[I@2fd6f43d
2025-12-19T15:56:48.897792200Z-439418410252000-5,[1, 2, 0]
2025-12-19T15:56:50.045309900Z-439419556924800-in2
2025-12-19T15:56:50.045309900Z-439419557039400-0,[I@2fd6f43d
2025-12-19T15:56:50.045309900Z-439419557048600-1,[I@2fd6f43d
2025-12-19T15:56:50.045309900Z-439419557074500-2,[I@2fd6f43d
2025-12-19T15:56:50.045309900Z-439419557083900-4,[0, 2, 0]
2025-12-19T15:56:51.388264100Z-439420900058900-end